[ 2014-07-30T11:29:03+08:00 ] 127.0.0.1 /0730/tpshop/
INFO: [ app_begin ] --START--
INFO: Run Behavior\ReadHtmlCache [ RunTime:0.001425s ]
INFO: [ app_begin ] --END-- [ RunTime:0.022579s ]
INFO: [ view_parse ] --START--
INFO: [ template_filter ] --START--
INFO: Run Behavior\ContentReplace [ RunTime:0.000063s ]
INFO: [ template_filter ] --END-- [ RunTime:0.000236s ]
INFO: Run Behavior\ParseTemplate [ RunTime:0.008604s ]
INFO: [ view_parse ] --END-- [ RunTime:0.008795s ]
INFO: [ view_filter ] --START--
INFO: Run Behavior\WriteHtmlCache [ RunTime:0.000438s ]
INFO: [ view_filter ] --END-- [ RunTime:0.000598s ]
INFO: [ app_end ] --START--
INFO: Run Behavior\ShowPageTrace [ RunTime:0.000726s ]
INFO: [ app_end ] --END-- [ RunTime:0.000901s ]

[ 2014-07-30T20:02:29+08:00 ] 127.0.0.1 /0730/tpshop/
INFO: [ app_begin ] --START--
INFO: Run Behavior\ReadHtmlCache [ RunTime:0.000864s ]
INFO: [ app_begin ] --END-- [ RunTime:0.001618s ]
INFO: [ app_end ] --START--
INFO: Run Behavior\ShowPageTrace [ RunTime:0.000678s ]
INFO: [ app_end ] --END-- [ RunTime:0.000846s ]

[ 2014-07-30T20:02:40+08:00 ] 127.0.0.1 /0730/tpshop/
INFO: [ app_begin ] --START--
INFO: Run Behavior\ReadHtmlCache [ RunTime:0.000598s ]
INFO: [ app_begin ] --END-- [ RunTime:0.001133s ]
INFO: [ view_parse ] --START--
NOTIC: [2] ucfirst() expects parameter 1 to be string, array given D:\wamp\www\0730\tpshop\ThinkPHP\Library\Think\Storage.class.php 第 36 行.
INFO: Run Behavior\ParseTemplate [ RunTime:0.000805s ]
INFO: [ view_parse ] --END-- [ RunTime:0.000967s ]
INFO: [ view_filter ] --START--
INFO: Run Behavior\WriteHtmlCache [ RunTime:0.000378s ]
INFO: [ view_filter ] --END-- [ RunTime:0.000535s ]
INFO: [ app_end ] --START--
INFO: Run Behavior\ShowPageTrace [ RunTime:0.000616s ]
INFO: [ app_end ] --END-- [ RunTime:0.000774s ]

