[ 2014-08-13T11:02:10+08:00 ] 127.0.0.1 /0730/tpshop/index.php/Admin/Product/add
INFO: [ app_begin ] --START--
INFO: Run Behavior\ReadHtmlCache [ RunTime:0.001389s ]
INFO: [ app_begin ] --END-- [ RunTime:0.002645s ]
SQL: SHOW COLUMNS FROM `tp_product` [ RunTime:0.003295s ]
INFO: [ view_parse ] --START--
INFO: [ template_filter ] --START--
INFO: Run Behavior\ContentReplace [ RunTime:0.000115s ]
INFO: [ template_filter ] --END-- [ RunTime:0.000294s ]
INFO: Run Behavior\ParseTemplate [ RunTime:0.090775s ]
INFO: [ view_parse ] --END-- [ RunTime:0.090953s ]
INFO: [ view_filter ] --START--
INFO: Run Behavior\WriteHtmlCache [ RunTime:0.011121s ]
INFO: [ view_filter ] --END-- [ RunTime:0.011289s ]
INFO: [ view_parse ] --START--
INFO: [ template_filter ] --START--
INFO: Run Behavior\ContentReplace [ RunTime:0.000098s ]
INFO: [ template_filter ] --END-- [ RunTime:-0.017631s ]
INFO: Run Behavior\ParseTemplate [ RunTime:0.005160s ]
INFO: [ view_parse ] --END-- [ RunTime:-0.012102s ]
INFO: [ view_filter ] --START--
INFO: Run Behavior\WriteHtmlCache [ RunTime:0.000037s ]
INFO: [ view_filter ] --END-- [ RunTime:-0.006141s ]
INFO: [ view_parse ] --START--
INFO: [ template_filter ] --START--
INFO: Run Behavior\ContentReplace [ RunTime:0.000096s ]
INFO: [ template_filter ] --END-- [ RunTime:-0.042311s ]
INFO: Run Behavior\ParseTemplate [ RunTime:0.023238s ]
INFO: [ view_parse ] --END-- [ RunTime:-0.018729s ]
INFO: [ view_filter ] --START--
INFO: Run Behavior\WriteHtmlCache [ RunTime:0.000036s ]
INFO: [ view_filter ] --END-- [ RunTime:-0.030872s ]
INFO: [ app_end ] --START--
INFO: Run Behavior\ShowPageTrace [ RunTime:0.001577s ]
INFO: [ app_end ] --END-- [ RunTime:0.001743s ]

