[ 2014-07-31T09:42:35+08:00 ] 127.0.0.1 /0730/tpshop/
INFO: [ app_begin ] --START--
INFO: Run Behavior\ReadHtmlCache [ RunTime:0.001618s ]
INFO: [ app_begin ] --END-- [ RunTime:0.027122s ]
INFO: [ view_parse ] --START--
NOTIC: [2] ucfirst() expects parameter 1 to be string, array given D:\wamp\www\0730\tpshop\ThinkPHP\Library\Think\Storage.class.php 第 36 行.
INFO: Run Behavior\ParseTemplate [ RunTime:0.001385s ]
INFO: [ view_parse ] --END-- [ RunTime:0.001566s ]
INFO: [ view_filter ] --START--
INFO: Run Behavior\WriteHtmlCache [ RunTime:0.000835s ]
INFO: [ view_filter ] --END-- [ RunTime:0.000998s ]
INFO: [ app_end ] --START--
INFO: Run Behavior\ShowPageTrace [ RunTime:0.001341s ]
INFO: [ app_end ] --END-- [ RunTime:0.001503s ]

[ 2014-07-31T09:59:21+08:00 ] 127.0.0.1 /0730/tpshop/
INFO: [ app_begin ] --START--
INFO: Run Behavior\ReadHtmlCache [ RunTime:0.000986s ]
INFO: [ app_begin ] --END-- [ RunTime:0.001747s ]

[ 2014-07-31T09:59:23+08:00 ] 127.0.0.1 /0730/tpshop/
INFO: [ app_begin ] --START--
INFO: Run Behavior\ReadHtmlCache [ RunTime:0.000521s ]
INFO: [ app_begin ] --END-- [ RunTime:0.000977s ]

[ 2014-07-31T09:59:30+08:00 ] 127.0.0.1 /0730/tpshop/
INFO: [ app_begin ] --START--
INFO: Run Behavior\ReadHtmlCache [ RunTime:0.000533s ]
INFO: [ app_begin ] --END-- [ RunTime:0.000990s ]

[ 2014-07-31T09:59:38+08:00 ] 127.0.0.1 /0730/tpshop/
INFO: [ app_begin ] --START--
INFO: Run Behavior\ReadHtmlCache [ RunTime:0.000527s ]
INFO: [ app_begin ] --END-- [ RunTime:0.000982s ]

[ 2014-07-31T09:59:39+08:00 ] 127.0.0.1 /0730/tpshop/
INFO: [ app_begin ] --START--
INFO: Run Behavior\ReadHtmlCache [ RunTime:0.000946s ]
INFO: [ app_begin ] --END-- [ RunTime:0.001504s ]

[ 2014-07-31T09:59:40+08:00 ] 127.0.0.1 /0730/tpshop/
INFO: [ app_begin ] --START--
INFO: Run Behavior\ReadHtmlCache [ RunTime:0.000612s ]
INFO: [ app_begin ] --END-- [ RunTime:0.001122s ]

[ 2014-07-31T09:59:41+08:00 ] 127.0.0.1 /0730/tpshop/
INFO: [ app_begin ] --START--
INFO: Run Behavior\ReadHtmlCache [ RunTime:0.000558s ]
INFO: [ app_begin ] --END-- [ RunTime:0.001351s ]

[ 2014-07-31T10:00:30+08:00 ] 127.0.0.1 /0730/tpshop/
INFO: [ app_begin ] --START--
INFO: Run Behavior\ReadHtmlCache [ RunTime:0.000640s ]
INFO: [ app_begin ] --END-- [ RunTime:0.001377s ]

[ 2014-07-31T10:00:31+08:00 ] 127.0.0.1 /0730/tpshop/
INFO: [ app_begin ] --START--
INFO: Run Behavior\ReadHtmlCache [ RunTime:0.000526s ]
INFO: [ app_begin ] --END-- [ RunTime:0.000982s ]

[ 2014-07-31T10:00:32+08:00 ] 127.0.0.1 /0730/tpshop/
INFO: [ app_begin ] --START--
INFO: Run Behavior\ReadHtmlCache [ RunTime:0.000792s ]
INFO: [ app_begin ] --END-- [ RunTime:0.001250s ]

[ 2014-07-31T10:00:33+08:00 ] 127.0.0.1 /0730/tpshop/
INFO: [ app_begin ] --START--
INFO: Run Behavior\ReadHtmlCache [ RunTime:0.000547s ]
INFO: [ app_begin ] --END-- [ RunTime:0.001039s ]

[ 2014-07-31T10:00:34+08:00 ] 127.0.0.1 /0730/tpshop/
INFO: [ app_begin ] --START--
INFO: Run Behavior\ReadHtmlCache [ RunTime:0.000544s ]
INFO: [ app_begin ] --END-- [ RunTime:0.001041s ]

[ 2014-07-31T10:01:21+08:00 ] 127.0.0.1 /0730/tpshop/
INFO: [ app_begin ] --START--
INFO: Run Behavior\ReadHtmlCache [ RunTime:0.000524s ]
INFO: [ app_begin ] --END-- [ RunTime:0.000984s ]
INFO: [ view_parse ] --START--
INFO: [ template_filter ] --START--
INFO: Run Behavior\ContentReplace [ RunTime:0.000067s ]
INFO: [ template_filter ] --END-- [ RunTime:0.000247s ]
INFO: Run Behavior\ParseTemplate [ RunTime:0.076388s ]
INFO: [ view_parse ] --END-- [ RunTime:0.076572s ]
INFO: [ view_filter ] --START--
INFO: Run Behavior\WriteHtmlCache [ RunTime:0.000425s ]
INFO: [ view_filter ] --END-- [ RunTime:0.000585s ]
INFO: [ app_end ] --START--
INFO: Run Behavior\ShowPageTrace [ RunTime:0.000673s ]
INFO: [ app_end ] --END-- [ RunTime:0.000829s ]

[ 2014-07-31T10:03:26+08:00 ] 127.0.0.1 /0730/tpshop/
INFO: [ app_begin ] --START--
INFO: Run Behavior\ReadHtmlCache [ RunTime:0.000730s ]
INFO: [ app_begin ] --END-- [ RunTime:0.001291s ]
ERR: 非法操作:index

[ 2014-07-31T10:07:41+08:00 ] 127.0.0.1 /0730/tpshop/
INFO: [ app_begin ] --START--
INFO: Run Behavior\ReadHtmlCache [ RunTime:0.001132s ]
INFO: [ app_begin ] --END-- [ RunTime:0.001776s ]
ERR: 非法操作:index

[ 2014-07-31T10:07:41+08:00 ] 127.0.0.1 /0730/tpshop/
INFO: [ app_begin ] --START--
INFO: Run Behavior\ReadHtmlCache [ RunTime:0.000814s ]
INFO: [ app_begin ] --END-- [ RunTime:0.001276s ]
ERR: 非法操作:index

[ 2014-07-31T10:07:51+08:00 ] 127.0.0.1 /0730/tpshop/
INFO: [ app_begin ] --START--
INFO: Run Behavior\ReadHtmlCache [ RunTime:0.000563s ]
INFO: [ app_begin ] --END-- [ RunTime:0.001065s ]
ERR: 非法操作:index

[ 2014-07-31T10:07:51+08:00 ] 127.0.0.1 /0730/tpshop/
INFO: [ app_begin ] --START--
INFO: Run Behavior\ReadHtmlCache [ RunTime:0.000538s ]
INFO: [ app_begin ] --END-- [ RunTime:0.000997s ]
ERR: 非法操作:index

[ 2014-07-31T10:13:51+08:00 ] 127.0.0.1 /0730/tpshop/
INFO: [ app_begin ] --START--
INFO: Run Behavior\ReadHtmlCache [ RunTime:0.001280s ]
INFO: [ app_begin ] --END-- [ RunTime:0.002160s ]
INFO: [ view_parse ] --START--
NOTIC: [2] ucfirst() expects parameter 1 to be string, array given D:\wamp\www\0730\tpshop\ThinkPHP\Library\Think\Storage.class.php 第 36 行.
INFO: Run Behavior\ParseTemplate [ RunTime:0.000583s ]
INFO: [ view_parse ] --END-- [ RunTime:0.000755s ]
INFO: [ view_filter ] --START--
INFO: Run Behavior\WriteHtmlCache [ RunTime:0.000372s ]
INFO: [ view_filter ] --END-- [ RunTime:0.000530s ]
INFO: [ app_end ] --START--
INFO: Run Behavior\ShowPageTrace [ RunTime:0.000676s ]
INFO: [ app_end ] --END-- [ RunTime:0.000833s ]

[ 2014-07-31T10:14:48+08:00 ] 127.0.0.1 /0730/tpshop/index.php/Admin/Index/list
INFO: [ app_begin ] --START--
INFO: Run Behavior\ReadHtmlCache [ RunTime:0.000925s ]
INFO: [ app_begin ] --END-- [ RunTime:0.002120s ]
NOTIC: [8] Use of undefined constant list11 - assumed 'list11' D:\wamp\www\0730\tpshop\App\Admin\Controller\IndexController.class.php 第 10 行.
INFO: [ app_end ] --START--
INFO: Run Behavior\ShowPageTrace [ RunTime:0.000575s ]
INFO: [ app_end ] --END-- [ RunTime:0.000742s ]

[ 2014-07-31T10:38:32+08:00 ] 127.0.0.1 /0730/tpshop/index.php/Admin/Index/list
INFO: [ app_begin ] --START--
INFO: Run Behavior\ReadHtmlCache [ RunTime:0.000835s ]
INFO: [ app_begin ] --END-- [ RunTime:0.001664s ]
NOTIC: [8] Use of undefined constant list11 - assumed 'list11' D:\wamp\www\0730\tpshop\App\Admin\Controller\IndexController.class.php 第 10 行.
INFO: [ app_end ] --START--
INFO: Run Behavior\ShowPageTrace [ RunTime:0.000676s ]
INFO: [ app_end ] --END-- [ RunTime:0.000841s ]

[ 2014-07-31T10:38:33+08:00 ] 127.0.0.1 /0730/tpshop/index.php/Admin/Index/list
INFO: [ app_begin ] --START--
INFO: Run Behavior\ReadHtmlCache [ RunTime:0.000586s ]
INFO: [ app_begin ] --END-- [ RunTime:0.001153s ]
NOTIC: [8] Use of undefined constant list11 - assumed 'list11' D:\wamp\www\0730\tpshop\App\Admin\Controller\IndexController.class.php 第 10 行.
INFO: [ app_end ] --START--
INFO: Run Behavior\ShowPageTrace [ RunTime:0.000747s ]
INFO: [ app_end ] --END-- [ RunTime:0.000924s ]

[ 2014-07-31T10:38:52+08:00 ] 127.0.0.1 /0730/tpshop/index.php/Admin
INFO: [ app_begin ] --START--
INFO: Run Behavior\ReadHtmlCache [ RunTime:0.000528s ]
INFO: [ app_begin ] --END-- [ RunTime:0.000980s ]
INFO: [ view_parse ] --START--
NOTIC: [2] ucfirst() expects parameter 1 to be string, array given D:\wamp\www\0730\tpshop\ThinkPHP\Library\Think\Storage.class.php 第 36 行.
INFO: Run Behavior\ParseTemplate [ RunTime:0.000721s ]
INFO: [ view_parse ] --END-- [ RunTime:0.000887s ]
INFO: [ view_filter ] --START--
INFO: Run Behavior\WriteHtmlCache [ RunTime:0.000369s ]
INFO: [ view_filter ] --END-- [ RunTime:0.000526s ]
INFO: [ app_end ] --START--
INFO: Run Behavior\ShowPageTrace [ RunTime:0.000527s ]
INFO: [ app_end ] --END-- [ RunTime:0.000681s ]

[ 2014-07-31T10:39:14+08:00 ] 127.0.0.1 /0730/tpshop/index.php/Admin/index/list
INFO: [ app_begin ] --START--
INFO: Run Behavior\ReadHtmlCache [ RunTime:0.000523s ]
INFO: [ app_begin ] --END-- [ RunTime:0.000978s ]
NOTIC: [8] Use of undefined constant list11 - assumed 'list11' D:\wamp\www\0730\tpshop\App\Admin\Controller\IndexController.class.php 第 10 行.
INFO: [ app_end ] --START--
INFO: Run Behavior\ShowPageTrace [ RunTime:0.000574s ]
INFO: [ app_end ] --END-- [ RunTime:0.000744s ]

[ 2014-07-31T10:49:33+08:00 ] 127.0.0.1 /0730/tpshop/index.php/admin/admin/login
INFO: [ app_begin ] --START--
INFO: Run Behavior\ReadHtmlCache [ RunTime:0.000715s ]
INFO: [ app_begin ] --END-- [ RunTime:0.001547s ]
ERR: 无法加载控制器:Admin

[ 2014-07-31T10:50:25+08:00 ] 127.0.0.1 /0730/tpshop/index.php/admin/admin/login
INFO: [ app_begin ] --START--
INFO: Run Behavior\ReadHtmlCache [ RunTime:0.000529s ]
INFO: [ app_begin ] --END-- [ RunTime:0.000992s ]
ERR: 无法加载控制器:Admin

[ 2014-07-31T10:50:26+08:00 ] 127.0.0.1 /0730/tpshop/index.php/admin/admin/login
INFO: [ app_begin ] --START--
INFO: Run Behavior\ReadHtmlCache [ RunTime:0.000524s ]
INFO: [ app_begin ] --END-- [ RunTime:0.000977s ]
ERR: 无法加载控制器:Admin

[ 2014-07-31T10:53:32+08:00 ] 127.0.0.1 /0730/tpshop/index.php/admin/admin/login
INFO: [ app_begin ] --START--
INFO: Run Behavior\ReadHtmlCache [ RunTime:0.000845s ]
INFO: [ app_begin ] --END-- [ RunTime:0.001363s ]
NOTIC: [8] Use of undefined constant list11 - assumed 'list11' D:\wamp\www\0730\tpshop\App\Admin\Controller\AdminController.class.php 第 10 行.
INFO: [ app_end ] --START--
INFO: Run Behavior\ShowPageTrace [ RunTime:0.000672s ]
INFO: [ app_end ] --END-- [ RunTime:0.000837s ]

[ 2014-07-31T11:03:36+08:00 ] 127.0.0.1 /0730/tpshop/index.php/admin/admin/index
INFO: [ app_begin ] --START--
INFO: Run Behavior\ReadHtmlCache [ RunTime:0.000738s ]
INFO: [ app_begin ] --END-- [ RunTime:0.001336s ]
INFO: [ view_parse ] --START--
NOTIC: [2] ucfirst() expects parameter 1 to be string, array given D:\wamp\www\0730\tpshop\ThinkPHP\Library\Think\Storage.class.php 第 36 行.
INFO: Run Behavior\ParseTemplate [ RunTime:0.000587s ]
INFO: [ view_parse ] --END-- [ RunTime:0.000755s ]
INFO: [ view_filter ] --START--
INFO: Run Behavior\WriteHtmlCache [ RunTime:0.000368s ]
INFO: [ view_filter ] --END-- [ RunTime:0.000526s ]
INFO: [ app_end ] --START--
INFO: Run Behavior\ShowPageTrace [ RunTime:0.000757s ]
INFO: [ app_end ] --END-- [ RunTime:0.000919s ]

[ 2014-07-31T11:06:00+08:00 ] 127.0.0.1 /0730/tpshop/index.php/admin/admin/login
INFO: [ app_begin ] --START--
INFO: Run Behavior\ReadHtmlCache [ RunTime:0.001190s ]
INFO: [ app_begin ] --END-- [ RunTime:0.002098s ]
INFO: [ view_parse ] --START--
INFO: [ template_filter ] --START--
INFO: Run Behavior\ContentReplace [ RunTime:0.000108s ]
INFO: [ template_filter ] --END-- [ RunTime:0.000275s ]
INFO: Run Behavior\ParseTemplate [ RunTime:0.008593s ]
INFO: [ view_parse ] --END-- [ RunTime:0.009225s ]
INFO: [ view_filter ] --START--
INFO: Run Behavior\WriteHtmlCache [ RunTime:0.000436s ]
INFO: [ view_filter ] --END-- [ RunTime:0.000594s ]
INFO: [ app_end ] --START--
INFO: Run Behavior\ShowPageTrace [ RunTime:0.000698s ]
INFO: [ app_end ] --END-- [ RunTime:0.000857s ]

[ 2014-07-31T11:06:00+08:00 ] 127.0.0.1 /0730/tpshop/index.php/admin/admin/resources/css/reset.css
INFO: [ app_begin ] --START--
INFO: Run Behavior\ReadHtmlCache [ RunTime:0.000663s ]
INFO: [ app_begin ] --END-- [ RunTime:0.001122s ]
ERR: 非法操作:resources

[ 2014-07-31T11:06:00+08:00 ] 127.0.0.1 /0730/tpshop/index.php/admin/admin/resources/css/style.css
INFO: [ app_begin ] --START--
INFO: Run Behavior\ReadHtmlCache [ RunTime:0.001766s ]
INFO: [ app_begin ] --END-- [ RunTime:0.003097s ]
ERR: 非法操作:resources

[ 2014-07-31T11:06:00+08:00 ] 127.0.0.1 /0730/tpshop/index.php/admin/admin/resources/css/invalid.css
INFO: [ app_begin ] --START--
INFO: Run Behavior\ReadHtmlCache [ RunTime:0.002696s ]
INFO: [ app_begin ] --END-- [ RunTime:0.004226s ]
ERR: 非法操作:resources

[ 2014-07-31T11:06:00+08:00 ] 127.0.0.1 /0730/tpshop/index.php/admin/admin/resources/scripts/jquery.wysiwyg.js
INFO: [ app_begin ] --START--
INFO: Run Behavior\ReadHtmlCache [ RunTime:0.000645s ]
INFO: [ app_begin ] --END-- [ RunTime:0.001660s ]
ERR: 非法操作:resources

[ 2014-07-31T11:06:00+08:00 ] 127.0.0.1 /0730/tpshop/index.php/admin/admin/resources/scripts/simpla.jquery.configuration.js
INFO: [ app_begin ] --START--
INFO: Run Behavior\ReadHtmlCache [ RunTime:0.001338s ]
INFO: [ app_begin ] --END-- [ RunTime:0.002011s ]
ERR: 非法操作:resources

[ 2014-07-31T11:06:00+08:00 ] 127.0.0.1 /0730/tpshop/index.php/admin/admin/resources/scripts/jquery-1.3.2.min.js
INFO: [ app_begin ] --START--
INFO: Run Behavior\ReadHtmlCache [ RunTime:0.000977s ]
INFO: [ app_begin ] --END-- [ RunTime:0.001494s ]
ERR: 非法操作:resources

[ 2014-07-31T11:06:00+08:00 ] 127.0.0.1 /0730/tpshop/index.php/admin/admin/resources/scripts/facebox.js
INFO: [ app_begin ] --START--
INFO: Run Behavior\ReadHtmlCache [ RunTime:0.000770s ]
INFO: [ app_begin ] --END-- [ RunTime:0.001346s ]
ERR: 非法操作:resources

[ 2014-07-31T11:06:00+08:00 ] 127.0.0.1 /0730/tpshop/index.php/admin/admin/resources/scripts/simpla.jquery.configuration.js
INFO: [ app_begin ] --START--
INFO: Run Behavior\ReadHtmlCache [ RunTime:0.000883s ]
INFO: [ app_begin ] --END-- [ RunTime:0.001468s ]
ERR: 非法操作:resources

[ 2014-07-31T11:06:00+08:00 ] 127.0.0.1 /0730/tpshop/index.php/admin/admin/resources/scripts/facebox.js
INFO: [ app_begin ] --START--
INFO: Run Behavior\ReadHtmlCache [ RunTime:0.000527s ]
INFO: [ app_begin ] --END-- [ RunTime:0.000983s ]
ERR: 非法操作:resources

[ 2014-07-31T11:06:00+08:00 ] 127.0.0.1 /0730/tpshop/index.php/admin/admin/resources/scripts/jquery.wysiwyg.js
INFO: [ app_begin ] --START--
INFO: Run Behavior\ReadHtmlCache [ RunTime:0.000532s ]
INFO: [ app_begin ] --END-- [ RunTime:0.000984s ]
ERR: 非法操作:resources

[ 2014-07-31T11:12:50+08:00 ] 127.0.0.1 /0730/tpshop/index.php/admin/admin/login
INFO: [ app_begin ] --START--
INFO: Run Behavior\ReadHtmlCache [ RunTime:0.000746s ]
INFO: [ app_begin ] --END-- [ RunTime:0.001325s ]
INFO: [ view_parse ] --START--
INFO: [ template_filter ] --START--
INFO: Run Behavior\ContentReplace [ RunTime:0.000076s ]
INFO: [ template_filter ] --END-- [ RunTime:0.000259s ]
INFO: Run Behavior\ParseTemplate [ RunTime:0.008438s ]
INFO: [ view_parse ] --END-- [ RunTime:0.008612s ]
INFO: [ view_filter ] --START--
INFO: Run Behavior\WriteHtmlCache [ RunTime:0.000379s ]
INFO: [ view_filter ] --END-- [ RunTime:0.000584s ]
INFO: [ app_end ] --START--
INFO: Run Behavior\ShowPageTrace [ RunTime:0.000712s ]
INFO: [ app_end ] --END-- [ RunTime:0.000876s ]

[ 2014-07-31T11:15:16+08:00 ] 127.0.0.1 /0730/tpshop/index.php/admin/admin/login
INFO: [ app_begin ] --START--
INFO: Run Behavior\ReadHtmlCache [ RunTime:0.000730s ]
INFO: [ app_begin ] --END-- [ RunTime:0.001274s ]
INFO: [ view_parse ] --START--
INFO: [ template_filter ] --START--
INFO: Run Behavior\ContentReplace [ RunTime:0.000080s ]
INFO: [ template_filter ] --END-- [ RunTime:0.000256s ]
INFO: Run Behavior\ParseTemplate [ RunTime:0.008885s ]
INFO: [ view_parse ] --END-- [ RunTime:0.009065s ]
INFO: [ view_filter ] --START--
INFO: Run Behavior\WriteHtmlCache [ RunTime:0.000482s ]
INFO: [ view_filter ] --END-- [ RunTime:0.000640s ]
INFO: [ app_end ] --START--
INFO: Run Behavior\ShowPageTrace [ RunTime:0.000727s ]
INFO: [ app_end ] --END-- [ RunTime:0.000887s ]

[ 2014-07-31T11:18:11+08:00 ] 127.0.0.1 /0730/tpshop/index.php/admin/admin/login
INFO: [ app_begin ] --START--
INFO: Run Behavior\ReadHtmlCache [ RunTime:0.000842s ]
INFO: [ app_begin ] --END-- [ RunTime:0.001498s ]
INFO: [ view_parse ] --START--
INFO: [ template_filter ] --START--
INFO: Run Behavior\ContentReplace [ RunTime:0.000120s ]
INFO: [ template_filter ] --END-- [ RunTime:0.000373s ]
INFO: Run Behavior\ParseTemplate [ RunTime:0.008945s ]
INFO: [ view_parse ] --END-- [ RunTime:0.009134s ]
INFO: [ view_filter ] --START--
INFO: Run Behavior\WriteHtmlCache [ RunTime:0.000413s ]
INFO: [ view_filter ] --END-- [ RunTime:0.000571s ]
INFO: [ app_end ] --START--
INFO: Run Behavior\ShowPageTrace [ RunTime:0.000696s ]
INFO: [ app_end ] --END-- [ RunTime:0.000860s ]

[ 2014-07-31T11:20:17+08:00 ] 127.0.0.1 /0730/tpshop/index.php/admin/admin/login
INFO: [ app_begin ] --START--
INFO: Run Behavior\ReadHtmlCache [ RunTime:0.000709s ]
INFO: [ app_begin ] --END-- [ RunTime:0.001228s ]
INFO: [ view_parse ] --START--
INFO: [ template_filter ] --START--
INFO: Run Behavior\ContentReplace [ RunTime:0.000089s ]
INFO: [ template_filter ] --END-- [ RunTime:0.000282s ]
INFO: Run Behavior\ParseTemplate [ RunTime:0.009186s ]
INFO: [ view_parse ] --END-- [ RunTime:0.009368s ]
INFO: [ view_filter ] --START--
INFO: Run Behavior\WriteHtmlCache [ RunTime:0.000401s ]
INFO: [ view_filter ] --END-- [ RunTime:0.000561s ]
INFO: [ app_end ] --START--
INFO: Run Behavior\ShowPageTrace [ RunTime:0.000682s ]
INFO: [ app_end ] --END-- [ RunTime:0.000842s ]

[ 2014-07-31T11:26:47+08:00 ] 127.0.0.1 /0730/tpshop/index.php/admin/admin/login
INFO: [ app_begin ] --START--
INFO: Run Behavior\ReadHtmlCache [ RunTime:0.000746s ]
INFO: [ app_begin ] --END-- [ RunTime:0.001466s ]
INFO: [ view_parse ] --START--
INFO: [ template_filter ] --START--
INFO: Run Behavior\ContentReplace [ RunTime:0.000098s ]
INFO: [ template_filter ] --END-- [ RunTime:0.000276s ]
INFO: Run Behavior\ParseTemplate [ RunTime:0.007976s ]
INFO: [ view_parse ] --END-- [ RunTime:0.008155s ]
INFO: [ view_filter ] --START--
INFO: Run Behavior\WriteHtmlCache [ RunTime:0.000409s ]
INFO: [ view_filter ] --END-- [ RunTime:0.000570s ]
INFO: [ app_end ] --START--
INFO: Run Behavior\ShowPageTrace [ RunTime:0.001066s ]
INFO: [ app_end ] --END-- [ RunTime:0.001226s ]

[ 2014-07-31T11:38:20+08:00 ] 127.0.0.1 /0730/tpshop/index.php/admin/admin/login
INFO: [ app_begin ] --START--
INFO: Run Behavior\ReadHtmlCache [ RunTime:0.000942s ]
INFO: [ app_begin ] --END-- [ RunTime:0.001794s ]
INFO: [ view_parse ] --START--
INFO: [ template_filter ] --START--
INFO: Run Behavior\ContentReplace [ RunTime:0.000094s ]
INFO: [ template_filter ] --END-- [ RunTime:0.000264s ]
INFO: Run Behavior\ParseTemplate [ RunTime:0.008374s ]
INFO: [ view_parse ] --END-- [ RunTime:0.008550s ]
INFO: [ view_filter ] --START--
INFO: Run Behavior\WriteHtmlCache [ RunTime:0.000405s ]
INFO: [ view_filter ] --END-- [ RunTime:0.000699s ]
INFO: [ app_end ] --START--
INFO: Run Behavior\ShowPageTrace [ RunTime:0.000751s ]
INFO: [ app_end ] --END-- [ RunTime:0.000942s ]

[ 2014-07-31T11:38:22+08:00 ] 127.0.0.1 /0730/tpshop/index.php/admin/admin/login
INFO: [ app_begin ] --START--
INFO: Run Behavior\ReadHtmlCache [ RunTime:0.000536s ]
INFO: [ app_begin ] --END-- [ RunTime:0.001019s ]
INFO: [ view_parse ] --START--
INFO: [ template_filter ] --START--
INFO: Run Behavior\ContentReplace [ RunTime:0.000092s ]
INFO: [ template_filter ] --END-- [ RunTime:0.000258s ]
INFO: Run Behavior\ParseTemplate [ RunTime:0.007029s ]
INFO: [ view_parse ] --END-- [ RunTime:0.007207s ]
INFO: [ view_filter ] --START--
INFO: Run Behavior\WriteHtmlCache [ RunTime:0.000264s ]
INFO: [ view_filter ] --END-- [ RunTime:0.000422s ]
INFO: [ app_end ] --START--
INFO: Run Behavior\ShowPageTrace [ RunTime:0.000544s ]
INFO: [ app_end ] --END-- [ RunTime:0.000721s ]

[ 2014-07-31T11:39:05+08:00 ] 127.0.0.1 /0730/tpshop/index.php/admin/admin/login
INFO: [ app_begin ] --START--
INFO: Run Behavior\ReadHtmlCache [ RunTime:0.000714s ]
INFO: [ app_begin ] --END-- [ RunTime:0.001255s ]
INFO: [ view_parse ] --START--
INFO: [ template_filter ] --START--
INFO: Run Behavior\ContentReplace [ RunTime:0.000096s ]
INFO: [ template_filter ] --END-- [ RunTime:0.000272s ]
INFO: Run Behavior\ParseTemplate [ RunTime:0.008240s ]
INFO: [ view_parse ] --END-- [ RunTime:0.008414s ]
INFO: [ view_filter ] --START--
INFO: Run Behavior\WriteHtmlCache [ RunTime:0.000425s ]
INFO: [ view_filter ] --END-- [ RunTime:0.000583s ]
INFO: [ app_end ] --START--
INFO: Run Behavior\ShowPageTrace [ RunTime:0.000992s ]
INFO: [ app_end ] --END-- [ RunTime:0.001152s ]

[ 2014-07-31T11:39:27+08:00 ] 127.0.0.1 /0730/tpshop/index.php/admin/admin/login
INFO: [ app_begin ] --START--
INFO: Run Behavior\ReadHtmlCache [ RunTime:0.001054s ]
INFO: [ app_begin ] --END-- [ RunTime:0.001650s ]
INFO: [ view_parse ] --START--
INFO: [ template_filter ] --START--
INFO: Run Behavior\ContentReplace [ RunTime:0.000096s ]
INFO: [ template_filter ] --END-- [ RunTime:0.000272s ]
INFO: Run Behavior\ParseTemplate [ RunTime:0.008028s ]
INFO: [ view_parse ] --END-- [ RunTime:0.008210s ]
INFO: [ view_filter ] --START--
INFO: Run Behavior\WriteHtmlCache [ RunTime:0.000389s ]
INFO: [ view_filter ] --END-- [ RunTime:0.000545s ]
INFO: [ app_end ] --START--
INFO: Run Behavior\ShowPageTrace [ RunTime:0.000743s ]
INFO: [ app_end ] --END-- [ RunTime:0.000903s ]

[ 2014-07-31T11:39:29+08:00 ] 127.0.0.1 /0730/tpshop/index.php/admin/admin/login
INFO: [ app_begin ] --START--
INFO: Run Behavior\ReadHtmlCache [ RunTime:0.000532s ]
INFO: [ app_begin ] --END-- [ RunTime:0.001338s ]
INFO: [ view_parse ] --START--
INFO: [ template_filter ] --START--
INFO: Run Behavior\ContentReplace [ RunTime:0.000222s ]
INFO: [ template_filter ] --END-- [ RunTime:0.000396s ]
INFO: Run Behavior\ParseTemplate [ RunTime:0.007285s ]
INFO: [ view_parse ] --END-- [ RunTime:0.007450s ]
INFO: [ view_filter ] --START--
INFO: Run Behavior\WriteHtmlCache [ RunTime:0.000256s ]
INFO: [ view_filter ] --END-- [ RunTime:0.000414s ]
INFO: [ app_end ] --START--
INFO: Run Behavior\ShowPageTrace [ RunTime:0.000637s ]
INFO: [ app_end ] --END-- [ RunTime:0.000802s ]

[ 2014-07-31T11:39:30+08:00 ] 127.0.0.1 /0730/tpshop/index.php/admin/admin/login
INFO: [ app_begin ] --START--
INFO: Run Behavior\ReadHtmlCache [ RunTime:0.000542s ]
INFO: [ app_begin ] --END-- [ RunTime:0.001043s ]
INFO: [ view_parse ] --START--
INFO: [ template_filter ] --START--
INFO: Run Behavior\ContentReplace [ RunTime:0.000094s ]
INFO: [ template_filter ] --END-- [ RunTime:0.000270s ]
INFO: Run Behavior\ParseTemplate [ RunTime:0.007765s ]
INFO: [ view_parse ] --END-- [ RunTime:0.007941s ]
INFO: [ view_filter ] --START--
INFO: Run Behavior\WriteHtmlCache [ RunTime:0.000259s ]
INFO: [ view_filter ] --END-- [ RunTime:0.000418s ]
INFO: [ app_end ] --START--
INFO: Run Behavior\ShowPageTrace [ RunTime:0.000544s ]
INFO: [ app_end ] --END-- [ RunTime:0.000704s ]

[ 2014-07-31T11:46:43+08:00 ] 127.0.0.1 /0730/tpshop/index.php/admin/admin/login
INFO: [ app_begin ] --START--
INFO: Run Behavior\ReadHtmlCache [ RunTime:0.000750s ]
INFO: [ app_begin ] --END-- [ RunTime:0.001679s ]
INFO: [ view_parse ] --START--
INFO: [ template_filter ] --START--
INFO: Run Behavior\ContentReplace [ RunTime:0.000101s ]
INFO: [ template_filter ] --END-- [ RunTime:0.000282s ]
INFO: Run Behavior\ParseTemplate [ RunTime:0.009883s ]
INFO: [ view_parse ] --END-- [ RunTime:0.010055s ]
INFO: [ view_filter ] --START--
INFO: Run Behavior\WriteHtmlCache [ RunTime:0.000439s ]
INFO: [ view_filter ] --END-- [ RunTime:0.000597s ]
INFO: [ app_end ] --START--
INFO: Run Behavior\ShowPageTrace [ RunTime:0.000779s ]
INFO: [ app_end ] --END-- [ RunTime:0.000956s ]

[ 2014-07-31T11:46:44+08:00 ] 127.0.0.1 /0730/tpshop/index.php/admin/admin/login
INFO: [ app_begin ] --START--
INFO: Run Behavior\ReadHtmlCache [ RunTime:0.000526s ]
INFO: [ app_begin ] --END-- [ RunTime:0.000982s ]
INFO: [ view_parse ] --START--
INFO: [ template_filter ] --START--
INFO: Run Behavior\ContentReplace [ RunTime:0.000100s ]
INFO: [ template_filter ] --END-- [ RunTime:0.000275s ]
INFO: Run Behavior\ParseTemplate [ RunTime:0.008376s ]
INFO: [ view_parse ] --END-- [ RunTime:0.008552s ]
INFO: [ view_filter ] --START--
INFO: Run Behavior\WriteHtmlCache [ RunTime:0.000258s ]
INFO: [ view_filter ] --END-- [ RunTime:0.000416s ]
INFO: [ app_end ] --START--
INFO: Run Behavior\ShowPageTrace [ RunTime:0.000581s ]
INFO: [ app_end ] --END-- [ RunTime:0.000752s ]

[ 2014-07-31T11:58:48+08:00 ] 127.0.0.1 /0730/tpshop/index.php/admin/admin/login
INFO: [ app_begin ] --START--
INFO: Run Behavior\ReadHtmlCache [ RunTime:0.001198s ]
INFO: [ app_begin ] --END-- [ RunTime:0.001733s ]
INFO: [ view_parse ] --START--
INFO: [ template_filter ] --START--
INFO: Run Behavior\ContentReplace [ RunTime:0.000100s ]
INFO: [ template_filter ] --END-- [ RunTime:0.000277s ]
INFO: Run Behavior\ParseTemplate [ RunTime:0.008213s ]
INFO: [ view_parse ] --END-- [ RunTime:0.008386s ]
INFO: [ view_filter ] --START--
INFO: Run Behavior\WriteHtmlCache [ RunTime:0.000589s ]
INFO: [ view_filter ] --END-- [ RunTime:0.000748s ]
INFO: [ app_end ] --START--
INFO: Run Behavior\ShowPageTrace [ RunTime:0.000731s ]
INFO: [ app_end ] --END-- [ RunTime:0.000913s ]

[ 2014-07-31T11:58:50+08:00 ] 127.0.0.1 /0730/tpshop/index.php/admin/admin/login
INFO: [ app_begin ] --START--
INFO: Run Behavior\ReadHtmlCache [ RunTime:0.000531s ]
INFO: [ app_begin ] --END-- [ RunTime:0.001006s ]
INFO: [ view_parse ] --START--
INFO: [ template_filter ] --START--
INFO: Run Behavior\ContentReplace [ RunTime:0.000098s ]
INFO: [ template_filter ] --END-- [ RunTime:0.000273s ]
INFO: Run Behavior\ParseTemplate [ RunTime:0.006839s ]
INFO: [ view_parse ] --END-- [ RunTime:0.007010s ]
INFO: [ view_filter ] --START--
INFO: Run Behavior\WriteHtmlCache [ RunTime:0.000261s ]
INFO: [ view_filter ] --END-- [ RunTime:0.000421s ]
INFO: [ app_end ] --START--
INFO: Run Behavior\ShowPageTrace [ RunTime:0.000577s ]
INFO: [ app_end ] --END-- [ RunTime:0.000758s ]

[ 2014-07-31T11:59:44+08:00 ] 127.0.0.1 /0730/tpshop/index.php/admin/admin/login
INFO: [ app_begin ] --START--
INFO: Run Behavior\ReadHtmlCache [ RunTime:0.000690s ]
INFO: [ app_begin ] --END-- [ RunTime:0.001250s ]
INFO: [ view_parse ] --START--
INFO: [ template_filter ] --START--
INFO: Run Behavior\ContentReplace [ RunTime:0.000146s ]
INFO: [ template_filter ] --END-- [ RunTime:0.000406s ]
INFO: Run Behavior\ParseTemplate [ RunTime:0.008294s ]
INFO: [ view_parse ] --END-- [ RunTime:0.008470s ]
INFO: [ view_filter ] --START--
INFO: Run Behavior\WriteHtmlCache [ RunTime:0.000317s ]
INFO: [ view_filter ] --END-- [ RunTime:0.000481s ]
INFO: [ app_end ] --START--
INFO: Run Behavior\ShowPageTrace [ RunTime:0.000589s ]
INFO: [ app_end ] --END-- [ RunTime:0.000768s ]

[ 2014-07-31T12:00:53+08:00 ] 127.0.0.1 /0730/tpshop/index.php/admin/admin/login
INFO: [ app_begin ] --START--
INFO: Run Behavior\ReadHtmlCache [ RunTime:0.000711s ]
INFO: [ app_begin ] --END-- [ RunTime:0.001223s ]
INFO: [ view_parse ] --START--
INFO: [ template_filter ] --START--
INFO: Run Behavior\ContentReplace [ RunTime:0.000098s ]
INFO: [ template_filter ] --END-- [ RunTime:0.000282s ]
INFO: Run Behavior\ParseTemplate [ RunTime:0.009072s ]
INFO: [ view_parse ] --END-- [ RunTime:0.009246s ]
INFO: [ view_filter ] --START--
INFO: Run Behavior\WriteHtmlCache [ RunTime:0.000406s ]
INFO: [ view_filter ] --END-- [ RunTime:0.000615s ]
INFO: [ app_end ] --START--
INFO: Run Behavior\ShowPageTrace [ RunTime:0.000684s ]
INFO: [ app_end ] --END-- [ RunTime:0.000867s ]

[ 2014-07-31T12:01:23+08:00 ] 127.0.0.1 /0730/tpshop/index.php/admin/admin/login
INFO: [ app_begin ] --START--
INFO: Run Behavior\ReadHtmlCache [ RunTime:0.001171s ]
INFO: [ app_begin ] --END-- [ RunTime:0.002272s ]
INFO: [ view_parse ] --START--
INFO: [ template_filter ] --START--
INFO: Run Behavior\ContentReplace [ RunTime:0.000099s ]
INFO: [ template_filter ] --END-- [ RunTime:0.000269s ]
INFO: Run Behavior\ParseTemplate [ RunTime:0.007772s ]
INFO: [ view_parse ] --END-- [ RunTime:0.007944s ]
INFO: [ view_filter ] --START--
INFO: Run Behavior\WriteHtmlCache [ RunTime:0.000400s ]
INFO: [ view_filter ] --END-- [ RunTime:0.000557s ]
INFO: [ app_end ] --START--
INFO: Run Behavior\ShowPageTrace [ RunTime:0.000679s ]
INFO: [ app_end ] --END-- [ RunTime:0.000863s ]

[ 2014-07-31T12:06:08+08:00 ] 127.0.0.1 /0730/tpshop/index.php/admin/admin/login
INFO: [ app_begin ] --START--
INFO: Run Behavior\ReadHtmlCache [ RunTime:0.001026s ]
INFO: [ app_begin ] --END-- [ RunTime:0.001652s ]
INFO: [ view_parse ] --START--
INFO: [ template_filter ] --START--
INFO: Run Behavior\ContentReplace [ RunTime:0.000098s ]
INFO: [ template_filter ] --END-- [ RunTime:0.000277s ]
INFO: Run Behavior\ParseTemplate [ RunTime:0.009036s ]
INFO: [ view_parse ] --END-- [ RunTime:0.009285s ]
INFO: [ view_filter ] --START--
INFO: Run Behavior\WriteHtmlCache [ RunTime:0.000681s ]
INFO: [ view_filter ] --END-- [ RunTime:0.000893s ]
INFO: [ app_end ] --START--
INFO: Run Behavior\ShowPageTrace [ RunTime:0.000944s ]
INFO: [ app_end ] --END-- [ RunTime:0.001160s ]

[ 2014-07-31T12:07:03+08:00 ] 127.0.0.1 /0730/tpshop/index.php/admin/admin/login
INFO: [ app_begin ] --START--
INFO: Run Behavior\ReadHtmlCache [ RunTime:0.000717s ]
INFO: [ app_begin ] --END-- [ RunTime:0.001242s ]
INFO: [ view_parse ] --START--
INFO: [ template_filter ] --START--
INFO: Run Behavior\ContentReplace [ RunTime:0.000099s ]
INFO: [ template_filter ] --END-- [ RunTime:0.000286s ]
INFO: Run Behavior\ParseTemplate [ RunTime:0.009116s ]
INFO: [ view_parse ] --END-- [ RunTime:0.009291s ]
INFO: [ view_filter ] --START--
INFO: Run Behavior\WriteHtmlCache [ RunTime:0.000406s ]
INFO: [ view_filter ] --END-- [ RunTime:0.000563s ]
INFO: [ app_end ] --START--
INFO: Run Behavior\ShowPageTrace [ RunTime:0.000941s ]
INFO: [ app_end ] --END-- [ RunTime:0.001125s ]

[ 2014-07-31T12:08:21+08:00 ] 127.0.0.1 /0730/tpshop/index.php/admin/admin/login
INFO: [ app_begin ] --START--
INFO: Run Behavior\ReadHtmlCache [ RunTime:0.000716s ]
INFO: [ app_begin ] --END-- [ RunTime:0.001428s ]
INFO: [ view_parse ] --START--
INFO: [ template_filter ] --START--
INFO: Run Behavior\ContentReplace [ RunTime:0.000097s ]
INFO: [ template_filter ] --END-- [ RunTime:0.000630s ]
INFO: Run Behavior\ParseTemplate [ RunTime:0.008069s ]
INFO: [ view_parse ] --END-- [ RunTime:0.008243s ]
INFO: [ view_filter ] --START--
INFO: Run Behavior\WriteHtmlCache [ RunTime:0.000397s ]
INFO: [ view_filter ] --END-- [ RunTime:0.000556s ]
INFO: [ app_end ] --START--
INFO: Run Behavior\ShowPageTrace [ RunTime:0.001031s ]
INFO: [ app_end ] --END-- [ RunTime:0.001225s ]

[ 2014-07-31T12:08:33+08:00 ] 127.0.0.1 /0730/tpshop/index.php/admin/admin/login
INFO: [ app_begin ] --START--
INFO: Run Behavior\ReadHtmlCache [ RunTime:0.000887s ]
INFO: [ app_begin ] --END-- [ RunTime:0.001565s ]
INFO: [ view_parse ] --START--
INFO: [ template_filter ] --START--
INFO: Run Behavior\ContentReplace [ RunTime:0.000100s ]
INFO: [ template_filter ] --END-- [ RunTime:0.000290s ]
INFO: Run Behavior\ParseTemplate [ RunTime:0.008913s ]
INFO: [ view_parse ] --END-- [ RunTime:0.009083s ]
INFO: [ view_filter ] --START--
INFO: Run Behavior\WriteHtmlCache [ RunTime:0.000387s ]
INFO: [ view_filter ] --END-- [ RunTime:0.000544s ]
INFO: [ app_end ] --START--
INFO: Run Behavior\ShowPageTrace [ RunTime:0.000662s ]
INFO: [ app_end ] --END-- [ RunTime:0.000841s ]

[ 2014-07-31T12:22:50+08:00 ] 127.0.0.1 /0730/tpshop/index.php/admin/admin/login
INFO: [ app_begin ] --START--
INFO: Run Behavior\ReadHtmlCache [ RunTime:0.000718s ]
INFO: [ app_begin ] --END-- [ RunTime:0.001251s ]
INFO: [ view_parse ] --START--
INFO: [ template_filter ] --START--
INFO: Run Behavior\ContentReplace [ RunTime:0.000103s ]
INFO: [ template_filter ] --END-- [ RunTime:0.000277s ]
INFO: Run Behavior\ParseTemplate [ RunTime:0.008356s ]
INFO: [ view_parse ] --END-- [ RunTime:0.008534s ]
INFO: [ view_filter ] --START--
INFO: Run Behavior\WriteHtmlCache [ RunTime:0.000403s ]
INFO: [ view_filter ] --END-- [ RunTime:0.000560s ]
INFO: [ app_end ] --START--
INFO: Run Behavior\ShowPageTrace [ RunTime:0.000741s ]
INFO: [ app_end ] --END-- [ RunTime:0.001064s ]

[ 2014-07-31T12:23:02+08:00 ] 127.0.0.1 /0730/tpshop/index.php/admin/admin/login
INFO: [ app_begin ] --START--
INFO: Run Behavior\ReadHtmlCache [ RunTime:0.000756s ]
INFO: [ app_begin ] --END-- [ RunTime:0.001353s ]
INFO: [ view_parse ] --START--
INFO: [ template_filter ] --START--
INFO: Run Behavior\ContentReplace [ RunTime:0.000105s ]
INFO: [ template_filter ] --END-- [ RunTime:0.000285s ]
INFO: Run Behavior\ParseTemplate [ RunTime:0.009312s ]
INFO: [ view_parse ] --END-- [ RunTime:0.009523s ]
INFO: [ view_filter ] --START--
INFO: Run Behavior\WriteHtmlCache [ RunTime:0.000386s ]
INFO: [ view_filter ] --END-- [ RunTime:0.000541s ]
INFO: [ app_end ] --START--
INFO: Run Behavior\ShowPageTrace [ RunTime:0.000670s ]
INFO: [ app_end ] --END-- [ RunTime:0.000849s ]

[ 2014-07-31T12:24:11+08:00 ] 127.0.0.1 /0730/tpshop/index.php/admin/admin/login
INFO: [ app_begin ] --START--
INFO: Run Behavior\ReadHtmlCache [ RunTime:0.000778s ]
INFO: [ app_begin ] --END-- [ RunTime:0.001367s ]
INFO: [ view_parse ] --START--
INFO: [ template_filter ] --START--
INFO: Run Behavior\ContentReplace [ RunTime:0.000103s ]
INFO: [ template_filter ] --END-- [ RunTime:0.000283s ]
INFO: Run Behavior\ParseTemplate [ RunTime:0.008502s ]
INFO: [ view_parse ] --END-- [ RunTime:0.008711s ]
INFO: [ view_filter ] --START--
INFO: Run Behavior\WriteHtmlCache [ RunTime:0.000403s ]
INFO: [ view_filter ] --END-- [ RunTime:0.000562s ]
INFO: [ app_end ] --START--
INFO: Run Behavior\ShowPageTrace [ RunTime:0.000747s ]
INFO: [ app_end ] --END-- [ RunTime:0.000977s ]

[ 2014-07-31T12:24:54+08:00 ] 127.0.0.1 /0730/tpshop/index.php/admin/admin/login
INFO: [ app_begin ] --START--
INFO: Run Behavior\ReadHtmlCache [ RunTime:0.000569s ]
INFO: [ app_begin ] --END-- [ RunTime:0.001521s ]
INFO: [ view_parse ] --START--
INFO: [ template_filter ] --START--
INFO: Run Behavior\ContentReplace [ RunTime:0.000103s ]
INFO: [ template_filter ] --END-- [ RunTime:0.000282s ]
INFO: Run Behavior\ParseTemplate [ RunTime:0.008465s ]
INFO: [ view_parse ] --END-- [ RunTime:0.008640s ]
INFO: [ view_filter ] --START--
INFO: Run Behavior\WriteHtmlCache [ RunTime:0.000260s ]
INFO: [ view_filter ] --END-- [ RunTime:0.000417s ]
INFO: [ app_end ] --START--
INFO: Run Behavior\ShowPageTrace [ RunTime:0.000541s ]
INFO: [ app_end ] --END-- [ RunTime:0.000747s ]

[ 2014-07-31T19:43:30+08:00 ] 127.0.0.1 /0730/tpshop/index.php/admin/admin/login
INFO: [ app_begin ] --START--
INFO: Run Behavior\ReadHtmlCache [ RunTime:0.000929s ]
INFO: [ app_begin ] --END-- [ RunTime:0.001503s ]

[ 2014-07-31T20:31:26+08:00 ] 127.0.0.1 /0730/tpshop/index.php/admin/admin/login
INFO: [ app_begin ] --START--
INFO: Run Behavior\ReadHtmlCache [ RunTime:0.000745s ]
INFO: [ app_begin ] --END-- [ RunTime:0.001277s ]

[ 2014-07-31T20:31:46+08:00 ] 127.0.0.1 /0730/tpshop/index.php/admin/admin/login
INFO: [ app_begin ] --START--
INFO: Run Behavior\ReadHtmlCache [ RunTime:0.000543s ]
INFO: [ app_begin ] --END-- [ RunTime:0.001012s ]

[ 2014-07-31T20:35:19+08:00 ] 127.0.0.1 /0730/tpshop/index.php/admin/admin/login
INFO: [ app_begin ] --START--
INFO: Run Behavior\ReadHtmlCache [ RunTime:0.001066s ]
INFO: [ app_begin ] --END-- [ RunTime:0.001604s ]
NOTIC: [8] Array to string conversion D:\wamp\www\0730\tpshop\App\Admin\Controller\AdminController.class.php 第 14 行.

[ 2014-07-31T20:36:03+08:00 ] 127.0.0.1 /0730/tpshop/index.php/admin/admin/login
INFO: [ app_begin ] --START--
INFO: Run Behavior\ReadHtmlCache [ RunTime:0.000528s ]
INFO: [ app_begin ] --END-- [ RunTime:0.000984s ]
NOTIC: [8] Array to string conversion D:\wamp\www\0730\tpshop\App\Admin\Controller\AdminController.class.php 第 15 行.

[ 2014-07-31T20:36:03+08:00 ] 127.0.0.1 /0730/tpshop/index.php/admin/admin/login
INFO: [ app_begin ] --START--
INFO: Run Behavior\ReadHtmlCache [ RunTime:0.000549s ]
INFO: [ app_begin ] --END-- [ RunTime:0.001007s ]
NOTIC: [8] Array to string conversion D:\wamp\www\0730\tpshop\App\Admin\Controller\AdminController.class.php 第 15 行.

[ 2014-07-31T20:36:29+08:00 ] 127.0.0.1 /0730/tpshop/index.php/admin/admin/login
INFO: [ app_begin ] --START--
INFO: Run Behavior\ReadHtmlCache [ RunTime:0.000545s ]
INFO: [ app_begin ] --END-- [ RunTime:0.001023s ]

[ 2014-07-31T20:36:30+08:00 ] 127.0.0.1 /0730/tpshop/index.php/admin/admin/login
INFO: [ app_begin ] --START--
INFO: Run Behavior\ReadHtmlCache [ RunTime:0.000735s ]
INFO: [ app_begin ] --END-- [ RunTime:0.001609s ]

[ 2014-07-31T20:37:18+08:00 ] 127.0.0.1 /0730/tpshop/index.php/admin/admin/login
INFO: [ app_begin ] --START--
INFO: Run Behavior\ReadHtmlCache [ RunTime:0.000535s ]
INFO: [ app_begin ] --END-- [ RunTime:0.000993s ]

[ 2014-07-31T20:37:36+08:00 ] 127.0.0.1 /0730/tpshop/index.php/admin/admin/login
INFO: [ app_begin ] --START--
INFO: Run Behavior\ReadHtmlCache [ RunTime:0.000735s ]
INFO: [ app_begin ] --END-- [ RunTime:0.001281s ]

[ 2014-07-31T20:37:37+08:00 ] 127.0.0.1 /0730/tpshop/index.php/admin/admin/login
INFO: [ app_begin ] --START--
INFO: Run Behavior\ReadHtmlCache [ RunTime:0.000877s ]
INFO: [ app_begin ] --END-- [ RunTime:0.001714s ]

[ 2014-07-31T20:38:21+08:00 ] 127.0.0.1 /0730/tpshop/index.php/admin/admin/login
INFO: [ app_begin ] --START--
INFO: Run Behavior\ReadHtmlCache [ RunTime:0.000531s ]
INFO: [ app_begin ] --END-- [ RunTime:0.000992s ]

[ 2014-07-31T20:38:42+08:00 ] 127.0.0.1 /0730/tpshop/index.php/admin/admin/login
INFO: [ app_begin ] --START--
INFO: Run Behavior\ReadHtmlCache [ RunTime:0.000549s ]
INFO: [ app_begin ] --END-- [ RunTime:0.001029s ]

[ 2014-07-31T20:39:14+08:00 ] 127.0.0.1 /0730/tpshop/index.php/admin/admin/login
INFO: [ app_begin ] --START--
INFO: Run Behavior\ReadHtmlCache [ RunTime:0.000538s ]
INFO: [ app_begin ] --END-- [ RunTime:0.001016s ]
INFO: [ view_parse ] --START--
INFO: [ template_filter ] --START--
INFO: Run Behavior\ContentReplace [ RunTime:0.000106s ]
INFO: [ template_filter ] --END-- [ RunTime:0.000277s ]
INFO: Run Behavior\ParseTemplate [ RunTime:0.008136s ]
INFO: [ view_parse ] --END-- [ RunTime:0.008332s ]
INFO: [ view_filter ] --START--
INFO: Run Behavior\WriteHtmlCache [ RunTime:0.000432s ]
INFO: [ view_filter ] --END-- [ RunTime:0.000590s ]
INFO: [ app_end ] --START--
INFO: Run Behavior\ShowPageTrace [ RunTime:0.000676s ]
INFO: [ app_end ] --END-- [ RunTime:0.000853s ]

[ 2014-07-31T20:39:40+08:00 ] 127.0.0.1 /0730/tpshop/index.php/admin/admin/login
INFO: [ app_begin ] --START--
INFO: Run Behavior\ReadHtmlCache [ RunTime:0.000785s ]
INFO: [ app_begin ] --END-- [ RunTime:0.001771s ]

[ 2014-07-31T20:39:48+08:00 ] 127.0.0.1 /0730/tpshop/index.php/admin/admin/login
INFO: [ app_begin ] --START--
INFO: Run Behavior\ReadHtmlCache [ RunTime:0.000704s ]
INFO: [ app_begin ] --END-- [ RunTime:0.001180s ]
INFO: [ view_parse ] --START--
INFO: [ template_filter ] --START--
INFO: Run Behavior\ContentReplace [ RunTime:0.000101s ]
INFO: [ template_filter ] --END-- [ RunTime:0.000281s ]
INFO: Run Behavior\ParseTemplate [ RunTime:0.007969s ]
INFO: [ view_parse ] --END-- [ RunTime:0.008142s ]
INFO: [ view_filter ] --START--
INFO: Run Behavior\WriteHtmlCache [ RunTime:0.000252s ]
INFO: [ view_filter ] --END-- [ RunTime:0.000407s ]
INFO: [ app_end ] --START--
INFO: Run Behavior\ShowPageTrace [ RunTime:0.000534s ]
INFO: [ app_end ] --END-- [ RunTime:0.000714s ]

