[ 2017-11-08T16:33:10+08:00 ] ::1 /tb/
INFO: [ app_begin ] --START--
INFO: Run Behavior\ReadHtmlCache [ RunTime:0.001263s ]
INFO: [ app_begin ] --END-- [ RunTime:0.004170s ]
NOTIC: [8192] mysql_connect(): The mysql extension is deprecated and will be removed in the future: use mysqli or PDO instead D:\wamp\www\tb\ThinkPHP\Library\Think\Db\Driver\Mysql.class.php 第 52 行.
SQL: SHOW COLUMNS FROM `tp_index` [ RunTime:0.019141s ]
ERR: 1146:La table 'tb.tp_index' n'existe pas
 [ SQL语句 ] : SHOW COLUMNS FROM `tp_index`
INFO: [ view_parse ] --START--
INFO: [ template_filter ] --START--
INFO: Run Behavior\ContentReplace [ RunTime:0.000381s ]
INFO: [ template_filter ] --END-- [ RunTime:0.001318s ]
INFO: Run Behavior\ParseTemplate [ RunTime:0.016336s ]
INFO: [ view_parse ] --END-- [ RunTime:0.016780s ]
INFO: [ view_filter ] --START--
INFO: Run Behavior\WriteHtmlCache [ RunTime:0.000795s ]
INFO: [ view_filter ] --END-- [ RunTime:0.001089s ]
INFO: [ view_parse ] --START--
INFO: [ template_filter ] --START--
INFO: Run Behavior\ContentReplace [ RunTime:0.000286s ]
INFO: [ template_filter ] --END-- [ RunTime:-0.011248s ]
INFO: Run Behavior\ParseTemplate [ RunTime:0.009381s ]
INFO: [ view_parse ] --END-- [ RunTime:-0.002062s ]
INFO: [ view_filter ] --START--
INFO: Run Behavior\WriteHtmlCache [ RunTime:0.000063s ]
INFO: [ view_filter ] --END-- [ RunTime:-0.010670s ]
INFO: [ app_end ] --START--
INFO: Run Behavior\ShowPageTrace [ RunTime:0.001327s ]
INFO: [ app_end ] --END-- [ RunTime:0.001670s ]

[ 2017-11-08T16:33:15+08:00 ] ::1 /tb/index.php/Home/Product/index
INFO: [ app_begin ] --START--
INFO: Run Behavior\ReadHtmlCache [ RunTime:0.001567s ]
INFO: [ app_begin ] --END-- [ RunTime:0.002752s ]
NOTIC: [2048] Declaration of Home\Model\ProductModel::_after_select() should be compatible with Think\Model::_after_select(&$resultSet, $options) D:\wamp\www\tb\App\Home\Model\ProductModel.class.php 第 6 行.
NOTIC: [8192] mysql_connect(): The mysql extension is deprecated and will be removed in the future: use mysqli or PDO instead D:\wamp\www\tb\ThinkPHP\Library\Think\Db\Driver\Mysql.class.php 第 52 行.
SQL: SHOW COLUMNS FROM `tp_product` [ RunTime:0.005351s ]
SQL: SELECT COUNT(*) AS tp_count FROM `tp_product` LIMIT 1   [ RunTime:0.000228s ]
SQL: SELECT * FROM `tp_product` LIMIT 0,6   [ RunTime:0.000818s ]
INFO: [ view_parse ] --START--
INFO: [ template_filter ] --START--
INFO: Run Behavior\ContentReplace [ RunTime:0.000094s ]
INFO: [ template_filter ] --END-- [ RunTime:0.000304s ]
INFO: Run Behavior\ParseTemplate [ RunTime:0.032433s ]
INFO: [ view_parse ] --END-- [ RunTime:0.032663s ]
INFO: [ view_filter ] --START--
INFO: Run Behavior\WriteHtmlCache [ RunTime:0.001259s ]
INFO: [ view_filter ] --END-- [ RunTime:0.001637s ]
INFO: [ view_parse ] --START--
INFO: [ template_filter ] --START--
INFO: Run Behavior\ContentReplace [ RunTime:0.000390s ]
INFO: [ template_filter ] --END-- [ RunTime:-0.014132s ]
INFO: Run Behavior\ParseTemplate [ RunTime:0.013953s ]
INFO: [ view_parse ] --END-- [ RunTime:-0.003068s ]
INFO: [ view_filter ] --START--
INFO: Run Behavior\WriteHtmlCache [ RunTime:0.000112s ]
INFO: [ view_filter ] --END-- [ RunTime:-0.016201s ]
INFO: [ app_end ] --START--
INFO: Run Behavior\ShowPageTrace [ RunTime:0.002013s ]
INFO: [ app_end ] --END-- [ RunTime:0.002531s ]

[ 2017-11-08T17:16:11+08:00 ] ::1 /tb/index.php/Home/Product/index
INFO: [ app_begin ] --START--
INFO: Run Behavior\ReadHtmlCache [ RunTime:0.001442s ]
INFO: [ app_begin ] --END-- [ RunTime:0.002594s ]
NOTIC: [2048] Declaration of Home\Model\ProductModel::_after_select() should be compatible with Think\Model::_after_select(&$resultSet, $options) D:\wamp\www\tb\App\Home\Model\ProductModel.class.php 第 6 行.
NOTIC: [8192] mysql_connect(): The mysql extension is deprecated and will be removed in the future: use mysqli or PDO instead D:\wamp\www\tb\ThinkPHP\Library\Think\Db\Driver\Mysql.class.php 第 52 行.
SQL: SHOW COLUMNS FROM `tp_product` [ RunTime:0.006621s ]
SQL: SELECT COUNT(*) AS tp_count FROM `tp_product` LIMIT 1   [ RunTime:0.000253s ]
SQL: SELECT * FROM `tp_product` LIMIT 0,6   [ RunTime:0.000442s ]
INFO: [ view_parse ] --START--
INFO: [ template_filter ] --START--
INFO: Run Behavior\ContentReplace [ RunTime:0.000161s ]
INFO: [ template_filter ] --END-- [ RunTime:0.000308s ]
INFO: Run Behavior\ParseTemplate [ RunTime:0.025429s ]
INFO: [ view_parse ] --END-- [ RunTime:0.025680s ]
INFO: [ view_filter ] --START--
INFO: Run Behavior\WriteHtmlCache [ RunTime:0.001949s ]
INFO: [ view_filter ] --END-- [ RunTime:0.002163s ]
INFO: [ view_parse ] --START--
INFO: [ template_filter ] --START--
INFO: Run Behavior\ContentReplace [ RunTime:0.000079s ]
INFO: [ template_filter ] --END-- [ RunTime:-0.021833s ]
INFO: Run Behavior\ParseTemplate [ RunTime:0.002978s ]
INFO: [ view_parse ] --END-- [ RunTime:-0.002746s ]
INFO: [ view_filter ] --START--
INFO: Run Behavior\WriteHtmlCache [ RunTime:0.000027s ]
INFO: [ view_filter ] --END-- [ RunTime:-0.003674s ]
INFO: [ app_end ] --START--
INFO: Run Behavior\ShowPageTrace [ RunTime:0.001178s ]
INFO: [ app_end ] --END-- [ RunTime:0.001352s ]

[ 2017-11-08T17:16:11+08:00 ] ::1 /tb/index.php/Home/Product/css/style.css
INFO: [ app_begin ] --START--
INFO: Run Behavior\ReadHtmlCache [ RunTime:0.000628s ]
INFO: [ app_begin ] --END-- [ RunTime:0.001228s ]
NOTIC: [2048] Declaration of Home\Model\ProductModel::_after_select() should be compatible with Think\Model::_after_select(&$resultSet, $options) D:\wamp\www\tb\App\Home\Model\ProductModel.class.php 第 6 行.
NOTIC: [8192] mysql_connect(): The mysql extension is deprecated and will be removed in the future: use mysqli or PDO instead D:\wamp\www\tb\ThinkPHP\Library\Think\Db\Driver\Mysql.class.php 第 52 行.
SQL: SHOW COLUMNS FROM `tp_product` [ RunTime:0.004441s ]
ERR: 非法操作:css

[ 2017-11-08T17:16:11+08:00 ] ::1 /tb/index.php/Home/Product/js/jquery.js
INFO: [ app_begin ] --START--
INFO: Run Behavior\ReadHtmlCache [ RunTime:0.000852s ]
INFO: [ app_begin ] --END-- [ RunTime:0.001523s ]
NOTIC: [2048] Declaration of Home\Model\ProductModel::_after_select() should be compatible with Think\Model::_after_select(&$resultSet, $options) D:\wamp\www\tb\App\Home\Model\ProductModel.class.php 第 6 行.
NOTIC: [8192] mysql_connect(): The mysql extension is deprecated and will be removed in the future: use mysqli or PDO instead D:\wamp\www\tb\ThinkPHP\Library\Think\Db\Driver\Mysql.class.php 第 52 行.
SQL: SHOW COLUMNS FROM `tp_product` [ RunTime:0.008993s ]
ERR: 非法操作:js

[ 2017-11-08T17:16:11+08:00 ] ::1 /tb/index.php/Home/Product/js/style.js
INFO: [ app_begin ] --START--
INFO: Run Behavior\ReadHtmlCache [ RunTime:0.000779s ]
INFO: [ app_begin ] --END-- [ RunTime:0.001403s ]
NOTIC: [2048] Declaration of Home\Model\ProductModel::_after_select() should be compatible with Think\Model::_after_select(&$resultSet, $options) D:\wamp\www\tb\App\Home\Model\ProductModel.class.php 第 6 行.
NOTIC: [8192] mysql_connect(): The mysql extension is deprecated and will be removed in the future: use mysqli or PDO instead D:\wamp\www\tb\ThinkPHP\Library\Think\Db\Driver\Mysql.class.php 第 52 行.
SQL: SHOW COLUMNS FROM `tp_product` [ RunTime:0.005862s ]
ERR: 非法操作:js

[ 2017-11-08T18:50:49+08:00 ] ::1 /tb/index.php/Home/Product/index
INFO: [ app_begin ] --START--
INFO: Run Behavior\ReadHtmlCache [ RunTime:0.000659s ]
INFO: [ app_begin ] --END-- [ RunTime:0.001280s ]
NOTIC: [2048] Declaration of Home\Model\ProductModel::_after_select() should be compatible with Think\Model::_after_select(&$resultSet, $options) D:\wamp\www\tb\App\Home\Model\ProductModel.class.php 第 6 行.
NOTIC: [8192] mysql_connect(): The mysql extension is deprecated and will be removed in the future: use mysqli or PDO instead D:\wamp\www\tb\ThinkPHP\Library\Think\Db\Driver\Mysql.class.php 第 52 行.
SQL: SHOW COLUMNS FROM `tp_product` [ RunTime:0.004870s ]
SQL: SELECT COUNT(*) AS tp_count FROM `tp_product` LIMIT 1   [ RunTime:0.000220s ]
SQL: SELECT * FROM `tp_product` LIMIT 0,6   [ RunTime:0.000295s ]
INFO: [ view_parse ] --START--
INFO: [ template_filter ] --START--
INFO: Run Behavior\ContentReplace [ RunTime:0.000087s ]
INFO: [ template_filter ] --END-- [ RunTime:0.000226s ]
INFO: Run Behavior\ParseTemplate [ RunTime:0.006180s ]
INFO: [ view_parse ] --END-- [ RunTime:0.006382s ]
INFO: [ view_filter ] --START--
INFO: Run Behavior\WriteHtmlCache [ RunTime:0.000363s ]
INFO: [ view_filter ] --END-- [ RunTime:0.000497s ]
INFO: [ view_parse ] --START--
INFO: [ template_filter ] --START--
INFO: Run Behavior\ContentReplace [ RunTime:0.000132s ]
INFO: [ template_filter ] --END-- [ RunTime:-0.005130s ]
INFO: Run Behavior\ParseTemplate [ RunTime:0.004576s ]
INFO: [ view_parse ] --END-- [ RunTime:-0.000936s ]
INFO: [ view_filter ] --START--
INFO: Run Behavior\WriteHtmlCache [ RunTime:0.000029s ]
INFO: [ view_filter ] --END-- [ RunTime:-0.005149s ]
INFO: [ app_end ] --START--
INFO: Run Behavior\ShowPageTrace [ RunTime:0.000731s ]
INFO: [ app_end ] --END-- [ RunTime:0.001025s ]

[ 2017-11-08T18:50:51+08:00 ] ::1 /tb/index.php/Home/Product/index
INFO: [ app_begin ] --START--
INFO: Run Behavior\ReadHtmlCache [ RunTime:0.000409s ]
INFO: [ app_begin ] --END-- [ RunTime:0.000811s ]
NOTIC: [2048] Declaration of Home\Model\ProductModel::_after_select() should be compatible with Think\Model::_after_select(&$resultSet, $options) D:\wamp\www\tb\App\Home\Model\ProductModel.class.php 第 6 行.
NOTIC: [8192] mysql_connect(): The mysql extension is deprecated and will be removed in the future: use mysqli or PDO instead D:\wamp\www\tb\ThinkPHP\Library\Think\Db\Driver\Mysql.class.php 第 52 行.
SQL: SHOW COLUMNS FROM `tp_product` [ RunTime:0.005805s ]
SQL: SELECT COUNT(*) AS tp_count FROM `tp_product` LIMIT 1   [ RunTime:0.000205s ]
SQL: SELECT * FROM `tp_product` LIMIT 0,6   [ RunTime:0.000309s ]
INFO: [ view_parse ] --START--
INFO: [ template_filter ] --START--
INFO: Run Behavior\ContentReplace [ RunTime:0.000135s ]
INFO: [ template_filter ] --END-- [ RunTime:0.000360s ]
INFO: Run Behavior\ParseTemplate [ RunTime:0.007913s ]
INFO: [ view_parse ] --END-- [ RunTime:0.008108s ]
INFO: [ view_filter ] --START--
INFO: Run Behavior\WriteHtmlCache [ RunTime:0.000460s ]
INFO: [ view_filter ] --END-- [ RunTime:0.000664s ]
INFO: [ view_parse ] --START--
INFO: [ template_filter ] --START--
INFO: Run Behavior\ContentReplace [ RunTime:0.000151s ]
INFO: [ template_filter ] --END-- [ RunTime:-0.005261s ]
INFO: Run Behavior\ParseTemplate [ RunTime:0.004049s ]
INFO: [ view_parse ] --END-- [ RunTime:-0.001227s ]
INFO: [ view_filter ] --START--
INFO: Run Behavior\WriteHtmlCache [ RunTime:0.000028s ]
INFO: [ view_filter ] --END-- [ RunTime:-0.004854s ]
INFO: [ app_end ] --START--
INFO: Run Behavior\ShowPageTrace [ RunTime:0.000497s ]
INFO: [ app_end ] --END-- [ RunTime:0.000727s ]

[ 2017-11-08T18:51:32+08:00 ] ::1 /tb/index.php/Home/Product/index
INFO: [ app_begin ] --START--
INFO: Run Behavior\ReadHtmlCache [ RunTime:0.000481s ]
INFO: [ app_begin ] --END-- [ RunTime:0.000938s ]
NOTIC: [2048] Declaration of Home\Model\ProductModel::_after_select() should be compatible with Think\Model::_after_select(&$resultSet, $options) D:\wamp\www\tb\App\Home\Model\ProductModel.class.php 第 6 行.
NOTIC: [8192] mysql_connect(): The mysql extension is deprecated and will be removed in the future: use mysqli or PDO instead D:\wamp\www\tb\ThinkPHP\Library\Think\Db\Driver\Mysql.class.php 第 52 行.
SQL: SHOW COLUMNS FROM `tp_product` [ RunTime:0.005078s ]
SQL: SELECT COUNT(*) AS tp_count FROM `tp_product` LIMIT 1   [ RunTime:0.000215s ]
SQL: SELECT * FROM `tp_product` LIMIT 0,6   [ RunTime:0.000309s ]
INFO: [ view_parse ] --START--
INFO: [ template_filter ] --START--
INFO: Run Behavior\ContentReplace [ RunTime:0.000101s ]
INFO: [ template_filter ] --END-- [ RunTime:0.000264s ]
INFO: Run Behavior\ParseTemplate [ RunTime:0.006055s ]
INFO: [ view_parse ] --END-- [ RunTime:0.006230s ]
INFO: [ view_filter ] --START--
INFO: Run Behavior\WriteHtmlCache [ RunTime:0.000264s ]
INFO: [ view_filter ] --END-- [ RunTime:0.000414s ]
INFO: [ view_parse ] --START--
INFO: [ template_filter ] --START--
INFO: Run Behavior\ContentReplace [ RunTime:0.000091s ]
INFO: [ template_filter ] --END-- [ RunTime:-0.004005s ]
INFO: Run Behavior\ParseTemplate [ RunTime:0.003231s ]
INFO: [ view_parse ] --END-- [ RunTime:-0.000811s ]
INFO: [ view_filter ] --START--
INFO: Run Behavior\WriteHtmlCache [ RunTime:0.000034s ]
INFO: [ view_filter ] --END-- [ RunTime:-0.003786s ]
INFO: [ app_end ] --START--
INFO: Run Behavior\ShowPageTrace [ RunTime:0.000974s ]
INFO: [ app_end ] --END-- [ RunTime:0.001286s ]

[ 2017-11-08T18:51:37+08:00 ] ::1 /tb/index.php/Home/Product/index
INFO: [ app_begin ] --START--
INFO: Run Behavior\ReadHtmlCache [ RunTime:0.000471s ]
INFO: [ app_begin ] --END-- [ RunTime:0.001009s ]
NOTIC: [2048] Declaration of Home\Model\ProductModel::_after_select() should be compatible with Think\Model::_after_select(&$resultSet, $options) D:\wamp\www\tb\App\Home\Model\ProductModel.class.php 第 6 行.
NOTIC: [8192] mysql_connect(): The mysql extension is deprecated and will be removed in the future: use mysqli or PDO instead D:\wamp\www\tb\ThinkPHP\Library\Think\Db\Driver\Mysql.class.php 第 52 行.
SQL: SHOW COLUMNS FROM `tp_product` [ RunTime:0.005920s ]
SQL: SELECT COUNT(*) AS tp_count FROM `tp_product` LIMIT 1   [ RunTime:0.000189s ]
SQL: SELECT * FROM `tp_product` LIMIT 0,6   [ RunTime:0.000347s ]
INFO: [ view_parse ] --START--
INFO: [ template_filter ] --START--
INFO: Run Behavior\ContentReplace [ RunTime:0.000108s ]
INFO: [ template_filter ] --END-- [ RunTime:0.000287s ]
INFO: Run Behavior\ParseTemplate [ RunTime:0.006645s ]
INFO: [ view_parse ] --END-- [ RunTime:0.006826s ]
INFO: [ view_filter ] --START--
INFO: Run Behavior\WriteHtmlCache [ RunTime:0.000291s ]
INFO: [ view_filter ] --END-- [ RunTime:0.000443s ]
INFO: [ view_parse ] --START--
INFO: [ template_filter ] --START--
INFO: Run Behavior\ContentReplace [ RunTime:0.000076s ]
INFO: [ template_filter ] --END-- [ RunTime:-0.003914s ]
INFO: Run Behavior\ParseTemplate [ RunTime:0.003025s ]
INFO: [ view_parse ] --END-- [ RunTime:-0.000837s ]
INFO: [ view_filter ] --START--
INFO: Run Behavior\WriteHtmlCache [ RunTime:0.000050s ]
INFO: [ view_filter ] --END-- [ RunTime:-0.003802s ]
INFO: [ app_end ] --START--
INFO: Run Behavior\ShowPageTrace [ RunTime:0.000625s ]
INFO: [ app_end ] --END-- [ RunTime:0.000789s ]

[ 2017-11-08T18:51:39+08:00 ] ::1 /tb/index.php/Home/Product/index
INFO: [ app_begin ] --START--
INFO: Run Behavior\ReadHtmlCache [ RunTime:0.000403s ]
INFO: [ app_begin ] --END-- [ RunTime:0.000810s ]
NOTIC: [2048] Declaration of Home\Model\ProductModel::_after_select() should be compatible with Think\Model::_after_select(&$resultSet, $options) D:\wamp\www\tb\App\Home\Model\ProductModel.class.php 第 6 行.
NOTIC: [8192] mysql_connect(): The mysql extension is deprecated and will be removed in the future: use mysqli or PDO instead D:\wamp\www\tb\ThinkPHP\Library\Think\Db\Driver\Mysql.class.php 第 52 行.
SQL: SHOW COLUMNS FROM `tp_product` [ RunTime:0.005402s ]
SQL: SELECT COUNT(*) AS tp_count FROM `tp_product` LIMIT 1   [ RunTime:0.000181s ]
SQL: SELECT * FROM `tp_product` LIMIT 0,6   [ RunTime:0.000286s ]
INFO: [ view_parse ] --START--
INFO: [ template_filter ] --START--
INFO: Run Behavior\ContentReplace [ RunTime:0.000089s ]
INFO: [ template_filter ] --END-- [ RunTime:0.000234s ]
INFO: Run Behavior\ParseTemplate [ RunTime:0.005800s ]
INFO: [ view_parse ] --END-- [ RunTime:0.005950s ]
INFO: [ view_filter ] --START--
INFO: Run Behavior\WriteHtmlCache [ RunTime:0.000289s ]
INFO: [ view_filter ] --END-- [ RunTime:0.000457s ]
INFO: [ view_parse ] --START--
INFO: [ template_filter ] --START--
INFO: Run Behavior\ContentReplace [ RunTime:0.000123s ]
INFO: [ template_filter ] --END-- [ RunTime:-0.004865s ]
INFO: Run Behavior\ParseTemplate [ RunTime:0.004465s ]
INFO: [ view_parse ] --END-- [ RunTime:-0.000934s ]
INFO: [ view_filter ] --START--
INFO: Run Behavior\WriteHtmlCache [ RunTime:0.000048s ]
INFO: [ view_filter ] --END-- [ RunTime:-0.005221s ]
INFO: [ app_end ] --START--
INFO: Run Behavior\ShowPageTrace [ RunTime:0.000645s ]
INFO: [ app_end ] --END-- [ RunTime:0.000874s ]

[ 2017-11-08T18:53:15+08:00 ] ::1 /tb/index.php/Home/Product/index
INFO: [ app_begin ] --START--
INFO: Run Behavior\ReadHtmlCache [ RunTime:0.000623s ]
INFO: [ app_begin ] --END-- [ RunTime:0.001122s ]
NOTIC: [2048] Declaration of Home\Model\ProductModel::_after_select() should be compatible with Think\Model::_after_select(&$resultSet, $options) D:\wamp\www\tb\App\Home\Model\ProductModel.class.php 第 6 行.
NOTIC: [8192] mysql_connect(): The mysql extension is deprecated and will be removed in the future: use mysqli or PDO instead D:\wamp\www\tb\ThinkPHP\Library\Think\Db\Driver\Mysql.class.php 第 52 行.
SQL: SHOW COLUMNS FROM `tp_product` [ RunTime:0.004793s ]
SQL: SELECT COUNT(*) AS tp_count FROM `tp_product` LIMIT 1   [ RunTime:0.000182s ]
SQL: SELECT * FROM `tp_product` LIMIT 0,6   [ RunTime:0.000317s ]
INFO: [ view_parse ] --START--
INFO: [ template_filter ] --START--
INFO: Run Behavior\ContentReplace [ RunTime:0.000103s ]
INFO: [ template_filter ] --END-- [ RunTime:0.000262s ]
INFO: Run Behavior\ParseTemplate [ RunTime:0.006880s ]
INFO: [ view_parse ] --END-- [ RunTime:0.007055s ]
INFO: [ view_filter ] --START--
INFO: Run Behavior\WriteHtmlCache [ RunTime:0.000399s ]
INFO: [ view_filter ] --END-- [ RunTime:0.000546s ]
INFO: [ view_parse ] --START--
INFO: [ template_filter ] --START--
INFO: Run Behavior\ContentReplace [ RunTime:0.000131s ]
INFO: [ template_filter ] --END-- [ RunTime:-0.004626s ]
INFO: Run Behavior\ParseTemplate [ RunTime:0.003617s ]
INFO: [ view_parse ] --END-- [ RunTime:-0.001032s ]
INFO: [ view_filter ] --START--
INFO: Run Behavior\WriteHtmlCache [ RunTime:0.000032s ]
INFO: [ view_filter ] --END-- [ RunTime:-0.004264s ]
INFO: [ app_end ] --START--
INFO: Run Behavior\ShowPageTrace [ RunTime:0.000910s ]
INFO: [ app_end ] --END-- [ RunTime:0.001147s ]

[ 2017-11-08T18:53:51+08:00 ] ::1 /tb/index.php/Home/Product/index
INFO: [ app_begin ] --START--
INFO: Run Behavior\ReadHtmlCache [ RunTime:0.000649s ]
INFO: [ app_begin ] --END-- [ RunTime:0.001187s ]
NOTIC: [2048] Declaration of Home\Model\ProductModel::_after_select() should be compatible with Think\Model::_after_select(&$resultSet, $options) D:\wamp\www\tb\App\Home\Model\ProductModel.class.php 第 6 行.
NOTIC: [8192] mysql_connect(): The mysql extension is deprecated and will be removed in the future: use mysqli or PDO instead D:\wamp\www\tb\ThinkPHP\Library\Think\Db\Driver\Mysql.class.php 第 52 行.
SQL: SHOW COLUMNS FROM `tp_product` [ RunTime:0.004440s ]
SQL: SELECT COUNT(*) AS tp_count FROM `tp_product` LIMIT 1   [ RunTime:0.000188s ]
SQL: SELECT * FROM `tp_product` LIMIT 0,6   [ RunTime:0.000232s ]
INFO: [ view_parse ] --START--
INFO: [ template_filter ] --START--
INFO: Run Behavior\ContentReplace [ RunTime:0.000085s ]
INFO: [ template_filter ] --END-- [ RunTime:0.000225s ]
INFO: Run Behavior\ParseTemplate [ RunTime:0.007381s ]
INFO: [ view_parse ] --END-- [ RunTime:0.007522s ]
INFO: [ view_filter ] --START--
INFO: Run Behavior\WriteHtmlCache [ RunTime:0.000335s ]
INFO: [ view_filter ] --END-- [ RunTime:0.000468s ]
INFO: [ view_parse ] --START--
INFO: [ template_filter ] --START--
INFO: Run Behavior\ContentReplace [ RunTime:0.000081s ]
INFO: [ template_filter ] --END-- [ RunTime:-0.003855s ]
INFO: Run Behavior\ParseTemplate [ RunTime:0.002994s ]
INFO: [ view_parse ] --END-- [ RunTime:-0.000873s ]
INFO: [ view_filter ] --START--
INFO: Run Behavior\WriteHtmlCache [ RunTime:0.000038s ]
INFO: [ view_filter ] --END-- [ RunTime:-0.003534s ]
INFO: [ app_end ] --START--
INFO: Run Behavior\ShowPageTrace [ RunTime:0.000554s ]
INFO: [ app_end ] --END-- [ RunTime:0.000758s ]

[ 2017-11-08T18:55:02+08:00 ] ::1 /tb/index.php/Home/Product/index
INFO: [ app_begin ] --START--
INFO: Run Behavior\ReadHtmlCache [ RunTime:0.000864s ]
INFO: [ app_begin ] --END-- [ RunTime:0.001709s ]
NOTIC: [2048] Declaration of Home\Model\ProductModel::_after_select() should be compatible with Think\Model::_after_select(&$resultSet, $options) D:\wamp\www\tb\App\Home\Model\ProductModel.class.php 第 6 行.
NOTIC: [8192] mysql_connect(): The mysql extension is deprecated and will be removed in the future: use mysqli or PDO instead D:\wamp\www\tb\ThinkPHP\Library\Think\Db\Driver\Mysql.class.php 第 52 行.
SQL: SHOW COLUMNS FROM `tp_product` [ RunTime:0.004643s ]
SQL: SELECT COUNT(*) AS tp_count FROM `tp_product` LIMIT 1   [ RunTime:0.000196s ]
SQL: SELECT * FROM `tp_product` LIMIT 0,6   [ RunTime:0.000238s ]
INFO: [ view_parse ] --START--
INFO: [ template_filter ] --START--
INFO: Run Behavior\ContentReplace [ RunTime:0.000083s ]
INFO: [ template_filter ] --END-- [ RunTime:0.000217s ]
INFO: Run Behavior\ParseTemplate [ RunTime:0.005249s ]
INFO: [ view_parse ] --END-- [ RunTime:0.005459s ]
INFO: [ view_filter ] --START--
INFO: Run Behavior\WriteHtmlCache [ RunTime:0.000227s ]
INFO: [ view_filter ] --END-- [ RunTime:0.000361s ]
INFO: [ view_parse ] --START--
INFO: [ template_filter ] --START--
INFO: Run Behavior\ContentReplace [ RunTime:0.000081s ]
INFO: [ template_filter ] --END-- [ RunTime:-0.003607s ]
INFO: Run Behavior\ParseTemplate [ RunTime:0.002896s ]
INFO: [ view_parse ] --END-- [ RunTime:-0.000728s ]
INFO: [ view_filter ] --START--
INFO: Run Behavior\WriteHtmlCache [ RunTime:0.000079s ]
INFO: [ view_filter ] --END-- [ RunTime:-0.003539s ]
INFO: [ app_end ] --START--
INFO: Run Behavior\ShowPageTrace [ RunTime:0.000704s ]
INFO: [ app_end ] --END-- [ RunTime:0.000932s ]

[ 2017-11-08T18:55:19+08:00 ] ::1 /tb/index.php/Home/Index/index
INFO: [ app_begin ] --START--
INFO: Run Behavior\ReadHtmlCache [ RunTime:0.000469s ]
INFO: [ app_begin ] --END-- [ RunTime:0.000937s ]
NOTIC: [8192] mysql_connect(): The mysql extension is deprecated and will be removed in the future: use mysqli or PDO instead D:\wamp\www\tb\ThinkPHP\Library\Think\Db\Driver\Mysql.class.php 第 52 行.
SQL: SHOW COLUMNS FROM `tp_index` [ RunTime:0.005097s ]
ERR: 1146:La table 'tb.tp_index' n'existe pas
 [ SQL语句 ] : SHOW COLUMNS FROM `tp_index`
INFO: [ view_parse ] --START--
INFO: [ template_filter ] --START--
INFO: Run Behavior\ContentReplace [ RunTime:0.000109s ]
INFO: [ template_filter ] --END-- [ RunTime:0.000275s ]
INFO: Run Behavior\ParseTemplate [ RunTime:0.069496s ]
INFO: [ view_parse ] --END-- [ RunTime:0.069697s ]
INFO: [ view_filter ] --START--
INFO: Run Behavior\WriteHtmlCache [ RunTime:0.000292s ]
INFO: [ view_filter ] --END-- [ RunTime:0.000459s ]
INFO: [ view_parse ] --START--
INFO: [ template_filter ] --START--
INFO: Run Behavior\ContentReplace [ RunTime:0.000102s ]
INFO: [ template_filter ] --END-- [ RunTime:-0.067094s ]
INFO: Run Behavior\ParseTemplate [ RunTime:0.003421s ]
INFO: [ view_parse ] --END-- [ RunTime:-0.000878s ]
INFO: [ view_filter ] --START--
INFO: Run Behavior\WriteHtmlCache [ RunTime:0.000035s ]
INFO: [ view_filter ] --END-- [ RunTime:-0.003995s ]
INFO: [ app_end ] --START--
INFO: Run Behavior\ShowPageTrace [ RunTime:0.000762s ]
INFO: [ app_end ] --END-- [ RunTime:0.001007s ]

[ 2017-11-08T18:55:30+08:00 ] ::1 /tb/index.php/Home/Index/Index
INFO: [ app_begin ] --START--
INFO: Run Behavior\ReadHtmlCache [ RunTime:0.000743s ]
INFO: [ app_begin ] --END-- [ RunTime:0.001346s ]
NOTIC: [8192] mysql_connect(): The mysql extension is deprecated and will be removed in the future: use mysqli or PDO instead D:\wamp\www\tb\ThinkPHP\Library\Think\Db\Driver\Mysql.class.php 第 52 行.
SQL: SHOW COLUMNS FROM `tp_index` [ RunTime:0.004602s ]
ERR: 1146:La table 'tb.tp_index' n'existe pas
 [ SQL语句 ] : SHOW COLUMNS FROM `tp_index`
INFO: [ view_parse ] --START--
INFO: [ template_filter ] --START--
INFO: Run Behavior\ContentReplace [ RunTime:0.000090s ]
INFO: [ template_filter ] --END-- [ RunTime:0.000226s ]
INFO: Run Behavior\ParseTemplate [ RunTime:0.006653s ]
INFO: [ view_parse ] --END-- [ RunTime:0.006813s ]
INFO: [ view_filter ] --START--
INFO: Run Behavior\WriteHtmlCache [ RunTime:0.000322s ]
INFO: [ view_filter ] --END-- [ RunTime:0.000444s ]
INFO: [ view_parse ] --START--
INFO: [ template_filter ] --START--
INFO: Run Behavior\ContentReplace [ RunTime:0.000079s ]
INFO: [ template_filter ] --END-- [ RunTime:-0.003841s ]
INFO: Run Behavior\ParseTemplate [ RunTime:0.002938s ]
INFO: [ view_parse ] --END-- [ RunTime:-0.000853s ]
INFO: [ view_filter ] --START--
INFO: Run Behavior\WriteHtmlCache [ RunTime:0.000043s ]
INFO: [ view_filter ] --END-- [ RunTime:-0.003465s ]
INFO: [ app_end ] --START--
INFO: Run Behavior\ShowPageTrace [ RunTime:0.000522s ]
INFO: [ app_end ] --END-- [ RunTime:0.000672s ]

[ 2017-11-08T18:57:56+08:00 ] ::1 /tb/index.php/Home/Index/Index
INFO: [ app_begin ] --START--
INFO: Run Behavior\ReadHtmlCache [ RunTime:0.000629s ]
INFO: [ app_begin ] --END-- [ RunTime:0.001162s ]
NOTIC: [8192] mysql_connect(): The mysql extension is deprecated and will be removed in the future: use mysqli or PDO instead D:\wamp\www\tb\ThinkPHP\Library\Think\Db\Driver\Mysql.class.php 第 52 行.
SQL: SHOW COLUMNS FROM `tp_index` [ RunTime:0.003224s ]
ERR: 1146:La table 'tb.tp_index' n'existe pas
 [ SQL语句 ] : SHOW COLUMNS FROM `tp_index`
INFO: [ view_parse ] --START--
INFO: [ template_filter ] --START--
INFO: Run Behavior\ContentReplace [ RunTime:0.000093s ]
INFO: [ template_filter ] --END-- [ RunTime:0.000242s ]
INFO: Run Behavior\ParseTemplate [ RunTime:0.006436s ]
INFO: [ view_parse ] --END-- [ RunTime:0.006597s ]
INFO: [ view_filter ] --START--
INFO: Run Behavior\WriteHtmlCache [ RunTime:0.000330s ]
INFO: [ view_filter ] --END-- [ RunTime:0.000458s ]
INFO: [ view_parse ] --START--
INFO: [ template_filter ] --START--
INFO: Run Behavior\ContentReplace [ RunTime:0.000207s ]
INFO: [ template_filter ] --END-- [ RunTime:-0.004054s ]
INFO: Run Behavior\ParseTemplate [ RunTime:0.003728s ]
INFO: [ view_parse ] --END-- [ RunTime:-0.000895s ]
INFO: [ view_filter ] --START--
INFO: Run Behavior\WriteHtmlCache [ RunTime:0.000029s ]
INFO: [ view_filter ] --END-- [ RunTime:-0.004331s ]
INFO: [ app_end ] --START--
INFO: Run Behavior\ShowPageTrace [ RunTime:0.000901s ]
INFO: [ app_end ] --END-- [ RunTime:0.001108s ]

[ 2017-11-08T18:59:13+08:00 ] ::1 /tb/index.php/Home/Index/Index
INFO: [ app_begin ] --START--
INFO: Run Behavior\ReadHtmlCache [ RunTime:0.000788s ]
INFO: [ app_begin ] --END-- [ RunTime:0.001766s ]
NOTIC: [8192] mysql_connect(): The mysql extension is deprecated and will be removed in the future: use mysqli or PDO instead D:\wamp\www\tb\ThinkPHP\Library\Think\Db\Driver\Mysql.class.php 第 52 行.
SQL: SHOW COLUMNS FROM `tp_index` [ RunTime:0.003353s ]
ERR: 1146:La table 'tb.tp_index' n'existe pas
 [ SQL语句 ] : SHOW COLUMNS FROM `tp_index`
INFO: [ view_parse ] --START--
INFO: [ template_filter ] --START--
INFO: Run Behavior\ContentReplace [ RunTime:0.000116s ]
INFO: [ template_filter ] --END-- [ RunTime:0.000301s ]
INFO: Run Behavior\ParseTemplate [ RunTime:0.008650s ]
INFO: [ view_parse ] --END-- [ RunTime:0.008907s ]
INFO: [ view_filter ] --START--
INFO: Run Behavior\WriteHtmlCache [ RunTime:0.000439s ]
INFO: [ view_filter ] --END-- [ RunTime:0.000616s ]
INFO: [ app_end ] --START--
INFO: Run Behavior\ShowPageTrace [ RunTime:0.000552s ]
INFO: [ app_end ] --END-- [ RunTime:0.000688s ]

[ 2017-11-08T18:59:13+08:00 ] ::1 /tb/index.php/Home/Index/css/style.css
INFO: [ app_begin ] --START--
INFO: Run Behavior\ReadHtmlCache [ RunTime:0.000633s ]
INFO: [ app_begin ] --END-- [ RunTime:0.001269s ]
NOTIC: [8192] mysql_connect(): The mysql extension is deprecated and will be removed in the future: use mysqli or PDO instead D:\wamp\www\tb\ThinkPHP\Library\Think\Db\Driver\Mysql.class.php 第 52 行.
SQL: SHOW COLUMNS FROM `tp_index` [ RunTime:0.004932s ]
ERR: 1146:La table 'tb.tp_index' n'existe pas
 [ SQL语句 ] : SHOW COLUMNS FROM `tp_index`
ERR: 非法操作:css

[ 2017-11-08T18:59:13+08:00 ] ::1 /tb/index.php/Home/Index/js/jquery.js
INFO: [ app_begin ] --START--
INFO: Run Behavior\ReadHtmlCache [ RunTime:0.001725s ]
INFO: [ app_begin ] --END-- [ RunTime:0.002525s ]
NOTIC: [8192] mysql_connect(): The mysql extension is deprecated and will be removed in the future: use mysqli or PDO instead D:\wamp\www\tb\ThinkPHP\Library\Think\Db\Driver\Mysql.class.php 第 52 行.
SQL: SHOW COLUMNS FROM `tp_index` [ RunTime:0.003370s ]
ERR: 1146:La table 'tb.tp_index' n'existe pas
 [ SQL语句 ] : SHOW COLUMNS FROM `tp_index`
ERR: 非法操作:js

[ 2017-11-08T18:59:13+08:00 ] ::1 /tb/index.php/Home/Index/js/style.js
INFO: [ app_begin ] --START--
INFO: Run Behavior\ReadHtmlCache [ RunTime:0.001314s ]
INFO: [ app_begin ] --END-- [ RunTime:0.002154s ]
NOTIC: [8192] mysql_connect(): The mysql extension is deprecated and will be removed in the future: use mysqli or PDO instead D:\wamp\www\tb\ThinkPHP\Library\Think\Db\Driver\Mysql.class.php 第 52 行.
SQL: SHOW COLUMNS FROM `tp_index` [ RunTime:0.003248s ]
ERR: 1146:La table 'tb.tp_index' n'existe pas
 [ SQL语句 ] : SHOW COLUMNS FROM `tp_index`
ERR: 非法操作:js

[ 2017-11-08T18:59:13+08:00 ] ::1 /tb/index.php/Home/Index/js/style.js
INFO: [ app_begin ] --START--
INFO: Run Behavior\ReadHtmlCache [ RunTime:0.000404s ]
INFO: [ app_begin ] --END-- [ RunTime:0.000810s ]
NOTIC: [8192] mysql_connect(): The mysql extension is deprecated and will be removed in the future: use mysqli or PDO instead D:\wamp\www\tb\ThinkPHP\Library\Think\Db\Driver\Mysql.class.php 第 52 行.
SQL: SHOW COLUMNS FROM `tp_index` [ RunTime:0.003019s ]
ERR: 1146:La table 'tb.tp_index' n'existe pas
 [ SQL语句 ] : SHOW COLUMNS FROM `tp_index`
ERR: 非法操作:js

[ 2017-11-08T19:05:02+08:00 ] ::1 /tb/index.php/Home/Index/about.html
INFO: [ app_begin ] --START--
INFO: Run Behavior\ReadHtmlCache [ RunTime:0.000577s ]
INFO: [ app_begin ] --END-- [ RunTime:0.001177s ]
NOTIC: [8192] mysql_connect(): The mysql extension is deprecated and will be removed in the future: use mysqli or PDO instead D:\wamp\www\tb\ThinkPHP\Library\Think\Db\Driver\Mysql.class.php 第 52 行.
SQL: SHOW COLUMNS FROM `tp_index` [ RunTime:0.004738s ]
ERR: 1146:La table 'tb.tp_index' n'existe pas
 [ SQL语句 ] : SHOW COLUMNS FROM `tp_index`
ERR: 非法操作:about

