[ 2017-12-04T00:00:48+08:00 ] ::1 /tb/index.php/Home/News/info/id/62
INFO: [ app_begin ] --START--
INFO: Run Behavior\ReadHtmlCache [ RunTime:0.000952s ]
INFO: [ app_begin ] --END-- [ RunTime:0.001733s ]
NOTIC: [8192] mysql_connect(): The mysql extension is deprecated and will be removed in the future: use mysqli or PDO instead D:\wamp\www\tb\ThinkPHP\Library\Think\Db\Driver\Mysql.class.php 第 52 行.
SQL: SHOW COLUMNS FROM `tp_news` [ RunTime:0.052970s ]
ERR: 1146:La table 'tb.tp_news' n'existe pas
 [ SQL语句 ] : SHOW COLUMNS FROM `tp_news`
SQL: SHOW COLUMNS FROM `tp_article` [ RunTime:0.009041s ]
SQL: SELECT * FROM `tp_article` WHERE ( `id` = 62 ) LIMIT 1   [ RunTime:0.001014s ]
SQL: SHOW COLUMNS FROM `tp_article_description` [ RunTime:0.006209s ]
SQL: SELECT * FROM `tp_article_description` WHERE ( `product_id` = 62 ) LIMIT 1   [ RunTime:0.000336s ]
SQL: SELECT `id`,`title` FROM `tp_article` WHERE ( id<62 ) ORDER BY id desc LIMIT 1   [ RunTime:0.000335s ]
SQL: SELECT `id`,`title` FROM `tp_article` WHERE ( id>62 ) ORDER BY id desc LIMIT 1   [ RunTime:0.000320s ]
SQL: SHOW COLUMNS FROM `tp_category` [ RunTime:0.006408s ]
SQL: SELECT * FROM `tp_category` WHERE ( `pid` = 3 )  [ RunTime:0.000387s ]
INFO: [ view_parse ] --START--
INFO: [ template_filter ] --START--
INFO: Run Behavior\ContentReplace [ RunTime:0.000120s ]
INFO: [ template_filter ] --END-- [ RunTime:0.000278s ]
NOTIC: [8] Use of undefined constant Index - assumed 'Index' D:\wamp\www\tb\App\Runtime\Cache\Home\3e3841b5d55892e99961a6fb60b1b9cd.php 第 18 行.
NOTIC: [8] Use of undefined constant Index - assumed 'Index' D:\wamp\www\tb\App\Runtime\Cache\Home\3e3841b5d55892e99961a6fb60b1b9cd.php 第 41 行.
INFO: Run Behavior\ParseTemplate [ RunTime:0.018357s ]
INFO: [ view_parse ] --END-- [ RunTime:0.018552s ]
INFO: [ view_filter ] --START--
INFO: Run Behavior\WriteHtmlCache [ RunTime:0.000322s ]
INFO: [ view_filter ] --END-- [ RunTime:0.000448s ]
INFO: [ app_end ] --START--
INFO: Run Behavior\ShowPageTrace [ RunTime:0.000453s ]
INFO: [ app_end ] --END-- [ RunTime:0.000576s ]

[ 2017-12-04T00:00:49+08:00 ] ::1 /tb/index.php/Home/News/info/id/62
INFO: [ app_begin ] --START--
INFO: Run Behavior\ReadHtmlCache [ RunTime:0.000718s ]
INFO: [ app_begin ] --END-- [ RunTime:0.001438s ]
NOTIC: [8192] mysql_connect(): The mysql extension is deprecated and will be removed in the future: use mysqli or PDO instead D:\wamp\www\tb\ThinkPHP\Library\Think\Db\Driver\Mysql.class.php 第 52 行.
SQL: SHOW COLUMNS FROM `tp_news` [ RunTime:0.003505s ]
ERR: 1146:La table 'tb.tp_news' n'existe pas
 [ SQL语句 ] : SHOW COLUMNS FROM `tp_news`
SQL: SHOW COLUMNS FROM `tp_article` [ RunTime:0.004240s ]
SQL: SELECT * FROM `tp_article` WHERE ( `id` = 62 ) LIMIT 1   [ RunTime:0.000334s ]
SQL: SHOW COLUMNS FROM `tp_article_description` [ RunTime:0.003426s ]
SQL: SELECT * FROM `tp_article_description` WHERE ( `product_id` = 62 ) LIMIT 1   [ RunTime:0.000253s ]
SQL: SELECT `id`,`title` FROM `tp_article` WHERE ( id<62 ) ORDER BY id desc LIMIT 1   [ RunTime:0.000242s ]
SQL: SELECT `id`,`title` FROM `tp_article` WHERE ( id>62 ) ORDER BY id desc LIMIT 1   [ RunTime:0.000230s ]
SQL: SHOW COLUMNS FROM `tp_category` [ RunTime:0.003586s ]
SQL: SELECT * FROM `tp_category` WHERE ( `pid` = 3 )  [ RunTime:0.000630s ]
INFO: [ view_parse ] --START--
INFO: [ template_filter ] --START--
INFO: Run Behavior\ContentReplace [ RunTime:0.000110s ]
INFO: [ template_filter ] --END-- [ RunTime:0.000249s ]
NOTIC: [8] Use of undefined constant Index - assumed 'Index' D:\wamp\www\tb\App\Runtime\Cache\Home\3e3841b5d55892e99961a6fb60b1b9cd.php 第 18 行.
NOTIC: [8] Use of undefined constant Index - assumed 'Index' D:\wamp\www\tb\App\Runtime\Cache\Home\3e3841b5d55892e99961a6fb60b1b9cd.php 第 41 行.
INFO: Run Behavior\ParseTemplate [ RunTime:0.009770s ]
INFO: [ view_parse ] --END-- [ RunTime:0.009954s ]
INFO: [ view_filter ] --START--
INFO: Run Behavior\WriteHtmlCache [ RunTime:0.000223s ]
INFO: [ view_filter ] --END-- [ RunTime:0.000358s ]
INFO: [ app_end ] --START--
INFO: Run Behavior\ShowPageTrace [ RunTime:0.000416s ]
INFO: [ app_end ] --END-- [ RunTime:0.000539s ]

[ 2017-12-04T00:01:27+08:00 ] ::1 /tb/index.php/Home/News/info/id/62
INFO: [ app_begin ] --START--
INFO: Run Behavior\ReadHtmlCache [ RunTime:0.000391s ]
INFO: [ app_begin ] --END-- [ RunTime:0.000776s ]
NOTIC: [8192] mysql_connect(): The mysql extension is deprecated and will be removed in the future: use mysqli or PDO instead D:\wamp\www\tb\ThinkPHP\Library\Think\Db\Driver\Mysql.class.php 第 52 行.
SQL: SHOW COLUMNS FROM `tp_news` [ RunTime:0.004032s ]
ERR: 1146:La table 'tb.tp_news' n'existe pas
 [ SQL语句 ] : SHOW COLUMNS FROM `tp_news`
SQL: SHOW COLUMNS FROM `tp_article` [ RunTime:0.004441s ]
SQL: SELECT * FROM `tp_article` WHERE ( `id` = 62 ) LIMIT 1   [ RunTime:0.000401s ]
SQL: SHOW COLUMNS FROM `tp_article_description` [ RunTime:0.003920s ]
SQL: SELECT * FROM `tp_article_description` WHERE ( `product_id` = 62 ) LIMIT 1   [ RunTime:0.000333s ]
SQL: SELECT `id`,`title` FROM `tp_article` WHERE ( id<62 ) ORDER BY id desc LIMIT 1   [ RunTime:0.000409s ]
SQL: SELECT `id`,`title` FROM `tp_article` WHERE ( id>62 ) ORDER BY id desc LIMIT 1   [ RunTime:0.000302s ]
SQL: SHOW COLUMNS FROM `tp_category` [ RunTime:0.004582s ]
SQL: SELECT * FROM `tp_category` WHERE ( `pid` = 3 )  [ RunTime:0.000347s ]
INFO: [ view_parse ] --START--
INFO: [ template_filter ] --START--
INFO: Run Behavior\ContentReplace [ RunTime:0.000180s ]
INFO: [ template_filter ] --END-- [ RunTime:0.000418s ]
NOTIC: [8] Use of undefined constant Index - assumed 'Index' D:\wamp\www\tb\App\Runtime\Cache\Home\3e3841b5d55892e99961a6fb60b1b9cd.php 第 18 行.
NOTIC: [8] Use of undefined constant Index - assumed 'Index' D:\wamp\www\tb\App\Runtime\Cache\Home\3e3841b5d55892e99961a6fb60b1b9cd.php 第 41 行.
INFO: Run Behavior\ParseTemplate [ RunTime:0.012953s ]
INFO: [ view_parse ] --END-- [ RunTime:0.013164s ]
INFO: [ view_filter ] --START--
INFO: Run Behavior\WriteHtmlCache [ RunTime:0.000358s ]
INFO: [ view_filter ] --END-- [ RunTime:0.000578s ]
INFO: [ app_end ] --START--
INFO: Run Behavior\ShowPageTrace [ RunTime:0.000620s ]
INFO: [ app_end ] --END-- [ RunTime:0.000858s ]

[ 2017-12-04T00:01:37+08:00 ] ::1 /tb/index.php/Home/News/info/id/62
INFO: [ app_begin ] --START--
INFO: Run Behavior\ReadHtmlCache [ RunTime:0.000889s ]
INFO: [ app_begin ] --END-- [ RunTime:0.001646s ]
NOTIC: [8192] mysql_connect(): The mysql extension is deprecated and will be removed in the future: use mysqli or PDO instead D:\wamp\www\tb\ThinkPHP\Library\Think\Db\Driver\Mysql.class.php 第 52 行.
SQL: SHOW COLUMNS FROM `tp_news` [ RunTime:0.004334s ]
ERR: 1146:La table 'tb.tp_news' n'existe pas
 [ SQL语句 ] : SHOW COLUMNS FROM `tp_news`
SQL: SHOW COLUMNS FROM `tp_article` [ RunTime:0.003827s ]
SQL: SELECT * FROM `tp_article` WHERE ( `id` = 62 ) LIMIT 1   [ RunTime:0.000310s ]
SQL: SHOW COLUMNS FROM `tp_article_description` [ RunTime:0.003226s ]
SQL: SELECT * FROM `tp_article_description` WHERE ( `product_id` = 62 ) LIMIT 1   [ RunTime:0.000219s ]
SQL: SELECT `id`,`title` FROM `tp_article` WHERE ( id<62 ) ORDER BY id desc LIMIT 1   [ RunTime:0.000197s ]
SQL: SELECT `id`,`title` FROM `tp_article` WHERE ( id>62 ) ORDER BY id desc LIMIT 1   [ RunTime:0.000178s ]
SQL: SHOW COLUMNS FROM `tp_category` [ RunTime:0.003834s ]
SQL: SELECT * FROM `tp_category` WHERE ( `pid` = 3 )  [ RunTime:0.000231s ]
INFO: [ view_parse ] --START--
INFO: [ template_filter ] --START--
INFO: Run Behavior\ContentReplace [ RunTime:0.000105s ]
INFO: [ template_filter ] --END-- [ RunTime:0.000235s ]
NOTIC: [8] Use of undefined constant Index - assumed 'Index' D:\wamp\www\tb\App\Runtime\Cache\Home\3e3841b5d55892e99961a6fb60b1b9cd.php 第 18 行.
NOTIC: [8] Use of undefined constant Index - assumed 'Index' D:\wamp\www\tb\App\Runtime\Cache\Home\3e3841b5d55892e99961a6fb60b1b9cd.php 第 41 行.
INFO: Run Behavior\ParseTemplate [ RunTime:0.009980s ]
INFO: [ view_parse ] --END-- [ RunTime:0.010128s ]
INFO: [ view_filter ] --START--
INFO: Run Behavior\WriteHtmlCache [ RunTime:0.000358s ]
INFO: [ view_filter ] --END-- [ RunTime:0.000484s ]
INFO: [ app_end ] --START--
INFO: Run Behavior\ShowPageTrace [ RunTime:0.000455s ]
INFO: [ app_end ] --END-- [ RunTime:0.000578s ]

[ 2017-12-04T00:02:43+08:00 ] ::1 /tb/index.php/Home/News/info/id/62
INFO: [ app_begin ] --START--
INFO: Run Behavior\ReadHtmlCache [ RunTime:0.000768s ]
INFO: [ app_begin ] --END-- [ RunTime:0.002314s ]
NOTIC: [8192] mysql_connect(): The mysql extension is deprecated and will be removed in the future: use mysqli or PDO instead D:\wamp\www\tb\ThinkPHP\Library\Think\Db\Driver\Mysql.class.php 第 52 行.
SQL: SHOW COLUMNS FROM `tp_news` [ RunTime:0.003479s ]
ERR: 1146:La table 'tb.tp_news' n'existe pas
 [ SQL语句 ] : SHOW COLUMNS FROM `tp_news`
SQL: SHOW COLUMNS FROM `tp_article` [ RunTime:0.003569s ]
SQL: SELECT * FROM `tp_article` WHERE ( `id` = 62 ) LIMIT 1   [ RunTime:0.000353s ]
SQL: SHOW COLUMNS FROM `tp_article_description` [ RunTime:0.003039s ]
SQL: SELECT * FROM `tp_article_description` WHERE ( `product_id` = 62 ) LIMIT 1   [ RunTime:0.000381s ]
SQL: SELECT `id`,`title` FROM `tp_article` WHERE ( id<62 ) ORDER BY id desc LIMIT 1   [ RunTime:0.000202s ]
SQL: SELECT `id`,`title` FROM `tp_article` WHERE ( id>62 ) ORDER BY id desc LIMIT 1   [ RunTime:0.000163s ]
SQL: SHOW COLUMNS FROM `tp_category` [ RunTime:0.003938s ]
SQL: SELECT * FROM `tp_category` WHERE ( `pid` = 3 )  [ RunTime:0.000245s ]
INFO: [ view_parse ] --START--
INFO: [ template_filter ] --START--
INFO: Run Behavior\ContentReplace [ RunTime:0.000104s ]
INFO: [ template_filter ] --END-- [ RunTime:0.000237s ]
NOTIC: [8] Use of undefined constant Index - assumed 'Index' D:\wamp\www\tb\App\Runtime\Cache\Home\3e3841b5d55892e99961a6fb60b1b9cd.php 第 18 行.
NOTIC: [8] Use of undefined constant Index - assumed 'Index' D:\wamp\www\tb\App\Runtime\Cache\Home\3e3841b5d55892e99961a6fb60b1b9cd.php 第 41 行.
INFO: Run Behavior\ParseTemplate [ RunTime:0.010494s ]
INFO: [ view_parse ] --END-- [ RunTime:0.010635s ]
INFO: [ view_filter ] --START--
INFO: Run Behavior\WriteHtmlCache [ RunTime:0.000381s ]
INFO: [ view_filter ] --END-- [ RunTime:0.000541s ]
INFO: [ app_end ] --START--
INFO: Run Behavior\ShowPageTrace [ RunTime:0.000490s ]
INFO: [ app_end ] --END-- [ RunTime:0.000612s ]

[ 2017-12-04T00:02:59+08:00 ] ::1 /tb/index.php/Home/News/info/id/62
INFO: [ app_begin ] --START--
INFO: Run Behavior\ReadHtmlCache [ RunTime:0.000972s ]
INFO: [ app_begin ] --END-- [ RunTime:0.001778s ]
NOTIC: [8192] mysql_connect(): The mysql extension is deprecated and will be removed in the future: use mysqli or PDO instead D:\wamp\www\tb\ThinkPHP\Library\Think\Db\Driver\Mysql.class.php 第 52 行.
SQL: SHOW COLUMNS FROM `tp_news` [ RunTime:0.051712s ]
ERR: 1146:La table 'tb.tp_news' n'existe pas
 [ SQL语句 ] : SHOW COLUMNS FROM `tp_news`
SQL: SHOW COLUMNS FROM `tp_article` [ RunTime:0.008075s ]
SQL: SELECT * FROM `tp_article` WHERE ( `id` = 62 ) LIMIT 1   [ RunTime:0.000526s ]
SQL: SHOW COLUMNS FROM `tp_article_description` [ RunTime:0.005514s ]
SQL: SELECT * FROM `tp_article_description` WHERE ( `product_id` = 62 ) LIMIT 1   [ RunTime:0.000362s ]
SQL: SELECT `id`,`title` FROM `tp_article` WHERE ( id<62 ) ORDER BY id desc LIMIT 1   [ RunTime:0.000367s ]
SQL: SELECT `id`,`title` FROM `tp_article` WHERE ( id>62 ) ORDER BY id desc LIMIT 1   [ RunTime:0.000612s ]
SQL: SHOW COLUMNS FROM `tp_category` [ RunTime:0.006190s ]
SQL: SELECT * FROM `tp_category` WHERE ( `pid` = 3 )  [ RunTime:0.000406s ]
INFO: [ view_parse ] --START--
INFO: [ template_filter ] --START--
INFO: Run Behavior\ContentReplace [ RunTime:0.000205s ]
INFO: [ template_filter ] --END-- [ RunTime:0.000468s ]
NOTIC: [8] Use of undefined constant Index - assumed 'Index' D:\wamp\www\tb\App\Runtime\Cache\Home\3e3841b5d55892e99961a6fb60b1b9cd.php 第 18 行.
NOTIC: [8] Use of undefined constant Index - assumed 'Index' D:\wamp\www\tb\App\Runtime\Cache\Home\3e3841b5d55892e99961a6fb60b1b9cd.php 第 41 行.
INFO: Run Behavior\ParseTemplate [ RunTime:0.020828s ]
INFO: [ view_parse ] --END-- [ RunTime:0.021100s ]
INFO: [ view_filter ] --START--
INFO: Run Behavior\WriteHtmlCache [ RunTime:0.000622s ]
INFO: [ view_filter ] --END-- [ RunTime:0.000872s ]
INFO: [ app_end ] --START--
INFO: Run Behavior\ShowPageTrace [ RunTime:0.001121s ]
INFO: [ app_end ] --END-- [ RunTime:0.001497s ]

[ 2017-12-04T00:03:01+08:00 ] ::1 /tb/index.php/Home/News/info/id/62
INFO: [ app_begin ] --START--
INFO: Run Behavior\ReadHtmlCache [ RunTime:0.000536s ]
INFO: [ app_begin ] --END-- [ RunTime:0.001079s ]
NOTIC: [8192] mysql_connect(): The mysql extension is deprecated and will be removed in the future: use mysqli or PDO instead D:\wamp\www\tb\ThinkPHP\Library\Think\Db\Driver\Mysql.class.php 第 52 行.
SQL: SHOW COLUMNS FROM `tp_news` [ RunTime:0.050432s ]
ERR: 1146:La table 'tb.tp_news' n'existe pas
 [ SQL语句 ] : SHOW COLUMNS FROM `tp_news`
SQL: SHOW COLUMNS FROM `tp_article` [ RunTime:0.003523s ]
SQL: SELECT * FROM `tp_article` WHERE ( `id` = 62 ) LIMIT 1   [ RunTime:0.000339s ]
SQL: SHOW COLUMNS FROM `tp_article_description` [ RunTime:0.004714s ]
SQL: SELECT * FROM `tp_article_description` WHERE ( `product_id` = 62 ) LIMIT 1   [ RunTime:0.000221s ]
SQL: SELECT `id`,`title` FROM `tp_article` WHERE ( id<62 ) ORDER BY id desc LIMIT 1   [ RunTime:0.000261s ]
SQL: SELECT `id`,`title` FROM `tp_article` WHERE ( id>62 ) ORDER BY id desc LIMIT 1   [ RunTime:0.000205s ]
SQL: SHOW COLUMNS FROM `tp_category` [ RunTime:0.003973s ]
SQL: SELECT * FROM `tp_category` WHERE ( `pid` = 3 )  [ RunTime:0.000236s ]
INFO: [ view_parse ] --START--
INFO: [ template_filter ] --START--
INFO: Run Behavior\ContentReplace [ RunTime:0.000114s ]
INFO: [ template_filter ] --END-- [ RunTime:0.000258s ]
NOTIC: [8] Use of undefined constant Index - assumed 'Index' D:\wamp\www\tb\App\Runtime\Cache\Home\3e3841b5d55892e99961a6fb60b1b9cd.php 第 18 行.
NOTIC: [8] Use of undefined constant Index - assumed 'Index' D:\wamp\www\tb\App\Runtime\Cache\Home\3e3841b5d55892e99961a6fb60b1b9cd.php 第 41 行.
INFO: Run Behavior\ParseTemplate [ RunTime:0.010675s ]
INFO: [ view_parse ] --END-- [ RunTime:0.010913s ]
INFO: [ view_filter ] --START--
INFO: Run Behavior\WriteHtmlCache [ RunTime:0.000398s ]
INFO: [ view_filter ] --END-- [ RunTime:0.000603s ]
INFO: [ app_end ] --START--
INFO: Run Behavior\ShowPageTrace [ RunTime:0.000594s ]
INFO: [ app_end ] --END-- [ RunTime:0.000776s ]

[ 2017-12-04T00:03:21+08:00 ] ::1 /tb/index.php/Home/News/info/id/62
INFO: [ app_begin ] --START--
INFO: Run Behavior\ReadHtmlCache [ RunTime:0.000387s ]
INFO: [ app_begin ] --END-- [ RunTime:0.000771s ]
NOTIC: [8192] mysql_connect(): The mysql extension is deprecated and will be removed in the future: use mysqli or PDO instead D:\wamp\www\tb\ThinkPHP\Library\Think\Db\Driver\Mysql.class.php 第 52 行.
SQL: SHOW COLUMNS FROM `tp_news` [ RunTime:0.049775s ]
ERR: 1146:La table 'tb.tp_news' n'existe pas
 [ SQL语句 ] : SHOW COLUMNS FROM `tp_news`
SQL: SHOW COLUMNS FROM `tp_article` [ RunTime:0.003871s ]
SQL: SELECT * FROM `tp_article` WHERE ( `id` = 62 ) LIMIT 1   [ RunTime:0.000334s ]
SQL: SHOW COLUMNS FROM `tp_article_description` [ RunTime:0.004350s ]
SQL: SELECT * FROM `tp_article_description` WHERE ( `product_id` = 62 ) LIMIT 1   [ RunTime:0.000278s ]
SQL: SELECT `id`,`title` FROM `tp_article` WHERE ( id<62 ) ORDER BY id desc LIMIT 1   [ RunTime:0.000309s ]
SQL: SELECT `id`,`title` FROM `tp_article` WHERE ( id>62 ) ORDER BY id desc LIMIT 1   [ RunTime:0.000291s ]
SQL: SHOW COLUMNS FROM `tp_category` [ RunTime:0.004247s ]
SQL: SELECT * FROM `tp_category` WHERE ( `pid` = 3 )  [ RunTime:0.000266s ]
INFO: [ view_parse ] --START--
INFO: [ template_filter ] --START--
INFO: Run Behavior\ContentReplace [ RunTime:0.000117s ]
INFO: [ template_filter ] --END-- [ RunTime:0.000299s ]
NOTIC: [8] Use of undefined constant Index - assumed 'Index' D:\wamp\www\tb\App\Runtime\Cache\Home\3e3841b5d55892e99961a6fb60b1b9cd.php 第 18 行.
NOTIC: [8] Use of undefined constant Index - assumed 'Index' D:\wamp\www\tb\App\Runtime\Cache\Home\3e3841b5d55892e99961a6fb60b1b9cd.php 第 41 行.
INFO: Run Behavior\ParseTemplate [ RunTime:0.011072s ]
INFO: [ view_parse ] --END-- [ RunTime:0.011261s ]
INFO: [ view_filter ] --START--
INFO: Run Behavior\WriteHtmlCache [ RunTime:0.000253s ]
INFO: [ view_filter ] --END-- [ RunTime:0.000385s ]
INFO: [ app_end ] --START--
INFO: Run Behavior\ShowPageTrace [ RunTime:0.000474s ]
INFO: [ app_end ] --END-- [ RunTime:0.000604s ]

[ 2017-12-04T00:03:22+08:00 ] ::1 /tb/index.php/Home/News/info/id/62
INFO: [ app_begin ] --START--
INFO: Run Behavior\ReadHtmlCache [ RunTime:0.000831s ]
INFO: [ app_begin ] --END-- [ RunTime:0.001642s ]
NOTIC: [8192] mysql_connect(): The mysql extension is deprecated and will be removed in the future: use mysqli or PDO instead D:\wamp\www\tb\ThinkPHP\Library\Think\Db\Driver\Mysql.class.php 第 52 行.
SQL: SHOW COLUMNS FROM `tp_news` [ RunTime:0.005738s ]
ERR: 1146:La table 'tb.tp_news' n'existe pas
 [ SQL语句 ] : SHOW COLUMNS FROM `tp_news`
SQL: SHOW COLUMNS FROM `tp_article` [ RunTime:0.008484s ]
SQL: SELECT * FROM `tp_article` WHERE ( `id` = 62 ) LIMIT 1   [ RunTime:0.000551s ]
SQL: SHOW COLUMNS FROM `tp_article_description` [ RunTime:0.004718s ]
SQL: SELECT * FROM `tp_article_description` WHERE ( `product_id` = 62 ) LIMIT 1   [ RunTime:0.000246s ]
SQL: SELECT `id`,`title` FROM `tp_article` WHERE ( id<62 ) ORDER BY id desc LIMIT 1   [ RunTime:0.000236s ]
SQL: SELECT `id`,`title` FROM `tp_article` WHERE ( id>62 ) ORDER BY id desc LIMIT 1   [ RunTime:0.000220s ]
SQL: SHOW COLUMNS FROM `tp_category` [ RunTime:0.004663s ]
SQL: SELECT * FROM `tp_category` WHERE ( `pid` = 3 )  [ RunTime:0.000274s ]
INFO: [ view_parse ] --START--
INFO: [ template_filter ] --START--
INFO: Run Behavior\ContentReplace [ RunTime:0.000104s ]
INFO: [ template_filter ] --END-- [ RunTime:0.000234s ]
NOTIC: [8] Use of undefined constant Index - assumed 'Index' D:\wamp\www\tb\App\Runtime\Cache\Home\3e3841b5d55892e99961a6fb60b1b9cd.php 第 18 行.
NOTIC: [8] Use of undefined constant Index - assumed 'Index' D:\wamp\www\tb\App\Runtime\Cache\Home\3e3841b5d55892e99961a6fb60b1b9cd.php 第 41 行.
INFO: Run Behavior\ParseTemplate [ RunTime:0.009642s ]
INFO: [ view_parse ] --END-- [ RunTime:0.009793s ]
INFO: [ view_filter ] --START--
INFO: Run Behavior\WriteHtmlCache [ RunTime:0.000243s ]
INFO: [ view_filter ] --END-- [ RunTime:0.000383s ]
INFO: [ app_end ] --START--
INFO: Run Behavior\ShowPageTrace [ RunTime:0.001336s ]
INFO: [ app_end ] --END-- [ RunTime:0.001499s ]

[ 2017-12-04T00:04:10+08:00 ] ::1 /tb/index.php/Home/News/Index
INFO: [ app_begin ] --START--
INFO: Run Behavior\ReadHtmlCache [ RunTime:0.000436s ]
INFO: [ app_begin ] --END-- [ RunTime:0.000876s ]
NOTIC: [8192] mysql_connect(): The mysql extension is deprecated and will be removed in the future: use mysqli or PDO instead D:\wamp\www\tb\ThinkPHP\Library\Think\Db\Driver\Mysql.class.php 第 52 行.
SQL: SHOW COLUMNS FROM `tp_news` [ RunTime:0.049313s ]
ERR: 1146:La table 'tb.tp_news' n'existe pas
 [ SQL语句 ] : SHOW COLUMNS FROM `tp_news`
SQL: SHOW COLUMNS FROM `tp_article` [ RunTime:0.003877s ]
SQL: SELECT COUNT(*) AS tp_count FROM `tp_article` LIMIT 1   [ RunTime:0.000230s ]
SQL: SELECT * FROM `tp_article` WHERE ( cid > 12 and cid < 16 and verifystate = 1 ) ORDER BY `sort` desc,`edit_time` desc LIMIT 0,6   [ RunTime:0.000539s ]
SQL: SHOW COLUMNS FROM `tp_category` [ RunTime:0.004365s ]
SQL: SELECT * FROM `tp_category` WHERE ( `pid` = 3 )  [ RunTime:0.000267s ]
INFO: [ view_parse ] --START--
INFO: [ template_filter ] --START--
INFO: Run Behavior\ContentReplace [ RunTime:0.000128s ]
INFO: [ template_filter ] --END-- [ RunTime:0.000284s ]
NOTIC: [8] Use of undefined constant Index - assumed 'Index' D:\wamp\www\tb\App\Runtime\Cache\Home\770f6937bdcad788b508b7fbbac911ab.php 第 18 行.
NOTIC: [8] Use of undefined constant Index - assumed 'Index' D:\wamp\www\tb\App\Runtime\Cache\Home\770f6937bdcad788b508b7fbbac911ab.php 第 41 行.
INFO: Run Behavior\ParseTemplate [ RunTime:0.012515s ]
INFO: [ view_parse ] --END-- [ RunTime:0.012811s ]
INFO: [ view_filter ] --START--
INFO: Run Behavior\WriteHtmlCache [ RunTime:0.000401s ]
INFO: [ view_filter ] --END-- [ RunTime:0.000598s ]
INFO: [ app_end ] --START--
INFO: Run Behavior\ShowPageTrace [ RunTime:0.000803s ]
INFO: [ app_end ] --END-- [ RunTime:0.001040s ]

[ 2017-12-04T00:04:12+08:00 ] ::1 /tb/index.php/Home/Video/Index
INFO: [ app_begin ] --START--
INFO: Run Behavior\ReadHtmlCache [ RunTime:0.000442s ]
INFO: [ app_begin ] --END-- [ RunTime:0.000861s ]
NOTIC: [8192] mysql_connect(): The mysql extension is deprecated and will be removed in the future: use mysqli or PDO instead D:\wamp\www\tb\ThinkPHP\Library\Think\Db\Driver\Mysql.class.php 第 52 行.
SQL: SHOW COLUMNS FROM `tp_video` [ RunTime:0.003733s ]
ERR: 1146:La table 'tb.tp_video' n'existe pas
 [ SQL语句 ] : SHOW COLUMNS FROM `tp_video`
SQL: SELECT COUNT(*) AS tp_count FROM `tp_video` LIMIT 1   [ RunTime:0.000279s ]
ERR: 1146:La table 'tb.tp_video' n'existe pas
 [ SQL语句 ] : SELECT COUNT(*) AS tp_count FROM `tp_video` LIMIT 1  
SQL: SELECT * FROM `tp_video` LIMIT 0,6   [ RunTime:0.000250s ]
ERR: 1146:La table 'tb.tp_video' n'existe pas
 [ SQL语句 ] : SELECT * FROM `tp_video` LIMIT 0,6  
INFO: [ view_parse ] --START--
INFO: [ template_filter ] --START--
INFO: Run Behavior\ContentReplace [ RunTime:0.000112s ]
INFO: [ template_filter ] --END-- [ RunTime:0.000259s ]
NOTIC: [8] Use of undefined constant Index - assumed 'Index' D:\wamp\www\tb\App\Runtime\Cache\Home\895027041ab9b753e6b477c70b4036ac.php 第 18 行.
NOTIC: [8] Use of undefined constant Index - assumed 'Index' D:\wamp\www\tb\App\Runtime\Cache\Home\895027041ab9b753e6b477c70b4036ac.php 第 41 行.
INFO: Run Behavior\ParseTemplate [ RunTime:0.008090s ]
INFO: [ view_parse ] --END-- [ RunTime:0.008223s ]
INFO: [ view_filter ] --START--
INFO: Run Behavior\WriteHtmlCache [ RunTime:0.000253s ]
INFO: [ view_filter ] --END-- [ RunTime:0.000371s ]
INFO: [ app_end ] --START--
INFO: Run Behavior\ShowPageTrace [ RunTime:0.000480s ]
INFO: [ app_end ] --END-- [ RunTime:0.000625s ]

[ 2017-12-04T00:04:14+08:00 ] ::1 /tb/index.php/Home/News/Index
INFO: [ app_begin ] --START--
INFO: Run Behavior\ReadHtmlCache [ RunTime:0.000376s ]
INFO: [ app_begin ] --END-- [ RunTime:0.000754s ]
NOTIC: [8192] mysql_connect(): The mysql extension is deprecated and will be removed in the future: use mysqli or PDO instead D:\wamp\www\tb\ThinkPHP\Library\Think\Db\Driver\Mysql.class.php 第 52 行.
SQL: SHOW COLUMNS FROM `tp_news` [ RunTime:0.003461s ]
ERR: 1146:La table 'tb.tp_news' n'existe pas
 [ SQL语句 ] : SHOW COLUMNS FROM `tp_news`
SQL: SHOW COLUMNS FROM `tp_article` [ RunTime:0.003808s ]
SQL: SELECT COUNT(*) AS tp_count FROM `tp_article` LIMIT 1   [ RunTime:0.000187s ]
SQL: SELECT * FROM `tp_article` WHERE ( cid > 12 and cid < 16 and verifystate = 1 ) ORDER BY `sort` desc,`edit_time` desc LIMIT 0,6   [ RunTime:0.000491s ]
SQL: SHOW COLUMNS FROM `tp_category` [ RunTime:0.003879s ]
SQL: SELECT * FROM `tp_category` WHERE ( `pid` = 3 )  [ RunTime:0.000283s ]
INFO: [ view_parse ] --START--
INFO: [ template_filter ] --START--
INFO: Run Behavior\ContentReplace [ RunTime:0.000154s ]
INFO: [ template_filter ] --END-- [ RunTime:0.000334s ]
NOTIC: [8] Use of undefined constant Index - assumed 'Index' D:\wamp\www\tb\App\Runtime\Cache\Home\770f6937bdcad788b508b7fbbac911ab.php 第 18 行.
NOTIC: [8] Use of undefined constant Index - assumed 'Index' D:\wamp\www\tb\App\Runtime\Cache\Home\770f6937bdcad788b508b7fbbac911ab.php 第 41 行.
INFO: Run Behavior\ParseTemplate [ RunTime:0.011705s ]
INFO: [ view_parse ] --END-- [ RunTime:0.011843s ]
INFO: [ view_filter ] --START--
INFO: Run Behavior\WriteHtmlCache [ RunTime:0.000230s ]
INFO: [ view_filter ] --END-- [ RunTime:0.000352s ]
INFO: [ app_end ] --START--
INFO: Run Behavior\ShowPageTrace [ RunTime:0.000691s ]
INFO: [ app_end ] --END-- [ RunTime:0.000882s ]

[ 2017-12-04T00:04:15+08:00 ] ::1 /tb/index.php/Home/Video/Index
INFO: [ app_begin ] --START--
INFO: Run Behavior\ReadHtmlCache [ RunTime:0.000447s ]
INFO: [ app_begin ] --END-- [ RunTime:0.000872s ]
NOTIC: [8192] mysql_connect(): The mysql extension is deprecated and will be removed in the future: use mysqli or PDO instead D:\wamp\www\tb\ThinkPHP\Library\Think\Db\Driver\Mysql.class.php 第 52 行.
SQL: SHOW COLUMNS FROM `tp_video` [ RunTime:0.051065s ]
ERR: 1146:La table 'tb.tp_video' n'existe pas
 [ SQL语句 ] : SHOW COLUMNS FROM `tp_video`
SQL: SELECT COUNT(*) AS tp_count FROM `tp_video` LIMIT 1   [ RunTime:0.000638s ]
ERR: 1146:La table 'tb.tp_video' n'existe pas
 [ SQL语句 ] : SELECT COUNT(*) AS tp_count FROM `tp_video` LIMIT 1  
SQL: SELECT * FROM `tp_video` LIMIT 0,6   [ RunTime:0.000573s ]
ERR: 1146:La table 'tb.tp_video' n'existe pas
 [ SQL语句 ] : SELECT * FROM `tp_video` LIMIT 0,6  
INFO: [ view_parse ] --START--
INFO: [ template_filter ] --START--
INFO: Run Behavior\ContentReplace [ RunTime:0.000271s ]
INFO: [ template_filter ] --END-- [ RunTime:0.000605s ]
NOTIC: [8] Use of undefined constant Index - assumed 'Index' D:\wamp\www\tb\App\Runtime\Cache\Home\895027041ab9b753e6b477c70b4036ac.php 第 18 行.
NOTIC: [8] Use of undefined constant Index - assumed 'Index' D:\wamp\www\tb\App\Runtime\Cache\Home\895027041ab9b753e6b477c70b4036ac.php 第 41 行.
INFO: Run Behavior\ParseTemplate [ RunTime:0.021890s ]
INFO: [ view_parse ] --END-- [ RunTime:0.022234s ]
INFO: [ view_filter ] --START--
INFO: Run Behavior\WriteHtmlCache [ RunTime:0.000579s ]
INFO: [ view_filter ] --END-- [ RunTime:0.000889s ]
INFO: [ app_end ] --START--
INFO: Run Behavior\ShowPageTrace [ RunTime:0.001185s ]
INFO: [ app_end ] --END-- [ RunTime:0.001521s ]

[ 2017-12-04T22:17:54+08:00 ] ::1 /tb/
INFO: [ app_begin ] --START--
INFO: Run Behavior\ReadHtmlCache [ RunTime:0.001276s ]
INFO: [ app_begin ] --END-- [ RunTime:0.005741s ]
NOTIC: [8192] mysql_connect(): The mysql extension is deprecated and will be removed in the future: use mysqli or PDO instead D:\wamp\www\tb\ThinkPHP\Library\Think\Db\Driver\Mysql.class.php 第 52 行.
SQL: SHOW COLUMNS FROM `tp_index` [ RunTime:0.038091s ]
ERR: 1146:La table 'tb.tp_index' n'existe pas
 [ SQL语句 ] : SHOW COLUMNS FROM `tp_index`
INFO: [ view_parse ] --START--
INFO: [ template_filter ] --START--
INFO: Run Behavior\ContentReplace [ RunTime:0.000438s ]
INFO: [ template_filter ] --END-- [ RunTime:0.000958s ]
NOTIC: [8] Use of undefined constant Index - assumed 'Index' D:\wamp\www\tb\App\Runtime\Cache\Home\89e841a2657642c31fa49c57b891047b.php 第 18 行.
NOTIC: [8] Use of undefined constant Index - assumed 'Index' D:\wamp\www\tb\App\Runtime\Cache\Home\89e841a2657642c31fa49c57b891047b.php 第 41 行.
INFO: Run Behavior\ParseTemplate [ RunTime:0.143849s ]
INFO: [ view_parse ] --END-- [ RunTime:0.144450s ]
INFO: [ view_filter ] --START--
INFO: Run Behavior\WriteHtmlCache [ RunTime:0.008924s ]
INFO: [ view_filter ] --END-- [ RunTime:0.009473s ]
INFO: [ app_end ] --START--
INFO: Run Behavior\ShowPageTrace [ RunTime:0.002853s ]
INFO: [ app_end ] --END-- [ RunTime:0.003351s ]

[ 2017-12-04T22:18:22+08:00 ] ::1 /tb/index.php/Home/News/Index
INFO: [ app_begin ] --START--
INFO: Run Behavior\ReadHtmlCache [ RunTime:0.000850s ]
INFO: [ app_begin ] --END-- [ RunTime:0.001584s ]
NOTIC: [8192] mysql_connect(): The mysql extension is deprecated and will be removed in the future: use mysqli or PDO instead D:\wamp\www\tb\ThinkPHP\Library\Think\Db\Driver\Mysql.class.php 第 52 行.
SQL: SHOW COLUMNS FROM `tp_news` [ RunTime:0.006423s ]
ERR: 1146:La table 'tb.tp_news' n'existe pas
 [ SQL语句 ] : SHOW COLUMNS FROM `tp_news`
SQL: SHOW COLUMNS FROM `tp_article` [ RunTime:0.003987s ]
SQL: SELECT COUNT(*) AS tp_count FROM `tp_article` LIMIT 1   [ RunTime:0.000198s ]
SQL: SELECT * FROM `tp_article` WHERE ( cid > 12 and cid < 16 and verifystate = 1 ) ORDER BY `sort` desc,`edit_time` desc LIMIT 0,6   [ RunTime:0.000562s ]
SQL: SHOW COLUMNS FROM `tp_category` [ RunTime:0.007486s ]
SQL: SELECT * FROM `tp_category` WHERE ( `pid` = 3 )  [ RunTime:0.000384s ]
INFO: [ view_parse ] --START--
INFO: [ template_filter ] --START--
INFO: Run Behavior\ContentReplace [ RunTime:0.000104s ]
INFO: [ template_filter ] --END-- [ RunTime:0.000286s ]
NOTIC: [8] Use of undefined constant Index - assumed 'Index' D:\wamp\www\tb\App\Runtime\Cache\Home\770f6937bdcad788b508b7fbbac911ab.php 第 18 行.
NOTIC: [8] Use of undefined constant Index - assumed 'Index' D:\wamp\www\tb\App\Runtime\Cache\Home\770f6937bdcad788b508b7fbbac911ab.php 第 41 行.
INFO: Run Behavior\ParseTemplate [ RunTime:0.055775s ]
INFO: [ view_parse ] --END-- [ RunTime:0.055920s ]
INFO: [ view_filter ] --START--
INFO: Run Behavior\WriteHtmlCache [ RunTime:0.000364s ]
INFO: [ view_filter ] --END-- [ RunTime:0.000484s ]
INFO: [ app_end ] --START--
INFO: Run Behavior\ShowPageTrace [ RunTime:0.000743s ]
INFO: [ app_end ] --END-- [ RunTime:0.000939s ]

[ 2017-12-04T22:30:45+08:00 ] ::1 /tb/index.php/Home/About/Index
INFO: [ app_begin ] --START--
INFO: Run Behavior\ReadHtmlCache [ RunTime:0.000613s ]
INFO: [ app_begin ] --END-- [ RunTime:0.001143s ]
NOTIC: [8192] mysql_connect(): The mysql extension is deprecated and will be removed in the future: use mysqli or PDO instead D:\wamp\www\tb\ThinkPHP\Library\Think\Db\Driver\Mysql.class.php 第 52 行.
SQL: SHOW COLUMNS FROM `tp_about` [ RunTime:0.002990s ]
ERR: 1146:La table 'tb.tp_about' n'existe pas
 [ SQL语句 ] : SHOW COLUMNS FROM `tp_about`
SQL: SHOW COLUMNS FROM `tp_article` [ RunTime:0.004789s ]
SQL: SELECT COUNT(*) AS tp_count FROM `tp_article` LIMIT 1   [ RunTime:0.000189s ]
SQL: SELECT * FROM `tp_article` WHERE ( cid > 17 and cid < 20 and verifystate = 1 ) ORDER BY `sort` desc,`edit_time` desc LIMIT 0,6   [ RunTime:0.000345s ]
NOTIC: [2] Invalid argument supplied for foreach() D:\wamp\www\tb\App\Home\Controller\AboutController.class.php 第 26 行.
SQL: SHOW COLUMNS FROM `tp_category` [ RunTime:0.003468s ]
SQL: SELECT * FROM `tp_category` WHERE ( `pid` = 3 )  [ RunTime:0.000283s ]
INFO: [ view_parse ] --START--
INFO: [ template_filter ] --START--
INFO: Run Behavior\ContentReplace [ RunTime:0.000480s ]
INFO: [ template_filter ] --END-- [ RunTime:0.001423s ]
NOTIC: [8] Use of undefined constant Index - assumed 'Index' D:\wamp\www\tb\App\Runtime\Cache\Home\3dde675f0ec419a8c8b639f1b26bdd90.php 第 18 行.
NOTIC: [8] Use of undefined constant Index - assumed 'Index' D:\wamp\www\tb\App\Runtime\Cache\Home\3dde675f0ec419a8c8b639f1b26bdd90.php 第 41 行.
INFO: Run Behavior\ParseTemplate [ RunTime:0.093312s ]
INFO: [ view_parse ] --END-- [ RunTime:0.093591s ]
INFO: [ view_filter ] --START--
INFO: Run Behavior\WriteHtmlCache [ RunTime:0.000882s ]
INFO: [ view_filter ] --END-- [ RunTime:0.001226s ]
INFO: [ app_end ] --START--
INFO: Run Behavior\ShowPageTrace [ RunTime:0.002010s ]
INFO: [ app_end ] --END-- [ RunTime:0.002598s ]

[ 2017-12-04T22:41:42+08:00 ] ::1 /tb/index.php/Home/News/Index
INFO: [ app_begin ] --START--
INFO: Run Behavior\ReadHtmlCache [ RunTime:0.000592s ]
INFO: [ app_begin ] --END-- [ RunTime:0.001072s ]
NOTIC: [8192] mysql_connect(): The mysql extension is deprecated and will be removed in the future: use mysqli or PDO instead D:\wamp\www\tb\ThinkPHP\Library\Think\Db\Driver\Mysql.class.php 第 52 行.
SQL: SHOW COLUMNS FROM `tp_news` [ RunTime:0.003992s ]
ERR: 1146:La table 'tb.tp_news' n'existe pas
 [ SQL语句 ] : SHOW COLUMNS FROM `tp_news`
SQL: SHOW COLUMNS FROM `tp_article` [ RunTime:0.003912s ]
SQL: SELECT COUNT(*) AS tp_count FROM `tp_article` LIMIT 1   [ RunTime:0.000212s ]
SQL: SELECT * FROM `tp_article` WHERE ( cid > 12 and cid < 16 and verifystate = 1 ) ORDER BY `sort` desc,`edit_time` desc LIMIT 0,6   [ RunTime:0.000559s ]
SQL: SHOW COLUMNS FROM `tp_category` [ RunTime:0.003819s ]
SQL: SELECT * FROM `tp_category` WHERE ( `pid` = 3 )  [ RunTime:0.000276s ]
INFO: [ view_parse ] --START--
INFO: [ template_filter ] --START--
INFO: Run Behavior\ContentReplace [ RunTime:0.000269s ]
INFO: [ template_filter ] --END-- [ RunTime:0.000507s ]
NOTIC: [8] Use of undefined constant Index - assumed 'Index' D:\wamp\www\tb\App\Runtime\Cache\Home\770f6937bdcad788b508b7fbbac911ab.php 第 18 行.
NOTIC: [8] Use of undefined constant Index - assumed 'Index' D:\wamp\www\tb\App\Runtime\Cache\Home\770f6937bdcad788b508b7fbbac911ab.php 第 41 行.
INFO: Run Behavior\ParseTemplate [ RunTime:0.013591s ]
INFO: [ view_parse ] --END-- [ RunTime:0.013750s ]
INFO: [ view_filter ] --START--
INFO: Run Behavior\WriteHtmlCache [ RunTime:0.000438s ]
INFO: [ view_filter ] --END-- [ RunTime:0.000586s ]
INFO: [ app_end ] --START--
INFO: Run Behavior\ShowPageTrace [ RunTime:0.000636s ]
INFO: [ app_end ] --END-- [ RunTime:0.000799s ]

[ 2017-12-04T22:42:12+08:00 ] ::1 /tb/index.php/Home/News/Index
INFO: [ app_begin ] --START--
INFO: Run Behavior\ReadHtmlCache [ RunTime:0.000722s ]
INFO: [ app_begin ] --END-- [ RunTime:0.001568s ]
NOTIC: [8192] mysql_connect(): The mysql extension is deprecated and will be removed in the future: use mysqli or PDO instead D:\wamp\www\tb\ThinkPHP\Library\Think\Db\Driver\Mysql.class.php 第 52 行.
SQL: SHOW COLUMNS FROM `tp_news` [ RunTime:0.005623s ]
ERR: 1146:La table 'tb.tp_news' n'existe pas
 [ SQL语句 ] : SHOW COLUMNS FROM `tp_news`
SQL: SHOW COLUMNS FROM `tp_article` [ RunTime:0.007692s ]
SQL: SELECT COUNT(*) AS tp_count FROM `tp_article` LIMIT 1   [ RunTime:0.000198s ]
SQL: SELECT * FROM `tp_article` WHERE ( cid > 12 and cid < 16 and verifystate = 1 ) ORDER BY `sort` desc,`edit_time` desc LIMIT 0,6   [ RunTime:0.000511s ]
SQL: SHOW COLUMNS FROM `tp_category` [ RunTime:0.003526s ]
SQL: SELECT * FROM `tp_category` WHERE ( `pid` = 3 )  [ RunTime:0.000260s ]
INFO: [ view_parse ] --START--
INFO: [ template_filter ] --START--
INFO: Run Behavior\ContentReplace [ RunTime:0.000106s ]
INFO: [ template_filter ] --END-- [ RunTime:0.000239s ]
NOTIC: [8] Use of undefined constant Index - assumed 'Index' D:\wamp\www\tb\App\Runtime\Cache\Home\770f6937bdcad788b508b7fbbac911ab.php 第 18 行.
NOTIC: [8] Use of undefined constant Index - assumed 'Index' D:\wamp\www\tb\App\Runtime\Cache\Home\770f6937bdcad788b508b7fbbac911ab.php 第 41 行.
NOTIC: [8] Undefined variable: page D:\wamp\www\tb\App\Runtime\Cache\Home\770f6937bdcad788b508b7fbbac911ab.php 第 105 行.
INFO: Run Behavior\ParseTemplate [ RunTime:0.011312s ]
INFO: [ view_parse ] --END-- [ RunTime:0.011447s ]
INFO: [ view_filter ] --START--
INFO: Run Behavior\WriteHtmlCache [ RunTime:0.000429s ]
INFO: [ view_filter ] --END-- [ RunTime:0.000606s ]
INFO: [ app_end ] --START--
INFO: Run Behavior\ShowPageTrace [ RunTime:0.000499s ]
INFO: [ app_end ] --END-- [ RunTime:0.000638s ]

[ 2017-12-04T22:42:23+08:00 ] ::1 /tb/index.php/Home/News/Index
INFO: [ app_begin ] --START--
INFO: Run Behavior\ReadHtmlCache [ RunTime:0.000444s ]
INFO: [ app_begin ] --END-- [ RunTime:0.000895s ]
NOTIC: [8192] mysql_connect(): The mysql extension is deprecated and will be removed in the future: use mysqli or PDO instead D:\wamp\www\tb\ThinkPHP\Library\Think\Db\Driver\Mysql.class.php 第 52 行.
SQL: SHOW COLUMNS FROM `tp_news` [ RunTime:0.003935s ]
ERR: 1146:La table 'tb.tp_news' n'existe pas
 [ SQL语句 ] : SHOW COLUMNS FROM `tp_news`
SQL: SHOW COLUMNS FROM `tp_article` [ RunTime:0.003929s ]
SQL: SELECT COUNT(*) AS tp_count FROM `tp_article` LIMIT 1   [ RunTime:0.000191s ]
SQL: SELECT * FROM `tp_article` WHERE ( cid > 12 and cid < 16 and verifystate = 1 ) ORDER BY `sort` desc,`edit_time` desc LIMIT 0,6   [ RunTime:0.000443s ]
SQL: SHOW COLUMNS FROM `tp_category` [ RunTime:0.004025s ]
SQL: SELECT * FROM `tp_category` WHERE ( `pid` = 3 )  [ RunTime:0.000830s ]
INFO: [ view_parse ] --START--
INFO: [ template_filter ] --START--
INFO: Run Behavior\ContentReplace [ RunTime:0.000108s ]
INFO: [ template_filter ] --END-- [ RunTime:0.000239s ]
NOTIC: [8] Use of undefined constant Index - assumed 'Index' D:\wamp\www\tb\App\Runtime\Cache\Home\770f6937bdcad788b508b7fbbac911ab.php 第 18 行.
NOTIC: [8] Use of undefined constant Index - assumed 'Index' D:\wamp\www\tb\App\Runtime\Cache\Home\770f6937bdcad788b508b7fbbac911ab.php 第 41 行.
NOTIC: [8] Undefined variable: page D:\wamp\www\tb\App\Runtime\Cache\Home\770f6937bdcad788b508b7fbbac911ab.php 第 105 行.
INFO: Run Behavior\ParseTemplate [ RunTime:0.010681s ]
INFO: [ view_parse ] --END-- [ RunTime:0.010824s ]
INFO: [ view_filter ] --START--
INFO: Run Behavior\WriteHtmlCache [ RunTime:0.000294s ]
INFO: [ view_filter ] --END-- [ RunTime:0.000426s ]
INFO: [ app_end ] --START--
INFO: Run Behavior\ShowPageTrace [ RunTime:0.000435s ]
INFO: [ app_end ] --END-- [ RunTime:0.000566s ]

[ 2017-12-04T22:42:41+08:00 ] ::1 /tb/index.php/Home/News/Index
INFO: [ app_begin ] --START--
INFO: Run Behavior\ReadHtmlCache [ RunTime:0.002110s ]
INFO: [ app_begin ] --END-- [ RunTime:0.003561s ]
NOTIC: [8192] mysql_connect(): The mysql extension is deprecated and will be removed in the future: use mysqli or PDO instead D:\wamp\www\tb\ThinkPHP\Library\Think\Db\Driver\Mysql.class.php 第 52 行.
SQL: SHOW COLUMNS FROM `tp_news` [ RunTime:0.006322s ]
ERR: 1146:La table 'tb.tp_news' n'existe pas
 [ SQL语句 ] : SHOW COLUMNS FROM `tp_news`
SQL: SHOW COLUMNS FROM `tp_article` [ RunTime:0.005905s ]
SQL: SELECT COUNT(*) AS tp_count FROM `tp_article` LIMIT 1   [ RunTime:0.000287s ]
SQL: SELECT * FROM `tp_article` WHERE ( cid > 12 and cid < 16 and verifystate = 1 ) ORDER BY `sort` desc,`edit_time` desc LIMIT 0,6   [ RunTime:0.000759s ]
SQL: SHOW COLUMNS FROM `tp_category` [ RunTime:0.007217s ]
SQL: SELECT * FROM `tp_category` WHERE ( `pid` = 3 )  [ RunTime:0.000414s ]
INFO: [ view_parse ] --START--
INFO: [ template_filter ] --START--
INFO: Run Behavior\ContentReplace [ RunTime:0.000224s ]
INFO: [ template_filter ] --END-- [ RunTime:0.000485s ]
NOTIC: [8] Use of undefined constant Index - assumed 'Index' D:\wamp\www\tb\App\Runtime\Cache\Home\770f6937bdcad788b508b7fbbac911ab.php 第 18 行.
NOTIC: [8] Use of undefined constant Index - assumed 'Index' D:\wamp\www\tb\App\Runtime\Cache\Home\770f6937bdcad788b508b7fbbac911ab.php 第 41 行.
INFO: Run Behavior\ParseTemplate [ RunTime:0.020777s ]
INFO: [ view_parse ] --END-- [ RunTime:0.021030s ]
INFO: [ view_filter ] --START--
INFO: Run Behavior\WriteHtmlCache [ RunTime:0.000538s ]
INFO: [ view_filter ] --END-- [ RunTime:0.000794s ]
INFO: [ app_end ] --START--
INFO: Run Behavior\ShowPageTrace [ RunTime:0.000812s ]
INFO: [ app_end ] --END-- [ RunTime:0.001068s ]

[ 2017-12-04T22:43:06+08:00 ] ::1 /tb/index.php/Home/News/Index
INFO: [ app_begin ] --START--
INFO: Run Behavior\ReadHtmlCache [ RunTime:0.000730s ]
INFO: [ app_begin ] --END-- [ RunTime:0.001430s ]
NOTIC: [8192] mysql_connect(): The mysql extension is deprecated and will be removed in the future: use mysqli or PDO instead D:\wamp\www\tb\ThinkPHP\Library\Think\Db\Driver\Mysql.class.php 第 52 行.
SQL: SHOW COLUMNS FROM `tp_news` [ RunTime:0.005840s ]
ERR: 1146:La table 'tb.tp_news' n'existe pas
 [ SQL语句 ] : SHOW COLUMNS FROM `tp_news`
SQL: SHOW COLUMNS FROM `tp_article` [ RunTime:0.006573s ]
SQL: SELECT COUNT(*) AS tp_count FROM `tp_article` LIMIT 1   [ RunTime:0.000286s ]
SQL: SELECT * FROM `tp_article` WHERE ( cid > 12 and cid < 16 and verifystate = 1 ) ORDER BY `sort` desc,`edit_time` desc LIMIT 0,6   [ RunTime:0.000811s ]
SQL: SHOW COLUMNS FROM `tp_category` [ RunTime:0.007274s ]
SQL: SELECT * FROM `tp_category` WHERE ( `pid` = 3 )  [ RunTime:0.000419s ]
INFO: [ view_parse ] --START--
INFO: [ template_filter ] --START--
INFO: Run Behavior\ContentReplace [ RunTime:0.000143s ]
INFO: [ template_filter ] --END-- [ RunTime:0.000318s ]
NOTIC: [8] Use of undefined constant Index - assumed 'Index' D:\wamp\www\tb\App\Runtime\Cache\Home\770f6937bdcad788b508b7fbbac911ab.php 第 18 行.
NOTIC: [8] Use of undefined constant Index - assumed 'Index' D:\wamp\www\tb\App\Runtime\Cache\Home\770f6937bdcad788b508b7fbbac911ab.php 第 41 行.
INFO: Run Behavior\ParseTemplate [ RunTime:0.016503s ]
INFO: [ view_parse ] --END-- [ RunTime:0.016707s ]
INFO: [ view_filter ] --START--
INFO: Run Behavior\WriteHtmlCache [ RunTime:0.000273s ]
INFO: [ view_filter ] --END-- [ RunTime:0.000422s ]
INFO: [ app_end ] --START--
INFO: Run Behavior\ShowPageTrace [ RunTime:0.000690s ]
INFO: [ app_end ] --END-- [ RunTime:0.000927s ]

[ 2017-12-04T22:43:18+08:00 ] ::1 /tb/index.php/Home/News/index/p/2.html
INFO: [ app_begin ] --START--
INFO: Run Behavior\ReadHtmlCache [ RunTime:0.000717s ]
INFO: [ app_begin ] --END-- [ RunTime:0.001476s ]
NOTIC: [8192] mysql_connect(): The mysql extension is deprecated and will be removed in the future: use mysqli or PDO instead D:\wamp\www\tb\ThinkPHP\Library\Think\Db\Driver\Mysql.class.php 第 52 行.
SQL: SHOW COLUMNS FROM `tp_news` [ RunTime:0.003828s ]
ERR: 1146:La table 'tb.tp_news' n'existe pas
 [ SQL语句 ] : SHOW COLUMNS FROM `tp_news`
SQL: SHOW COLUMNS FROM `tp_article` [ RunTime:0.004334s ]
SQL: SELECT COUNT(*) AS tp_count FROM `tp_article` LIMIT 1   [ RunTime:0.000193s ]
SQL: SELECT * FROM `tp_article` WHERE ( cid > 12 and cid < 16 and verifystate = 1 ) ORDER BY `sort` desc,`edit_time` desc LIMIT 6,6   [ RunTime:0.000511s ]
NOTIC: [2] Invalid argument supplied for foreach() D:\wamp\www\tb\App\Home\Controller\NewsController.class.php 第 26 行.
SQL: SHOW COLUMNS FROM `tp_category` [ RunTime:0.003789s ]
SQL: SELECT * FROM `tp_category` WHERE ( `pid` = 3 )  [ RunTime:0.000291s ]
INFO: [ view_parse ] --START--
INFO: [ template_filter ] --START--
INFO: Run Behavior\ContentReplace [ RunTime:0.000108s ]
INFO: [ template_filter ] --END-- [ RunTime:0.000241s ]
NOTIC: [8] Use of undefined constant Index - assumed 'Index' D:\wamp\www\tb\App\Runtime\Cache\Home\770f6937bdcad788b508b7fbbac911ab.php 第 18 行.
NOTIC: [8] Use of undefined constant Index - assumed 'Index' D:\wamp\www\tb\App\Runtime\Cache\Home\770f6937bdcad788b508b7fbbac911ab.php 第 41 行.
INFO: Run Behavior\ParseTemplate [ RunTime:0.011896s ]
INFO: [ view_parse ] --END-- [ RunTime:0.012046s ]
INFO: [ view_filter ] --START--
INFO: Run Behavior\WriteHtmlCache [ RunTime:0.000230s ]
INFO: [ view_filter ] --END-- [ RunTime:0.000349s ]
INFO: [ app_end ] --START--
INFO: Run Behavior\ShowPageTrace [ RunTime:0.000374s ]
INFO: [ app_end ] --END-- [ RunTime:0.000494s ]

[ 2017-12-04T22:43:20+08:00 ] ::1 /tb/index.php/Home/News/index/p/1.html
INFO: [ app_begin ] --START--
INFO: Run Behavior\ReadHtmlCache [ RunTime:0.000380s ]
INFO: [ app_begin ] --END-- [ RunTime:0.000761s ]
NOTIC: [8192] mysql_connect(): The mysql extension is deprecated and will be removed in the future: use mysqli or PDO instead D:\wamp\www\tb\ThinkPHP\Library\Think\Db\Driver\Mysql.class.php 第 52 行.
SQL: SHOW COLUMNS FROM `tp_news` [ RunTime:0.002625s ]
ERR: 1146:La table 'tb.tp_news' n'existe pas
 [ SQL语句 ] : SHOW COLUMNS FROM `tp_news`
SQL: SHOW COLUMNS FROM `tp_article` [ RunTime:0.004087s ]
SQL: SELECT COUNT(*) AS tp_count FROM `tp_article` LIMIT 1   [ RunTime:0.000209s ]
SQL: SELECT * FROM `tp_article` WHERE ( cid > 12 and cid < 16 and verifystate = 1 ) ORDER BY `sort` desc,`edit_time` desc LIMIT 0,6   [ RunTime:0.000538s ]
SQL: SHOW COLUMNS FROM `tp_category` [ RunTime:0.003244s ]
SQL: SELECT * FROM `tp_category` WHERE ( `pid` = 3 )  [ RunTime:0.000285s ]
INFO: [ view_parse ] --START--
INFO: [ template_filter ] --START--
INFO: Run Behavior\ContentReplace [ RunTime:0.000114s ]
INFO: [ template_filter ] --END-- [ RunTime:0.000254s ]
NOTIC: [8] Use of undefined constant Index - assumed 'Index' D:\wamp\www\tb\App\Runtime\Cache\Home\770f6937bdcad788b508b7fbbac911ab.php 第 18 行.
NOTIC: [8] Use of undefined constant Index - assumed 'Index' D:\wamp\www\tb\App\Runtime\Cache\Home\770f6937bdcad788b508b7fbbac911ab.php 第 41 行.
INFO: Run Behavior\ParseTemplate [ RunTime:0.012705s ]
INFO: [ view_parse ] --END-- [ RunTime:0.012918s ]
INFO: [ view_filter ] --START--
INFO: Run Behavior\WriteHtmlCache [ RunTime:0.000303s ]
INFO: [ view_filter ] --END-- [ RunTime:0.000465s ]
INFO: [ app_end ] --START--
INFO: Run Behavior\ShowPageTrace [ RunTime:0.000443s ]
INFO: [ app_end ] --END-- [ RunTime:0.000593s ]

[ 2017-12-04T22:46:43+08:00 ] ::1 /tb/index.php/Home/About/Index
INFO: [ app_begin ] --START--
INFO: Run Behavior\ReadHtmlCache [ RunTime:0.000585s ]
INFO: [ app_begin ] --END-- [ RunTime:0.001068s ]
NOTIC: [8192] mysql_connect(): The mysql extension is deprecated and will be removed in the future: use mysqli or PDO instead D:\wamp\www\tb\ThinkPHP\Library\Think\Db\Driver\Mysql.class.php 第 52 行.
SQL: SHOW COLUMNS FROM `tp_about` [ RunTime:0.004119s ]
ERR: 1146:La table 'tb.tp_about' n'existe pas
 [ SQL语句 ] : SHOW COLUMNS FROM `tp_about`
SQL: SHOW COLUMNS FROM `tp_article` [ RunTime:0.004425s ]
SQL: SELECT COUNT(*) AS tp_count FROM `tp_article` LIMIT 1   [ RunTime:0.000208s ]
SQL: SELECT * FROM `tp_article` WHERE ( cid > 17 and cid < 20 and verifystate = 1 ) ORDER BY `sort` desc,`edit_time` desc LIMIT 0,6   [ RunTime:0.000390s ]
NOTIC: [2] Invalid argument supplied for foreach() D:\wamp\www\tb\App\Home\Controller\AboutController.class.php 第 26 行.
SQL: SHOW COLUMNS FROM `tp_category` [ RunTime:0.004068s ]
SQL: SELECT * FROM `tp_category` WHERE ( `pid` = 1 )  [ RunTime:0.000288s ]
INFO: [ view_parse ] --START--
INFO: [ template_filter ] --START--
INFO: Run Behavior\ContentReplace [ RunTime:0.000127s ]
INFO: [ template_filter ] --END-- [ RunTime:0.000274s ]
NOTIC: [8] Use of undefined constant Index - assumed 'Index' D:\wamp\www\tb\App\Runtime\Cache\Home\3dde675f0ec419a8c8b639f1b26bdd90.php 第 18 行.
NOTIC: [8] Use of undefined constant Index - assumed 'Index' D:\wamp\www\tb\App\Runtime\Cache\Home\3dde675f0ec419a8c8b639f1b26bdd90.php 第 41 行.
INFO: Run Behavior\ParseTemplate [ RunTime:0.013881s ]
INFO: [ view_parse ] --END-- [ RunTime:0.014033s ]
INFO: [ view_filter ] --START--
INFO: Run Behavior\WriteHtmlCache [ RunTime:0.000333s ]
INFO: [ view_filter ] --END-- [ RunTime:0.000454s ]
INFO: [ app_end ] --START--
INFO: Run Behavior\ShowPageTrace [ RunTime:0.000548s ]
INFO: [ app_end ] --END-- [ RunTime:0.000687s ]

[ 2017-12-04T23:17:18+08:00 ] ::1 /tb/index.php/Admin/News/add.html
ERR: 模板不存在:./App/Admin/View/News/edit.html

[ 2017-12-04T23:17:53+08:00 ] ::1 /tb/index.php/Admin/News/add.html
ERR: 模板不存在:./App/Admin/View/News/edit.html

[ 2017-12-04T23:17:54+08:00 ] ::1 /tb/index.php/Admin/News/add.html
ERR: 模板不存在:./App/Admin/View/News/edit.html

[ 2017-12-04T23:21:40+08:00 ] ::1 /tb/index.php/Admin/News/add.html
ERR: 模板不存在:./App/Admin/View/News/edit.html

[ 2017-12-04T23:21:47+08:00 ] ::1 /tb/index.php/Admin/News/add.html
ERR: 模板不存在:./App/Admin/View/News/edit.html

[ 2017-12-04T23:50:54+08:00 ] ::1 /tb/index.php/Home/About/Index
INFO: [ app_begin ] --START--
INFO: Run Behavior\ReadHtmlCache [ RunTime:0.000667s ]
INFO: [ app_begin ] --END-- [ RunTime:0.001103s ]
NOTIC: [8192] mysql_connect(): The mysql extension is deprecated and will be removed in the future: use mysqli or PDO instead D:\wamp\www\tb\ThinkPHP\Library\Think\Db\Driver\Mysql.class.php 第 52 行.
SQL: SHOW COLUMNS FROM `tp_about` [ RunTime:0.003117s ]
ERR: 1146:La table 'tb.tp_about' n'existe pas
 [ SQL语句 ] : SHOW COLUMNS FROM `tp_about`
SQL: SHOW COLUMNS FROM `tp_article` [ RunTime:0.003676s ]
SQL: SELECT * FROM `tp_article` WHERE ( verifystate = 17 ) LIMIT 1   [ RunTime:0.000345s ]
NOTIC: [2] Invalid argument supplied for foreach() D:\wamp\www\tb\App\Home\Controller\AboutController.class.php 第 24 行.
SQL: SHOW COLUMNS FROM `tp_article_description` [ RunTime:0.004898s ]
NOTIC: [8] Undefined variable: id D:\wamp\www\tb\App\Home\Controller\AboutController.class.php 第 27 行.
SQL: SELECT * FROM `tp_article_description` WHERE ( `product_id` = null ) LIMIT 1   [ RunTime:0.000224s ]

[ 2017-12-04T23:53:17+08:00 ] ::1 /tb/index.php/Home/About/Index
INFO: [ app_begin ] --START--
INFO: Run Behavior\ReadHtmlCache [ RunTime:0.000857s ]
INFO: [ app_begin ] --END-- [ RunTime:0.001541s ]
NOTIC: [8192] mysql_connect(): The mysql extension is deprecated and will be removed in the future: use mysqli or PDO instead D:\wamp\www\tb\ThinkPHP\Library\Think\Db\Driver\Mysql.class.php 第 52 行.
SQL: SHOW COLUMNS FROM `tp_about` [ RunTime:0.005931s ]
ERR: 1146:La table 'tb.tp_about' n'existe pas
 [ SQL语句 ] : SHOW COLUMNS FROM `tp_about`
SQL: SHOW COLUMNS FROM `tp_article` [ RunTime:0.004839s ]
SQL: SELECT * FROM `tp_article` WHERE ( verifystate = 17 ) LIMIT 1   [ RunTime:0.000421s ]

[ 2017-12-04T23:53:18+08:00 ] ::1 /tb/index.php/Home/About/Index
INFO: [ app_begin ] --START--
INFO: Run Behavior\ReadHtmlCache [ RunTime:0.000569s ]
INFO: [ app_begin ] --END-- [ RunTime:0.001118s ]
NOTIC: [8192] mysql_connect(): The mysql extension is deprecated and will be removed in the future: use mysqli or PDO instead D:\wamp\www\tb\ThinkPHP\Library\Think\Db\Driver\Mysql.class.php 第 52 行.
SQL: SHOW COLUMNS FROM `tp_about` [ RunTime:0.004030s ]
ERR: 1146:La table 'tb.tp_about' n'existe pas
 [ SQL语句 ] : SHOW COLUMNS FROM `tp_about`
SQL: SHOW COLUMNS FROM `tp_article` [ RunTime:0.003878s ]
SQL: SELECT * FROM `tp_article` WHERE ( verifystate = 17 ) LIMIT 1   [ RunTime:0.000340s ]

[ 2017-12-04T23:53:26+08:00 ] ::1 /tb/index.php/Home/About/Index
INFO: [ app_begin ] --START--
INFO: Run Behavior\ReadHtmlCache [ RunTime:0.000546s ]
INFO: [ app_begin ] --END-- [ RunTime:0.001159s ]
NOTIC: [8192] mysql_connect(): The mysql extension is deprecated and will be removed in the future: use mysqli or PDO instead D:\wamp\www\tb\ThinkPHP\Library\Think\Db\Driver\Mysql.class.php 第 52 行.
SQL: SHOW COLUMNS FROM `tp_about` [ RunTime:0.004854s ]
ERR: 1146:La table 'tb.tp_about' n'existe pas
 [ SQL语句 ] : SHOW COLUMNS FROM `tp_about`
SQL: SHOW COLUMNS FROM `tp_article` [ RunTime:0.003951s ]
SQL: SELECT * FROM `tp_article` WHERE ( verifystate = 17 ) LIMIT 1   [ RunTime:0.000322s ]

[ 2017-12-04T23:54:09+08:00 ] ::1 /tb/index.php/Home/About/Index
INFO: [ app_begin ] --START--
INFO: Run Behavior\ReadHtmlCache [ RunTime:0.000670s ]
INFO: [ app_begin ] --END-- [ RunTime:0.001318s ]
NOTIC: [8192] mysql_connect(): The mysql extension is deprecated and will be removed in the future: use mysqli or PDO instead D:\wamp\www\tb\ThinkPHP\Library\Think\Db\Driver\Mysql.class.php 第 52 行.
SQL: SHOW COLUMNS FROM `tp_about` [ RunTime:0.006776s ]
ERR: 1146:La table 'tb.tp_about' n'existe pas
 [ SQL语句 ] : SHOW COLUMNS FROM `tp_about`
SQL: SHOW COLUMNS FROM `tp_article` [ RunTime:0.006283s ]
SQL: SELECT * FROM `tp_article` WHERE ( verifystate = 1 and cid =7 ) LIMIT 1   [ RunTime:0.000492s ]

[ 2017-12-04T23:54:17+08:00 ] ::1 /tb/index.php/Home/About/Index
INFO: [ app_begin ] --START--
INFO: Run Behavior\ReadHtmlCache [ RunTime:0.000378s ]
INFO: [ app_begin ] --END-- [ RunTime:0.000761s ]
NOTIC: [8192] mysql_connect(): The mysql extension is deprecated and will be removed in the future: use mysqli or PDO instead D:\wamp\www\tb\ThinkPHP\Library\Think\Db\Driver\Mysql.class.php 第 52 行.
SQL: SHOW COLUMNS FROM `tp_about` [ RunTime:0.004016s ]
ERR: 1146:La table 'tb.tp_about' n'existe pas
 [ SQL语句 ] : SHOW COLUMNS FROM `tp_about`
SQL: SHOW COLUMNS FROM `tp_article` [ RunTime:0.003659s ]
SQL: SELECT * FROM `tp_article` WHERE ( verifystate = 1 and cid =7 ) LIMIT 1   [ RunTime:0.000358s ]

[ 2017-12-04T23:55:46+08:00 ] ::1 /tb/index.php/Home/About/Index
INFO: [ app_begin ] --START--
INFO: Run Behavior\ReadHtmlCache [ RunTime:0.000976s ]
INFO: [ app_begin ] --END-- [ RunTime:0.001741s ]
NOTIC: [8192] mysql_connect(): The mysql extension is deprecated and will be removed in the future: use mysqli or PDO instead D:\wamp\www\tb\ThinkPHP\Library\Think\Db\Driver\Mysql.class.php 第 52 行.
SQL: SHOW COLUMNS FROM `tp_about` [ RunTime:0.003809s ]
ERR: 1146:La table 'tb.tp_about' n'existe pas
 [ SQL语句 ] : SHOW COLUMNS FROM `tp_about`
SQL: SHOW COLUMNS FROM `tp_article` [ RunTime:0.004970s ]
SQL: SELECT * FROM `tp_article` WHERE ( verifystate = 1 and cid =7 ) LIMIT 1   [ RunTime:0.000348s ]
NOTIC: [2] Illegal string offset 'add_time' D:\wamp\www\tb\App\Home\Controller\AboutController.class.php 第 26 行.
NOTIC: [2] Illegal string offset 'add_time' D:\wamp\www\tb\App\Home\Controller\AboutController.class.php 第 26 行.
NOTIC: [2] Illegal string offset 'add_time' D:\wamp\www\tb\App\Home\Controller\AboutController.class.php 第 26 行.
NOTIC: [2] date() expects parameter 2 to be long, string given D:\wamp\www\tb\App\Home\Controller\AboutController.class.php 第 26 行.
NOTIC: [2] Illegal string offset 'add_time' D:\wamp\www\tb\App\Home\Controller\AboutController.class.php 第 26 行.
NOTIC: [2] Illegal string offset 'add_time' D:\wamp\www\tb\App\Home\Controller\AboutController.class.php 第 26 行.
NOTIC: [2] Illegal string offset 'add_time' D:\wamp\www\tb\App\Home\Controller\AboutController.class.php 第 26 行.
NOTIC: [2] Illegal string offset 'add_time' D:\wamp\www\tb\App\Home\Controller\AboutController.class.php 第 26 行.
NOTIC: [8] Uninitialized string offset: 0 D:\wamp\www\tb\App\Home\Controller\AboutController.class.php 第 26 行.
NOTIC: [2] date() expects parameter 2 to be long, string given D:\wamp\www\tb\App\Home\Controller\AboutController.class.php 第 26 行.
NOTIC: [2] Illegal string offset 'add_time' D:\wamp\www\tb\App\Home\Controller\AboutController.class.php 第 26 行.
NOTIC: [2] date() expects parameter 2 to be long, string given D:\wamp\www\tb\App\Home\Controller\AboutController.class.php 第 26 行.
NOTIC: [2] Illegal string offset 'add_time' D:\wamp\www\tb\App\Home\Controller\AboutController.class.php 第 26 行.
NOTIC: [2] Illegal string offset 'add_time' D:\wamp\www\tb\App\Home\Controller\AboutController.class.php 第 26 行.
NOTIC: [2] Illegal string offset 'add_time' D:\wamp\www\tb\App\Home\Controller\AboutController.class.php 第 26 行.
NOTIC: [2] Illegal string offset 'add_time' D:\wamp\www\tb\App\Home\Controller\AboutController.class.php 第 26 行.
NOTIC: [2] date() expects parameter 2 to be long, string given D:\wamp\www\tb\App\Home\Controller\AboutController.class.php 第 26 行.
NOTIC: [2] Illegal string offset 'add_time' D:\wamp\www\tb\App\Home\Controller\AboutController.class.php 第 26 行.
NOTIC: [2] Illegal string offset 'add_time' D:\wamp\www\tb\App\Home\Controller\AboutController.class.php 第 26 行.
NOTIC: [2] date() expects parameter 2 to be long, string given D:\wamp\www\tb\App\Home\Controller\AboutController.class.php 第 26 行.
NOTIC: [2] Illegal string offset 'add_time' D:\wamp\www\tb\App\Home\Controller\AboutController.class.php 第 26 行.
NOTIC: [2] Illegal string offset 'add_time' D:\wamp\www\tb\App\Home\Controller\AboutController.class.php 第 26 行.
NOTIC: [2] Illegal string offset 'add_time' D:\wamp\www\tb\App\Home\Controller\AboutController.class.php 第 26 行.
NOTIC: [2] Illegal string offset 'add_time' D:\wamp\www\tb\App\Home\Controller\AboutController.class.php 第 26 行.
NOTIC: [8] Uninitialized string offset: 0 D:\wamp\www\tb\App\Home\Controller\AboutController.class.php 第 26 行.
NOTIC: [2] date() expects parameter 2 to be long, string given D:\wamp\www\tb\App\Home\Controller\AboutController.class.php 第 26 行.
NOTIC: [2] Illegal string offset 'add_time' D:\wamp\www\tb\App\Home\Controller\AboutController.class.php 第 26 行.
NOTIC: [2] Illegal string offset 'add_time' D:\wamp\www\tb\App\Home\Controller\AboutController.class.php 第 26 行.
NOTIC: [2] Illegal string offset 'add_time' D:\wamp\www\tb\App\Home\Controller\AboutController.class.php 第 26 行.
NOTIC: [2] Illegal string offset 'add_time' D:\wamp\www\tb\App\Home\Controller\AboutController.class.php 第 26 行.
NOTIC: [2] Illegal string offset 'add_time' D:\wamp\www\tb\App\Home\Controller\AboutController.class.php 第 26 行.
NOTIC: [2] Illegal string offset 'add_time' D:\wamp\www\tb\App\Home\Controller\AboutController.class.php 第 26 行.
NOTIC: [2] Illegal string offset 'add_time' D:\wamp\www\tb\App\Home\Controller\AboutController.class.php 第 26 行.
NOTIC: [2] Illegal string offset 'add_time' D:\wamp\www\tb\App\Home\Controller\AboutController.class.php 第 26 行.
NOTIC: [2] Illegal string offset 'add_time' D:\wamp\www\tb\App\Home\Controller\AboutController.class.php 第 26 行.
NOTIC: [2] date() expects parameter 2 to be long, string given D:\wamp\www\tb\App\Home\Controller\AboutController.class.php 第 26 行.
NOTIC: [2] Illegal string offset 'add_time' D:\wamp\www\tb\App\Home\Controller\AboutController.class.php 第 26 行.
NOTIC: [2] Illegal string offset 'add_time' D:\wamp\www\tb\App\Home\Controller\AboutController.class.php 第 26 行.
NOTIC: [2] Illegal string offset 'add_time' D:\wamp\www\tb\App\Home\Controller\AboutController.class.php 第 26 行.
SQL: SHOW COLUMNS FROM `tp_article_description` [ RunTime:0.014744s ]
NOTIC: [8] Undefined variable: id D:\wamp\www\tb\App\Home\Controller\AboutController.class.php 第 28 行.
SQL: SELECT * FROM `tp_article_description` WHERE ( `product_id` = null ) LIMIT 1   [ RunTime:0.000639s ]
SQL: SHOW COLUMNS FROM `tp_category` [ RunTime:0.014646s ]
SQL: SELECT * FROM `tp_category` WHERE ( `pid` = 1 )  [ RunTime:0.000739s ]
INFO: [ view_parse ] --START--
INFO: [ template_filter ] --START--
INFO: Run Behavior\ContentReplace [ RunTime:0.000217s ]
INFO: [ template_filter ] --END-- [ RunTime:0.000477s ]
NOTIC: [8] Use of undefined constant Index - assumed 'Index' D:\wamp\www\tb\App\Runtime\Cache\Home\3dde675f0ec419a8c8b639f1b26bdd90.php 第 18 行.
NOTIC: [8] Use of undefined constant Index - assumed 'Index' D:\wamp\www\tb\App\Runtime\Cache\Home\3dde675f0ec419a8c8b639f1b26bdd90.php 第 41 行.
INFO: Run Behavior\ParseTemplate [ RunTime:0.022019s ]
INFO: [ view_parse ] --END-- [ RunTime:0.022425s ]
INFO: [ view_filter ] --START--
INFO: Run Behavior\WriteHtmlCache [ RunTime:0.000936s ]
INFO: [ view_filter ] --END-- [ RunTime:0.001267s ]
INFO: [ app_end ] --START--
INFO: Run Behavior\ShowPageTrace [ RunTime:0.001415s ]
INFO: [ app_end ] --END-- [ RunTime:0.001811s ]

[ 2017-12-04T23:55:47+08:00 ] ::1 /tb/index.php/Home/News/Index
INFO: [ app_begin ] --START--
INFO: Run Behavior\ReadHtmlCache [ RunTime:0.000530s ]
INFO: [ app_begin ] --END-- [ RunTime:0.001145s ]
NOTIC: [8192] mysql_connect(): The mysql extension is deprecated and will be removed in the future: use mysqli or PDO instead D:\wamp\www\tb\ThinkPHP\Library\Think\Db\Driver\Mysql.class.php 第 52 行.
SQL: SHOW COLUMNS FROM `tp_news` [ RunTime:0.003541s ]
ERR: 1146:La table 'tb.tp_news' n'existe pas
 [ SQL语句 ] : SHOW COLUMNS FROM `tp_news`
SQL: SHOW COLUMNS FROM `tp_article` [ RunTime:0.007225s ]
SQL: SELECT COUNT(*) AS tp_count FROM `tp_article` LIMIT 1   [ RunTime:0.000204s ]
SQL: SELECT * FROM `tp_article` WHERE ( cid > 12 and cid < 16 and verifystate = 1 ) ORDER BY `sort` desc,`edit_time` desc LIMIT 0,6   [ RunTime:0.000503s ]
SQL: SHOW COLUMNS FROM `tp_category` [ RunTime:0.004132s ]
SQL: SELECT * FROM `tp_category` WHERE ( `pid` = 3 )  [ RunTime:0.000260s ]
INFO: [ view_parse ] --START--
INFO: [ template_filter ] --START--
INFO: Run Behavior\ContentReplace [ RunTime:0.000184s ]
INFO: [ template_filter ] --END-- [ RunTime:0.000425s ]
NOTIC: [8] Use of undefined constant Index - assumed 'Index' D:\wamp\www\tb\App\Runtime\Cache\Home\770f6937bdcad788b508b7fbbac911ab.php 第 18 行.
NOTIC: [8] Use of undefined constant Index - assumed 'Index' D:\wamp\www\tb\App\Runtime\Cache\Home\770f6937bdcad788b508b7fbbac911ab.php 第 41 行.
INFO: Run Behavior\ParseTemplate [ RunTime:0.016949s ]
INFO: [ view_parse ] --END-- [ RunTime:0.017098s ]
INFO: [ view_filter ] --START--
INFO: Run Behavior\WriteHtmlCache [ RunTime:0.000255s ]
INFO: [ view_filter ] --END-- [ RunTime:0.000389s ]
INFO: [ app_end ] --START--
INFO: Run Behavior\ShowPageTrace [ RunTime:0.000584s ]
INFO: [ app_end ] --END-- [ RunTime:0.000796s ]

[ 2017-12-04T23:55:49+08:00 ] ::1 /tb/index.php/Home/News/info/id/6
INFO: [ app_begin ] --START--
INFO: Run Behavior\ReadHtmlCache [ RunTime:0.000435s ]
INFO: [ app_begin ] --END-- [ RunTime:0.000861s ]
NOTIC: [8192] mysql_connect(): The mysql extension is deprecated and will be removed in the future: use mysqli or PDO instead D:\wamp\www\tb\ThinkPHP\Library\Think\Db\Driver\Mysql.class.php 第 52 行.
SQL: SHOW COLUMNS FROM `tp_news` [ RunTime:0.003211s ]
ERR: 1146:La table 'tb.tp_news' n'existe pas
 [ SQL语句 ] : SHOW COLUMNS FROM `tp_news`
SQL: SHOW COLUMNS FROM `tp_article` [ RunTime:0.003648s ]
SQL: SELECT * FROM `tp_article` WHERE ( `id` = 6 ) LIMIT 1   [ RunTime:0.000351s ]
SQL: SHOW COLUMNS FROM `tp_article_description` [ RunTime:0.003261s ]
SQL: SELECT * FROM `tp_article_description` WHERE ( `product_id` = 6 ) LIMIT 1   [ RunTime:0.000561s ]
SQL: SELECT `id`,`title` FROM `tp_article` WHERE ( id<6 ) ORDER BY id desc LIMIT 1   [ RunTime:0.000508s ]
SQL: SELECT `id`,`title` FROM `tp_article` WHERE ( id>6 ) ORDER BY id desc LIMIT 1   [ RunTime:0.000328s ]
SQL: SHOW COLUMNS FROM `tp_category` [ RunTime:0.003990s ]
SQL: SELECT * FROM `tp_category` WHERE ( `pid` = 3 )  [ RunTime:0.000298s ]
INFO: [ view_parse ] --START--
INFO: [ template_filter ] --START--
INFO: Run Behavior\ContentReplace [ RunTime:0.000260s ]
INFO: [ template_filter ] --END-- [ RunTime:0.000661s ]
NOTIC: [8] Use of undefined constant Index - assumed 'Index' D:\wamp\www\tb\App\Runtime\Cache\Home\3e3841b5d55892e99961a6fb60b1b9cd.php 第 18 行.
NOTIC: [8] Use of undefined constant Index - assumed 'Index' D:\wamp\www\tb\App\Runtime\Cache\Home\3e3841b5d55892e99961a6fb60b1b9cd.php 第 41 行.
INFO: Run Behavior\ParseTemplate [ RunTime:0.014387s ]
INFO: [ view_parse ] --END-- [ RunTime:0.014569s ]
INFO: [ view_filter ] --START--
INFO: Run Behavior\WriteHtmlCache [ RunTime:0.000222s ]
INFO: [ view_filter ] --END-- [ RunTime:0.000340s ]
INFO: [ app_end ] --START--
INFO: Run Behavior\ShowPageTrace [ RunTime:0.000414s ]
INFO: [ app_end ] --END-- [ RunTime:0.000545s ]

[ 2017-12-04T23:55:54+08:00 ] ::1 /tb/index.php/Home/About/Index
INFO: [ app_begin ] --START--
INFO: Run Behavior\ReadHtmlCache [ RunTime:0.000499s ]
INFO: [ app_begin ] --END-- [ RunTime:0.001111s ]
NOTIC: [8192] mysql_connect(): The mysql extension is deprecated and will be removed in the future: use mysqli or PDO instead D:\wamp\www\tb\ThinkPHP\Library\Think\Db\Driver\Mysql.class.php 第 52 行.
SQL: SHOW COLUMNS FROM `tp_about` [ RunTime:0.003630s ]
ERR: 1146:La table 'tb.tp_about' n'existe pas
 [ SQL语句 ] : SHOW COLUMNS FROM `tp_about`
SQL: SHOW COLUMNS FROM `tp_article` [ RunTime:0.004214s ]
SQL: SELECT * FROM `tp_article` WHERE ( verifystate = 1 and cid =7 ) LIMIT 1   [ RunTime:0.000358s ]
NOTIC: [2] Illegal string offset 'add_time' D:\wamp\www\tb\App\Home\Controller\AboutController.class.php 第 26 行.
NOTIC: [2] Illegal string offset 'add_time' D:\wamp\www\tb\App\Home\Controller\AboutController.class.php 第 26 行.
NOTIC: [2] Illegal string offset 'add_time' D:\wamp\www\tb\App\Home\Controller\AboutController.class.php 第 26 行.
NOTIC: [2] date() expects parameter 2 to be long, string given D:\wamp\www\tb\App\Home\Controller\AboutController.class.php 第 26 行.
NOTIC: [2] Illegal string offset 'add_time' D:\wamp\www\tb\App\Home\Controller\AboutController.class.php 第 26 行.
NOTIC: [2] Illegal string offset 'add_time' D:\wamp\www\tb\App\Home\Controller\AboutController.class.php 第 26 行.
NOTIC: [2] Illegal string offset 'add_time' D:\wamp\www\tb\App\Home\Controller\AboutController.class.php 第 26 行.
NOTIC: [2] Illegal string offset 'add_time' D:\wamp\www\tb\App\Home\Controller\AboutController.class.php 第 26 行.
NOTIC: [8] Uninitialized string offset: 0 D:\wamp\www\tb\App\Home\Controller\AboutController.class.php 第 26 行.
NOTIC: [2] date() expects parameter 2 to be long, string given D:\wamp\www\tb\App\Home\Controller\AboutController.class.php 第 26 行.
NOTIC: [2] Illegal string offset 'add_time' D:\wamp\www\tb\App\Home\Controller\AboutController.class.php 第 26 行.
NOTIC: [2] date() expects parameter 2 to be long, string given D:\wamp\www\tb\App\Home\Controller\AboutController.class.php 第 26 行.
NOTIC: [2] Illegal string offset 'add_time' D:\wamp\www\tb\App\Home\Controller\AboutController.class.php 第 26 行.
NOTIC: [2] Illegal string offset 'add_time' D:\wamp\www\tb\App\Home\Controller\AboutController.class.php 第 26 行.
NOTIC: [2] Illegal string offset 'add_time' D:\wamp\www\tb\App\Home\Controller\AboutController.class.php 第 26 行.
NOTIC: [2] Illegal string offset 'add_time' D:\wamp\www\tb\App\Home\Controller\AboutController.class.php 第 26 行.
NOTIC: [2] date() expects parameter 2 to be long, string given D:\wamp\www\tb\App\Home\Controller\AboutController.class.php 第 26 行.
NOTIC: [2] Illegal string offset 'add_time' D:\wamp\www\tb\App\Home\Controller\AboutController.class.php 第 26 行.
NOTIC: [2] Illegal string offset 'add_time' D:\wamp\www\tb\App\Home\Controller\AboutController.class.php 第 26 行.
NOTIC: [2] date() expects parameter 2 to be long, string given D:\wamp\www\tb\App\Home\Controller\AboutController.class.php 第 26 行.
NOTIC: [2] Illegal string offset 'add_time' D:\wamp\www\tb\App\Home\Controller\AboutController.class.php 第 26 行.
NOTIC: [2] Illegal string offset 'add_time' D:\wamp\www\tb\App\Home\Controller\AboutController.class.php 第 26 行.
NOTIC: [2] Illegal string offset 'add_time' D:\wamp\www\tb\App\Home\Controller\AboutController.class.php 第 26 行.
NOTIC: [2] Illegal string offset 'add_time' D:\wamp\www\tb\App\Home\Controller\AboutController.class.php 第 26 行.
NOTIC: [8] Uninitialized string offset: 0 D:\wamp\www\tb\App\Home\Controller\AboutController.class.php 第 26 行.
NOTIC: [2] date() expects parameter 2 to be long, string given D:\wamp\www\tb\App\Home\Controller\AboutController.class.php 第 26 行.
NOTIC: [2] Illegal string offset 'add_time' D:\wamp\www\tb\App\Home\Controller\AboutController.class.php 第 26 行.
NOTIC: [2] Illegal string offset 'add_time' D:\wamp\www\tb\App\Home\Controller\AboutController.class.php 第 26 行.
NOTIC: [2] Illegal string offset 'add_time' D:\wamp\www\tb\App\Home\Controller\AboutController.class.php 第 26 行.
NOTIC: [2] Illegal string offset 'add_time' D:\wamp\www\tb\App\Home\Controller\AboutController.class.php 第 26 行.
NOTIC: [2] Illegal string offset 'add_time' D:\wamp\www\tb\App\Home\Controller\AboutController.class.php 第 26 行.
NOTIC: [2] Illegal string offset 'add_time' D:\wamp\www\tb\App\Home\Controller\AboutController.class.php 第 26 行.
NOTIC: [2] Illegal string offset 'add_time' D:\wamp\www\tb\App\Home\Controller\AboutController.class.php 第 26 行.
NOTIC: [2] Illegal string offset 'add_time' D:\wamp\www\tb\App\Home\Controller\AboutController.class.php 第 26 行.
NOTIC: [2] Illegal string offset 'add_time' D:\wamp\www\tb\App\Home\Controller\AboutController.class.php 第 26 行.
NOTIC: [2] date() expects parameter 2 to be long, string given D:\wamp\www\tb\App\Home\Controller\AboutController.class.php 第 26 行.
NOTIC: [2] Illegal string offset 'add_time' D:\wamp\www\tb\App\Home\Controller\AboutController.class.php 第 26 行.
NOTIC: [2] Illegal string offset 'add_time' D:\wamp\www\tb\App\Home\Controller\AboutController.class.php 第 26 行.
NOTIC: [2] Illegal string offset 'add_time' D:\wamp\www\tb\App\Home\Controller\AboutController.class.php 第 26 行.
SQL: SHOW COLUMNS FROM `tp_article_description` [ RunTime:0.003395s ]
NOTIC: [8] Undefined variable: id D:\wamp\www\tb\App\Home\Controller\AboutController.class.php 第 28 行.
SQL: SELECT * FROM `tp_article_description` WHERE ( `product_id` = null ) LIMIT 1   [ RunTime:0.000238s ]
SQL: SHOW COLUMNS FROM `tp_category` [ RunTime:0.003857s ]
SQL: SELECT * FROM `tp_category` WHERE ( `pid` = 1 )  [ RunTime:0.000293s ]
INFO: [ view_parse ] --START--
INFO: [ template_filter ] --START--
INFO: Run Behavior\ContentReplace [ RunTime:0.000107s ]
INFO: [ template_filter ] --END-- [ RunTime:0.000269s ]
NOTIC: [8] Use of undefined constant Index - assumed 'Index' D:\wamp\www\tb\App\Runtime\Cache\Home\3dde675f0ec419a8c8b639f1b26bdd90.php 第 18 行.
NOTIC: [8] Use of undefined constant Index - assumed 'Index' D:\wamp\www\tb\App\Runtime\Cache\Home\3dde675f0ec419a8c8b639f1b26bdd90.php 第 41 行.
INFO: Run Behavior\ParseTemplate [ RunTime:0.010669s ]
INFO: [ view_parse ] --END-- [ RunTime:0.010800s ]
INFO: [ view_filter ] --START--
INFO: Run Behavior\WriteHtmlCache [ RunTime:0.000253s ]
INFO: [ view_filter ] --END-- [ RunTime:0.000397s ]
INFO: [ app_end ] --START--
INFO: Run Behavior\ShowPageTrace [ RunTime:0.000570s ]
INFO: [ app_end ] --END-- [ RunTime:0.000776s ]

[ 2017-12-04T23:57:51+08:00 ] ::1 /tb/index.php/Home/About/Index
INFO: [ app_begin ] --START--
INFO: Run Behavior\ReadHtmlCache [ RunTime:0.000518s ]
INFO: [ app_begin ] --END-- [ RunTime:0.001028s ]
NOTIC: [8192] mysql_connect(): The mysql extension is deprecated and will be removed in the future: use mysqli or PDO instead D:\wamp\www\tb\ThinkPHP\Library\Think\Db\Driver\Mysql.class.php 第 52 行.
SQL: SHOW COLUMNS FROM `tp_about` [ RunTime:0.004939s ]
ERR: 1146:La table 'tb.tp_about' n'existe pas
 [ SQL语句 ] : SHOW COLUMNS FROM `tp_about`
SQL: SHOW COLUMNS FROM `tp_article` [ RunTime:0.003656s ]
SQL: SELECT * FROM `tp_article` WHERE ( verifystate = 1 and cid =7 ) LIMIT 1   [ RunTime:0.000327s ]
NOTIC: [2] Illegal string offset 'add_time' D:\wamp\www\tb\App\Home\Controller\AboutController.class.php 第 26 行.
NOTIC: [2] Illegal string offset 'add_time' D:\wamp\www\tb\App\Home\Controller\AboutController.class.php 第 26 行.
NOTIC: [2] Illegal string offset 'add_time' D:\wamp\www\tb\App\Home\Controller\AboutController.class.php 第 26 行.
NOTIC: [2] date() expects parameter 2 to be long, string given D:\wamp\www\tb\App\Home\Controller\AboutController.class.php 第 26 行.
NOTIC: [2] Illegal string offset 'add_time' D:\wamp\www\tb\App\Home\Controller\AboutController.class.php 第 26 行.
NOTIC: [2] Illegal string offset 'add_time' D:\wamp\www\tb\App\Home\Controller\AboutController.class.php 第 26 行.
NOTIC: [2] Illegal string offset 'add_time' D:\wamp\www\tb\App\Home\Controller\AboutController.class.php 第 26 行.
NOTIC: [2] Illegal string offset 'add_time' D:\wamp\www\tb\App\Home\Controller\AboutController.class.php 第 26 行.
NOTIC: [8] Uninitialized string offset: 0 D:\wamp\www\tb\App\Home\Controller\AboutController.class.php 第 26 行.
NOTIC: [2] date() expects parameter 2 to be long, string given D:\wamp\www\tb\App\Home\Controller\AboutController.class.php 第 26 行.
NOTIC: [2] Illegal string offset 'add_time' D:\wamp\www\tb\App\Home\Controller\AboutController.class.php 第 26 行.
NOTIC: [2] date() expects parameter 2 to be long, string given D:\wamp\www\tb\App\Home\Controller\AboutController.class.php 第 26 行.
NOTIC: [2] Illegal string offset 'add_time' D:\wamp\www\tb\App\Home\Controller\AboutController.class.php 第 26 行.
NOTIC: [2] Illegal string offset 'add_time' D:\wamp\www\tb\App\Home\Controller\AboutController.class.php 第 26 行.
NOTIC: [2] Illegal string offset 'add_time' D:\wamp\www\tb\App\Home\Controller\AboutController.class.php 第 26 行.
NOTIC: [2] Illegal string offset 'add_time' D:\wamp\www\tb\App\Home\Controller\AboutController.class.php 第 26 行.
NOTIC: [2] date() expects parameter 2 to be long, string given D:\wamp\www\tb\App\Home\Controller\AboutController.class.php 第 26 行.
NOTIC: [2] Illegal string offset 'add_time' D:\wamp\www\tb\App\Home\Controller\AboutController.class.php 第 26 行.
NOTIC: [2] Illegal string offset 'add_time' D:\wamp\www\tb\App\Home\Controller\AboutController.class.php 第 26 行.
NOTIC: [2] date() expects parameter 2 to be long, string given D:\wamp\www\tb\App\Home\Controller\AboutController.class.php 第 26 行.
NOTIC: [2] Illegal string offset 'add_time' D:\wamp\www\tb\App\Home\Controller\AboutController.class.php 第 26 行.
NOTIC: [2] Illegal string offset 'add_time' D:\wamp\www\tb\App\Home\Controller\AboutController.class.php 第 26 行.
NOTIC: [2] Illegal string offset 'add_time' D:\wamp\www\tb\App\Home\Controller\AboutController.class.php 第 26 行.
NOTIC: [2] Illegal string offset 'add_time' D:\wamp\www\tb\App\Home\Controller\AboutController.class.php 第 26 行.
NOTIC: [8] Uninitialized string offset: 0 D:\wamp\www\tb\App\Home\Controller\AboutController.class.php 第 26 行.
NOTIC: [2] date() expects parameter 2 to be long, string given D:\wamp\www\tb\App\Home\Controller\AboutController.class.php 第 26 行.
NOTIC: [2] Illegal string offset 'add_time' D:\wamp\www\tb\App\Home\Controller\AboutController.class.php 第 26 行.
NOTIC: [2] Illegal string offset 'add_time' D:\wamp\www\tb\App\Home\Controller\AboutController.class.php 第 26 行.
NOTIC: [2] Illegal string offset 'add_time' D:\wamp\www\tb\App\Home\Controller\AboutController.class.php 第 26 行.
NOTIC: [2] Illegal string offset 'add_time' D:\wamp\www\tb\App\Home\Controller\AboutController.class.php 第 26 行.
NOTIC: [2] Illegal string offset 'add_time' D:\wamp\www\tb\App\Home\Controller\AboutController.class.php 第 26 行.
NOTIC: [2] Illegal string offset 'add_time' D:\wamp\www\tb\App\Home\Controller\AboutController.class.php 第 26 行.
NOTIC: [2] Illegal string offset 'add_time' D:\wamp\www\tb\App\Home\Controller\AboutController.class.php 第 26 行.
NOTIC: [2] Illegal string offset 'add_time' D:\wamp\www\tb\App\Home\Controller\AboutController.class.php 第 26 行.
NOTIC: [2] Illegal string offset 'add_time' D:\wamp\www\tb\App\Home\Controller\AboutController.class.php 第 26 行.
NOTIC: [2] date() expects parameter 2 to be long, string given D:\wamp\www\tb\App\Home\Controller\AboutController.class.php 第 26 行.
NOTIC: [2] Illegal string offset 'add_time' D:\wamp\www\tb\App\Home\Controller\AboutController.class.php 第 26 行.
NOTIC: [2] Illegal string offset 'add_time' D:\wamp\www\tb\App\Home\Controller\AboutController.class.php 第 26 行.
NOTIC: [2] Illegal string offset 'add_time' D:\wamp\www\tb\App\Home\Controller\AboutController.class.php 第 26 行.
SQL: SHOW COLUMNS FROM `tp_article_description` [ RunTime:0.003144s ]
NOTIC: [8] Undefined variable: id D:\wamp\www\tb\App\Home\Controller\AboutController.class.php 第 28 行.
SQL: SELECT * FROM `tp_article_description` WHERE ( `product_id` = null ) LIMIT 1   [ RunTime:0.000210s ]
SQL: SHOW COLUMNS FROM `tp_category` [ RunTime:0.003388s ]
SQL: SELECT * FROM `tp_category` WHERE ( `pid` = 1 )  [ RunTime:0.001287s ]
INFO: [ view_parse ] --START--
INFO: [ template_filter ] --START--
INFO: Run Behavior\ContentReplace [ RunTime:0.000099s ]
INFO: [ template_filter ] --END-- [ RunTime:0.000232s ]
NOTIC: [8] Use of undefined constant Index - assumed 'Index' D:\wamp\www\tb\App\Runtime\Cache\Home\3dde675f0ec419a8c8b639f1b26bdd90.php 第 18 行.
NOTIC: [8] Use of undefined constant Index - assumed 'Index' D:\wamp\www\tb\App\Runtime\Cache\Home\3dde675f0ec419a8c8b639f1b26bdd90.php 第 41 行.
INFO: Run Behavior\ParseTemplate [ RunTime:0.009622s ]
INFO: [ view_parse ] --END-- [ RunTime:0.009786s ]
INFO: [ view_filter ] --START--
INFO: Run Behavior\WriteHtmlCache [ RunTime:0.000308s ]
INFO: [ view_filter ] --END-- [ RunTime:0.000428s ]
INFO: [ app_end ] --START--
INFO: Run Behavior\ShowPageTrace [ RunTime:0.000460s ]
INFO: [ app_end ] --END-- [ RunTime:0.000584s ]

[ 2017-12-04T23:58:17+08:00 ] ::1 /tb/index.php/Home/About/Index
INFO: [ app_begin ] --START--
INFO: Run Behavior\ReadHtmlCache [ RunTime:0.000373s ]
INFO: [ app_begin ] --END-- [ RunTime:0.000748s ]
NOTIC: [8192] mysql_connect(): The mysql extension is deprecated and will be removed in the future: use mysqli or PDO instead D:\wamp\www\tb\ThinkPHP\Library\Think\Db\Driver\Mysql.class.php 第 52 行.
SQL: SHOW COLUMNS FROM `tp_about` [ RunTime:0.004021s ]
ERR: 1146:La table 'tb.tp_about' n'existe pas
 [ SQL语句 ] : SHOW COLUMNS FROM `tp_about`
SQL: SHOW COLUMNS FROM `tp_article` [ RunTime:0.005011s ]
SQL: SELECT * FROM `tp_article` WHERE ( verifystate = 1 and cid =7 ) LIMIT 1   [ RunTime:0.000360s ]
NOTIC: [2] Illegal string offset 'add_time' D:\wamp\www\tb\App\Home\Controller\AboutController.class.php 第 26 行.
NOTIC: [2] Illegal string offset 'add_time' D:\wamp\www\tb\App\Home\Controller\AboutController.class.php 第 26 行.
NOTIC: [2] Illegal string offset 'add_time' D:\wamp\www\tb\App\Home\Controller\AboutController.class.php 第 26 行.
NOTIC: [2] date() expects parameter 2 to be long, string given D:\wamp\www\tb\App\Home\Controller\AboutController.class.php 第 26 行.
NOTIC: [2] Illegal string offset 'add_time' D:\wamp\www\tb\App\Home\Controller\AboutController.class.php 第 26 行.
NOTIC: [2] Illegal string offset 'add_time' D:\wamp\www\tb\App\Home\Controller\AboutController.class.php 第 26 行.
NOTIC: [2] Illegal string offset 'add_time' D:\wamp\www\tb\App\Home\Controller\AboutController.class.php 第 26 行.
NOTIC: [2] Illegal string offset 'add_time' D:\wamp\www\tb\App\Home\Controller\AboutController.class.php 第 26 行.
NOTIC: [8] Uninitialized string offset: 0 D:\wamp\www\tb\App\Home\Controller\AboutController.class.php 第 26 行.
NOTIC: [2] date() expects parameter 2 to be long, string given D:\wamp\www\tb\App\Home\Controller\AboutController.class.php 第 26 行.
NOTIC: [2] Illegal string offset 'add_time' D:\wamp\www\tb\App\Home\Controller\AboutController.class.php 第 26 行.
NOTIC: [2] date() expects parameter 2 to be long, string given D:\wamp\www\tb\App\Home\Controller\AboutController.class.php 第 26 行.
NOTIC: [2] Illegal string offset 'add_time' D:\wamp\www\tb\App\Home\Controller\AboutController.class.php 第 26 行.
NOTIC: [2] Illegal string offset 'add_time' D:\wamp\www\tb\App\Home\Controller\AboutController.class.php 第 26 行.
NOTIC: [2] Illegal string offset 'add_time' D:\wamp\www\tb\App\Home\Controller\AboutController.class.php 第 26 行.
NOTIC: [2] Illegal string offset 'add_time' D:\wamp\www\tb\App\Home\Controller\AboutController.class.php 第 26 行.
NOTIC: [2] date() expects parameter 2 to be long, string given D:\wamp\www\tb\App\Home\Controller\AboutController.class.php 第 26 行.
NOTIC: [2] Illegal string offset 'add_time' D:\wamp\www\tb\App\Home\Controller\AboutController.class.php 第 26 行.
NOTIC: [2] Illegal string offset 'add_time' D:\wamp\www\tb\App\Home\Controller\AboutController.class.php 第 26 行.
NOTIC: [2] date() expects parameter 2 to be long, string given D:\wamp\www\tb\App\Home\Controller\AboutController.class.php 第 26 行.
NOTIC: [2] Illegal string offset 'add_time' D:\wamp\www\tb\App\Home\Controller\AboutController.class.php 第 26 行.
NOTIC: [2] Illegal string offset 'add_time' D:\wamp\www\tb\App\Home\Controller\AboutController.class.php 第 26 行.
NOTIC: [2] Illegal string offset 'add_time' D:\wamp\www\tb\App\Home\Controller\AboutController.class.php 第 26 行.
NOTIC: [2] Illegal string offset 'add_time' D:\wamp\www\tb\App\Home\Controller\AboutController.class.php 第 26 行.
NOTIC: [8] Uninitialized string offset: 0 D:\wamp\www\tb\App\Home\Controller\AboutController.class.php 第 26 行.
NOTIC: [2] date() expects parameter 2 to be long, string given D:\wamp\www\tb\App\Home\Controller\AboutController.class.php 第 26 行.
NOTIC: [2] Illegal string offset 'add_time' D:\wamp\www\tb\App\Home\Controller\AboutController.class.php 第 26 行.
NOTIC: [2] Illegal string offset 'add_time' D:\wamp\www\tb\App\Home\Controller\AboutController.class.php 第 26 行.
NOTIC: [2] Illegal string offset 'add_time' D:\wamp\www\tb\App\Home\Controller\AboutController.class.php 第 26 行.
NOTIC: [2] Illegal string offset 'add_time' D:\wamp\www\tb\App\Home\Controller\AboutController.class.php 第 26 行.
NOTIC: [2] Illegal string offset 'add_time' D:\wamp\www\tb\App\Home\Controller\AboutController.class.php 第 26 行.
NOTIC: [2] Illegal string offset 'add_time' D:\wamp\www\tb\App\Home\Controller\AboutController.class.php 第 26 行.
NOTIC: [2] Illegal string offset 'add_time' D:\wamp\www\tb\App\Home\Controller\AboutController.class.php 第 26 行.
NOTIC: [2] Illegal string offset 'add_time' D:\wamp\www\tb\App\Home\Controller\AboutController.class.php 第 26 行.
NOTIC: [2] Illegal string offset 'add_time' D:\wamp\www\tb\App\Home\Controller\AboutController.class.php 第 26 行.
NOTIC: [2] date() expects parameter 2 to be long, string given D:\wamp\www\tb\App\Home\Controller\AboutController.class.php 第 26 行.
NOTIC: [2] Illegal string offset 'add_time' D:\wamp\www\tb\App\Home\Controller\AboutController.class.php 第 26 行.
NOTIC: [2] Illegal string offset 'add_time' D:\wamp\www\tb\App\Home\Controller\AboutController.class.php 第 26 行.
NOTIC: [2] Illegal string offset 'add_time' D:\wamp\www\tb\App\Home\Controller\AboutController.class.php 第 26 行.
SQL: SHOW COLUMNS FROM `tp_article_description` [ RunTime:0.003295s ]
NOTIC: [8] Undefined variable: id D:\wamp\www\tb\App\Home\Controller\AboutController.class.php 第 28 行.
SQL: SELECT * FROM `tp_article_description` WHERE ( `product_id` = null ) LIMIT 1   [ RunTime:0.000235s ]

[ 2017-12-04T23:59:41+08:00 ] ::1 /tb/index.php/Home/About/Index
INFO: [ app_begin ] --START--
INFO: Run Behavior\ReadHtmlCache [ RunTime:0.000879s ]
INFO: [ app_begin ] --END-- [ RunTime:0.001729s ]
NOTIC: [8192] mysql_connect(): The mysql extension is deprecated and will be removed in the future: use mysqli or PDO instead D:\wamp\www\tb\ThinkPHP\Library\Think\Db\Driver\Mysql.class.php 第 52 行.
SQL: SHOW COLUMNS FROM `tp_about` [ RunTime:0.006209s ]
ERR: 1146:La table 'tb.tp_about' n'existe pas
 [ SQL语句 ] : SHOW COLUMNS FROM `tp_about`
SQL: SHOW COLUMNS FROM `tp_article` [ RunTime:0.008022s ]
SQL: SELECT * FROM `tp_article` WHERE ( verifystate = 1 and cid =7 ) LIMIT 1   [ RunTime:0.000681s ]
NOTIC: [2] Illegal string offset 'add_time' D:\wamp\www\tb\App\Home\Controller\AboutController.class.php 第 26 行.
NOTIC: [2] Illegal string offset 'add_time' D:\wamp\www\tb\App\Home\Controller\AboutController.class.php 第 26 行.
NOTIC: [2] Illegal string offset 'add_time' D:\wamp\www\tb\App\Home\Controller\AboutController.class.php 第 26 行.
NOTIC: [2] date() expects parameter 2 to be long, string given D:\wamp\www\tb\App\Home\Controller\AboutController.class.php 第 26 行.
NOTIC: [2] Illegal string offset 'add_time' D:\wamp\www\tb\App\Home\Controller\AboutController.class.php 第 26 行.
NOTIC: [2] Illegal string offset 'add_time' D:\wamp\www\tb\App\Home\Controller\AboutController.class.php 第 26 行.
NOTIC: [2] Illegal string offset 'add_time' D:\wamp\www\tb\App\Home\Controller\AboutController.class.php 第 26 行.
NOTIC: [2] Illegal string offset 'add_time' D:\wamp\www\tb\App\Home\Controller\AboutController.class.php 第 26 行.
NOTIC: [8] Uninitialized string offset: 0 D:\wamp\www\tb\App\Home\Controller\AboutController.class.php 第 26 行.
NOTIC: [2] date() expects parameter 2 to be long, string given D:\wamp\www\tb\App\Home\Controller\AboutController.class.php 第 26 行.
NOTIC: [2] Illegal string offset 'add_time' D:\wamp\www\tb\App\Home\Controller\AboutController.class.php 第 26 行.
NOTIC: [2] date() expects parameter 2 to be long, string given D:\wamp\www\tb\App\Home\Controller\AboutController.class.php 第 26 行.
NOTIC: [2] Illegal string offset 'add_time' D:\wamp\www\tb\App\Home\Controller\AboutController.class.php 第 26 行.
NOTIC: [2] Illegal string offset 'add_time' D:\wamp\www\tb\App\Home\Controller\AboutController.class.php 第 26 行.
NOTIC: [2] Illegal string offset 'add_time' D:\wamp\www\tb\App\Home\Controller\AboutController.class.php 第 26 行.
NOTIC: [2] Illegal string offset 'add_time' D:\wamp\www\tb\App\Home\Controller\AboutController.class.php 第 26 行.
NOTIC: [2] date() expects parameter 2 to be long, string given D:\wamp\www\tb\App\Home\Controller\AboutController.class.php 第 26 行.
NOTIC: [2] Illegal string offset 'add_time' D:\wamp\www\tb\App\Home\Controller\AboutController.class.php 第 26 行.
NOTIC: [2] Illegal string offset 'add_time' D:\wamp\www\tb\App\Home\Controller\AboutController.class.php 第 26 行.
NOTIC: [2] date() expects parameter 2 to be long, string given D:\wamp\www\tb\App\Home\Controller\AboutController.class.php 第 26 行.
NOTIC: [2] Illegal string offset 'add_time' D:\wamp\www\tb\App\Home\Controller\AboutController.class.php 第 26 行.
NOTIC: [2] Illegal string offset 'add_time' D:\wamp\www\tb\App\Home\Controller\AboutController.class.php 第 26 行.
NOTIC: [2] Illegal string offset 'add_time' D:\wamp\www\tb\App\Home\Controller\AboutController.class.php 第 26 行.
NOTIC: [2] Illegal string offset 'add_time' D:\wamp\www\tb\App\Home\Controller\AboutController.class.php 第 26 行.
NOTIC: [8] Uninitialized string offset: 0 D:\wamp\www\tb\App\Home\Controller\AboutController.class.php 第 26 行.
NOTIC: [2] date() expects parameter 2 to be long, string given D:\wamp\www\tb\App\Home\Controller\AboutController.class.php 第 26 行.
NOTIC: [2] Illegal string offset 'add_time' D:\wamp\www\tb\App\Home\Controller\AboutController.class.php 第 26 行.
NOTIC: [2] Illegal string offset 'add_time' D:\wamp\www\tb\App\Home\Controller\AboutController.class.php 第 26 行.
NOTIC: [2] Illegal string offset 'add_time' D:\wamp\www\tb\App\Home\Controller\AboutController.class.php 第 26 行.
NOTIC: [2] Illegal string offset 'add_time' D:\wamp\www\tb\App\Home\Controller\AboutController.class.php 第 26 行.
NOTIC: [2] Illegal string offset 'add_time' D:\wamp\www\tb\App\Home\Controller\AboutController.class.php 第 26 行.
NOTIC: [2] Illegal string offset 'add_time' D:\wamp\www\tb\App\Home\Controller\AboutController.class.php 第 26 行.
NOTIC: [2] Illegal string offset 'add_time' D:\wamp\www\tb\App\Home\Controller\AboutController.class.php 第 26 行.
NOTIC: [2] Illegal string offset 'add_time' D:\wamp\www\tb\App\Home\Controller\AboutController.class.php 第 26 行.
NOTIC: [2] Illegal string offset 'add_time' D:\wamp\www\tb\App\Home\Controller\AboutController.class.php 第 26 行.
NOTIC: [2] date() expects parameter 2 to be long, string given D:\wamp\www\tb\App\Home\Controller\AboutController.class.php 第 26 行.
NOTIC: [2] Illegal string offset 'add_time' D:\wamp\www\tb\App\Home\Controller\AboutController.class.php 第 26 行.
NOTIC: [2] Illegal string offset 'add_time' D:\wamp\www\tb\App\Home\Controller\AboutController.class.php 第 26 行.
NOTIC: [2] Illegal string offset 'add_time' D:\wamp\www\tb\App\Home\Controller\AboutController.class.php 第 26 行.
SQL: SHOW COLUMNS FROM `tp_article_description` [ RunTime:0.006519s ]
SQL: SELECT * FROM `tp_article_description` WHERE ( `product_id` = 13 ) LIMIT 1   [ RunTime:0.000722s ]

