[ 2017-12-11T00:13:44+08:00 ] ::1 /tb/
INFO: [ app_begin ] --START--
INFO: Run Behavior\ReadHtmlCache [ RunTime:0.000933s ]
INFO: [ app_begin ] --END-- [ RunTime:0.010297s ]
NOTIC: [8192] mysql_connect(): The mysql extension is deprecated and will be removed in the future: use mysqli or PDO instead D:\wamp\www\tb\ThinkPHP\Library\Think\Db\Driver\Mysql.class.php 第 52 行.
SQL: SHOW COLUMNS FROM `tp_index` [ RunTime:0.090333s ]
ERR: 1146:La table 'tb.tp_index' n'existe pas
 [ SQL语句 ] : SHOW COLUMNS FROM `tp_index`
INFO: [ view_parse ] --START--
INFO: [ template_filter ] --START--
INFO: Run Behavior\ContentReplace [ RunTime:0.000144s ]
INFO: [ template_filter ] --END-- [ RunTime:0.000315s ]
NOTIC: [8] Use of undefined constant Index - assumed 'Index' D:\wamp\www\tb\App\Runtime\Cache\Home\89e841a2657642c31fa49c57b891047b.php 第 18 行.
NOTIC: [8] Use of undefined constant Index - assumed 'Index' D:\wamp\www\tb\App\Runtime\Cache\Home\89e841a2657642c31fa49c57b891047b.php 第 41 行.
INFO: Run Behavior\ParseTemplate [ RunTime:0.128813s ]
INFO: [ view_parse ] --END-- [ RunTime:0.128994s ]
INFO: [ view_filter ] --START--
INFO: Run Behavior\WriteHtmlCache [ RunTime:0.009752s ]
INFO: [ view_filter ] --END-- [ RunTime:0.009913s ]
INFO: [ app_end ] --START--
INFO: Run Behavior\ShowPageTrace [ RunTime:0.003842s ]
INFO: [ app_end ] --END-- [ RunTime:0.005441s ]

