[ 2017-12-16T17:36:04+08:00 ] ::1 /tb/
INFO: [ app_begin ] --START--
INFO: Run Behavior\ReadHtmlCache [ RunTime:0.001125s ]
INFO: [ app_begin ] --END-- [ RunTime:0.003897s ]
NOTIC: [8192] mysql_connect(): The mysql extension is deprecated and will be removed in the future: use mysqli or PDO instead D:\wamp\www\tb\ThinkPHP\Library\Think\Db\Driver\Mysql.class.php 第 52 行.
SQL: SHOW COLUMNS FROM `tp_index` [ RunTime:0.105961s ]
ERR: 1146:La table 'tb.tp_index' n'existe pas
 [ SQL语句 ] : SHOW COLUMNS FROM `tp_index`
SQL: SHOW COLUMNS FROM `tp_category` [ RunTime:0.094978s ]
SQL: SELECT * FROM `tp_category` WHERE ( pid=0 ) LIMIT 100   [ RunTime:0.051365s ]
SQL: SELECT * FROM `tp_category` WHERE ( pid=1 ) LIMIT 100   [ RunTime:0.000325s ]
SQL: SELECT * FROM `tp_category` WHERE ( pid=2 ) LIMIT 100   [ RunTime:0.000334s ]
SQL: SELECT * FROM `tp_category` WHERE ( pid=3 ) LIMIT 100   [ RunTime:0.000317s ]
SQL: SELECT * FROM `tp_category` WHERE ( pid=4 ) LIMIT 100   [ RunTime:0.000268s ]
SQL: SELECT * FROM `tp_category` WHERE ( pid=5 ) LIMIT 100   [ RunTime:0.000185s ]
SQL: SELECT * FROM `tp_category` WHERE ( pid=6 ) LIMIT 100   [ RunTime:0.000290s ]
INFO: [ view_parse ] --START--
INFO: [ template_filter ] --START--
INFO: Run Behavior\ContentReplace [ RunTime:0.000144s ]
INFO: [ template_filter ] --END-- [ RunTime:0.000303s ]
NOTIC: [8] Undefined index: user D:\wamp\www\tb\App\Runtime\Cache\Home\89e841a2657642c31fa49c57b891047b.php 第 31 行.
NOTIC: [8] Use of undefined constant Index - assumed 'Index' D:\wamp\www\tb\App\Runtime\Cache\Home\89e841a2657642c31fa49c57b891047b.php 第 46 行.
INFO: Run Behavior\ParseTemplate [ RunTime:0.115174s ]
INFO: [ view_parse ] --END-- [ RunTime:0.115349s ]
INFO: [ view_filter ] --START--
INFO: Run Behavior\WriteHtmlCache [ RunTime:0.012101s ]
INFO: [ view_filter ] --END-- [ RunTime:0.012267s ]
INFO: [ app_end ] --START--
INFO: Run Behavior\ShowPageTrace [ RunTime:0.002275s ]
INFO: [ app_end ] --END-- [ RunTime:0.002507s ]

[ 2017-12-16T23:50:14+08:00 ] ::1 /tb/index.php/Admin/Index/index1
ERR: 非法操作:index1

