[ 2017-12-17T09:09:03+08:00 ] ::1 /tb/index.php/Admin/User/Index.html
ERR: Think\Controller:_initialize方法不存在！

[ 2017-12-17T09:09:03+08:00 ] ::1 /tb/index.php/Admin/User/Index.html
ERR: Think\Controller:_initialize方法不存在！

[ 2017-12-17T09:29:14+08:00 ] ::1 /tb/index.php/Admin/User/Index.html
ERR: Think\Controller:auth方法不存在！

[ 2017-12-17T09:29:15+08:00 ] ::1 /tb/index.php/Admin/User/Index.html
ERR: Think\Controller:auth方法不存在！

[ 2017-12-17T09:29:54+08:00 ] ::1 /tb/index.php/Admin/User/Index.html
ERR: Think\Controller:auth2方法不存在！

[ 2017-12-17T09:45:24+08:00 ] ::1 /tb/index.php/Admin/Admin/index.html
ERR: 无法加载控制器:Admin

[ 2017-12-17T09:46:05+08:00 ] ::1 /tb/index.php/Admin/Admin/index.html
ERR: 无法加载控制器:Admin

[ 2017-12-17T10:03:04+08:00 ] ::1 /tb/index.php/Admin/Admin/index.html
ERR: 无法加载控制器:Admin

[ 2017-12-17T10:43:40+08:00 ] ::1 /tb/index.php/Admin/Rule/Index.html
ERR: 无法加载控制器:Rule

[ 2017-12-17T20:07:28+08:00 ] ::1 /tb/index.php/Admin/News/index.html
ERR: Think\Controller:assgin方法不存在！

[ 2017-12-17T20:09:46+08:00 ] ::1 /tb/index.php/Admin/News/index.html
ERR: Think\Controller:assgin方法不存在！

[ 2017-12-17T20:09:47+08:00 ] ::1 /tb/index.php/Admin/News/index.html
ERR: Think\Controller:assgin方法不存在！

