[ 2017-11-15T15:09:47+08:00 ] ::1 /tb/
INFO: [ app_begin ] --START--
INFO: Run Behavior\ReadHtmlCache [ RunTime:0.001377s ]
INFO: [ app_begin ] --END-- [ RunTime:0.012966s ]
NOTIC: [8192] mysql_connect(): The mysql extension is deprecated and will be removed in the future: use mysqli or PDO instead D:\wamp\www\tb\ThinkPHP\Library\Think\Db\Driver\Mysql.class.php 第 52 行.
SQL: SHOW COLUMNS FROM `tp_index` [ RunTime:0.156404s ]
ERR: 1146:La table 'tb.tp_index' n'existe pas
 [ SQL语句 ] : SHOW COLUMNS FROM `tp_index`
INFO: [ view_parse ] --START--
INFO: [ template_filter ] --START--
INFO: Run Behavior\ContentReplace [ RunTime:0.000119s ]
INFO: [ template_filter ] --END-- [ RunTime:0.000253s ]
NOTIC: [8] Use of undefined constant Index - assumed 'Index' D:\wamp\www\tb\App\Runtime\Cache\Home\89e841a2657642c31fa49c57b891047b.php 第 18 行.
NOTIC: [8] Use of undefined constant Index - assumed 'Index' D:\wamp\www\tb\App\Runtime\Cache\Home\89e841a2657642c31fa49c57b891047b.php 第 41 行.
INFO: Run Behavior\ParseTemplate [ RunTime:0.143868s ]
INFO: [ view_parse ] --END-- [ RunTime:0.144075s ]
INFO: [ view_filter ] --START--
INFO: Run Behavior\WriteHtmlCache [ RunTime:0.001600s ]
INFO: [ view_filter ] --END-- [ RunTime:0.001763s ]
INFO: [ app_end ] --START--
INFO: Run Behavior\ShowPageTrace [ RunTime:0.001330s ]
INFO: [ app_end ] --END-- [ RunTime:0.001528s ]

[ 2017-11-15T15:09:53+08:00 ] ::1 /tb/index.php/Home/Contact/Index
INFO: [ app_begin ] --START--
INFO: Run Behavior\ReadHtmlCache [ RunTime:0.000476s ]
INFO: [ app_begin ] --END-- [ RunTime:0.000857s ]
NOTIC: [8192] mysql_connect(): The mysql extension is deprecated and will be removed in the future: use mysqli or PDO instead D:\wamp\www\tb\ThinkPHP\Library\Think\Db\Driver\Mysql.class.php 第 52 行.
SQL: SHOW COLUMNS FROM `tp_contact` [ RunTime:0.005195s ]
ERR: 1146:La table 'tb.tp_contact' n'existe pas
 [ SQL语句 ] : SHOW COLUMNS FROM `tp_contact`
INFO: [ view_parse ] --START--
INFO: [ template_filter ] --START--
INFO: Run Behavior\ContentReplace [ RunTime:0.000105s ]
INFO: [ template_filter ] --END-- [ RunTime:0.000240s ]
NOTIC: [8] Use of undefined constant Index - assumed 'Index' D:\wamp\www\tb\App\Runtime\Cache\Home\8c06573bff7e42c28fd5196dc28271fc.php 第 18 行.
NOTIC: [8] Use of undefined constant Index - assumed 'Index' D:\wamp\www\tb\App\Runtime\Cache\Home\8c06573bff7e42c28fd5196dc28271fc.php 第 41 行.
INFO: Run Behavior\ParseTemplate [ RunTime:0.037839s ]
INFO: [ view_parse ] --END-- [ RunTime:0.037988s ]
INFO: [ view_filter ] --START--
INFO: Run Behavior\WriteHtmlCache [ RunTime:0.000392s ]
INFO: [ view_filter ] --END-- [ RunTime:0.000523s ]
INFO: [ app_end ] --START--
INFO: Run Behavior\ShowPageTrace [ RunTime:0.000464s ]
INFO: [ app_end ] --END-- [ RunTime:0.000585s ]

[ 2017-11-15T15:10:08+08:00 ] ::1 /tb/index.php/admin/login/login
INFO: [ app_begin ] --START--
INFO: Run Behavior\ReadHtmlCache [ RunTime:0.000362s ]
INFO: [ app_begin ] --END-- [ RunTime:0.000723s ]
INFO: [ view_parse ] --START--
INFO: [ template_filter ] --START--
INFO: Run Behavior\ContentReplace [ RunTime:0.000175s ]
INFO: [ template_filter ] --END-- [ RunTime:0.000476s ]
INFO: Run Behavior\ParseTemplate [ RunTime:0.022420s ]
INFO: [ view_parse ] --END-- [ RunTime:0.022838s ]
INFO: [ view_filter ] --START--
INFO: Run Behavior\WriteHtmlCache [ RunTime:0.000579s ]
INFO: [ view_filter ] --END-- [ RunTime:0.000874s ]
INFO: [ app_end ] --START--
INFO: Run Behavior\ShowPageTrace [ RunTime:0.000950s ]
INFO: [ app_end ] --END-- [ RunTime:0.001239s ]

[ 2017-11-15T15:11:09+08:00 ] ::1 /tb/index.php/admin/login/login
INFO: [ app_begin ] --START--
INFO: Run Behavior\ReadHtmlCache [ RunTime:0.000766s ]
INFO: [ app_begin ] --END-- [ RunTime:0.001442s ]
INFO: [ view_parse ] --START--
INFO: [ template_filter ] --START--
INFO: Run Behavior\ContentReplace [ RunTime:0.000128s ]
INFO: [ template_filter ] --END-- [ RunTime:0.000344s ]
INFO: Run Behavior\ParseTemplate [ RunTime:0.008925s ]
INFO: [ view_parse ] --END-- [ RunTime:0.009299s ]
INFO: [ view_filter ] --START--
INFO: Run Behavior\WriteHtmlCache [ RunTime:0.000515s ]
INFO: [ view_filter ] --END-- [ RunTime:0.000786s ]
INFO: [ app_end ] --START--
INFO: Run Behavior\ShowPageTrace [ RunTime:0.000719s ]
INFO: [ app_end ] --END-- [ RunTime:0.000949s ]

[ 2017-11-15T15:16:31+08:00 ] ::1 /tb/index.php/admin/login/login
INFO: [ app_begin ] --START--
INFO: Run Behavior\ReadHtmlCache [ RunTime:0.000563s ]
INFO: [ app_begin ] --END-- [ RunTime:0.001038s ]
INFO: [ view_parse ] --START--
INFO: [ template_filter ] --START--
INFO: Run Behavior\ContentReplace [ RunTime:0.000209s ]
INFO: [ template_filter ] --END-- [ RunTime:0.000476s ]
INFO: Run Behavior\ParseTemplate [ RunTime:0.008995s ]
INFO: [ view_parse ] --END-- [ RunTime:0.009175s ]
INFO: [ view_filter ] --START--
INFO: Run Behavior\WriteHtmlCache [ RunTime:0.000645s ]
INFO: [ view_filter ] --END-- [ RunTime:0.000849s ]
INFO: [ app_end ] --START--
INFO: Run Behavior\ShowPageTrace [ RunTime:0.000571s ]
INFO: [ app_end ] --END-- [ RunTime:0.000708s ]

[ 2017-11-15T15:17:19+08:00 ] ::1 /tb/index.php/admin/login/login
INFO: [ app_begin ] --START--
INFO: Run Behavior\ReadHtmlCache [ RunTime:0.000519s ]
INFO: [ app_begin ] --END-- [ RunTime:0.000980s ]
INFO: [ view_parse ] --START--
INFO: [ template_filter ] --START--
INFO: Run Behavior\ContentReplace [ RunTime:0.000116s ]
INFO: [ template_filter ] --END-- [ RunTime:0.000281s ]
INFO: Run Behavior\ParseTemplate [ RunTime:0.006108s ]
INFO: [ view_parse ] --END-- [ RunTime:0.006278s ]
INFO: [ view_filter ] --START--
INFO: Run Behavior\WriteHtmlCache [ RunTime:0.000370s ]
INFO: [ view_filter ] --END-- [ RunTime:0.000516s ]
INFO: [ app_end ] --START--
INFO: Run Behavior\ShowPageTrace [ RunTime:0.000561s ]
INFO: [ app_end ] --END-- [ RunTime:0.000730s ]

[ 2017-11-15T15:17:56+08:00 ] ::1 /tb/index.php/admin/login/login
INFO: [ app_begin ] --START--
INFO: Run Behavior\ReadHtmlCache [ RunTime:0.000435s ]
INFO: [ app_begin ] --END-- [ RunTime:0.000851s ]
INFO: [ view_parse ] --START--
INFO: [ template_filter ] --START--
INFO: Run Behavior\ContentReplace [ RunTime:0.000100s ]
INFO: [ template_filter ] --END-- [ RunTime:0.000269s ]
INFO: Run Behavior\ParseTemplate [ RunTime:0.006708s ]
INFO: [ view_parse ] --END-- [ RunTime:0.006870s ]
INFO: [ view_filter ] --START--
INFO: Run Behavior\WriteHtmlCache [ RunTime:0.000250s ]
INFO: [ view_filter ] --END-- [ RunTime:0.000394s ]
INFO: [ app_end ] --START--
INFO: Run Behavior\ShowPageTrace [ RunTime:0.000442s ]
INFO: [ app_end ] --END-- [ RunTime:0.000591s ]

[ 2017-11-15T15:18:21+08:00 ] ::1 /tb/index.php/admin/login/login
INFO: [ app_begin ] --START--
INFO: Run Behavior\ReadHtmlCache [ RunTime:0.000422s ]
INFO: [ app_begin ] --END-- [ RunTime:0.000842s ]
NOTIC: [8192] mysql_connect(): The mysql extension is deprecated and will be removed in the future: use mysqli or PDO instead D:\wamp\www\tb\ThinkPHP\Library\Think\Db\Driver\Mysql.class.php 第 52 行.
SQL: SHOW COLUMNS FROM `tp_admin` [ RunTime:0.077699s ]
SQL: SELECT * FROM `tp_admin` WHERE ( `username` = 'admin' ) AND ( `password` = 'a23f9d5f6637b4b1cf73b7d90f0f7f21' ) LIMIT 1   [ RunTime:0.069432s ]
INFO: [ view_parse ] --START--
INFO: [ template_filter ] --START--
INFO: Run Behavior\ContentReplace [ RunTime:0.000172s ]
INFO: [ template_filter ] --END-- [ RunTime:0.000519s ]
INFO: Run Behavior\ParseTemplate [ RunTime:0.032813s ]
INFO: [ view_parse ] --END-- [ RunTime:0.033394s ]
INFO: [ view_filter ] --START--
INFO: Run Behavior\WriteHtmlCache [ RunTime:0.000551s ]
INFO: [ view_filter ] --END-- [ RunTime:0.000864s ]

[ 2017-11-15T15:18:25+08:00 ] ::1 /tb/index.php/admin/login/login
INFO: [ app_begin ] --START--
INFO: Run Behavior\ReadHtmlCache [ RunTime:0.000869s ]
INFO: [ app_begin ] --END-- [ RunTime:0.001861s ]
INFO: [ view_parse ] --START--
INFO: [ template_filter ] --START--
INFO: Run Behavior\ContentReplace [ RunTime:0.000081s ]
INFO: [ template_filter ] --END-- [ RunTime:0.000214s ]
INFO: Run Behavior\ParseTemplate [ RunTime:0.004790s ]
INFO: [ view_parse ] --END-- [ RunTime:0.004949s ]
INFO: [ view_filter ] --START--
INFO: Run Behavior\WriteHtmlCache [ RunTime:0.000226s ]
INFO: [ view_filter ] --END-- [ RunTime:0.000344s ]
INFO: [ app_end ] --START--
INFO: Run Behavior\ShowPageTrace [ RunTime:0.000390s ]
INFO: [ app_end ] --END-- [ RunTime:0.000512s ]

[ 2017-11-15T15:18:29+08:00 ] ::1 /tb/index.php/admin/login/login
INFO: [ app_begin ] --START--
INFO: Run Behavior\ReadHtmlCache [ RunTime:0.000426s ]
INFO: [ app_begin ] --END-- [ RunTime:0.000850s ]
NOTIC: [8192] mysql_connect(): The mysql extension is deprecated and will be removed in the future: use mysqli or PDO instead D:\wamp\www\tb\ThinkPHP\Library\Think\Db\Driver\Mysql.class.php 第 52 行.
SQL: SHOW COLUMNS FROM `tp_admin` [ RunTime:0.003158s ]
SQL: SELECT * FROM `tp_admin` WHERE ( `username` = 'admin' ) AND ( `password` = 'e10adc3949ba59abbe56e057f20f883e' ) LIMIT 1   [ RunTime:0.000258s ]
INFO: [ view_parse ] --START--
INFO: [ template_filter ] --START--
INFO: Run Behavior\ContentReplace [ RunTime:0.000066s ]
INFO: [ template_filter ] --END-- [ RunTime:0.000194s ]
INFO: Run Behavior\ParseTemplate [ RunTime:0.004899s ]
INFO: [ view_parse ] --END-- [ RunTime:0.005044s ]
INFO: [ view_filter ] --START--
INFO: Run Behavior\WriteHtmlCache [ RunTime:0.000221s ]
INFO: [ view_filter ] --END-- [ RunTime:0.000343s ]
INFO: [ app_end ] --START--
INFO: Run Behavior\ShowPageTrace [ RunTime:0.000378s ]
INFO: [ app_end ] --END-- [ RunTime:0.000501s ]

[ 2017-11-15T15:18:31+08:00 ] ::1 /tb/index.php/Admin/Product/index.html
INFO: [ app_begin ] --START--
INFO: Run Behavior\ReadHtmlCache [ RunTime:0.000393s ]
INFO: [ app_begin ] --END-- [ RunTime:0.000819s ]
NOTIC: [8192] mysql_connect(): The mysql extension is deprecated and will be removed in the future: use mysqli or PDO instead D:\wamp\www\tb\ThinkPHP\Library\Think\Db\Driver\Mysql.class.php 第 52 行.
SQL: SHOW COLUMNS FROM `tp_product` [ RunTime:0.028620s ]
SQL: SELECT COUNT(*) AS tp_count FROM `tp_product` LIMIT 1   [ RunTime:0.027862s ]
SQL: SELECT * FROM `tp_product` LIMIT 0,5   [ RunTime:0.015446s ]
INFO: [ view_parse ] --START--
INFO: [ template_filter ] --START--
INFO: Run Behavior\ContentReplace [ RunTime:0.000103s ]
INFO: [ template_filter ] --END-- [ RunTime:0.000246s ]
INFO: Run Behavior\ParseTemplate [ RunTime:0.007247s ]
INFO: [ view_parse ] --END-- [ RunTime:0.007399s ]
INFO: [ view_filter ] --START--
INFO: Run Behavior\WriteHtmlCache [ RunTime:0.000232s ]
INFO: [ view_filter ] --END-- [ RunTime:0.000358s ]
INFO: [ view_parse ] --START--
INFO: [ template_filter ] --START--
INFO: Run Behavior\ContentReplace [ RunTime:0.000202s ]
INFO: [ template_filter ] --END-- [ RunTime:-0.006533s ]
NOTIC: [8] Undefined index: Market_price D:\wamp\www\tb\App\Runtime\Cache\Admin\1aa00f47914e49ef36467c079727e316.php 第 95 行.
NOTIC: [8] Undefined index: Market_price D:\wamp\www\tb\App\Runtime\Cache\Admin\1aa00f47914e49ef36467c079727e316.php 第 95 行.
NOTIC: [8] Undefined index: Market_price D:\wamp\www\tb\App\Runtime\Cache\Admin\1aa00f47914e49ef36467c079727e316.php 第 95 行.
NOTIC: [8] Undefined index: Market_price D:\wamp\www\tb\App\Runtime\Cache\Admin\1aa00f47914e49ef36467c079727e316.php 第 95 行.
NOTIC: [8] Undefined index: Market_price D:\wamp\www\tb\App\Runtime\Cache\Admin\1aa00f47914e49ef36467c079727e316.php 第 95 行.
INFO: Run Behavior\ParseTemplate [ RunTime:0.006803s ]
INFO: [ view_parse ] --END-- [ RunTime:-0.000909s ]
INFO: [ view_filter ] --START--
INFO: Run Behavior\WriteHtmlCache [ RunTime:0.000028s ]
INFO: [ view_filter ] --END-- [ RunTime:-0.007528s ]
NOTIC: [2] Cannot modify header information - headers already sent by (output started at D:\wamp\www\tb\ThinkPHP\Library\Think\View.class.php:95) D:\wamp\www\tb\ThinkPHP\Library\Think\View.class.php 第 91 行.
NOTIC: [2] Cannot modify header information - headers already sent by (output started at D:\wamp\www\tb\ThinkPHP\Library\Think\View.class.php:95) D:\wamp\www\tb\ThinkPHP\Library\Think\View.class.php 第 92 行.
NOTIC: [2] Cannot modify header information - headers already sent by (output started at D:\wamp\www\tb\ThinkPHP\Library\Think\View.class.php:95) D:\wamp\www\tb\ThinkPHP\Library\Think\View.class.php 第 93 行.
INFO: [ view_parse ] --START--
INFO: [ template_filter ] --START--
INFO: Run Behavior\ContentReplace [ RunTime:0.000121s ]
INFO: [ template_filter ] --END-- [ RunTime:-0.012760s ]
INFO: Run Behavior\ParseTemplate [ RunTime:0.004173s ]
INFO: [ view_parse ] --END-- [ RunTime:-0.008847s ]
INFO: [ view_filter ] --START--
INFO: Run Behavior\WriteHtmlCache [ RunTime:0.000048s ]
INFO: [ view_filter ] --END-- [ RunTime:-0.012919s ]
NOTIC: [2] Cannot modify header information - headers already sent by (output started at D:\wamp\www\tb\ThinkPHP\Library\Think\View.class.php:95) D:\wamp\www\tb\ThinkPHP\Library\Think\View.class.php 第 91 行.
NOTIC: [2] Cannot modify header information - headers already sent by (output started at D:\wamp\www\tb\ThinkPHP\Library\Think\View.class.php:95) D:\wamp\www\tb\ThinkPHP\Library\Think\View.class.php 第 92 行.
NOTIC: [2] Cannot modify header information - headers already sent by (output started at D:\wamp\www\tb\ThinkPHP\Library\Think\View.class.php:95) D:\wamp\www\tb\ThinkPHP\Library\Think\View.class.php 第 93 行.
INFO: [ app_end ] --START--
INFO: Run Behavior\ShowPageTrace [ RunTime:0.000794s ]
INFO: [ app_end ] --END-- [ RunTime:0.001019s ]

[ 2017-11-15T15:22:34+08:00 ] ::1 /tb/index.php/Admin/Product/index.html
INFO: [ app_begin ] --START--
INFO: Run Behavior\ReadHtmlCache [ RunTime:0.000609s ]
INFO: [ app_begin ] --END-- [ RunTime:0.001099s ]
NOTIC: [8192] mysql_connect(): The mysql extension is deprecated and will be removed in the future: use mysqli or PDO instead D:\wamp\www\tb\ThinkPHP\Library\Think\Db\Driver\Mysql.class.php 第 52 行.
SQL: SHOW COLUMNS FROM `tp_product` [ RunTime:0.004659s ]
SQL: SELECT COUNT(*) AS tp_count FROM `tp_product` LIMIT 1   [ RunTime:0.000197s ]
SQL: SELECT * FROM `tp_product` LIMIT 0,5   [ RunTime:0.000242s ]
INFO: [ view_parse ] --START--
INFO: [ template_filter ] --START--
INFO: Run Behavior\ContentReplace [ RunTime:0.000093s ]
INFO: [ template_filter ] --END-- [ RunTime:0.000223s ]
INFO: Run Behavior\ParseTemplate [ RunTime:0.005716s ]
INFO: [ view_parse ] --END-- [ RunTime:0.005852s ]
INFO: [ view_filter ] --START--
INFO: Run Behavior\WriteHtmlCache [ RunTime:0.000303s ]
INFO: [ view_filter ] --END-- [ RunTime:0.000444s ]
INFO: [ view_parse ] --START--
INFO: [ template_filter ] --START--
INFO: Run Behavior\ContentReplace [ RunTime:0.000102s ]
INFO: [ template_filter ] --END-- [ RunTime:-0.006180s ]
NOTIC: [8] Undefined index: Market_price D:\wamp\www\tb\App\Runtime\Cache\Admin\1aa00f47914e49ef36467c079727e316.php 第 95 行.
NOTIC: [8] Undefined index: Market_price D:\wamp\www\tb\App\Runtime\Cache\Admin\1aa00f47914e49ef36467c079727e316.php 第 95 行.
NOTIC: [8] Undefined index: Market_price D:\wamp\www\tb\App\Runtime\Cache\Admin\1aa00f47914e49ef36467c079727e316.php 第 95 行.
NOTIC: [8] Undefined index: Market_price D:\wamp\www\tb\App\Runtime\Cache\Admin\1aa00f47914e49ef36467c079727e316.php 第 95 行.
NOTIC: [8] Undefined index: Market_price D:\wamp\www\tb\App\Runtime\Cache\Admin\1aa00f47914e49ef36467c079727e316.php 第 95 行.
INFO: Run Behavior\ParseTemplate [ RunTime:0.006101s ]
INFO: [ view_parse ] --END-- [ RunTime:-0.000845s ]
INFO: [ view_filter ] --START--
INFO: Run Behavior\WriteHtmlCache [ RunTime:0.000027s ]
INFO: [ view_filter ] --END-- [ RunTime:-0.006620s ]
NOTIC: [2] Cannot modify header information - headers already sent by (output started at D:\wamp\www\tb\ThinkPHP\Library\Think\View.class.php:95) D:\wamp\www\tb\ThinkPHP\Library\Think\View.class.php 第 91 行.
NOTIC: [2] Cannot modify header information - headers already sent by (output started at D:\wamp\www\tb\ThinkPHP\Library\Think\View.class.php:95) D:\wamp\www\tb\ThinkPHP\Library\Think\View.class.php 第 92 行.
NOTIC: [2] Cannot modify header information - headers already sent by (output started at D:\wamp\www\tb\ThinkPHP\Library\Think\View.class.php:95) D:\wamp\www\tb\ThinkPHP\Library\Think\View.class.php 第 93 行.
INFO: [ view_parse ] --START--
INFO: [ template_filter ] --START--
INFO: Run Behavior\ContentReplace [ RunTime:0.000074s ]
INFO: [ template_filter ] --END-- [ RunTime:-0.010428s ]
INFO: Run Behavior\ParseTemplate [ RunTime:0.002495s ]
INFO: [ view_parse ] --END-- [ RunTime:-0.007878s ]
INFO: [ view_filter ] --START--
INFO: Run Behavior\WriteHtmlCache [ RunTime:0.000047s ]
INFO: [ view_filter ] --END-- [ RunTime:-0.010171s ]
NOTIC: [2] Cannot modify header information - headers already sent by (output started at D:\wamp\www\tb\ThinkPHP\Library\Think\View.class.php:95) D:\wamp\www\tb\ThinkPHP\Library\Think\View.class.php 第 91 行.
NOTIC: [2] Cannot modify header information - headers already sent by (output started at D:\wamp\www\tb\ThinkPHP\Library\Think\View.class.php:95) D:\wamp\www\tb\ThinkPHP\Library\Think\View.class.php 第 92 行.
NOTIC: [2] Cannot modify header information - headers already sent by (output started at D:\wamp\www\tb\ThinkPHP\Library\Think\View.class.php:95) D:\wamp\www\tb\ThinkPHP\Library\Think\View.class.php 第 93 行.
INFO: [ app_end ] --START--
INFO: Run Behavior\ShowPageTrace [ RunTime:0.000540s ]
INFO: [ app_end ] --END-- [ RunTime:0.000668s ]

[ 2017-11-15T15:24:30+08:00 ] ::1 /tb/index.php/Admin/Product/index.html
INFO: [ app_begin ] --START--
INFO: Run Behavior\ReadHtmlCache [ RunTime:0.000680s ]
INFO: [ app_begin ] --END-- [ RunTime:0.001197s ]
NOTIC: [8192] mysql_connect(): The mysql extension is deprecated and will be removed in the future: use mysqli or PDO instead D:\wamp\www\tb\ThinkPHP\Library\Think\Db\Driver\Mysql.class.php 第 52 行.
SQL: SHOW COLUMNS FROM `tp_product` [ RunTime:0.004339s ]
SQL: SELECT COUNT(*) AS tp_count FROM `tp_product` LIMIT 1   [ RunTime:0.000184s ]
SQL: SELECT * FROM `tp_product` LIMIT 0,5   [ RunTime:0.000260s ]
INFO: [ view_parse ] --START--
INFO: [ template_filter ] --START--
INFO: Run Behavior\ContentReplace [ RunTime:0.000090s ]
INFO: [ template_filter ] --END-- [ RunTime:0.000223s ]
INFO: Run Behavior\ParseTemplate [ RunTime:0.006061s ]
INFO: [ view_parse ] --END-- [ RunTime:0.006218s ]
INFO: [ view_filter ] --START--
INFO: Run Behavior\WriteHtmlCache [ RunTime:0.000306s ]
INFO: [ view_filter ] --END-- [ RunTime:0.000424s ]
INFO: [ view_parse ] --START--
INFO: [ template_filter ] --START--
INFO: Run Behavior\ContentReplace [ RunTime:0.000097s ]
INFO: [ template_filter ] --END-- [ RunTime:-0.005614s ]
NOTIC: [8] Undefined index: Market_price D:\wamp\www\tb\App\Runtime\Cache\Admin\1aa00f47914e49ef36467c079727e316.php 第 95 行.
NOTIC: [8] Undefined index: Market_price D:\wamp\www\tb\App\Runtime\Cache\Admin\1aa00f47914e49ef36467c079727e316.php 第 95 行.
NOTIC: [8] Undefined index: Market_price D:\wamp\www\tb\App\Runtime\Cache\Admin\1aa00f47914e49ef36467c079727e316.php 第 95 行.
NOTIC: [8] Undefined index: Market_price D:\wamp\www\tb\App\Runtime\Cache\Admin\1aa00f47914e49ef36467c079727e316.php 第 95 行.
NOTIC: [8] Undefined index: Market_price D:\wamp\www\tb\App\Runtime\Cache\Admin\1aa00f47914e49ef36467c079727e316.php 第 95 行.
INFO: Run Behavior\ParseTemplate [ RunTime:0.005442s ]
INFO: [ view_parse ] --END-- [ RunTime:-0.000810s ]
INFO: [ view_filter ] --START--
INFO: Run Behavior\WriteHtmlCache [ RunTime:0.000026s ]
INFO: [ view_filter ] --END-- [ RunTime:-0.005944s ]
NOTIC: [2] Cannot modify header information - headers already sent by (output started at D:\wamp\www\tb\ThinkPHP\Library\Think\View.class.php:95) D:\wamp\www\tb\ThinkPHP\Library\Think\View.class.php 第 91 行.
NOTIC: [2] Cannot modify header information - headers already sent by (output started at D:\wamp\www\tb\ThinkPHP\Library\Think\View.class.php:95) D:\wamp\www\tb\ThinkPHP\Library\Think\View.class.php 第 92 行.
NOTIC: [2] Cannot modify header information - headers already sent by (output started at D:\wamp\www\tb\ThinkPHP\Library\Think\View.class.php:95) D:\wamp\www\tb\ThinkPHP\Library\Think\View.class.php 第 93 行.
INFO: [ view_parse ] --START--
INFO: [ template_filter ] --START--
INFO: Run Behavior\ContentReplace [ RunTime:0.000085s ]
INFO: [ template_filter ] --END-- [ RunTime:-0.011748s ]
INFO: Run Behavior\ParseTemplate [ RunTime:0.004451s ]
INFO: [ view_parse ] --END-- [ RunTime:-0.007280s ]
INFO: [ view_filter ] --START--
INFO: Run Behavior\WriteHtmlCache [ RunTime:0.000029s ]
INFO: [ view_filter ] --END-- [ RunTime:-0.011496s ]
NOTIC: [2] Cannot modify header information - headers already sent by (output started at D:\wamp\www\tb\ThinkPHP\Library\Think\View.class.php:95) D:\wamp\www\tb\ThinkPHP\Library\Think\View.class.php 第 91 行.
NOTIC: [2] Cannot modify header information - headers already sent by (output started at D:\wamp\www\tb\ThinkPHP\Library\Think\View.class.php:95) D:\wamp\www\tb\ThinkPHP\Library\Think\View.class.php 第 92 行.
NOTIC: [2] Cannot modify header information - headers already sent by (output started at D:\wamp\www\tb\ThinkPHP\Library\Think\View.class.php:95) D:\wamp\www\tb\ThinkPHP\Library\Think\View.class.php 第 93 行.
INFO: [ app_end ] --START--
INFO: Run Behavior\ShowPageTrace [ RunTime:0.000573s ]
INFO: [ app_end ] --END-- [ RunTime:0.000705s ]

[ 2017-11-15T15:24:59+08:00 ] ::1 /tb/index.php/Admin/Product/index.html
INFO: [ app_begin ] --START--
INFO: Run Behavior\ReadHtmlCache [ RunTime:0.001154s ]
INFO: [ app_begin ] --END-- [ RunTime:0.001712s ]
NOTIC: [8192] mysql_connect(): The mysql extension is deprecated and will be removed in the future: use mysqli or PDO instead D:\wamp\www\tb\ThinkPHP\Library\Think\Db\Driver\Mysql.class.php 第 52 行.
SQL: SHOW COLUMNS FROM `tp_product` [ RunTime:0.004360s ]
SQL: SELECT COUNT(*) AS tp_count FROM `tp_product` LIMIT 1   [ RunTime:0.000191s ]
SQL: SELECT * FROM `tp_product` LIMIT 0,5   [ RunTime:0.000455s ]
INFO: [ view_parse ] --START--
INFO: [ template_filter ] --START--
INFO: Run Behavior\ContentReplace [ RunTime:0.000163s ]
INFO: [ template_filter ] --END-- [ RunTime:0.000385s ]
INFO: Run Behavior\ParseTemplate [ RunTime:0.009156s ]
INFO: [ view_parse ] --END-- [ RunTime:0.009396s ]
INFO: [ view_filter ] --START--
INFO: Run Behavior\WriteHtmlCache [ RunTime:0.000380s ]
INFO: [ view_filter ] --END-- [ RunTime:0.000527s ]
INFO: [ view_parse ] --START--
INFO: [ template_filter ] --START--
INFO: Run Behavior\ContentReplace [ RunTime:0.000208s ]
INFO: [ template_filter ] --END-- [ RunTime:-0.007523s ]
NOTIC: [8] Undefined index: Market_price D:\wamp\www\tb\App\Runtime\Cache\Admin\1aa00f47914e49ef36467c079727e316.php 第 95 行.
NOTIC: [8] Undefined index: Market_price D:\wamp\www\tb\App\Runtime\Cache\Admin\1aa00f47914e49ef36467c079727e316.php 第 95 行.
NOTIC: [8] Undefined index: Market_price D:\wamp\www\tb\App\Runtime\Cache\Admin\1aa00f47914e49ef36467c079727e316.php 第 95 行.
NOTIC: [8] Undefined index: Market_price D:\wamp\www\tb\App\Runtime\Cache\Admin\1aa00f47914e49ef36467c079727e316.php 第 95 行.
NOTIC: [8] Undefined index: Market_price D:\wamp\www\tb\App\Runtime\Cache\Admin\1aa00f47914e49ef36467c079727e316.php 第 95 行.
INFO: Run Behavior\ParseTemplate [ RunTime:0.007892s ]
INFO: [ view_parse ] --END-- [ RunTime:-0.000996s ]
INFO: [ view_filter ] --START--
INFO: Run Behavior\WriteHtmlCache [ RunTime:0.000033s ]
INFO: [ view_filter ] --END-- [ RunTime:-0.008505s ]
NOTIC: [2] Cannot modify header information - headers already sent by (output started at D:\wamp\www\tb\ThinkPHP\Library\Think\View.class.php:95) D:\wamp\www\tb\ThinkPHP\Library\Think\View.class.php 第 91 行.
NOTIC: [2] Cannot modify header information - headers already sent by (output started at D:\wamp\www\tb\ThinkPHP\Library\Think\View.class.php:95) D:\wamp\www\tb\ThinkPHP\Library\Think\View.class.php 第 92 行.
NOTIC: [2] Cannot modify header information - headers already sent by (output started at D:\wamp\www\tb\ThinkPHP\Library\Think\View.class.php:95) D:\wamp\www\tb\ThinkPHP\Library\Think\View.class.php 第 93 行.
INFO: [ view_parse ] --START--
INFO: [ template_filter ] --START--
INFO: Run Behavior\ContentReplace [ RunTime:0.000149s ]
INFO: [ template_filter ] --END-- [ RunTime:-0.014458s ]
INFO: Run Behavior\ParseTemplate [ RunTime:0.004249s ]
INFO: [ view_parse ] --END-- [ RunTime:-0.010102s ]
INFO: [ view_filter ] --START--
INFO: Run Behavior\WriteHtmlCache [ RunTime:0.000033s ]
INFO: [ view_filter ] --END-- [ RunTime:-0.014035s ]
NOTIC: [2] Cannot modify header information - headers already sent by (output started at D:\wamp\www\tb\ThinkPHP\Library\Think\View.class.php:95) D:\wamp\www\tb\ThinkPHP\Library\Think\View.class.php 第 91 行.
NOTIC: [2] Cannot modify header information - headers already sent by (output started at D:\wamp\www\tb\ThinkPHP\Library\Think\View.class.php:95) D:\wamp\www\tb\ThinkPHP\Library\Think\View.class.php 第 92 行.
NOTIC: [2] Cannot modify header information - headers already sent by (output started at D:\wamp\www\tb\ThinkPHP\Library\Think\View.class.php:95) D:\wamp\www\tb\ThinkPHP\Library\Think\View.class.php 第 93 行.
INFO: [ app_end ] --START--
INFO: Run Behavior\ShowPageTrace [ RunTime:0.000663s ]
INFO: [ app_end ] --END-- [ RunTime:0.000857s ]

[ 2017-11-15T15:26:20+08:00 ] ::1 /tb/index.php/Admin/Product/index.html
INFO: [ app_begin ] --START--
INFO: Run Behavior\ReadHtmlCache [ RunTime:0.000508s ]
INFO: [ app_begin ] --END-- [ RunTime:0.001130s ]
NOTIC: [8192] mysql_connect(): The mysql extension is deprecated and will be removed in the future: use mysqli or PDO instead D:\wamp\www\tb\ThinkPHP\Library\Think\Db\Driver\Mysql.class.php 第 52 行.
SQL: SHOW COLUMNS FROM `tp_product` [ RunTime:0.003989s ]
SQL: SELECT COUNT(*) AS tp_count FROM `tp_product` LIMIT 1   [ RunTime:0.000642s ]
SQL: SELECT * FROM `tp_product` LIMIT 0,5   [ RunTime:0.000386s ]
INFO: [ view_parse ] --START--
INFO: [ template_filter ] --START--
INFO: Run Behavior\ContentReplace [ RunTime:0.000098s ]
INFO: [ template_filter ] --END-- [ RunTime:0.000226s ]
INFO: Run Behavior\ParseTemplate [ RunTime:0.005519s ]
INFO: [ view_parse ] --END-- [ RunTime:0.005654s ]
INFO: [ view_filter ] --START--
INFO: Run Behavior\WriteHtmlCache [ RunTime:0.000296s ]
INFO: [ view_filter ] --END-- [ RunTime:0.000415s ]
INFO: [ view_parse ] --START--
INFO: [ template_filter ] --START--
INFO: Run Behavior\ContentReplace [ RunTime:0.000115s ]
INFO: [ template_filter ] --END-- [ RunTime:-0.005781s ]
NOTIC: [8] Undefined index: Market_price D:\wamp\www\tb\App\Runtime\Cache\Admin\1aa00f47914e49ef36467c079727e316.php 第 95 行.
NOTIC: [8] Undefined index: Market_price D:\wamp\www\tb\App\Runtime\Cache\Admin\1aa00f47914e49ef36467c079727e316.php 第 95 行.
NOTIC: [8] Undefined index: Market_price D:\wamp\www\tb\App\Runtime\Cache\Admin\1aa00f47914e49ef36467c079727e316.php 第 95 行.
NOTIC: [8] Undefined index: Market_price D:\wamp\www\tb\App\Runtime\Cache\Admin\1aa00f47914e49ef36467c079727e316.php 第 95 行.
NOTIC: [8] Undefined index: Market_price D:\wamp\www\tb\App\Runtime\Cache\Admin\1aa00f47914e49ef36467c079727e316.php 第 95 行.
INFO: Run Behavior\ParseTemplate [ RunTime:0.005899s ]
INFO: [ view_parse ] --END-- [ RunTime:-0.000795s ]
INFO: [ view_filter ] --START--
INFO: Run Behavior\WriteHtmlCache [ RunTime:0.000039s ]
INFO: [ view_filter ] --END-- [ RunTime:-0.006519s ]
NOTIC: [2] Cannot modify header information - headers already sent by (output started at D:\wamp\www\tb\ThinkPHP\Library\Think\View.class.php:95) D:\wamp\www\tb\ThinkPHP\Library\Think\View.class.php 第 91 行.
NOTIC: [2] Cannot modify header information - headers already sent by (output started at D:\wamp\www\tb\ThinkPHP\Library\Think\View.class.php:95) D:\wamp\www\tb\ThinkPHP\Library\Think\View.class.php 第 92 行.
NOTIC: [2] Cannot modify header information - headers already sent by (output started at D:\wamp\www\tb\ThinkPHP\Library\Think\View.class.php:95) D:\wamp\www\tb\ThinkPHP\Library\Think\View.class.php 第 93 行.
INFO: [ view_parse ] --START--
INFO: [ template_filter ] --START--
INFO: Run Behavior\ContentReplace [ RunTime:0.000075s ]
INFO: [ template_filter ] --END-- [ RunTime:-0.010407s ]
INFO: Run Behavior\ParseTemplate [ RunTime:0.002559s ]
INFO: [ view_parse ] --END-- [ RunTime:-0.007870s ]
INFO: [ view_filter ] --START--
INFO: Run Behavior\WriteHtmlCache [ RunTime:0.000048s ]
INFO: [ view_filter ] --END-- [ RunTime:-0.010251s ]
NOTIC: [2] Cannot modify header information - headers already sent by (output started at D:\wamp\www\tb\ThinkPHP\Library\Think\View.class.php:95) D:\wamp\www\tb\ThinkPHP\Library\Think\View.class.php 第 91 行.
NOTIC: [2] Cannot modify header information - headers already sent by (output started at D:\wamp\www\tb\ThinkPHP\Library\Think\View.class.php:95) D:\wamp\www\tb\ThinkPHP\Library\Think\View.class.php 第 92 行.
NOTIC: [2] Cannot modify header information - headers already sent by (output started at D:\wamp\www\tb\ThinkPHP\Library\Think\View.class.php:95) D:\wamp\www\tb\ThinkPHP\Library\Think\View.class.php 第 93 行.
INFO: [ app_end ] --START--
INFO: Run Behavior\ShowPageTrace [ RunTime:0.000538s ]
INFO: [ app_end ] --END-- [ RunTime:0.000669s ]

[ 2017-11-15T15:38:02+08:00 ] ::1 /tb/index.php/Admin/Product/index.html
INFO: [ app_begin ] --START--
INFO: Run Behavior\ReadHtmlCache [ RunTime:0.000608s ]
INFO: [ app_begin ] --END-- [ RunTime:0.001137s ]
NOTIC: [8192] mysql_connect(): The mysql extension is deprecated and will be removed in the future: use mysqli or PDO instead D:\wamp\www\tb\ThinkPHP\Library\Think\Db\Driver\Mysql.class.php 第 52 行.
SQL: SHOW COLUMNS FROM `tp_product` [ RunTime:0.004470s ]
SQL: SELECT COUNT(*) AS tp_count FROM `tp_product` LIMIT 1   [ RunTime:0.000186s ]
SQL: SELECT * FROM `tp_product` LIMIT 0,5   [ RunTime:0.000251s ]
INFO: [ view_parse ] --START--
INFO: [ template_filter ] --START--
INFO: Run Behavior\ContentReplace [ RunTime:0.000119s ]
INFO: [ template_filter ] --END-- [ RunTime:0.000323s ]
INFO: Run Behavior\ParseTemplate [ RunTime:0.006822s ]
INFO: [ view_parse ] --END-- [ RunTime:0.006988s ]
INFO: [ view_filter ] --START--
INFO: Run Behavior\WriteHtmlCache [ RunTime:0.000369s ]
INFO: [ view_filter ] --END-- [ RunTime:0.000516s ]
INFO: [ view_parse ] --START--
INFO: [ template_filter ] --START--
INFO: Run Behavior\ContentReplace [ RunTime:0.000123s ]
INFO: [ template_filter ] --END-- [ RunTime:-0.007277s ]
NOTIC: [8] Undefined index: Market_price D:\wamp\www\tb\App\Runtime\Cache\Admin\1aa00f47914e49ef36467c079727e316.php 第 95 行.
NOTIC: [8] Undefined index: Market_price D:\wamp\www\tb\App\Runtime\Cache\Admin\1aa00f47914e49ef36467c079727e316.php 第 95 行.
NOTIC: [8] Undefined index: Market_price D:\wamp\www\tb\App\Runtime\Cache\Admin\1aa00f47914e49ef36467c079727e316.php 第 95 行.
NOTIC: [8] Undefined index: Market_price D:\wamp\www\tb\App\Runtime\Cache\Admin\1aa00f47914e49ef36467c079727e316.php 第 95 行.
NOTIC: [8] Undefined index: Market_price D:\wamp\www\tb\App\Runtime\Cache\Admin\1aa00f47914e49ef36467c079727e316.php 第 95 行.
INFO: Run Behavior\ParseTemplate [ RunTime:0.007249s ]
INFO: [ view_parse ] --END-- [ RunTime:-0.000992s ]
INFO: [ view_filter ] --START--
INFO: Run Behavior\WriteHtmlCache [ RunTime:0.000033s ]
INFO: [ view_filter ] --END-- [ RunTime:-0.007873s ]
NOTIC: [2] Cannot modify header information - headers already sent by (output started at D:\wamp\www\tb\ThinkPHP\Library\Think\View.class.php:95) D:\wamp\www\tb\ThinkPHP\Library\Think\View.class.php 第 91 行.
NOTIC: [2] Cannot modify header information - headers already sent by (output started at D:\wamp\www\tb\ThinkPHP\Library\Think\View.class.php:95) D:\wamp\www\tb\ThinkPHP\Library\Think\View.class.php 第 92 行.
NOTIC: [2] Cannot modify header information - headers already sent by (output started at D:\wamp\www\tb\ThinkPHP\Library\Think\View.class.php:95) D:\wamp\www\tb\ThinkPHP\Library\Think\View.class.php 第 93 行.
INFO: [ view_parse ] --START--
INFO: [ template_filter ] --START--
INFO: Run Behavior\ContentReplace [ RunTime:0.000142s ]
INFO: [ template_filter ] --END-- [ RunTime:-0.013343s ]
INFO: Run Behavior\ParseTemplate [ RunTime:0.004013s ]
INFO: [ view_parse ] --END-- [ RunTime:-0.009480s ]
INFO: [ view_filter ] --START--
INFO: Run Behavior\WriteHtmlCache [ RunTime:0.000034s ]
INFO: [ view_filter ] --END-- [ RunTime:-0.013186s ]
NOTIC: [2] Cannot modify header information - headers already sent by (output started at D:\wamp\www\tb\ThinkPHP\Library\Think\View.class.php:95) D:\wamp\www\tb\ThinkPHP\Library\Think\View.class.php 第 91 行.
NOTIC: [2] Cannot modify header information - headers already sent by (output started at D:\wamp\www\tb\ThinkPHP\Library\Think\View.class.php:95) D:\wamp\www\tb\ThinkPHP\Library\Think\View.class.php 第 92 行.
NOTIC: [2] Cannot modify header information - headers already sent by (output started at D:\wamp\www\tb\ThinkPHP\Library\Think\View.class.php:95) D:\wamp\www\tb\ThinkPHP\Library\Think\View.class.php 第 93 行.
INFO: [ app_end ] --START--
INFO: Run Behavior\ShowPageTrace [ RunTime:0.000659s ]
INFO: [ app_end ] --END-- [ RunTime:0.000814s ]

[ 2017-11-15T15:40:48+08:00 ] ::1 /tb/index.php/Admin/Product/index.html
INFO: [ app_begin ] --START--
INFO: Run Behavior\ReadHtmlCache [ RunTime:0.000536s ]
INFO: [ app_begin ] --END-- [ RunTime:0.000995s ]
NOTIC: [8192] mysql_connect(): The mysql extension is deprecated and will be removed in the future: use mysqli or PDO instead D:\wamp\www\tb\ThinkPHP\Library\Think\Db\Driver\Mysql.class.php 第 52 行.
SQL: SHOW COLUMNS FROM `tp_product` [ RunTime:0.038170s ]
SQL: SELECT COUNT(*) AS tp_count FROM `tp_product` LIMIT 1   [ RunTime:0.000209s ]
SQL: SELECT * FROM `tp_product` LIMIT 0,5   [ RunTime:0.000273s ]
INFO: [ view_parse ] --START--
INFO: [ template_filter ] --START--
INFO: Run Behavior\ContentReplace [ RunTime:0.000213s ]
INFO: [ template_filter ] --END-- [ RunTime:0.000512s ]
INFO: Run Behavior\ParseTemplate [ RunTime:0.012488s ]
INFO: [ view_parse ] --END-- [ RunTime:0.012727s ]
INFO: [ view_filter ] --START--
INFO: Run Behavior\WriteHtmlCache [ RunTime:0.000784s ]
INFO: [ view_filter ] --END-- [ RunTime:0.001185s ]
INFO: [ view_parse ] --START--
INFO: [ template_filter ] --START--
INFO: Run Behavior\ContentReplace [ RunTime:0.000223s ]
INFO: [ template_filter ] --END-- [ RunTime:-0.012882s ]
NOTIC: [8] Undefined index: Market_price D:\wamp\www\tb\App\Runtime\Cache\Admin\1aa00f47914e49ef36467c079727e316.php 第 95 行.
NOTIC: [8] Undefined index: Market_price D:\wamp\www\tb\App\Runtime\Cache\Admin\1aa00f47914e49ef36467c079727e316.php 第 95 行.
NOTIC: [8] Undefined index: Market_price D:\wamp\www\tb\App\Runtime\Cache\Admin\1aa00f47914e49ef36467c079727e316.php 第 95 行.
NOTIC: [8] Undefined index: Market_price D:\wamp\www\tb\App\Runtime\Cache\Admin\1aa00f47914e49ef36467c079727e316.php 第 95 行.
NOTIC: [8] Undefined index: Market_price D:\wamp\www\tb\App\Runtime\Cache\Admin\1aa00f47914e49ef36467c079727e316.php 第 95 行.
INFO: Run Behavior\ParseTemplate [ RunTime:0.012205s ]
INFO: [ view_parse ] --END-- [ RunTime:-0.002253s ]
INFO: [ view_filter ] --START--
INFO: Run Behavior\WriteHtmlCache [ RunTime:0.000062s ]
INFO: [ view_filter ] --END-- [ RunTime:-0.013534s ]
NOTIC: [2] Cannot modify header information - headers already sent by (output started at D:\wamp\www\tb\ThinkPHP\Library\Think\View.class.php:95) D:\wamp\www\tb\ThinkPHP\Library\Think\View.class.php 第 91 行.
NOTIC: [2] Cannot modify header information - headers already sent by (output started at D:\wamp\www\tb\ThinkPHP\Library\Think\View.class.php:95) D:\wamp\www\tb\ThinkPHP\Library\Think\View.class.php 第 92 行.
NOTIC: [2] Cannot modify header information - headers already sent by (output started at D:\wamp\www\tb\ThinkPHP\Library\Think\View.class.php:95) D:\wamp\www\tb\ThinkPHP\Library\Think\View.class.php 第 93 行.
INFO: [ view_parse ] --START--
INFO: [ template_filter ] --START--
INFO: Run Behavior\ContentReplace [ RunTime:0.000124s ]
INFO: [ template_filter ] --END-- [ RunTime:-0.022234s ]
INFO: Run Behavior\ParseTemplate [ RunTime:0.004759s ]
INFO: [ view_parse ] --END-- [ RunTime:-0.016512s ]
INFO: [ view_filter ] --START--
INFO: Run Behavior\WriteHtmlCache [ RunTime:0.000030s ]
INFO: [ view_filter ] --END-- [ RunTime:-0.020236s ]
NOTIC: [2] Cannot modify header information - headers already sent by (output started at D:\wamp\www\tb\ThinkPHP\Library\Think\View.class.php:95) D:\wamp\www\tb\ThinkPHP\Library\Think\View.class.php 第 91 行.
NOTIC: [2] Cannot modify header information - headers already sent by (output started at D:\wamp\www\tb\ThinkPHP\Library\Think\View.class.php:95) D:\wamp\www\tb\ThinkPHP\Library\Think\View.class.php 第 92 行.
NOTIC: [2] Cannot modify header information - headers already sent by (output started at D:\wamp\www\tb\ThinkPHP\Library\Think\View.class.php:95) D:\wamp\www\tb\ThinkPHP\Library\Think\View.class.php 第 93 行.
INFO: [ app_end ] --START--
INFO: Run Behavior\ShowPageTrace [ RunTime:0.000624s ]
INFO: [ app_end ] --END-- [ RunTime:0.000759s ]

[ 2017-11-15T15:42:52+08:00 ] ::1 /tb/index.php/Admin/Product/index.html
INFO: [ app_begin ] --START--
INFO: Run Behavior\ReadHtmlCache [ RunTime:0.000618s ]
INFO: [ app_begin ] --END-- [ RunTime:0.001137s ]
NOTIC: [8192] mysql_connect(): The mysql extension is deprecated and will be removed in the future: use mysqli or PDO instead D:\wamp\www\tb\ThinkPHP\Library\Think\Db\Driver\Mysql.class.php 第 52 行.
SQL: SHOW COLUMNS FROM `tp_product` [ RunTime:0.003546s ]
SQL: SELECT COUNT(*) AS tp_count FROM `tp_product` LIMIT 1   [ RunTime:0.000193s ]
SQL: SELECT * FROM `tp_product` LIMIT 0,5   [ RunTime:0.000434s ]
INFO: [ view_parse ] --START--
INFO: [ template_filter ] --START--
INFO: Run Behavior\ContentReplace [ RunTime:0.000110s ]
INFO: [ template_filter ] --END-- [ RunTime:0.000254s ]
INFO: Run Behavior\ParseTemplate [ RunTime:0.006225s ]
INFO: [ view_parse ] --END-- [ RunTime:0.006379s ]
INFO: [ view_filter ] --START--
INFO: Run Behavior\WriteHtmlCache [ RunTime:0.000349s ]
INFO: [ view_filter ] --END-- [ RunTime:0.000474s ]
INFO: [ view_parse ] --START--
INFO: [ template_filter ] --START--
INFO: Run Behavior\ContentReplace [ RunTime:0.000103s ]
INFO: [ template_filter ] --END-- [ RunTime:-0.006069s ]
NOTIC: [8] Undefined index: Market_price D:\wamp\www\tb\App\Runtime\Cache\Admin\1aa00f47914e49ef36467c079727e316.php 第 95 行.
NOTIC: [8] Undefined index: Market_price D:\wamp\www\tb\App\Runtime\Cache\Admin\1aa00f47914e49ef36467c079727e316.php 第 95 行.
NOTIC: [8] Undefined index: Market_price D:\wamp\www\tb\App\Runtime\Cache\Admin\1aa00f47914e49ef36467c079727e316.php 第 95 行.
NOTIC: [8] Undefined index: Market_price D:\wamp\www\tb\App\Runtime\Cache\Admin\1aa00f47914e49ef36467c079727e316.php 第 95 行.
NOTIC: [8] Undefined index: Market_price D:\wamp\www\tb\App\Runtime\Cache\Admin\1aa00f47914e49ef36467c079727e316.php 第 95 行.
INFO: Run Behavior\ParseTemplate [ RunTime:0.005665s ]
INFO: [ view_parse ] --END-- [ RunTime:-0.000927s ]
INFO: [ view_filter ] --START--
INFO: Run Behavior\WriteHtmlCache [ RunTime:0.000035s ]
INFO: [ view_filter ] --END-- [ RunTime:-0.006215s ]
NOTIC: [2] Cannot modify header information - headers already sent by (output started at D:\wamp\www\tb\ThinkPHP\Library\Think\View.class.php:95) D:\wamp\www\tb\ThinkPHP\Library\Think\View.class.php 第 91 行.
NOTIC: [2] Cannot modify header information - headers already sent by (output started at D:\wamp\www\tb\ThinkPHP\Library\Think\View.class.php:95) D:\wamp\www\tb\ThinkPHP\Library\Think\View.class.php 第 92 行.
NOTIC: [2] Cannot modify header information - headers already sent by (output started at D:\wamp\www\tb\ThinkPHP\Library\Think\View.class.php:95) D:\wamp\www\tb\ThinkPHP\Library\Think\View.class.php 第 93 行.
INFO: [ view_parse ] --START--
INFO: [ template_filter ] --START--
INFO: Run Behavior\ContentReplace [ RunTime:0.000185s ]
INFO: [ template_filter ] --END-- [ RunTime:-0.011925s ]
INFO: Run Behavior\ParseTemplate [ RunTime:0.004498s ]
INFO: [ view_parse ] --END-- [ RunTime:-0.007656s ]
INFO: [ view_filter ] --START--
INFO: Run Behavior\WriteHtmlCache [ RunTime:0.000029s ]
INFO: [ view_filter ] --END-- [ RunTime:-0.011872s ]
NOTIC: [2] Cannot modify header information - headers already sent by (output started at D:\wamp\www\tb\ThinkPHP\Library\Think\View.class.php:95) D:\wamp\www\tb\ThinkPHP\Library\Think\View.class.php 第 91 行.
NOTIC: [2] Cannot modify header information - headers already sent by (output started at D:\wamp\www\tb\ThinkPHP\Library\Think\View.class.php:95) D:\wamp\www\tb\ThinkPHP\Library\Think\View.class.php 第 92 行.
NOTIC: [2] Cannot modify header information - headers already sent by (output started at D:\wamp\www\tb\ThinkPHP\Library\Think\View.class.php:95) D:\wamp\www\tb\ThinkPHP\Library\Think\View.class.php 第 93 行.
INFO: [ app_end ] --START--
INFO: Run Behavior\ShowPageTrace [ RunTime:0.000668s ]
INFO: [ app_end ] --END-- [ RunTime:0.000822s ]

[ 2017-11-15T16:03:09+08:00 ] ::1 /tb/index.php/Admin/Product/index.html
INFO: [ app_begin ] --START--
INFO: Run Behavior\ReadHtmlCache [ RunTime:0.000597s ]
INFO: [ app_begin ] --END-- [ RunTime:0.001104s ]
NOTIC: [8192] mysql_connect(): The mysql extension is deprecated and will be removed in the future: use mysqli or PDO instead D:\wamp\www\tb\ThinkPHP\Library\Think\Db\Driver\Mysql.class.php 第 52 行.
SQL: SHOW COLUMNS FROM `tp_product` [ RunTime:0.005711s ]
SQL: SELECT COUNT(*) AS tp_count FROM `tp_product` LIMIT 1   [ RunTime:0.000195s ]
SQL: SELECT * FROM `tp_product` LIMIT 0,5   [ RunTime:0.000268s ]
INFO: [ view_parse ] --START--
INFO: [ template_filter ] --START--
INFO: Run Behavior\ContentReplace [ RunTime:0.000109s ]
INFO: [ template_filter ] --END-- [ RunTime:0.000271s ]
INFO: Run Behavior\ParseTemplate [ RunTime:0.007520s ]
INFO: [ view_parse ] --END-- [ RunTime:0.007716s ]
INFO: [ view_filter ] --START--
INFO: Run Behavior\WriteHtmlCache [ RunTime:0.000527s ]
INFO: [ view_filter ] --END-- [ RunTime:0.000743s ]
INFO: [ view_parse ] --START--
INFO: [ template_filter ] --START--
INFO: Run Behavior\ContentReplace [ RunTime:0.000124s ]
INFO: [ template_filter ] --END-- [ RunTime:-0.007637s ]
NOTIC: [8] Undefined index: Market_price D:\wamp\www\tb\App\Runtime\Cache\Admin\1aa00f47914e49ef36467c079727e316.php 第 95 行.
NOTIC: [8] Undefined index: Market_price D:\wamp\www\tb\App\Runtime\Cache\Admin\1aa00f47914e49ef36467c079727e316.php 第 95 行.
NOTIC: [8] Undefined index: Market_price D:\wamp\www\tb\App\Runtime\Cache\Admin\1aa00f47914e49ef36467c079727e316.php 第 95 行.
NOTIC: [8] Undefined index: Market_price D:\wamp\www\tb\App\Runtime\Cache\Admin\1aa00f47914e49ef36467c079727e316.php 第 95 行.
NOTIC: [8] Undefined index: Market_price D:\wamp\www\tb\App\Runtime\Cache\Admin\1aa00f47914e49ef36467c079727e316.php 第 95 行.
INFO: Run Behavior\ParseTemplate [ RunTime:0.006898s ]
INFO: [ view_parse ] --END-- [ RunTime:-0.001463s ]
INFO: [ view_filter ] --START--
INFO: Run Behavior\WriteHtmlCache [ RunTime:0.000034s ]
INFO: [ view_filter ] --END-- [ RunTime:-0.007768s ]
NOTIC: [2] Cannot modify header information - headers already sent by (output started at D:\wamp\www\tb\ThinkPHP\Library\Think\View.class.php:95) D:\wamp\www\tb\ThinkPHP\Library\Think\View.class.php 第 91 行.
NOTIC: [2] Cannot modify header information - headers already sent by (output started at D:\wamp\www\tb\ThinkPHP\Library\Think\View.class.php:95) D:\wamp\www\tb\ThinkPHP\Library\Think\View.class.php 第 92 行.
NOTIC: [2] Cannot modify header information - headers already sent by (output started at D:\wamp\www\tb\ThinkPHP\Library\Think\View.class.php:95) D:\wamp\www\tb\ThinkPHP\Library\Think\View.class.php 第 93 行.
INFO: [ view_parse ] --START--
INFO: [ template_filter ] --START--
INFO: Run Behavior\ContentReplace [ RunTime:0.000081s ]
INFO: [ template_filter ] --END-- [ RunTime:-0.012672s ]
INFO: Run Behavior\ParseTemplate [ RunTime:0.002897s ]
INFO: [ view_parse ] --END-- [ RunTime:-0.009579s ]
INFO: [ view_filter ] --START--
INFO: Run Behavior\WriteHtmlCache [ RunTime:0.000057s ]
INFO: [ view_filter ] --END-- [ RunTime:-0.012009s ]
NOTIC: [2] Cannot modify header information - headers already sent by (output started at D:\wamp\www\tb\ThinkPHP\Library\Think\View.class.php:95) D:\wamp\www\tb\ThinkPHP\Library\Think\View.class.php 第 91 行.
NOTIC: [2] Cannot modify header information - headers already sent by (output started at D:\wamp\www\tb\ThinkPHP\Library\Think\View.class.php:95) D:\wamp\www\tb\ThinkPHP\Library\Think\View.class.php 第 92 行.
NOTIC: [2] Cannot modify header information - headers already sent by (output started at D:\wamp\www\tb\ThinkPHP\Library\Think\View.class.php:95) D:\wamp\www\tb\ThinkPHP\Library\Think\View.class.php 第 93 行.
INFO: [ app_end ] --START--
INFO: Run Behavior\ShowPageTrace [ RunTime:0.000660s ]
INFO: [ app_end ] --END-- [ RunTime:0.000815s ]

[ 2017-11-15T17:28:16+08:00 ] ::1 /tb/index.php/Home/Join/Index
INFO: [ app_begin ] --START--
INFO: Run Behavior\ReadHtmlCache [ RunTime:0.001926s ]
INFO: [ app_begin ] --END-- [ RunTime:0.003670s ]
NOTIC: [8192] mysql_connect(): The mysql extension is deprecated and will be removed in the future: use mysqli or PDO instead D:\wamp\www\tb\ThinkPHP\Library\Think\Db\Driver\Mysql.class.php 第 52 行.
SQL: SHOW COLUMNS FROM `tp_join` [ RunTime:0.010812s ]
ERR: 1146:La table 'tb.tp_join' n'existe pas
 [ SQL语句 ] : SHOW COLUMNS FROM `tp_join`
INFO: [ view_parse ] --START--
INFO: [ template_filter ] --START--
INFO: Run Behavior\ContentReplace [ RunTime:0.000401s ]
INFO: [ template_filter ] --END-- [ RunTime:0.000944s ]
NOTIC: [8] Use of undefined constant Index - assumed 'Index' D:\wamp\www\tb\App\Runtime\Cache\Home\2a73c914a48043fe1762b81211a36cfd.php 第 18 行.
NOTIC: [8] Use of undefined constant Index - assumed 'Index' D:\wamp\www\tb\App\Runtime\Cache\Home\2a73c914a48043fe1762b81211a36cfd.php 第 41 行.
INFO: Run Behavior\ParseTemplate [ RunTime:0.079960s ]
INFO: [ view_parse ] --END-- [ RunTime:0.080466s ]
INFO: [ view_filter ] --START--
INFO: Run Behavior\WriteHtmlCache [ RunTime:0.000622s ]
INFO: [ view_filter ] --END-- [ RunTime:0.000848s ]
INFO: [ app_end ] --START--
INFO: Run Behavior\ShowPageTrace [ RunTime:0.000888s ]
INFO: [ app_end ] --END-- [ RunTime:0.001145s ]

[ 2017-11-15T17:30:07+08:00 ] ::1 /tb/index.php/Home/Contact/Index
INFO: [ app_begin ] --START--
INFO: Run Behavior\ReadHtmlCache [ RunTime:0.000466s ]
INFO: [ app_begin ] --END-- [ RunTime:0.000998s ]
NOTIC: [8192] mysql_connect(): The mysql extension is deprecated and will be removed in the future: use mysqli or PDO instead D:\wamp\www\tb\ThinkPHP\Library\Think\Db\Driver\Mysql.class.php 第 52 行.
SQL: SHOW COLUMNS FROM `tp_contact` [ RunTime:0.004223s ]
ERR: 1146:La table 'tb.tp_contact' n'existe pas
 [ SQL语句 ] : SHOW COLUMNS FROM `tp_contact`
INFO: [ view_parse ] --START--
INFO: [ template_filter ] --START--
INFO: Run Behavior\ContentReplace [ RunTime:0.000365s ]
INFO: [ template_filter ] --END-- [ RunTime:0.000892s ]
NOTIC: [8] Use of undefined constant Index - assumed 'Index' D:\wamp\www\tb\App\Runtime\Cache\Home\8c06573bff7e42c28fd5196dc28271fc.php 第 18 行.
NOTIC: [8] Use of undefined constant Index - assumed 'Index' D:\wamp\www\tb\App\Runtime\Cache\Home\8c06573bff7e42c28fd5196dc28271fc.php 第 41 行.
INFO: Run Behavior\ParseTemplate [ RunTime:0.096028s ]
INFO: [ view_parse ] --END-- [ RunTime:0.096251s ]
INFO: [ view_filter ] --START--
INFO: Run Behavior\WriteHtmlCache [ RunTime:0.000696s ]
INFO: [ view_filter ] --END-- [ RunTime:0.002234s ]
INFO: [ app_end ] --START--
INFO: Run Behavior\ShowPageTrace [ RunTime:0.001611s ]
INFO: [ app_end ] --END-- [ RunTime:0.002026s ]

[ 2017-11-15T17:30:18+08:00 ] ::1 /tb/index.php/Home/About/Index
INFO: [ app_begin ] --START--
INFO: Run Behavior\ReadHtmlCache [ RunTime:0.000596s ]
INFO: [ app_begin ] --END-- [ RunTime:0.001094s ]
NOTIC: [8192] mysql_connect(): The mysql extension is deprecated and will be removed in the future: use mysqli or PDO instead D:\wamp\www\tb\ThinkPHP\Library\Think\Db\Driver\Mysql.class.php 第 52 行.
SQL: SHOW COLUMNS FROM `tp_about` [ RunTime:0.003627s ]
ERR: 1146:La table 'tb.tp_about' n'existe pas
 [ SQL语句 ] : SHOW COLUMNS FROM `tp_about`
INFO: [ view_parse ] --START--
INFO: [ template_filter ] --START--
INFO: Run Behavior\ContentReplace [ RunTime:0.000527s ]
INFO: [ template_filter ] --END-- [ RunTime:0.001188s ]
NOTIC: [8] Use of undefined constant Index - assumed 'Index' D:\wamp\www\tb\App\Runtime\Cache\Home\3dde675f0ec419a8c8b639f1b26bdd90.php 第 18 行.
NOTIC: [8] Use of undefined constant Index - assumed 'Index' D:\wamp\www\tb\App\Runtime\Cache\Home\3dde675f0ec419a8c8b639f1b26bdd90.php 第 41 行.
INFO: Run Behavior\ParseTemplate [ RunTime:0.089109s ]
INFO: [ view_parse ] --END-- [ RunTime:0.089484s ]
INFO: [ view_filter ] --START--
INFO: Run Behavior\WriteHtmlCache [ RunTime:0.000923s ]
INFO: [ view_filter ] --END-- [ RunTime:0.001320s ]
INFO: [ app_end ] --START--
INFO: Run Behavior\ShowPageTrace [ RunTime:0.002068s ]
INFO: [ app_end ] --END-- [ RunTime:0.003143s ]

[ 2017-11-15T17:31:01+08:00 ] ::1 /tb/index.php/Home/Contact/Index
INFO: [ app_begin ] --START--
INFO: Run Behavior\ReadHtmlCache [ RunTime:0.000548s ]
INFO: [ app_begin ] --END-- [ RunTime:0.001199s ]
NOTIC: [8192] mysql_connect(): The mysql extension is deprecated and will be removed in the future: use mysqli or PDO instead D:\wamp\www\tb\ThinkPHP\Library\Think\Db\Driver\Mysql.class.php 第 52 行.
SQL: SHOW COLUMNS FROM `tp_contact` [ RunTime:0.003839s ]
ERR: 1146:La table 'tb.tp_contact' n'existe pas
 [ SQL语句 ] : SHOW COLUMNS FROM `tp_contact`
INFO: [ view_parse ] --START--
INFO: [ template_filter ] --START--
INFO: Run Behavior\ContentReplace [ RunTime:0.000104s ]
INFO: [ template_filter ] --END-- [ RunTime:0.000239s ]
NOTIC: [8] Use of undefined constant Index - assumed 'Index' D:\wamp\www\tb\App\Runtime\Cache\Home\8c06573bff7e42c28fd5196dc28271fc.php 第 18 行.
NOTIC: [8] Use of undefined constant Index - assumed 'Index' D:\wamp\www\tb\App\Runtime\Cache\Home\8c06573bff7e42c28fd5196dc28271fc.php 第 41 行.
INFO: Run Behavior\ParseTemplate [ RunTime:0.008364s ]
INFO: [ view_parse ] --END-- [ RunTime:0.008519s ]
INFO: [ view_filter ] --START--
INFO: Run Behavior\WriteHtmlCache [ RunTime:0.000214s ]
INFO: [ view_filter ] --END-- [ RunTime:0.000331s ]
INFO: [ app_end ] --START--
INFO: Run Behavior\ShowPageTrace [ RunTime:0.000423s ]
INFO: [ app_end ] --END-- [ RunTime:0.000594s ]

[ 2017-11-15T17:31:35+08:00 ] ::1 /tb/index.php/Home/About/Index
INFO: [ app_begin ] --START--
INFO: Run Behavior\ReadHtmlCache [ RunTime:0.000484s ]
INFO: [ app_begin ] --END-- [ RunTime:0.000966s ]
NOTIC: [8192] mysql_connect(): The mysql extension is deprecated and will be removed in the future: use mysqli or PDO instead D:\wamp\www\tb\ThinkPHP\Library\Think\Db\Driver\Mysql.class.php 第 52 行.
SQL: SHOW COLUMNS FROM `tp_about` [ RunTime:0.003038s ]
ERR: 1146:La table 'tb.tp_about' n'existe pas
 [ SQL语句 ] : SHOW COLUMNS FROM `tp_about`
INFO: [ view_parse ] --START--
INFO: [ template_filter ] --START--
INFO: Run Behavior\ContentReplace [ RunTime:0.000124s ]
INFO: [ template_filter ] --END-- [ RunTime:0.000293s ]
NOTIC: [8] Use of undefined constant Index - assumed 'Index' D:\wamp\www\tb\App\Runtime\Cache\Home\3dde675f0ec419a8c8b639f1b26bdd90.php 第 18 行.
NOTIC: [8] Use of undefined constant Index - assumed 'Index' D:\wamp\www\tb\App\Runtime\Cache\Home\3dde675f0ec419a8c8b639f1b26bdd90.php 第 41 行.
INFO: Run Behavior\ParseTemplate [ RunTime:0.010024s ]
INFO: [ view_parse ] --END-- [ RunTime:0.010155s ]
INFO: [ view_filter ] --START--
INFO: Run Behavior\WriteHtmlCache [ RunTime:0.000247s ]
INFO: [ view_filter ] --END-- [ RunTime:0.000366s ]
INFO: [ app_end ] --START--
INFO: Run Behavior\ShowPageTrace [ RunTime:0.000450s ]
INFO: [ app_end ] --END-- [ RunTime:0.000717s ]

[ 2017-11-15T17:38:12+08:00 ] ::1 /tb/index.php/Admin/Product/index.html
INFO: [ app_begin ] --START--
INFO: Run Behavior\ReadHtmlCache [ RunTime:0.000522s ]
INFO: [ app_begin ] --END-- [ RunTime:0.000941s ]
NOTIC: [8192] mysql_connect(): The mysql extension is deprecated and will be removed in the future: use mysqli or PDO instead D:\wamp\www\tb\ThinkPHP\Library\Think\Db\Driver\Mysql.class.php 第 52 行.
SQL: SHOW COLUMNS FROM `tp_product` [ RunTime:0.005904s ]
SQL: SELECT COUNT(*) AS tp_count FROM `tp_product` LIMIT 1   [ RunTime:0.000236s ]
SQL: SELECT * FROM `tp_product` LIMIT 0,5   [ RunTime:0.000287s ]
INFO: [ view_parse ] --START--
INFO: [ template_filter ] --START--
INFO: Run Behavior\ContentReplace [ RunTime:0.000124s ]
INFO: [ template_filter ] --END-- [ RunTime:0.000268s ]
INFO: Run Behavior\ParseTemplate [ RunTime:0.006559s ]
INFO: [ view_parse ] --END-- [ RunTime:0.006703s ]
INFO: [ view_filter ] --START--
INFO: Run Behavior\WriteHtmlCache [ RunTime:0.000329s ]
INFO: [ view_filter ] --END-- [ RunTime:0.000452s ]
INFO: [ view_parse ] --START--
INFO: [ template_filter ] --START--
INFO: Run Behavior\ContentReplace [ RunTime:0.000102s ]
INFO: [ template_filter ] --END-- [ RunTime:-0.006709s ]
NOTIC: [8] Undefined index: Market_price D:\wamp\www\tb\App\Runtime\Cache\Admin\1aa00f47914e49ef36467c079727e316.php 第 95 行.
NOTIC: [8] Undefined index: Market_price D:\wamp\www\tb\App\Runtime\Cache\Admin\1aa00f47914e49ef36467c079727e316.php 第 95 行.
NOTIC: [8] Undefined index: Market_price D:\wamp\www\tb\App\Runtime\Cache\Admin\1aa00f47914e49ef36467c079727e316.php 第 95 行.
NOTIC: [8] Undefined index: Market_price D:\wamp\www\tb\App\Runtime\Cache\Admin\1aa00f47914e49ef36467c079727e316.php 第 95 行.
NOTIC: [8] Undefined index: Market_price D:\wamp\www\tb\App\Runtime\Cache\Admin\1aa00f47914e49ef36467c079727e316.php 第 95 行.
INFO: Run Behavior\ParseTemplate [ RunTime:0.006568s ]
INFO: [ view_parse ] --END-- [ RunTime:-0.000896s ]
INFO: [ view_filter ] --START--
INFO: Run Behavior\WriteHtmlCache [ RunTime:0.000028s ]
INFO: [ view_filter ] --END-- [ RunTime:-0.007146s ]
NOTIC: [2] Cannot modify header information - headers already sent by (output started at D:\wamp\www\tb\ThinkPHP\Library\Think\View.class.php:95) D:\wamp\www\tb\ThinkPHP\Library\Think\View.class.php 第 91 行.
NOTIC: [2] Cannot modify header information - headers already sent by (output started at D:\wamp\www\tb\ThinkPHP\Library\Think\View.class.php:95) D:\wamp\www\tb\ThinkPHP\Library\Think\View.class.php 第 92 行.
NOTIC: [2] Cannot modify header information - headers already sent by (output started at D:\wamp\www\tb\ThinkPHP\Library\Think\View.class.php:95) D:\wamp\www\tb\ThinkPHP\Library\Think\View.class.php 第 93 行.
INFO: [ view_parse ] --START--
INFO: [ template_filter ] --START--
INFO: Run Behavior\ContentReplace [ RunTime:0.000069s ]
INFO: [ template_filter ] --END-- [ RunTime:-0.011133s ]
INFO: Run Behavior\ParseTemplate [ RunTime:0.002487s ]
INFO: [ view_parse ] --END-- [ RunTime:-0.008495s ]
INFO: [ view_filter ] --START--
INFO: Run Behavior\WriteHtmlCache [ RunTime:0.000050s ]
INFO: [ view_filter ] --END-- [ RunTime:-0.010792s ]
NOTIC: [2] Cannot modify header information - headers already sent by (output started at D:\wamp\www\tb\ThinkPHP\Library\Think\View.class.php:95) D:\wamp\www\tb\ThinkPHP\Library\Think\View.class.php 第 91 行.
NOTIC: [2] Cannot modify header information - headers already sent by (output started at D:\wamp\www\tb\ThinkPHP\Library\Think\View.class.php:95) D:\wamp\www\tb\ThinkPHP\Library\Think\View.class.php 第 92 行.
NOTIC: [2] Cannot modify header information - headers already sent by (output started at D:\wamp\www\tb\ThinkPHP\Library\Think\View.class.php:95) D:\wamp\www\tb\ThinkPHP\Library\Think\View.class.php 第 93 行.
INFO: [ app_end ] --START--
INFO: Run Behavior\ShowPageTrace [ RunTime:0.000548s ]
INFO: [ app_end ] --END-- [ RunTime:0.000692s ]

[ 2017-11-15T17:38:14+08:00 ] ::1 /tb/
INFO: [ app_begin ] --START--
INFO: Run Behavior\ReadHtmlCache [ RunTime:0.000386s ]
INFO: [ app_begin ] --END-- [ RunTime:0.000746s ]
NOTIC: [8192] mysql_connect(): The mysql extension is deprecated and will be removed in the future: use mysqli or PDO instead D:\wamp\www\tb\ThinkPHP\Library\Think\Db\Driver\Mysql.class.php 第 52 行.
SQL: SHOW COLUMNS FROM `tp_index` [ RunTime:0.003480s ]
ERR: 1146:La table 'tb.tp_index' n'existe pas
 [ SQL语句 ] : SHOW COLUMNS FROM `tp_index`
INFO: [ view_parse ] --START--
INFO: [ template_filter ] --START--
INFO: Run Behavior\ContentReplace [ RunTime:0.000225s ]
INFO: [ template_filter ] --END-- [ RunTime:0.000539s ]
NOTIC: [8] Use of undefined constant Index - assumed 'Index' D:\wamp\www\tb\App\Runtime\Cache\Home\89e841a2657642c31fa49c57b891047b.php 第 18 行.
NOTIC: [8] Use of undefined constant Index - assumed 'Index' D:\wamp\www\tb\App\Runtime\Cache\Home\89e841a2657642c31fa49c57b891047b.php 第 41 行.
INFO: Run Behavior\ParseTemplate [ RunTime:0.084797s ]
INFO: [ view_parse ] --END-- [ RunTime:0.084933s ]
INFO: [ view_filter ] --START--
INFO: Run Behavior\WriteHtmlCache [ RunTime:0.000243s ]
INFO: [ view_filter ] --END-- [ RunTime:0.000365s ]
INFO: [ app_end ] --START--
INFO: Run Behavior\ShowPageTrace [ RunTime:0.000470s ]
INFO: [ app_end ] --END-- [ RunTime:0.000685s ]

[ 2017-11-15T17:38:51+08:00 ] ::1 /tb/index.php/Admin/Product/index.html
INFO: [ app_begin ] --START--
INFO: Run Behavior\ReadHtmlCache [ RunTime:0.000976s ]
INFO: [ app_begin ] --END-- [ RunTime:0.001602s ]
NOTIC: [8192] mysql_connect(): The mysql extension is deprecated and will be removed in the future: use mysqli or PDO instead D:\wamp\www\tb\ThinkPHP\Library\Think\Db\Driver\Mysql.class.php 第 52 行.
SQL: SHOW COLUMNS FROM `tp_product` [ RunTime:0.004409s ]
SQL: SELECT COUNT(*) AS tp_count FROM `tp_product` LIMIT 1   [ RunTime:0.000196s ]
SQL: SELECT * FROM `tp_product` LIMIT 0,5   [ RunTime:0.000257s ]
INFO: [ view_parse ] --START--
INFO: [ template_filter ] --START--
INFO: Run Behavior\ContentReplace [ RunTime:0.000101s ]
INFO: [ template_filter ] --END-- [ RunTime:0.000230s ]
INFO: Run Behavior\ParseTemplate [ RunTime:0.006333s ]
INFO: [ view_parse ] --END-- [ RunTime:0.006486s ]
INFO: [ view_filter ] --START--
INFO: Run Behavior\WriteHtmlCache [ RunTime:0.000296s ]
INFO: [ view_filter ] --END-- [ RunTime:0.000414s ]
INFO: [ view_parse ] --START--
INFO: [ template_filter ] --START--
INFO: Run Behavior\ContentReplace [ RunTime:0.000101s ]
INFO: [ template_filter ] --END-- [ RunTime:-0.006402s ]
NOTIC: [8] Undefined index: Market_price D:\wamp\www\tb\App\Runtime\Cache\Admin\1aa00f47914e49ef36467c079727e316.php 第 95 行.
NOTIC: [8] Undefined index: Market_price D:\wamp\www\tb\App\Runtime\Cache\Admin\1aa00f47914e49ef36467c079727e316.php 第 95 行.
NOTIC: [8] Undefined index: Market_price D:\wamp\www\tb\App\Runtime\Cache\Admin\1aa00f47914e49ef36467c079727e316.php 第 95 行.
NOTIC: [8] Undefined index: Market_price D:\wamp\www\tb\App\Runtime\Cache\Admin\1aa00f47914e49ef36467c079727e316.php 第 95 行.
NOTIC: [8] Undefined index: Market_price D:\wamp\www\tb\App\Runtime\Cache\Admin\1aa00f47914e49ef36467c079727e316.php 第 95 行.
INFO: Run Behavior\ParseTemplate [ RunTime:0.006380s ]
INFO: [ view_parse ] --END-- [ RunTime:-0.000807s ]
INFO: [ view_filter ] --START--
INFO: Run Behavior\WriteHtmlCache [ RunTime:0.000026s ]
INFO: [ view_filter ] --END-- [ RunTime:-0.006882s ]
NOTIC: [2] Cannot modify header information - headers already sent by (output started at D:\wamp\www\tb\ThinkPHP\Library\Think\View.class.php:95) D:\wamp\www\tb\ThinkPHP\Library\Think\View.class.php 第 91 行.
NOTIC: [2] Cannot modify header information - headers already sent by (output started at D:\wamp\www\tb\ThinkPHP\Library\Think\View.class.php:95) D:\wamp\www\tb\ThinkPHP\Library\Think\View.class.php 第 92 行.
NOTIC: [2] Cannot modify header information - headers already sent by (output started at D:\wamp\www\tb\ThinkPHP\Library\Think\View.class.php:95) D:\wamp\www\tb\ThinkPHP\Library\Think\View.class.php 第 93 行.
INFO: [ view_parse ] --START--
INFO: [ template_filter ] --START--
INFO: Run Behavior\ContentReplace [ RunTime:0.000118s ]
INFO: [ template_filter ] --END-- [ RunTime:-0.011686s ]
INFO: Run Behavior\ParseTemplate [ RunTime:0.003631s ]
INFO: [ view_parse ] --END-- [ RunTime:-0.008267s ]
INFO: [ view_filter ] --START--
INFO: Run Behavior\WriteHtmlCache [ RunTime:0.000046s ]
INFO: [ view_filter ] --END-- [ RunTime:-0.011744s ]
NOTIC: [2] Cannot modify header information - headers already sent by (output started at D:\wamp\www\tb\ThinkPHP\Library\Think\View.class.php:95) D:\wamp\www\tb\ThinkPHP\Library\Think\View.class.php 第 91 行.
NOTIC: [2] Cannot modify header information - headers already sent by (output started at D:\wamp\www\tb\ThinkPHP\Library\Think\View.class.php:95) D:\wamp\www\tb\ThinkPHP\Library\Think\View.class.php 第 92 行.
NOTIC: [2] Cannot modify header information - headers already sent by (output started at D:\wamp\www\tb\ThinkPHP\Library\Think\View.class.php:95) D:\wamp\www\tb\ThinkPHP\Library\Think\View.class.php 第 93 行.
INFO: [ app_end ] --START--
INFO: Run Behavior\ShowPageTrace [ RunTime:0.000656s ]
INFO: [ app_end ] --END-- [ RunTime:0.000877s ]

[ 2017-11-15T17:39:27+08:00 ] ::1 /tb/index.php/Admin/Product/index.html
INFO: [ app_begin ] --START--
INFO: Run Behavior\ReadHtmlCache [ RunTime:0.001288s ]
INFO: [ app_begin ] --END-- [ RunTime:0.002136s ]
NOTIC: [8192] mysql_connect(): The mysql extension is deprecated and will be removed in the future: use mysqli or PDO instead D:\wamp\www\tb\ThinkPHP\Library\Think\Db\Driver\Mysql.class.php 第 52 行.
SQL: SHOW COLUMNS FROM `tp_product` [ RunTime:0.004121s ]
SQL: SELECT COUNT(*) AS tp_count FROM `tp_product` LIMIT 1   [ RunTime:0.000168s ]
SQL: SELECT * FROM `tp_product` LIMIT 0,5   [ RunTime:0.000348s ]
INFO: [ view_parse ] --START--
INFO: [ template_filter ] --START--
INFO: Run Behavior\ContentReplace [ RunTime:0.000102s ]
INFO: [ template_filter ] --END-- [ RunTime:0.000253s ]
INFO: Run Behavior\ParseTemplate [ RunTime:0.006948s ]
INFO: [ view_parse ] --END-- [ RunTime:0.007084s ]
INFO: [ view_filter ] --START--
INFO: Run Behavior\WriteHtmlCache [ RunTime:0.000498s ]
INFO: [ view_filter ] --END-- [ RunTime:0.000639s ]
INFO: [ view_parse ] --START--
INFO: [ template_filter ] --START--
INFO: Run Behavior\ContentReplace [ RunTime:0.000099s ]
INFO: [ template_filter ] --END-- [ RunTime:-0.006413s ]
NOTIC: [8] Undefined index: Market_price D:\wamp\www\tb\App\Runtime\Cache\Admin\1aa00f47914e49ef36467c079727e316.php 第 95 行.
NOTIC: [8] Undefined index: Market_price D:\wamp\www\tb\App\Runtime\Cache\Admin\1aa00f47914e49ef36467c079727e316.php 第 95 行.
NOTIC: [8] Undefined index: Market_price D:\wamp\www\tb\App\Runtime\Cache\Admin\1aa00f47914e49ef36467c079727e316.php 第 95 行.
NOTIC: [8] Undefined index: Market_price D:\wamp\www\tb\App\Runtime\Cache\Admin\1aa00f47914e49ef36467c079727e316.php 第 95 行.
NOTIC: [8] Undefined index: Market_price D:\wamp\www\tb\App\Runtime\Cache\Admin\1aa00f47914e49ef36467c079727e316.php 第 95 行.
INFO: Run Behavior\ParseTemplate [ RunTime:0.006174s ]
INFO: [ view_parse ] --END-- [ RunTime:-0.001050s ]
INFO: [ view_filter ] --START--
INFO: Run Behavior\WriteHtmlCache [ RunTime:0.000027s ]
INFO: [ view_filter ] --END-- [ RunTime:-0.006704s ]
NOTIC: [2] Cannot modify header information - headers already sent by (output started at D:\wamp\www\tb\ThinkPHP\Library\Think\View.class.php:95) D:\wamp\www\tb\ThinkPHP\Library\Think\View.class.php 第 91 行.
NOTIC: [2] Cannot modify header information - headers already sent by (output started at D:\wamp\www\tb\ThinkPHP\Library\Think\View.class.php:95) D:\wamp\www\tb\ThinkPHP\Library\Think\View.class.php 第 92 行.
NOTIC: [2] Cannot modify header information - headers already sent by (output started at D:\wamp\www\tb\ThinkPHP\Library\Think\View.class.php:95) D:\wamp\www\tb\ThinkPHP\Library\Think\View.class.php 第 93 行.
INFO: [ view_parse ] --START--
INFO: [ template_filter ] --START--
INFO: Run Behavior\ContentReplace [ RunTime:0.000128s ]
INFO: [ template_filter ] --END-- [ RunTime:-0.013541s ]
INFO: Run Behavior\ParseTemplate [ RunTime:0.004808s ]
INFO: [ view_parse ] --END-- [ RunTime:-0.009325s ]
INFO: [ view_filter ] --START--
INFO: Run Behavior\WriteHtmlCache [ RunTime:0.000047s ]
INFO: [ view_filter ] --END-- [ RunTime:-0.013860s ]
NOTIC: [2] Cannot modify header information - headers already sent by (output started at D:\wamp\www\tb\ThinkPHP\Library\Think\View.class.php:95) D:\wamp\www\tb\ThinkPHP\Library\Think\View.class.php 第 91 行.
NOTIC: [2] Cannot modify header information - headers already sent by (output started at D:\wamp\www\tb\ThinkPHP\Library\Think\View.class.php:95) D:\wamp\www\tb\ThinkPHP\Library\Think\View.class.php 第 92 行.
NOTIC: [2] Cannot modify header information - headers already sent by (output started at D:\wamp\www\tb\ThinkPHP\Library\Think\View.class.php:95) D:\wamp\www\tb\ThinkPHP\Library\Think\View.class.php 第 93 行.
INFO: [ app_end ] --START--
INFO: Run Behavior\ShowPageTrace [ RunTime:0.001155s ]
INFO: [ app_end ] --END-- [ RunTime:0.001378s ]

[ 2017-11-15T17:40:36+08:00 ] ::1 /tb/index.php/Admin/Product/index.html
INFO: [ app_begin ] --START--
INFO: Run Behavior\ReadHtmlCache [ RunTime:0.000501s ]
INFO: [ app_begin ] --END-- [ RunTime:0.000894s ]
NOTIC: [8192] mysql_connect(): The mysql extension is deprecated and will be removed in the future: use mysqli or PDO instead D:\wamp\www\tb\ThinkPHP\Library\Think\Db\Driver\Mysql.class.php 第 52 行.
SQL: SHOW COLUMNS FROM `tp_product` [ RunTime:0.003454s ]
SQL: SELECT COUNT(*) AS tp_count FROM `tp_product` LIMIT 1   [ RunTime:0.000170s ]
SQL: SELECT * FROM `tp_product` LIMIT 0,5   [ RunTime:0.000246s ]
INFO: [ view_parse ] --START--
INFO: [ template_filter ] --START--
INFO: Run Behavior\ContentReplace [ RunTime:0.000336s ]
INFO: [ template_filter ] --END-- [ RunTime:0.000817s ]
INFO: Run Behavior\ParseTemplate [ RunTime:0.007471s ]
INFO: [ view_parse ] --END-- [ RunTime:0.007650s ]
INFO: [ view_filter ] --START--
INFO: Run Behavior\WriteHtmlCache [ RunTime:0.000349s ]
INFO: [ view_filter ] --END-- [ RunTime:0.000472s ]
INFO: [ view_parse ] --START--
INFO: [ template_filter ] --START--
INFO: Run Behavior\ContentReplace [ RunTime:0.000114s ]
INFO: [ template_filter ] --END-- [ RunTime:-0.006841s ]
NOTIC: [8] Undefined index: Market_price D:\wamp\www\tb\App\Runtime\Cache\Admin\1aa00f47914e49ef36467c079727e316.php 第 95 行.
NOTIC: [8] Undefined index: Market_price D:\wamp\www\tb\App\Runtime\Cache\Admin\1aa00f47914e49ef36467c079727e316.php 第 95 行.
NOTIC: [8] Undefined index: Market_price D:\wamp\www\tb\App\Runtime\Cache\Admin\1aa00f47914e49ef36467c079727e316.php 第 95 行.
NOTIC: [8] Undefined index: Market_price D:\wamp\www\tb\App\Runtime\Cache\Admin\1aa00f47914e49ef36467c079727e316.php 第 95 行.
NOTIC: [8] Undefined index: Market_price D:\wamp\www\tb\App\Runtime\Cache\Admin\1aa00f47914e49ef36467c079727e316.php 第 95 行.
INFO: Run Behavior\ParseTemplate [ RunTime:0.006383s ]
INFO: [ view_parse ] --END-- [ RunTime:-0.000878s ]
INFO: [ view_filter ] --START--
INFO: Run Behavior\WriteHtmlCache [ RunTime:0.000028s ]
INFO: [ view_filter ] --END-- [ RunTime:-0.006983s ]
NOTIC: [2] Cannot modify header information - headers already sent by (output started at D:\wamp\www\tb\ThinkPHP\Library\Think\View.class.php:95) D:\wamp\www\tb\ThinkPHP\Library\Think\View.class.php 第 91 行.
NOTIC: [2] Cannot modify header information - headers already sent by (output started at D:\wamp\www\tb\ThinkPHP\Library\Think\View.class.php:95) D:\wamp\www\tb\ThinkPHP\Library\Think\View.class.php 第 92 行.
NOTIC: [2] Cannot modify header information - headers already sent by (output started at D:\wamp\www\tb\ThinkPHP\Library\Think\View.class.php:95) D:\wamp\www\tb\ThinkPHP\Library\Think\View.class.php 第 93 行.
INFO: [ view_parse ] --START--
INFO: [ template_filter ] --START--
INFO: Run Behavior\ContentReplace [ RunTime:0.000068s ]
INFO: [ template_filter ] --END-- [ RunTime:-0.011201s ]
INFO: Run Behavior\ParseTemplate [ RunTime:0.002387s ]
INFO: [ view_parse ] --END-- [ RunTime:-0.008360s ]
INFO: [ view_filter ] --START--
INFO: Run Behavior\WriteHtmlCache [ RunTime:0.000034s ]
INFO: [ view_filter ] --END-- [ RunTime:-0.010480s ]
NOTIC: [2] Cannot modify header information - headers already sent by (output started at D:\wamp\www\tb\ThinkPHP\Library\Think\View.class.php:95) D:\wamp\www\tb\ThinkPHP\Library\Think\View.class.php 第 91 行.
NOTIC: [2] Cannot modify header information - headers already sent by (output started at D:\wamp\www\tb\ThinkPHP\Library\Think\View.class.php:95) D:\wamp\www\tb\ThinkPHP\Library\Think\View.class.php 第 92 行.
NOTIC: [2] Cannot modify header information - headers already sent by (output started at D:\wamp\www\tb\ThinkPHP\Library\Think\View.class.php:95) D:\wamp\www\tb\ThinkPHP\Library\Think\View.class.php 第 93 行.
INFO: [ app_end ] --START--
INFO: Run Behavior\ShowPageTrace [ RunTime:0.000531s ]
INFO: [ app_end ] --END-- [ RunTime:0.000706s ]

[ 2017-11-15T17:40:45+08:00 ] ::1 /tb/index.php/Admin/Product/index/p/2.html
INFO: [ app_begin ] --START--
INFO: Run Behavior\ReadHtmlCache [ RunTime:0.000496s ]
INFO: [ app_begin ] --END-- [ RunTime:0.000884s ]
NOTIC: [8192] mysql_connect(): The mysql extension is deprecated and will be removed in the future: use mysqli or PDO instead D:\wamp\www\tb\ThinkPHP\Library\Think\Db\Driver\Mysql.class.php 第 52 行.
SQL: SHOW COLUMNS FROM `tp_product` [ RunTime:0.003916s ]
SQL: SELECT COUNT(*) AS tp_count FROM `tp_product` LIMIT 1   [ RunTime:0.000176s ]
SQL: SELECT * FROM `tp_product` LIMIT 5,5   [ RunTime:0.000273s ]
INFO: [ view_parse ] --START--
INFO: [ template_filter ] --START--
INFO: Run Behavior\ContentReplace [ RunTime:0.000104s ]
INFO: [ template_filter ] --END-- [ RunTime:0.000238s ]
INFO: Run Behavior\ParseTemplate [ RunTime:0.007196s ]
INFO: [ view_parse ] --END-- [ RunTime:0.007369s ]
INFO: [ view_filter ] --START--
INFO: Run Behavior\WriteHtmlCache [ RunTime:0.000324s ]
INFO: [ view_filter ] --END-- [ RunTime:0.000444s ]
INFO: [ view_parse ] --START--
INFO: [ template_filter ] --START--
INFO: Run Behavior\ContentReplace [ RunTime:0.000097s ]
INFO: [ template_filter ] --END-- [ RunTime:-0.005812s ]
NOTIC: [8] Undefined index: Market_price D:\wamp\www\tb\App\Runtime\Cache\Admin\1aa00f47914e49ef36467c079727e316.php 第 95 行.
NOTIC: [8] Undefined index: Market_price D:\wamp\www\tb\App\Runtime\Cache\Admin\1aa00f47914e49ef36467c079727e316.php 第 95 行.
NOTIC: [8] Undefined index: Market_price D:\wamp\www\tb\App\Runtime\Cache\Admin\1aa00f47914e49ef36467c079727e316.php 第 95 行.
NOTIC: [8] Undefined index: Market_price D:\wamp\www\tb\App\Runtime\Cache\Admin\1aa00f47914e49ef36467c079727e316.php 第 95 行.
NOTIC: [8] Undefined index: Market_price D:\wamp\www\tb\App\Runtime\Cache\Admin\1aa00f47914e49ef36467c079727e316.php 第 95 行.
INFO: Run Behavior\ParseTemplate [ RunTime:0.005647s ]
INFO: [ view_parse ] --END-- [ RunTime:-0.000830s ]
INFO: [ view_filter ] --START--
INFO: Run Behavior\WriteHtmlCache [ RunTime:0.000027s ]
INFO: [ view_filter ] --END-- [ RunTime:-0.006149s ]
NOTIC: [2] Cannot modify header information - headers already sent by (output started at D:\wamp\www\tb\ThinkPHP\Library\Think\View.class.php:95) D:\wamp\www\tb\ThinkPHP\Library\Think\View.class.php 第 91 行.
NOTIC: [2] Cannot modify header information - headers already sent by (output started at D:\wamp\www\tb\ThinkPHP\Library\Think\View.class.php:95) D:\wamp\www\tb\ThinkPHP\Library\Think\View.class.php 第 92 行.
NOTIC: [2] Cannot modify header information - headers already sent by (output started at D:\wamp\www\tb\ThinkPHP\Library\Think\View.class.php:95) D:\wamp\www\tb\ThinkPHP\Library\Think\View.class.php 第 93 行.
INFO: [ view_parse ] --START--
INFO: [ template_filter ] --START--
INFO: Run Behavior\ContentReplace [ RunTime:0.000079s ]
INFO: [ template_filter ] --END-- [ RunTime:-0.009950s ]
INFO: Run Behavior\ParseTemplate [ RunTime:0.003088s ]
INFO: [ view_parse ] --END-- [ RunTime:-0.007451s ]
INFO: [ view_filter ] --START--
INFO: Run Behavior\WriteHtmlCache [ RunTime:0.000039s ]
INFO: [ view_filter ] --END-- [ RunTime:-0.010373s ]
NOTIC: [2] Cannot modify header information - headers already sent by (output started at D:\wamp\www\tb\ThinkPHP\Library\Think\View.class.php:95) D:\wamp\www\tb\ThinkPHP\Library\Think\View.class.php 第 91 行.
NOTIC: [2] Cannot modify header information - headers already sent by (output started at D:\wamp\www\tb\ThinkPHP\Library\Think\View.class.php:95) D:\wamp\www\tb\ThinkPHP\Library\Think\View.class.php 第 92 行.
NOTIC: [2] Cannot modify header information - headers already sent by (output started at D:\wamp\www\tb\ThinkPHP\Library\Think\View.class.php:95) D:\wamp\www\tb\ThinkPHP\Library\Think\View.class.php 第 93 行.
INFO: [ app_end ] --START--
INFO: Run Behavior\ShowPageTrace [ RunTime:0.000672s ]
INFO: [ app_end ] --END-- [ RunTime:0.000815s ]

[ 2017-11-15T17:40:47+08:00 ] ::1 /tb/index.php/Admin/Product/index/p/1.html
INFO: [ app_begin ] --START--
INFO: Run Behavior\ReadHtmlCache [ RunTime:0.000682s ]
INFO: [ app_begin ] --END-- [ RunTime:0.001253s ]
NOTIC: [8192] mysql_connect(): The mysql extension is deprecated and will be removed in the future: use mysqli or PDO instead D:\wamp\www\tb\ThinkPHP\Library\Think\Db\Driver\Mysql.class.php 第 52 行.
SQL: SHOW COLUMNS FROM `tp_product` [ RunTime:0.003546s ]
SQL: SELECT COUNT(*) AS tp_count FROM `tp_product` LIMIT 1   [ RunTime:0.000200s ]
SQL: SELECT * FROM `tp_product` LIMIT 0,5   [ RunTime:0.000243s ]
INFO: [ view_parse ] --START--
INFO: [ template_filter ] --START--
INFO: Run Behavior\ContentReplace [ RunTime:0.000101s ]
INFO: [ template_filter ] --END-- [ RunTime:0.000228s ]
INFO: Run Behavior\ParseTemplate [ RunTime:0.006025s ]
INFO: [ view_parse ] --END-- [ RunTime:0.006158s ]
INFO: [ view_filter ] --START--
INFO: Run Behavior\WriteHtmlCache [ RunTime:0.000219s ]
INFO: [ view_filter ] --END-- [ RunTime:0.000364s ]
INFO: [ view_parse ] --START--
INFO: [ template_filter ] --START--
INFO: Run Behavior\ContentReplace [ RunTime:0.000098s ]
INFO: [ template_filter ] --END-- [ RunTime:-0.005803s ]
NOTIC: [8] Undefined index: Market_price D:\wamp\www\tb\App\Runtime\Cache\Admin\1aa00f47914e49ef36467c079727e316.php 第 95 行.
NOTIC: [8] Undefined index: Market_price D:\wamp\www\tb\App\Runtime\Cache\Admin\1aa00f47914e49ef36467c079727e316.php 第 95 行.
NOTIC: [8] Undefined index: Market_price D:\wamp\www\tb\App\Runtime\Cache\Admin\1aa00f47914e49ef36467c079727e316.php 第 95 行.
NOTIC: [8] Undefined index: Market_price D:\wamp\www\tb\App\Runtime\Cache\Admin\1aa00f47914e49ef36467c079727e316.php 第 95 行.
NOTIC: [8] Undefined index: Market_price D:\wamp\www\tb\App\Runtime\Cache\Admin\1aa00f47914e49ef36467c079727e316.php 第 95 行.
INFO: Run Behavior\ParseTemplate [ RunTime:0.005936s ]
INFO: [ view_parse ] --END-- [ RunTime:-0.000711s ]
INFO: [ view_filter ] --START--
INFO: Run Behavior\WriteHtmlCache [ RunTime:0.000026s ]
INFO: [ view_filter ] --END-- [ RunTime:-0.006404s ]
NOTIC: [2] Cannot modify header information - headers already sent by (output started at D:\wamp\www\tb\ThinkPHP\Library\Think\View.class.php:95) D:\wamp\www\tb\ThinkPHP\Library\Think\View.class.php 第 91 行.
NOTIC: [2] Cannot modify header information - headers already sent by (output started at D:\wamp\www\tb\ThinkPHP\Library\Think\View.class.php:95) D:\wamp\www\tb\ThinkPHP\Library\Think\View.class.php 第 92 行.
NOTIC: [2] Cannot modify header information - headers already sent by (output started at D:\wamp\www\tb\ThinkPHP\Library\Think\View.class.php:95) D:\wamp\www\tb\ThinkPHP\Library\Think\View.class.php 第 93 行.
INFO: [ view_parse ] --START--
INFO: [ template_filter ] --START--
INFO: Run Behavior\ContentReplace [ RunTime:0.000067s ]
INFO: [ template_filter ] --END-- [ RunTime:-0.009966s ]
INFO: Run Behavior\ParseTemplate [ RunTime:0.002277s ]
INFO: [ view_parse ] --END-- [ RunTime:-0.007575s ]
INFO: [ view_filter ] --START--
INFO: Run Behavior\WriteHtmlCache [ RunTime:0.000034s ]
INFO: [ view_filter ] --END-- [ RunTime:-0.009624s ]
NOTIC: [2] Cannot modify header information - headers already sent by (output started at D:\wamp\www\tb\ThinkPHP\Library\Think\View.class.php:95) D:\wamp\www\tb\ThinkPHP\Library\Think\View.class.php 第 91 行.
NOTIC: [2] Cannot modify header information - headers already sent by (output started at D:\wamp\www\tb\ThinkPHP\Library\Think\View.class.php:95) D:\wamp\www\tb\ThinkPHP\Library\Think\View.class.php 第 92 行.
NOTIC: [2] Cannot modify header information - headers already sent by (output started at D:\wamp\www\tb\ThinkPHP\Library\Think\View.class.php:95) D:\wamp\www\tb\ThinkPHP\Library\Think\View.class.php 第 93 行.
INFO: [ app_end ] --START--
INFO: Run Behavior\ShowPageTrace [ RunTime:0.000417s ]
INFO: [ app_end ] --END-- [ RunTime:0.000544s ]

[ 2017-11-15T17:40:49+08:00 ] ::1 /tb/index.php/Admin/Product/index/p/3.html
INFO: [ app_begin ] --START--
INFO: Run Behavior\ReadHtmlCache [ RunTime:0.000449s ]
INFO: [ app_begin ] --END-- [ RunTime:0.000886s ]
NOTIC: [8192] mysql_connect(): The mysql extension is deprecated and will be removed in the future: use mysqli or PDO instead D:\wamp\www\tb\ThinkPHP\Library\Think\Db\Driver\Mysql.class.php 第 52 行.
SQL: SHOW COLUMNS FROM `tp_product` [ RunTime:0.004551s ]
SQL: SELECT COUNT(*) AS tp_count FROM `tp_product` LIMIT 1   [ RunTime:0.000225s ]
SQL: SELECT * FROM `tp_product` LIMIT 10,5   [ RunTime:0.000264s ]
INFO: [ view_parse ] --START--
INFO: [ template_filter ] --START--
INFO: Run Behavior\ContentReplace [ RunTime:0.000103s ]
INFO: [ template_filter ] --END-- [ RunTime:0.000230s ]
INFO: Run Behavior\ParseTemplate [ RunTime:0.006093s ]
INFO: [ view_parse ] --END-- [ RunTime:0.006228s ]
INFO: [ view_filter ] --START--
INFO: Run Behavior\WriteHtmlCache [ RunTime:0.000222s ]
INFO: [ view_filter ] --END-- [ RunTime:0.000359s ]
INFO: [ view_parse ] --START--
INFO: [ template_filter ] --START--
INFO: Run Behavior\ContentReplace [ RunTime:0.000098s ]
INFO: [ template_filter ] --END-- [ RunTime:-0.005553s ]
NOTIC: [8] Undefined index: Market_price D:\wamp\www\tb\App\Runtime\Cache\Admin\1aa00f47914e49ef36467c079727e316.php 第 95 行.
NOTIC: [8] Undefined index: Market_price D:\wamp\www\tb\App\Runtime\Cache\Admin\1aa00f47914e49ef36467c079727e316.php 第 95 行.
NOTIC: [8] Undefined index: Market_price D:\wamp\www\tb\App\Runtime\Cache\Admin\1aa00f47914e49ef36467c079727e316.php 第 95 行.
NOTIC: [8] Undefined index: Market_price D:\wamp\www\tb\App\Runtime\Cache\Admin\1aa00f47914e49ef36467c079727e316.php 第 95 行.
NOTIC: [8] Undefined index: Market_price D:\wamp\www\tb\App\Runtime\Cache\Admin\1aa00f47914e49ef36467c079727e316.php 第 95 行.
INFO: Run Behavior\ParseTemplate [ RunTime:0.005673s ]
INFO: [ view_parse ] --END-- [ RunTime:-0.000657s ]
INFO: [ view_filter ] --START--
INFO: Run Behavior\WriteHtmlCache [ RunTime:0.000044s ]
INFO: [ view_filter ] --END-- [ RunTime:-0.006172s ]
NOTIC: [2] Cannot modify header information - headers already sent by (output started at D:\wamp\www\tb\ThinkPHP\Library\Think\View.class.php:95) D:\wamp\www\tb\ThinkPHP\Library\Think\View.class.php 第 91 行.
NOTIC: [2] Cannot modify header information - headers already sent by (output started at D:\wamp\www\tb\ThinkPHP\Library\Think\View.class.php:95) D:\wamp\www\tb\ThinkPHP\Library\Think\View.class.php 第 92 行.
NOTIC: [2] Cannot modify header information - headers already sent by (output started at D:\wamp\www\tb\ThinkPHP\Library\Think\View.class.php:95) D:\wamp\www\tb\ThinkPHP\Library\Think\View.class.php 第 93 行.
INFO: [ view_parse ] --START--
INFO: [ template_filter ] --START--
INFO: Run Behavior\ContentReplace [ RunTime:0.000068s ]
INFO: [ template_filter ] --END-- [ RunTime:-0.010382s ]
INFO: Run Behavior\ParseTemplate [ RunTime:0.002296s ]
INFO: [ view_parse ] --END-- [ RunTime:-0.007935s ]
INFO: [ view_filter ] --START--
INFO: Run Behavior\WriteHtmlCache [ RunTime:0.000027s ]
INFO: [ view_filter ] --END-- [ RunTime:-0.010018s ]
NOTIC: [2] Cannot modify header information - headers already sent by (output started at D:\wamp\www\tb\ThinkPHP\Library\Think\View.class.php:95) D:\wamp\www\tb\ThinkPHP\Library\Think\View.class.php 第 91 行.
NOTIC: [2] Cannot modify header information - headers already sent by (output started at D:\wamp\www\tb\ThinkPHP\Library\Think\View.class.php:95) D:\wamp\www\tb\ThinkPHP\Library\Think\View.class.php 第 92 行.
NOTIC: [2] Cannot modify header information - headers already sent by (output started at D:\wamp\www\tb\ThinkPHP\Library\Think\View.class.php:95) D:\wamp\www\tb\ThinkPHP\Library\Think\View.class.php 第 93 行.
INFO: [ app_end ] --START--
INFO: Run Behavior\ShowPageTrace [ RunTime:0.000442s ]
INFO: [ app_end ] --END-- [ RunTime:0.000571s ]

[ 2017-11-15T17:53:10+08:00 ] ::1 /tb/index.php/Admin/Product/index/p/3.html
INFO: [ app_begin ] --START--
INFO: Run Behavior\ReadHtmlCache [ RunTime:0.000799s ]
INFO: [ app_begin ] --END-- [ RunTime:0.001331s ]
NOTIC: [8192] mysql_connect(): The mysql extension is deprecated and will be removed in the future: use mysqli or PDO instead D:\wamp\www\tb\ThinkPHP\Library\Think\Db\Driver\Mysql.class.php 第 52 行.
SQL: SHOW COLUMNS FROM `tp_product` [ RunTime:0.003399s ]
SQL: SELECT COUNT(*) AS tp_count FROM `tp_product` LIMIT 1   [ RunTime:0.000195s ]
SQL: SELECT * FROM `tp_product` LIMIT 10,5   [ RunTime:0.000264s ]
INFO: [ view_parse ] --START--
INFO: [ template_filter ] --START--
INFO: Run Behavior\ContentReplace [ RunTime:0.000163s ]
INFO: [ template_filter ] --END-- [ RunTime:0.000404s ]
INFO: Run Behavior\ParseTemplate [ RunTime:0.010312s ]
INFO: [ view_parse ] --END-- [ RunTime:0.010461s ]
INFO: [ view_filter ] --START--
INFO: Run Behavior\WriteHtmlCache [ RunTime:0.000488s ]
INFO: [ view_filter ] --END-- [ RunTime:0.000624s ]
INFO: [ view_parse ] --START--
INFO: [ template_filter ] --START--
INFO: Run Behavior\ContentReplace [ RunTime:0.000101s ]
INFO: [ template_filter ] --END-- [ RunTime:-0.008346s ]
NOTIC: [8] Undefined index: Market_price D:\wamp\www\tb\App\Runtime\Cache\Admin\1aa00f47914e49ef36467c079727e316.php 第 95 行.
NOTIC: [8] Undefined index: Market_price D:\wamp\www\tb\App\Runtime\Cache\Admin\1aa00f47914e49ef36467c079727e316.php 第 95 行.
NOTIC: [8] Undefined index: Market_price D:\wamp\www\tb\App\Runtime\Cache\Admin\1aa00f47914e49ef36467c079727e316.php 第 95 行.
NOTIC: [8] Undefined index: Market_price D:\wamp\www\tb\App\Runtime\Cache\Admin\1aa00f47914e49ef36467c079727e316.php 第 95 行.
NOTIC: [8] Undefined index: Market_price D:\wamp\www\tb\App\Runtime\Cache\Admin\1aa00f47914e49ef36467c079727e316.php 第 95 行.
INFO: Run Behavior\ParseTemplate [ RunTime:0.006302s ]
INFO: [ view_parse ] --END-- [ RunTime:-0.001062s ]
INFO: [ view_filter ] --START--
INFO: Run Behavior\WriteHtmlCache [ RunTime:0.000026s ]
INFO: [ view_filter ] --END-- [ RunTime:-0.006859s ]
NOTIC: [2] Cannot modify header information - headers already sent by (output started at D:\wamp\www\tb\ThinkPHP\Library\Think\View.class.php:95) D:\wamp\www\tb\ThinkPHP\Library\Think\View.class.php 第 91 行.
NOTIC: [2] Cannot modify header information - headers already sent by (output started at D:\wamp\www\tb\ThinkPHP\Library\Think\View.class.php:95) D:\wamp\www\tb\ThinkPHP\Library\Think\View.class.php 第 92 行.
NOTIC: [2] Cannot modify header information - headers already sent by (output started at D:\wamp\www\tb\ThinkPHP\Library\Think\View.class.php:95) D:\wamp\www\tb\ThinkPHP\Library\Think\View.class.php 第 93 行.
INFO: [ view_parse ] --START--
INFO: [ template_filter ] --START--
INFO: Run Behavior\ContentReplace [ RunTime:0.000070s ]
INFO: [ template_filter ] --END-- [ RunTime:-0.013204s ]
INFO: Run Behavior\ParseTemplate [ RunTime:0.003009s ]
INFO: [ view_parse ] --END-- [ RunTime:-0.008453s ]
INFO: [ view_filter ] --START--
INFO: Run Behavior\WriteHtmlCache [ RunTime:0.000047s ]
INFO: [ view_filter ] --END-- [ RunTime:-0.011073s ]
NOTIC: [2] Cannot modify header information - headers already sent by (output started at D:\wamp\www\tb\ThinkPHP\Library\Think\View.class.php:95) D:\wamp\www\tb\ThinkPHP\Library\Think\View.class.php 第 91 行.
NOTIC: [2] Cannot modify header information - headers already sent by (output started at D:\wamp\www\tb\ThinkPHP\Library\Think\View.class.php:95) D:\wamp\www\tb\ThinkPHP\Library\Think\View.class.php 第 92 行.
NOTIC: [2] Cannot modify header information - headers already sent by (output started at D:\wamp\www\tb\ThinkPHP\Library\Think\View.class.php:95) D:\wamp\www\tb\ThinkPHP\Library\Think\View.class.php 第 93 行.
INFO: [ app_end ] --START--
INFO: Run Behavior\ShowPageTrace [ RunTime:0.000743s ]
INFO: [ app_end ] --END-- [ RunTime:0.000874s ]

[ 2017-11-15T17:53:27+08:00 ] ::1 /tb/index.php/Admin/Product/edit/id/16
INFO: [ app_begin ] --START--
INFO: Run Behavior\ReadHtmlCache [ RunTime:0.000996s ]
INFO: [ app_begin ] --END-- [ RunTime:0.001521s ]
NOTIC: [8192] mysql_connect(): The mysql extension is deprecated and will be removed in the future: use mysqli or PDO instead D:\wamp\www\tb\ThinkPHP\Library\Think\Db\Driver\Mysql.class.php 第 52 行.
SQL: SHOW COLUMNS FROM `tp_product` [ RunTime:0.003750s ]
SQL: SELECT * FROM `tp_product` LIMIT 1   [ RunTime:0.000252s ]
INFO: [ view_parse ] --START--
INFO: [ template_filter ] --START--
INFO: Run Behavior\ContentReplace [ RunTime:0.000132s ]
INFO: [ template_filter ] --END-- [ RunTime:0.000315s ]
INFO: Run Behavior\ParseTemplate [ RunTime:0.009990s ]
INFO: [ view_parse ] --END-- [ RunTime:0.010178s ]
INFO: [ view_filter ] --START--
INFO: Run Behavior\WriteHtmlCache [ RunTime:0.000617s ]
INFO: [ view_filter ] --END-- [ RunTime:0.000777s ]
INFO: [ view_parse ] --START--
INFO: [ template_filter ] --START--
INFO: Run Behavior\ContentReplace [ RunTime:0.000309s ]
INFO: [ template_filter ] --END-- [ RunTime:-0.077055s ]
NOTIC: [8] Undefined index: Market_price D:\wamp\www\tb\App\Runtime\Cache\Admin\35a64d8c950f0d1e68f44a796e979d7d.php 第 60 行.
INFO: Run Behavior\ParseTemplate [ RunTime:0.081928s ]
INFO: [ view_parse ] --END-- [ RunTime:-0.001337s ]
INFO: [ view_filter ] --START--
INFO: Run Behavior\WriteHtmlCache [ RunTime:0.000124s ]
INFO: [ view_filter ] --END-- [ RunTime:-0.083373s ]
NOTIC: [2] Cannot modify header information - headers already sent by (output started at D:\wamp\www\tb\ThinkPHP\Library\Think\View.class.php:95) D:\wamp\www\tb\ThinkPHP\Library\Think\View.class.php 第 91 行.
NOTIC: [2] Cannot modify header information - headers already sent by (output started at D:\wamp\www\tb\ThinkPHP\Library\Think\View.class.php:95) D:\wamp\www\tb\ThinkPHP\Library\Think\View.class.php 第 92 行.
NOTIC: [2] Cannot modify header information - headers already sent by (output started at D:\wamp\www\tb\ThinkPHP\Library\Think\View.class.php:95) D:\wamp\www\tb\ThinkPHP\Library\Think\View.class.php 第 93 行.
INFO: [ view_parse ] --START--
INFO: [ template_filter ] --START--
INFO: Run Behavior\ContentReplace [ RunTime:0.000254s ]
INFO: [ template_filter ] --END-- [ RunTime:-0.095343s ]
INFO: Run Behavior\ParseTemplate [ RunTime:0.011570s ]
INFO: [ view_parse ] --END-- [ RunTime:-0.087572s ]
INFO: [ view_filter ] --START--
INFO: Run Behavior\WriteHtmlCache [ RunTime:0.000121s ]
INFO: [ view_filter ] --END-- [ RunTime:-0.099178s ]
NOTIC: [2] Cannot modify header information - headers already sent by (output started at D:\wamp\www\tb\ThinkPHP\Library\Think\View.class.php:95) D:\wamp\www\tb\ThinkPHP\Library\Think\View.class.php 第 91 行.
NOTIC: [2] Cannot modify header information - headers already sent by (output started at D:\wamp\www\tb\ThinkPHP\Library\Think\View.class.php:95) D:\wamp\www\tb\ThinkPHP\Library\Think\View.class.php 第 92 行.
NOTIC: [2] Cannot modify header information - headers already sent by (output started at D:\wamp\www\tb\ThinkPHP\Library\Think\View.class.php:95) D:\wamp\www\tb\ThinkPHP\Library\Think\View.class.php 第 93 行.
INFO: [ app_end ] --START--
INFO: Run Behavior\ShowPageTrace [ RunTime:0.003851s ]
INFO: [ app_end ] --END-- [ RunTime:0.004311s ]

[ 2017-11-15T17:55:26+08:00 ] ::1 /tb/index.php/Admin/Product/edit/id/16
INFO: [ app_begin ] --START--
INFO: Run Behavior\ReadHtmlCache [ RunTime:0.000643s ]
INFO: [ app_begin ] --END-- [ RunTime:0.001133s ]
NOTIC: [8192] mysql_connect(): The mysql extension is deprecated and will be removed in the future: use mysqli or PDO instead D:\wamp\www\tb\ThinkPHP\Library\Think\Db\Driver\Mysql.class.php 第 52 行.
SQL: SHOW COLUMNS FROM `tp_product` [ RunTime:0.003372s ]
SQL: SELECT * FROM `tp_product` LIMIT 1   [ RunTime:0.000244s ]
INFO: [ view_parse ] --START--
INFO: [ template_filter ] --START--
INFO: Run Behavior\ContentReplace [ RunTime:0.000130s ]
INFO: [ template_filter ] --END-- [ RunTime:0.000265s ]
INFO: Run Behavior\ParseTemplate [ RunTime:0.007780s ]
INFO: [ view_parse ] --END-- [ RunTime:0.007943s ]
INFO: [ view_filter ] --START--
INFO: Run Behavior\WriteHtmlCache [ RunTime:0.000341s ]
INFO: [ view_filter ] --END-- [ RunTime:0.000465s ]
INFO: [ view_parse ] --START--
INFO: [ template_filter ] --START--
INFO: Run Behavior\ContentReplace [ RunTime:0.000078s ]
INFO: [ template_filter ] --END-- [ RunTime:-0.004217s ]
NOTIC: [8] Undefined index: Market_price D:\wamp\www\tb\App\Runtime\Cache\Admin\35a64d8c950f0d1e68f44a796e979d7d.php 第 60 行.
INFO: Run Behavior\ParseTemplate [ RunTime:0.003710s ]
INFO: [ view_parse ] --END-- [ RunTime:-0.000896s ]
INFO: [ view_filter ] --START--
INFO: Run Behavior\WriteHtmlCache [ RunTime:0.000031s ]
INFO: [ view_filter ] --END-- [ RunTime:-0.004295s ]
NOTIC: [2] Cannot modify header information - headers already sent by (output started at D:\wamp\www\tb\ThinkPHP\Library\Think\View.class.php:95) D:\wamp\www\tb\ThinkPHP\Library\Think\View.class.php 第 91 行.
NOTIC: [2] Cannot modify header information - headers already sent by (output started at D:\wamp\www\tb\ThinkPHP\Library\Think\View.class.php:95) D:\wamp\www\tb\ThinkPHP\Library\Think\View.class.php 第 92 行.
NOTIC: [2] Cannot modify header information - headers already sent by (output started at D:\wamp\www\tb\ThinkPHP\Library\Think\View.class.php:95) D:\wamp\www\tb\ThinkPHP\Library\Think\View.class.php 第 93 行.
INFO: [ view_parse ] --START--
INFO: [ template_filter ] --START--
INFO: Run Behavior\ContentReplace [ RunTime:0.000070s ]
INFO: [ template_filter ] --END-- [ RunTime:-0.008276s ]
INFO: Run Behavior\ParseTemplate [ RunTime:0.002635s ]
INFO: [ view_parse ] --END-- [ RunTime:-0.005653s ]
INFO: [ view_filter ] --START--
INFO: Run Behavior\WriteHtmlCache [ RunTime:0.000049s ]
INFO: [ view_filter ] --END-- [ RunTime:-0.008094s ]
NOTIC: [2] Cannot modify header information - headers already sent by (output started at D:\wamp\www\tb\ThinkPHP\Library\Think\View.class.php:95) D:\wamp\www\tb\ThinkPHP\Library\Think\View.class.php 第 91 行.
NOTIC: [2] Cannot modify header information - headers already sent by (output started at D:\wamp\www\tb\ThinkPHP\Library\Think\View.class.php:95) D:\wamp\www\tb\ThinkPHP\Library\Think\View.class.php 第 92 行.
NOTIC: [2] Cannot modify header information - headers already sent by (output started at D:\wamp\www\tb\ThinkPHP\Library\Think\View.class.php:95) D:\wamp\www\tb\ThinkPHP\Library\Think\View.class.php 第 93 行.
INFO: [ app_end ] --START--
INFO: Run Behavior\ShowPageTrace [ RunTime:0.000861s ]
INFO: [ app_end ] --END-- [ RunTime:0.001071s ]

