[ 2017-11-30T16:18:11+08:00 ] ::1 /tb/
INFO: [ app_begin ] --START--
INFO: Run Behavior\ReadHtmlCache [ RunTime:0.001153s ]
INFO: [ app_begin ] --END-- [ RunTime:0.014593s ]
NOTIC: [8192] mysql_connect(): The mysql extension is deprecated and will be removed in the future: use mysqli or PDO instead D:\wamp\www\tb\ThinkPHP\Library\Think\Db\Driver\Mysql.class.php 第 52 行.
SQL: SHOW COLUMNS FROM `tp_index` [ RunTime:0.011623s ]
ERR: 1146:La table 'tb.tp_index' n'existe pas
 [ SQL语句 ] : SHOW COLUMNS FROM `tp_index`
INFO: [ view_parse ] --START--
INFO: [ template_filter ] --START--
INFO: Run Behavior\ContentReplace [ RunTime:0.000168s ]
INFO: [ template_filter ] --END-- [ RunTime:0.000377s ]
NOTIC: [8] Use of undefined constant Index - assumed 'Index' D:\wamp\www\tb\App\Runtime\Cache\Home\89e841a2657642c31fa49c57b891047b.php 第 18 行.
NOTIC: [8] Use of undefined constant Index - assumed 'Index' D:\wamp\www\tb\App\Runtime\Cache\Home\89e841a2657642c31fa49c57b891047b.php 第 41 行.
INFO: Run Behavior\ParseTemplate [ RunTime:0.132476s ]
INFO: [ view_parse ] --END-- [ RunTime:0.132647s ]
INFO: [ view_filter ] --START--
INFO: Run Behavior\WriteHtmlCache [ RunTime:0.009788s ]
INFO: [ view_filter ] --END-- [ RunTime:0.009939s ]
INFO: [ app_end ] --START--
INFO: Run Behavior\ShowPageTrace [ RunTime:0.001670s ]
INFO: [ app_end ] --END-- [ RunTime:0.001865s ]

[ 2017-11-30T16:26:59+08:00 ] ::1 /tb/
INFO: [ app_begin ] --START--
INFO: Run Behavior\ReadHtmlCache [ RunTime:0.000451s ]
INFO: [ app_begin ] --END-- [ RunTime:0.000875s ]
NOTIC: [8192] mysql_connect(): The mysql extension is deprecated and will be removed in the future: use mysqli or PDO instead D:\wamp\www\tb\ThinkPHP\Library\Think\Db\Driver\Mysql.class.php 第 52 行.
SQL: SHOW COLUMNS FROM `tp_index` [ RunTime:0.005610s ]
ERR: 1146:La table 'tb.tp_index' n'existe pas
 [ SQL语句 ] : SHOW COLUMNS FROM `tp_index`
INFO: [ view_parse ] --START--
INFO: [ template_filter ] --START--
INFO: Run Behavior\ContentReplace [ RunTime:0.000201s ]
INFO: [ template_filter ] --END-- [ RunTime:0.000451s ]
NOTIC: [8] Use of undefined constant Index - assumed 'Index' D:\wamp\www\tb\App\Runtime\Cache\Home\89e841a2657642c31fa49c57b891047b.php 第 18 行.
NOTIC: [8] Use of undefined constant Index - assumed 'Index' D:\wamp\www\tb\App\Runtime\Cache\Home\89e841a2657642c31fa49c57b891047b.php 第 41 行.
INFO: Run Behavior\ParseTemplate [ RunTime:0.017249s ]
INFO: [ view_parse ] --END-- [ RunTime:0.017507s ]
INFO: [ view_filter ] --START--
INFO: Run Behavior\WriteHtmlCache [ RunTime:0.000380s ]
INFO: [ view_filter ] --END-- [ RunTime:0.000602s ]
INFO: [ app_end ] --START--
INFO: Run Behavior\ShowPageTrace [ RunTime:0.000794s ]
INFO: [ app_end ] --END-- [ RunTime:0.001028s ]

[ 2017-11-30T16:33:24+08:00 ] ::1 /tb/
INFO: [ app_begin ] --START--
INFO: Run Behavior\ReadHtmlCache [ RunTime:0.000946s ]
INFO: [ app_begin ] --END-- [ RunTime:0.001697s ]
NOTIC: [8192] mysql_connect(): The mysql extension is deprecated and will be removed in the future: use mysqli or PDO instead D:\wamp\www\tb\ThinkPHP\Library\Think\Db\Driver\Mysql.class.php 第 52 行.
SQL: SHOW COLUMNS FROM `tp_index` [ RunTime:0.003624s ]
ERR: 1146:La table 'tb.tp_index' n'existe pas
 [ SQL语句 ] : SHOW COLUMNS FROM `tp_index`
INFO: [ view_parse ] --START--
INFO: [ template_filter ] --START--
INFO: Run Behavior\ContentReplace [ RunTime:0.000112s ]
INFO: [ template_filter ] --END-- [ RunTime:0.000246s ]
NOTIC: [8] Use of undefined constant Index - assumed 'Index' D:\wamp\www\tb\App\Runtime\Cache\Home\89e841a2657642c31fa49c57b891047b.php 第 18 行.
NOTIC: [8] Use of undefined constant Index - assumed 'Index' D:\wamp\www\tb\App\Runtime\Cache\Home\89e841a2657642c31fa49c57b891047b.php 第 41 行.
INFO: Run Behavior\ParseTemplate [ RunTime:0.009323s ]
INFO: [ view_parse ] --END-- [ RunTime:0.009469s ]
INFO: [ view_filter ] --START--
INFO: Run Behavior\WriteHtmlCache [ RunTime:0.000312s ]
INFO: [ view_filter ] --END-- [ RunTime:0.000459s ]
INFO: [ app_end ] --START--
INFO: Run Behavior\ShowPageTrace [ RunTime:0.000746s ]
INFO: [ app_end ] --END-- [ RunTime:0.000954s ]

[ 2017-11-30T16:36:45+08:00 ] ::1 /tb/index.php/Home/News/Index
INFO: [ app_begin ] --START--
INFO: Run Behavior\ReadHtmlCache [ RunTime:0.000948s ]
INFO: [ app_begin ] --END-- [ RunTime:0.001539s ]
NOTIC: [8192] mysql_connect(): The mysql extension is deprecated and will be removed in the future: use mysqli or PDO instead D:\wamp\www\tb\ThinkPHP\Library\Think\Db\Driver\Mysql.class.php 第 52 行.
SQL: SHOW COLUMNS FROM `tp_news` [ RunTime:0.006458s ]
ERR: 1146:La table 'tb.tp_news' n'existe pas
 [ SQL语句 ] : SHOW COLUMNS FROM `tp_news`
SQL: SELECT COUNT(*) AS tp_count FROM `tp_news` LIMIT 1   [ RunTime:0.000792s ]
ERR: 1146:La table 'tb.tp_news' n'existe pas
 [ SQL语句 ] : SELECT COUNT(*) AS tp_count FROM `tp_news` LIMIT 1  
SQL: SELECT * FROM `tp_news` LIMIT 0,6   [ RunTime:0.000665s ]
ERR: 1146:La table 'tb.tp_news' n'existe pas
 [ SQL语句 ] : SELECT * FROM `tp_news` LIMIT 0,6  
INFO: [ view_parse ] --START--
INFO: [ template_filter ] --START--
INFO: Run Behavior\ContentReplace [ RunTime:0.000403s ]
INFO: [ template_filter ] --END-- [ RunTime:0.000829s ]
NOTIC: [8] Use of undefined constant Index - assumed 'Index' D:\wamp\www\tb\App\Runtime\Cache\Home\770f6937bdcad788b508b7fbbac911ab.php 第 18 行.
NOTIC: [8] Use of undefined constant Index - assumed 'Index' D:\wamp\www\tb\App\Runtime\Cache\Home\770f6937bdcad788b508b7fbbac911ab.php 第 41 行.
INFO: Run Behavior\ParseTemplate [ RunTime:0.032816s ]
INFO: [ view_parse ] --END-- [ RunTime:0.033136s ]
INFO: [ view_filter ] --START--
INFO: Run Behavior\WriteHtmlCache [ RunTime:0.000758s ]
INFO: [ view_filter ] --END-- [ RunTime:0.001051s ]
INFO: [ app_end ] --START--
INFO: Run Behavior\ShowPageTrace [ RunTime:0.001173s ]
INFO: [ app_end ] --END-- [ RunTime:0.001487s ]

[ 2017-11-30T16:36:50+08:00 ] ::1 /tb/index.php/Home/News/Index
INFO: [ app_begin ] --START--
INFO: Run Behavior\ReadHtmlCache [ RunTime:0.000503s ]
INFO: [ app_begin ] --END-- [ RunTime:0.001032s ]
NOTIC: [8192] mysql_connect(): The mysql extension is deprecated and will be removed in the future: use mysqli or PDO instead D:\wamp\www\tb\ThinkPHP\Library\Think\Db\Driver\Mysql.class.php 第 52 行.
SQL: SHOW COLUMNS FROM `tp_news` [ RunTime:0.002764s ]
ERR: 1146:La table 'tb.tp_news' n'existe pas
 [ SQL语句 ] : SHOW COLUMNS FROM `tp_news`
SQL: SELECT COUNT(*) AS tp_count FROM `tp_news` LIMIT 1   [ RunTime:0.000299s ]
ERR: 1146:La table 'tb.tp_news' n'existe pas
 [ SQL语句 ] : SELECT COUNT(*) AS tp_count FROM `tp_news` LIMIT 1  
SQL: SELECT * FROM `tp_news` LIMIT 0,6   [ RunTime:0.000368s ]
ERR: 1146:La table 'tb.tp_news' n'existe pas
 [ SQL语句 ] : SELECT * FROM `tp_news` LIMIT 0,6  
INFO: [ view_parse ] --START--
INFO: [ template_filter ] --START--
INFO: Run Behavior\ContentReplace [ RunTime:0.000162s ]
INFO: [ template_filter ] --END-- [ RunTime:0.000355s ]
NOTIC: [8] Use of undefined constant Index - assumed 'Index' D:\wamp\www\tb\App\Runtime\Cache\Home\770f6937bdcad788b508b7fbbac911ab.php 第 18 行.
NOTIC: [8] Use of undefined constant Index - assumed 'Index' D:\wamp\www\tb\App\Runtime\Cache\Home\770f6937bdcad788b508b7fbbac911ab.php 第 41 行.
INFO: Run Behavior\ParseTemplate [ RunTime:0.009190s ]
INFO: [ view_parse ] --END-- [ RunTime:0.009360s ]
INFO: [ view_filter ] --START--
INFO: Run Behavior\WriteHtmlCache [ RunTime:0.000229s ]
INFO: [ view_filter ] --END-- [ RunTime:0.000349s ]
INFO: [ app_end ] --START--
INFO: Run Behavior\ShowPageTrace [ RunTime:0.000431s ]
INFO: [ app_end ] --END-- [ RunTime:0.000566s ]

[ 2017-11-30T16:36:52+08:00 ] ::1 /tb/index.php/Home/Product/Index
INFO: [ app_begin ] --START--
INFO: Run Behavior\ReadHtmlCache [ RunTime:0.000385s ]
INFO: [ app_begin ] --END-- [ RunTime:0.000753s ]
NOTIC: [2048] Declaration of Home\Model\ProductModel::_after_select() should be compatible with Think\Model::_after_select(&$resultSet, $options) D:\wamp\www\tb\App\Home\Model\ProductModel.class.php 第 6 行.
NOTIC: [8192] mysql_connect(): The mysql extension is deprecated and will be removed in the future: use mysqli or PDO instead D:\wamp\www\tb\ThinkPHP\Library\Think\Db\Driver\Mysql.class.php 第 52 行.
SQL: SHOW COLUMNS FROM `tp_product` [ RunTime:0.005981s ]
SQL: SELECT COUNT(*) AS tp_count FROM `tp_product` LIMIT 1   [ RunTime:0.000214s ]
SQL: SELECT * FROM `tp_product` LIMIT 0,6   [ RunTime:0.000322s ]
INFO: [ view_parse ] --START--
INFO: [ template_filter ] --START--
INFO: Run Behavior\ContentReplace [ RunTime:0.000202s ]
INFO: [ template_filter ] --END-- [ RunTime:0.000439s ]
NOTIC: [8] Use of undefined constant Index - assumed 'Index' D:\wamp\www\tb\App\Runtime\Cache\Home\38c27383c280c2d393ce5b0363eeeb1a.php 第 18 行.
NOTIC: [8] Use of undefined constant Index - assumed 'Index' D:\wamp\www\tb\App\Runtime\Cache\Home\38c27383c280c2d393ce5b0363eeeb1a.php 第 41 行.
INFO: Run Behavior\ParseTemplate [ RunTime:0.034006s ]
INFO: [ view_parse ] --END-- [ RunTime:0.034143s ]
INFO: [ view_filter ] --START--
INFO: Run Behavior\WriteHtmlCache [ RunTime:0.000235s ]
INFO: [ view_filter ] --END-- [ RunTime:0.000358s ]
INFO: [ app_end ] --START--
INFO: Run Behavior\ShowPageTrace [ RunTime:0.000424s ]
INFO: [ app_end ] --END-- [ RunTime:0.000575s ]

[ 2017-11-30T16:36:54+08:00 ] ::1 /tb/index.php/Home/Join/Index
INFO: [ app_begin ] --START--
INFO: Run Behavior\ReadHtmlCache [ RunTime:0.000383s ]
INFO: [ app_begin ] --END-- [ RunTime:0.000759s ]
NOTIC: [8192] mysql_connect(): The mysql extension is deprecated and will be removed in the future: use mysqli or PDO instead D:\wamp\www\tb\ThinkPHP\Library\Think\Db\Driver\Mysql.class.php 第 52 行.
SQL: SHOW COLUMNS FROM `tp_join` [ RunTime:0.004516s ]
ERR: 1146:La table 'tb.tp_join' n'existe pas
 [ SQL语句 ] : SHOW COLUMNS FROM `tp_join`
INFO: [ view_parse ] --START--
INFO: [ template_filter ] --START--
INFO: Run Behavior\ContentReplace [ RunTime:0.000176s ]
INFO: [ template_filter ] --END-- [ RunTime:0.000426s ]
NOTIC: [8] Use of undefined constant Index - assumed 'Index' D:\wamp\www\tb\App\Runtime\Cache\Home\2a73c914a48043fe1762b81211a36cfd.php 第 18 行.
NOTIC: [8] Use of undefined constant Index - assumed 'Index' D:\wamp\www\tb\App\Runtime\Cache\Home\2a73c914a48043fe1762b81211a36cfd.php 第 41 行.
INFO: Run Behavior\ParseTemplate [ RunTime:0.048227s ]
INFO: [ view_parse ] --END-- [ RunTime:0.048411s ]
INFO: [ view_filter ] --START--
INFO: Run Behavior\WriteHtmlCache [ RunTime:0.000301s ]
INFO: [ view_filter ] --END-- [ RunTime:0.000437s ]
INFO: [ app_end ] --START--
INFO: Run Behavior\ShowPageTrace [ RunTime:0.000418s ]
INFO: [ app_end ] --END-- [ RunTime:0.000546s ]

[ 2017-11-30T16:36:58+08:00 ] ::1 /tb/index.php/Home/Video/Index
INFO: [ app_begin ] --START--
INFO: Run Behavior\ReadHtmlCache [ RunTime:0.000473s ]
INFO: [ app_begin ] --END-- [ RunTime:0.001010s ]
NOTIC: [8192] mysql_connect(): The mysql extension is deprecated and will be removed in the future: use mysqli or PDO instead D:\wamp\www\tb\ThinkPHP\Library\Think\Db\Driver\Mysql.class.php 第 52 行.
SQL: SHOW COLUMNS FROM `tp_video` [ RunTime:0.008123s ]
ERR: 1146:La table 'tb.tp_video' n'existe pas
 [ SQL语句 ] : SHOW COLUMNS FROM `tp_video`
SQL: SELECT COUNT(*) AS tp_count FROM `tp_video` LIMIT 1   [ RunTime:0.001922s ]
ERR: 1146:La table 'tb.tp_video' n'existe pas
 [ SQL语句 ] : SELECT COUNT(*) AS tp_count FROM `tp_video` LIMIT 1  
SQL: SELECT * FROM `tp_video` LIMIT 0,6   [ RunTime:0.000738s ]
ERR: 1146:La table 'tb.tp_video' n'existe pas
 [ SQL语句 ] : SELECT * FROM `tp_video` LIMIT 0,6  
INFO: [ view_parse ] --START--
INFO: [ template_filter ] --START--
INFO: Run Behavior\ContentReplace [ RunTime:0.000208s ]
INFO: [ template_filter ] --END-- [ RunTime:0.000467s ]
NOTIC: [8] Use of undefined constant Index - assumed 'Index' D:\wamp\www\tb\App\Runtime\Cache\Home\895027041ab9b753e6b477c70b4036ac.php 第 18 行.
NOTIC: [8] Use of undefined constant Index - assumed 'Index' D:\wamp\www\tb\App\Runtime\Cache\Home\895027041ab9b753e6b477c70b4036ac.php 第 41 行.
INFO: Run Behavior\ParseTemplate [ RunTime:0.030767s ]
INFO: [ view_parse ] --END-- [ RunTime:0.031597s ]
INFO: [ view_filter ] --START--
INFO: Run Behavior\WriteHtmlCache [ RunTime:0.000742s ]
INFO: [ view_filter ] --END-- [ RunTime:0.001687s ]
INFO: [ app_end ] --START--
INFO: Run Behavior\ShowPageTrace [ RunTime:0.001186s ]
INFO: [ app_end ] --END-- [ RunTime:0.001611s ]

[ 2017-11-30T16:37:03+08:00 ] ::1 /tb/index.php/Home/About/Index
INFO: [ app_begin ] --START--
INFO: Run Behavior\ReadHtmlCache [ RunTime:0.000441s ]
INFO: [ app_begin ] --END-- [ RunTime:0.000863s ]
NOTIC: [8192] mysql_connect(): The mysql extension is deprecated and will be removed in the future: use mysqli or PDO instead D:\wamp\www\tb\ThinkPHP\Library\Think\Db\Driver\Mysql.class.php 第 52 行.
SQL: SHOW COLUMNS FROM `tp_about` [ RunTime:0.003951s ]
ERR: 1146:La table 'tb.tp_about' n'existe pas
 [ SQL语句 ] : SHOW COLUMNS FROM `tp_about`
INFO: [ view_parse ] --START--
INFO: [ template_filter ] --START--
INFO: Run Behavior\ContentReplace [ RunTime:0.000439s ]
INFO: [ template_filter ] --END-- [ RunTime:0.000989s ]
NOTIC: [8] Use of undefined constant Index - assumed 'Index' D:\wamp\www\tb\App\Runtime\Cache\Home\3dde675f0ec419a8c8b639f1b26bdd90.php 第 18 行.
NOTIC: [8] Use of undefined constant Index - assumed 'Index' D:\wamp\www\tb\App\Runtime\Cache\Home\3dde675f0ec419a8c8b639f1b26bdd90.php 第 41 行.
INFO: Run Behavior\ParseTemplate [ RunTime:0.099156s ]
INFO: [ view_parse ] --END-- [ RunTime:0.099899s ]
INFO: [ view_filter ] --START--
INFO: Run Behavior\WriteHtmlCache [ RunTime:0.001043s ]
INFO: [ view_filter ] --END-- [ RunTime:0.001587s ]
INFO: [ app_end ] --START--
INFO: Run Behavior\ShowPageTrace [ RunTime:0.001519s ]
INFO: [ app_end ] --END-- [ RunTime:0.002050s ]

[ 2017-11-30T16:37:04+08:00 ] ::1 /tb/index.php/Home/Video/Index
INFO: [ app_begin ] --START--
INFO: Run Behavior\ReadHtmlCache [ RunTime:0.000443s ]
INFO: [ app_begin ] --END-- [ RunTime:0.000870s ]
NOTIC: [8192] mysql_connect(): The mysql extension is deprecated and will be removed in the future: use mysqli or PDO instead D:\wamp\www\tb\ThinkPHP\Library\Think\Db\Driver\Mysql.class.php 第 52 行.
SQL: SHOW COLUMNS FROM `tp_video` [ RunTime:0.003088s ]
ERR: 1146:La table 'tb.tp_video' n'existe pas
 [ SQL语句 ] : SHOW COLUMNS FROM `tp_video`
SQL: SELECT COUNT(*) AS tp_count FROM `tp_video` LIMIT 1   [ RunTime:0.000293s ]
ERR: 1146:La table 'tb.tp_video' n'existe pas
 [ SQL语句 ] : SELECT COUNT(*) AS tp_count FROM `tp_video` LIMIT 1  
SQL: SELECT * FROM `tp_video` LIMIT 0,6   [ RunTime:0.000274s ]
ERR: 1146:La table 'tb.tp_video' n'existe pas
 [ SQL语句 ] : SELECT * FROM `tp_video` LIMIT 0,6  
INFO: [ view_parse ] --START--
INFO: [ template_filter ] --START--
INFO: Run Behavior\ContentReplace [ RunTime:0.000132s ]
INFO: [ template_filter ] --END-- [ RunTime:0.000295s ]
NOTIC: [8] Use of undefined constant Index - assumed 'Index' D:\wamp\www\tb\App\Runtime\Cache\Home\895027041ab9b753e6b477c70b4036ac.php 第 18 行.
NOTIC: [8] Use of undefined constant Index - assumed 'Index' D:\wamp\www\tb\App\Runtime\Cache\Home\895027041ab9b753e6b477c70b4036ac.php 第 41 行.
INFO: Run Behavior\ParseTemplate [ RunTime:0.009962s ]
INFO: [ view_parse ] --END-- [ RunTime:0.010105s ]
INFO: [ view_filter ] --START--
INFO: Run Behavior\WriteHtmlCache [ RunTime:0.000217s ]
INFO: [ view_filter ] --END-- [ RunTime:0.000336s ]
INFO: [ app_end ] --START--
INFO: Run Behavior\ShowPageTrace [ RunTime:0.000428s ]
INFO: [ app_end ] --END-- [ RunTime:0.000579s ]

[ 2017-11-30T16:37:05+08:00 ] ::1 /tb/index.php/Home/About/Index
INFO: [ app_begin ] --START--
INFO: Run Behavior\ReadHtmlCache [ RunTime:0.000666s ]
INFO: [ app_begin ] --END-- [ RunTime:0.001341s ]
NOTIC: [8192] mysql_connect(): The mysql extension is deprecated and will be removed in the future: use mysqli or PDO instead D:\wamp\www\tb\ThinkPHP\Library\Think\Db\Driver\Mysql.class.php 第 52 行.
SQL: SHOW COLUMNS FROM `tp_about` [ RunTime:0.004202s ]
ERR: 1146:La table 'tb.tp_about' n'existe pas
 [ SQL语句 ] : SHOW COLUMNS FROM `tp_about`
INFO: [ view_parse ] --START--
INFO: [ template_filter ] --START--
INFO: Run Behavior\ContentReplace [ RunTime:0.000116s ]
INFO: [ template_filter ] --END-- [ RunTime:0.000259s ]
NOTIC: [8] Use of undefined constant Index - assumed 'Index' D:\wamp\www\tb\App\Runtime\Cache\Home\3dde675f0ec419a8c8b639f1b26bdd90.php 第 18 行.
NOTIC: [8] Use of undefined constant Index - assumed 'Index' D:\wamp\www\tb\App\Runtime\Cache\Home\3dde675f0ec419a8c8b639f1b26bdd90.php 第 41 行.
INFO: Run Behavior\ParseTemplate [ RunTime:0.008834s ]
INFO: [ view_parse ] --END-- [ RunTime:0.009018s ]
INFO: [ view_filter ] --START--
INFO: Run Behavior\WriteHtmlCache [ RunTime:0.000345s ]
INFO: [ view_filter ] --END-- [ RunTime:0.000553s ]
INFO: [ app_end ] --START--
INFO: Run Behavior\ShowPageTrace [ RunTime:0.000619s ]
INFO: [ app_end ] --END-- [ RunTime:0.000842s ]

[ 2017-11-30T16:37:11+08:00 ] ::1 /tb/index.php/Home/Video/Index
INFO: [ app_begin ] --START--
INFO: Run Behavior\ReadHtmlCache [ RunTime:0.000642s ]
INFO: [ app_begin ] --END-- [ RunTime:0.001247s ]
NOTIC: [8192] mysql_connect(): The mysql extension is deprecated and will be removed in the future: use mysqli or PDO instead D:\wamp\www\tb\ThinkPHP\Library\Think\Db\Driver\Mysql.class.php 第 52 行.
SQL: SHOW COLUMNS FROM `tp_video` [ RunTime:0.003138s ]
ERR: 1146:La table 'tb.tp_video' n'existe pas
 [ SQL语句 ] : SHOW COLUMNS FROM `tp_video`
SQL: SELECT COUNT(*) AS tp_count FROM `tp_video` LIMIT 1   [ RunTime:0.000306s ]
ERR: 1146:La table 'tb.tp_video' n'existe pas
 [ SQL语句 ] : SELECT COUNT(*) AS tp_count FROM `tp_video` LIMIT 1  
SQL: SELECT * FROM `tp_video` LIMIT 0,6   [ RunTime:0.000422s ]
ERR: 1146:La table 'tb.tp_video' n'existe pas
 [ SQL语句 ] : SELECT * FROM `tp_video` LIMIT 0,6  
INFO: [ view_parse ] --START--
INFO: [ template_filter ] --START--
INFO: Run Behavior\ContentReplace [ RunTime:0.000137s ]
INFO: [ template_filter ] --END-- [ RunTime:0.000293s ]
NOTIC: [8] Use of undefined constant Index - assumed 'Index' D:\wamp\www\tb\App\Runtime\Cache\Home\895027041ab9b753e6b477c70b4036ac.php 第 18 行.
NOTIC: [8] Use of undefined constant Index - assumed 'Index' D:\wamp\www\tb\App\Runtime\Cache\Home\895027041ab9b753e6b477c70b4036ac.php 第 41 行.
INFO: Run Behavior\ParseTemplate [ RunTime:0.010191s ]
INFO: [ view_parse ] --END-- [ RunTime:0.010362s ]
INFO: [ view_filter ] --START--
INFO: Run Behavior\WriteHtmlCache [ RunTime:0.000277s ]
INFO: [ view_filter ] --END-- [ RunTime:0.000422s ]
INFO: [ app_end ] --START--
INFO: Run Behavior\ShowPageTrace [ RunTime:0.000735s ]
INFO: [ app_end ] --END-- [ RunTime:0.001031s ]

[ 2017-11-30T16:38:07+08:00 ] ::1 /tb/index.php/Home/News/Index
INFO: [ app_begin ] --START--
INFO: Run Behavior\ReadHtmlCache [ RunTime:0.000455s ]
INFO: [ app_begin ] --END-- [ RunTime:0.000911s ]
NOTIC: [8192] mysql_connect(): The mysql extension is deprecated and will be removed in the future: use mysqli or PDO instead D:\wamp\www\tb\ThinkPHP\Library\Think\Db\Driver\Mysql.class.php 第 52 行.
SQL: SHOW COLUMNS FROM `tp_news` [ RunTime:0.003694s ]
ERR: 1146:La table 'tb.tp_news' n'existe pas
 [ SQL语句 ] : SHOW COLUMNS FROM `tp_news`
SQL: SELECT COUNT(*) AS tp_count FROM `tp_news` LIMIT 1   [ RunTime:0.000372s ]
ERR: 1146:La table 'tb.tp_news' n'existe pas
 [ SQL语句 ] : SELECT COUNT(*) AS tp_count FROM `tp_news` LIMIT 1  
SQL: SELECT * FROM `tp_news` LIMIT 0,6   [ RunTime:0.000294s ]
ERR: 1146:La table 'tb.tp_news' n'existe pas
 [ SQL语句 ] : SELECT * FROM `tp_news` LIMIT 0,6  
INFO: [ view_parse ] --START--
INFO: [ template_filter ] --START--
INFO: Run Behavior\ContentReplace [ RunTime:0.000130s ]
INFO: [ template_filter ] --END-- [ RunTime:0.000290s ]
NOTIC: [8] Use of undefined constant Index - assumed 'Index' D:\wamp\www\tb\App\Runtime\Cache\Home\770f6937bdcad788b508b7fbbac911ab.php 第 18 行.
NOTIC: [8] Use of undefined constant Index - assumed 'Index' D:\wamp\www\tb\App\Runtime\Cache\Home\770f6937bdcad788b508b7fbbac911ab.php 第 41 行.
INFO: Run Behavior\ParseTemplate [ RunTime:0.009928s ]
INFO: [ view_parse ] --END-- [ RunTime:0.010086s ]
INFO: [ view_filter ] --START--
INFO: Run Behavior\WriteHtmlCache [ RunTime:0.000287s ]
INFO: [ view_filter ] --END-- [ RunTime:0.000433s ]
INFO: [ app_end ] --START--
INFO: Run Behavior\ShowPageTrace [ RunTime:0.000697s ]
INFO: [ app_end ] --END-- [ RunTime:0.000936s ]

[ 2017-11-30T16:38:08+08:00 ] ::1 /tb/index.php/Home/Product/Index
INFO: [ app_begin ] --START--
INFO: Run Behavior\ReadHtmlCache [ RunTime:0.000572s ]
INFO: [ app_begin ] --END-- [ RunTime:0.001210s ]
NOTIC: [2048] Declaration of Home\Model\ProductModel::_after_select() should be compatible with Think\Model::_after_select(&$resultSet, $options) D:\wamp\www\tb\App\Home\Model\ProductModel.class.php 第 6 行.
NOTIC: [8192] mysql_connect(): The mysql extension is deprecated and will be removed in the future: use mysqli or PDO instead D:\wamp\www\tb\ThinkPHP\Library\Think\Db\Driver\Mysql.class.php 第 52 行.
SQL: SHOW COLUMNS FROM `tp_product` [ RunTime:0.025337s ]
SQL: SELECT COUNT(*) AS tp_count FROM `tp_product` LIMIT 1   [ RunTime:0.000168s ]
SQL: SELECT * FROM `tp_product` LIMIT 0,6   [ RunTime:0.000341s ]
INFO: [ view_parse ] --START--
INFO: [ template_filter ] --START--
INFO: Run Behavior\ContentReplace [ RunTime:0.000271s ]
INFO: [ template_filter ] --END-- [ RunTime:0.000587s ]
NOTIC: [8] Use of undefined constant Index - assumed 'Index' D:\wamp\www\tb\App\Runtime\Cache\Home\38c27383c280c2d393ce5b0363eeeb1a.php 第 18 行.
NOTIC: [8] Use of undefined constant Index - assumed 'Index' D:\wamp\www\tb\App\Runtime\Cache\Home\38c27383c280c2d393ce5b0363eeeb1a.php 第 41 行.
INFO: Run Behavior\ParseTemplate [ RunTime:0.013109s ]
INFO: [ view_parse ] --END-- [ RunTime:0.013282s ]
INFO: [ view_filter ] --START--
INFO: Run Behavior\WriteHtmlCache [ RunTime:0.000269s ]
INFO: [ view_filter ] --END-- [ RunTime:0.000435s ]
INFO: [ app_end ] --START--
INFO: Run Behavior\ShowPageTrace [ RunTime:0.000619s ]
INFO: [ app_end ] --END-- [ RunTime:0.000839s ]

[ 2017-11-30T16:38:09+08:00 ] ::1 /tb/index.php/Home/Video/Index
INFO: [ app_begin ] --START--
INFO: Run Behavior\ReadHtmlCache [ RunTime:0.000449s ]
INFO: [ app_begin ] --END-- [ RunTime:0.000890s ]
NOTIC: [8192] mysql_connect(): The mysql extension is deprecated and will be removed in the future: use mysqli or PDO instead D:\wamp\www\tb\ThinkPHP\Library\Think\Db\Driver\Mysql.class.php 第 52 行.
SQL: SHOW COLUMNS FROM `tp_video` [ RunTime:0.002925s ]
ERR: 1146:La table 'tb.tp_video' n'existe pas
 [ SQL语句 ] : SHOW COLUMNS FROM `tp_video`
SQL: SELECT COUNT(*) AS tp_count FROM `tp_video` LIMIT 1   [ RunTime:0.001485s ]
ERR: 1146:La table 'tb.tp_video' n'existe pas
 [ SQL语句 ] : SELECT COUNT(*) AS tp_count FROM `tp_video` LIMIT 1  
SQL: SELECT * FROM `tp_video` LIMIT 0,6   [ RunTime:0.000323s ]
ERR: 1146:La table 'tb.tp_video' n'existe pas
 [ SQL语句 ] : SELECT * FROM `tp_video` LIMIT 0,6  
INFO: [ view_parse ] --START--
INFO: [ template_filter ] --START--
INFO: Run Behavior\ContentReplace [ RunTime:0.000108s ]
INFO: [ template_filter ] --END-- [ RunTime:0.000237s ]
NOTIC: [8] Use of undefined constant Index - assumed 'Index' D:\wamp\www\tb\App\Runtime\Cache\Home\895027041ab9b753e6b477c70b4036ac.php 第 18 行.
NOTIC: [8] Use of undefined constant Index - assumed 'Index' D:\wamp\www\tb\App\Runtime\Cache\Home\895027041ab9b753e6b477c70b4036ac.php 第 41 行.
INFO: Run Behavior\ParseTemplate [ RunTime:0.008414s ]
INFO: [ view_parse ] --END-- [ RunTime:0.008546s ]
INFO: [ view_filter ] --START--
INFO: Run Behavior\WriteHtmlCache [ RunTime:0.000251s ]
INFO: [ view_filter ] --END-- [ RunTime:0.000368s ]
INFO: [ app_end ] --START--
INFO: Run Behavior\ShowPageTrace [ RunTime:0.000592s ]
INFO: [ app_end ] --END-- [ RunTime:0.000813s ]

[ 2017-11-30T16:38:10+08:00 ] ::1 /tb/index.php/Home/News/Index
INFO: [ app_begin ] --START--
INFO: Run Behavior\ReadHtmlCache [ RunTime:0.000469s ]
INFO: [ app_begin ] --END-- [ RunTime:0.000930s ]
NOTIC: [8192] mysql_connect(): The mysql extension is deprecated and will be removed in the future: use mysqli or PDO instead D:\wamp\www\tb\ThinkPHP\Library\Think\Db\Driver\Mysql.class.php 第 52 行.
SQL: SHOW COLUMNS FROM `tp_news` [ RunTime:0.003856s ]
ERR: 1146:La table 'tb.tp_news' n'existe pas
 [ SQL语句 ] : SHOW COLUMNS FROM `tp_news`
SQL: SELECT COUNT(*) AS tp_count FROM `tp_news` LIMIT 1   [ RunTime:0.000343s ]
ERR: 1146:La table 'tb.tp_news' n'existe pas
 [ SQL语句 ] : SELECT COUNT(*) AS tp_count FROM `tp_news` LIMIT 1  
SQL: SELECT * FROM `tp_news` LIMIT 0,6   [ RunTime:0.000308s ]
ERR: 1146:La table 'tb.tp_news' n'existe pas
 [ SQL语句 ] : SELECT * FROM `tp_news` LIMIT 0,6  
INFO: [ view_parse ] --START--
INFO: [ template_filter ] --START--
INFO: Run Behavior\ContentReplace [ RunTime:0.000176s ]
INFO: [ template_filter ] --END-- [ RunTime:0.000320s ]
NOTIC: [8] Use of undefined constant Index - assumed 'Index' D:\wamp\www\tb\App\Runtime\Cache\Home\770f6937bdcad788b508b7fbbac911ab.php 第 18 行.
NOTIC: [8] Use of undefined constant Index - assumed 'Index' D:\wamp\www\tb\App\Runtime\Cache\Home\770f6937bdcad788b508b7fbbac911ab.php 第 41 行.
INFO: Run Behavior\ParseTemplate [ RunTime:0.008411s ]
INFO: [ view_parse ] --END-- [ RunTime:0.008544s ]
INFO: [ view_filter ] --START--
INFO: Run Behavior\WriteHtmlCache [ RunTime:0.000242s ]
INFO: [ view_filter ] --END-- [ RunTime:0.000360s ]
INFO: [ app_end ] --START--
INFO: Run Behavior\ShowPageTrace [ RunTime:0.000427s ]
INFO: [ app_end ] --END-- [ RunTime:0.000558s ]

[ 2017-11-30T16:38:14+08:00 ] ::1 /tb/index.php/Home/Video/Index
INFO: [ app_begin ] --START--
INFO: Run Behavior\ReadHtmlCache [ RunTime:0.000451s ]
INFO: [ app_begin ] --END-- [ RunTime:0.000881s ]
NOTIC: [8192] mysql_connect(): The mysql extension is deprecated and will be removed in the future: use mysqli or PDO instead D:\wamp\www\tb\ThinkPHP\Library\Think\Db\Driver\Mysql.class.php 第 52 行.
SQL: SHOW COLUMNS FROM `tp_video` [ RunTime:0.003104s ]
ERR: 1146:La table 'tb.tp_video' n'existe pas
 [ SQL语句 ] : SHOW COLUMNS FROM `tp_video`
SQL: SELECT COUNT(*) AS tp_count FROM `tp_video` LIMIT 1   [ RunTime:0.000387s ]
ERR: 1146:La table 'tb.tp_video' n'existe pas
 [ SQL语句 ] : SELECT COUNT(*) AS tp_count FROM `tp_video` LIMIT 1  
SQL: SELECT * FROM `tp_video` LIMIT 0,6   [ RunTime:0.000369s ]
ERR: 1146:La table 'tb.tp_video' n'existe pas
 [ SQL语句 ] : SELECT * FROM `tp_video` LIMIT 0,6  
INFO: [ view_parse ] --START--
INFO: [ template_filter ] --START--
INFO: Run Behavior\ContentReplace [ RunTime:0.000131s ]
INFO: [ template_filter ] --END-- [ RunTime:0.000306s ]
NOTIC: [8] Use of undefined constant Index - assumed 'Index' D:\wamp\www\tb\App\Runtime\Cache\Home\895027041ab9b753e6b477c70b4036ac.php 第 18 行.
NOTIC: [8] Use of undefined constant Index - assumed 'Index' D:\wamp\www\tb\App\Runtime\Cache\Home\895027041ab9b753e6b477c70b4036ac.php 第 41 行.
INFO: Run Behavior\ParseTemplate [ RunTime:0.013890s ]
INFO: [ view_parse ] --END-- [ RunTime:0.014047s ]
INFO: [ view_filter ] --START--
INFO: Run Behavior\WriteHtmlCache [ RunTime:0.000270s ]
INFO: [ view_filter ] --END-- [ RunTime:0.000414s ]
INFO: [ app_end ] --START--
INFO: Run Behavior\ShowPageTrace [ RunTime:0.000479s ]
INFO: [ app_end ] --END-- [ RunTime:0.000634s ]

[ 2017-11-30T16:38:14+08:00 ] ::1 /tb/index.php/Home/News/Index
INFO: [ app_begin ] --START--
INFO: Run Behavior\ReadHtmlCache [ RunTime:0.000621s ]
INFO: [ app_begin ] --END-- [ RunTime:0.001148s ]
NOTIC: [8192] mysql_connect(): The mysql extension is deprecated and will be removed in the future: use mysqli or PDO instead D:\wamp\www\tb\ThinkPHP\Library\Think\Db\Driver\Mysql.class.php 第 52 行.
SQL: SHOW COLUMNS FROM `tp_news` [ RunTime:0.003404s ]
ERR: 1146:La table 'tb.tp_news' n'existe pas
 [ SQL语句 ] : SHOW COLUMNS FROM `tp_news`
SQL: SELECT COUNT(*) AS tp_count FROM `tp_news` LIMIT 1   [ RunTime:0.000330s ]
ERR: 1146:La table 'tb.tp_news' n'existe pas
 [ SQL语句 ] : SELECT COUNT(*) AS tp_count FROM `tp_news` LIMIT 1  
SQL: SELECT * FROM `tp_news` LIMIT 0,6   [ RunTime:0.000301s ]
ERR: 1146:La table 'tb.tp_news' n'existe pas
 [ SQL语句 ] : SELECT * FROM `tp_news` LIMIT 0,6  
INFO: [ view_parse ] --START--
INFO: [ template_filter ] --START--
INFO: Run Behavior\ContentReplace [ RunTime:0.000132s ]
INFO: [ template_filter ] --END-- [ RunTime:0.000296s ]
NOTIC: [8] Use of undefined constant Index - assumed 'Index' D:\wamp\www\tb\App\Runtime\Cache\Home\770f6937bdcad788b508b7fbbac911ab.php 第 18 行.
NOTIC: [8] Use of undefined constant Index - assumed 'Index' D:\wamp\www\tb\App\Runtime\Cache\Home\770f6937bdcad788b508b7fbbac911ab.php 第 41 行.
INFO: Run Behavior\ParseTemplate [ RunTime:0.010544s ]
INFO: [ view_parse ] --END-- [ RunTime:0.010702s ]
INFO: [ view_filter ] --START--
INFO: Run Behavior\WriteHtmlCache [ RunTime:0.000268s ]
INFO: [ view_filter ] --END-- [ RunTime:0.000415s ]
INFO: [ app_end ] --START--
INFO: Run Behavior\ShowPageTrace [ RunTime:0.000500s ]
INFO: [ app_end ] --END-- [ RunTime:0.000660s ]

[ 2017-11-30T16:38:16+08:00 ] ::1 /tb/index.php/Home/Video/Index
INFO: [ app_begin ] --START--
INFO: Run Behavior\ReadHtmlCache [ RunTime:0.000710s ]
INFO: [ app_begin ] --END-- [ RunTime:0.001455s ]
NOTIC: [8192] mysql_connect(): The mysql extension is deprecated and will be removed in the future: use mysqli or PDO instead D:\wamp\www\tb\ThinkPHP\Library\Think\Db\Driver\Mysql.class.php 第 52 行.
SQL: SHOW COLUMNS FROM `tp_video` [ RunTime:0.004069s ]
ERR: 1146:La table 'tb.tp_video' n'existe pas
 [ SQL语句 ] : SHOW COLUMNS FROM `tp_video`
SQL: SELECT COUNT(*) AS tp_count FROM `tp_video` LIMIT 1   [ RunTime:0.000355s ]
ERR: 1146:La table 'tb.tp_video' n'existe pas
 [ SQL语句 ] : SELECT COUNT(*) AS tp_count FROM `tp_video` LIMIT 1  
SQL: SELECT * FROM `tp_video` LIMIT 0,6   [ RunTime:0.000294s ]
ERR: 1146:La table 'tb.tp_video' n'existe pas
 [ SQL语句 ] : SELECT * FROM `tp_video` LIMIT 0,6  
INFO: [ view_parse ] --START--
INFO: [ template_filter ] --START--
INFO: Run Behavior\ContentReplace [ RunTime:0.000233s ]
INFO: [ template_filter ] --END-- [ RunTime:0.000502s ]
NOTIC: [8] Use of undefined constant Index - assumed 'Index' D:\wamp\www\tb\App\Runtime\Cache\Home\895027041ab9b753e6b477c70b4036ac.php 第 18 行.
NOTIC: [8] Use of undefined constant Index - assumed 'Index' D:\wamp\www\tb\App\Runtime\Cache\Home\895027041ab9b753e6b477c70b4036ac.php 第 41 行.
INFO: Run Behavior\ParseTemplate [ RunTime:0.010487s ]
INFO: [ view_parse ] --END-- [ RunTime:0.010631s ]
INFO: [ view_filter ] --START--
INFO: Run Behavior\WriteHtmlCache [ RunTime:0.000230s ]
INFO: [ view_filter ] --END-- [ RunTime:0.000351s ]
INFO: [ app_end ] --START--
INFO: Run Behavior\ShowPageTrace [ RunTime:0.000551s ]
INFO: [ app_end ] --END-- [ RunTime:0.000752s ]

