[ 2017-12-28T05:06:09+08:00 ] ::1 /tb/
INFO: [ app_begin ] --START--
INFO: Run Behavior\ReadHtmlCache [ RunTime:0.002179s ]
INFO: [ app_begin ] --END-- [ RunTime:0.003389s ]
NOTIC: [8192] mysql_connect(): The mysql extension is deprecated and will be removed in the future: use mysqli or PDO instead D:\wamp\www\tb\ThinkPHP\Library\Think\Db\Driver\Mysql.class.php 第 52 行.
SQL: SHOW COLUMNS FROM `tp_index` [ RunTime:0.024889s ]
ERR: 1146:La table 'tb.tp_index' n'existe pas
 [ SQL语句 ] : SHOW COLUMNS FROM `tp_index`
SQL: SHOW COLUMNS FROM `tp_category` [ RunTime:0.080416s ]
SQL: SELECT * FROM `tp_category` WHERE ( pid=0 ) LIMIT 100   [ RunTime:0.024039s ]
SQL: SELECT * FROM `tp_category` WHERE ( pid=1 ) LIMIT 100   [ RunTime:0.000301s ]
SQL: SELECT * FROM `tp_category` WHERE ( pid=2 ) LIMIT 100   [ RunTime:0.000238s ]
SQL: SELECT * FROM `tp_category` WHERE ( pid=3 ) LIMIT 100   [ RunTime:0.000242s ]
SQL: SELECT * FROM `tp_category` WHERE ( pid=4 ) LIMIT 100   [ RunTime:0.000254s ]
SQL: SELECT * FROM `tp_category` WHERE ( pid=5 ) LIMIT 100   [ RunTime:0.000221s ]
SQL: SELECT * FROM `tp_category` WHERE ( pid=6 ) LIMIT 100   [ RunTime:0.000269s ]
INFO: [ view_parse ] --START--
INFO: [ template_filter ] --START--
INFO: Run Behavior\ContentReplace [ RunTime:0.000132s ]
INFO: [ template_filter ] --END-- [ RunTime:0.000307s ]
NOTIC: [8] Undefined index: user D:\wamp\www\tb\App\Runtime\Cache\Home\89e841a2657642c31fa49c57b891047b.php 第 31 行.
NOTIC: [8] Use of undefined constant Index - assumed 'Index' D:\wamp\www\tb\App\Runtime\Cache\Home\89e841a2657642c31fa49c57b891047b.php 第 46 行.
INFO: Run Behavior\ParseTemplate [ RunTime:0.110262s ]
INFO: [ view_parse ] --END-- [ RunTime:0.110409s ]
INFO: [ view_filter ] --START--
INFO: Run Behavior\WriteHtmlCache [ RunTime:0.007908s ]
INFO: [ view_filter ] --END-- [ RunTime:0.008278s ]
INFO: [ app_end ] --START--
INFO: Run Behavior\ShowPageTrace [ RunTime:0.001931s ]
INFO: [ app_end ] --END-- [ RunTime:0.002175s ]

[ 2017-12-28T05:06:13+08:00 ] ::1 /tb/index.php/Home/Video/Index
INFO: [ app_begin ] --START--
INFO: Run Behavior\ReadHtmlCache [ RunTime:0.001099s ]
INFO: [ app_begin ] --END-- [ RunTime:0.002013s ]
NOTIC: [8192] mysql_connect(): The mysql extension is deprecated and will be removed in the future: use mysqli or PDO instead D:\wamp\www\tb\ThinkPHP\Library\Think\Db\Driver\Mysql.class.php 第 52 行.
SQL: SHOW COLUMNS FROM `tp_video` [ RunTime:0.003633s ]
ERR: 1146:La table 'tb.tp_video' n'existe pas
 [ SQL语句 ] : SHOW COLUMNS FROM `tp_video`
SQL: SHOW COLUMNS FROM `tp_category` [ RunTime:0.005379s ]
SQL: SELECT * FROM `tp_category` WHERE ( pid=0 ) LIMIT 100   [ RunTime:0.000333s ]
SQL: SELECT * FROM `tp_category` WHERE ( pid=1 ) LIMIT 100   [ RunTime:0.000259s ]
SQL: SELECT * FROM `tp_category` WHERE ( pid=2 ) LIMIT 100   [ RunTime:0.000298s ]
SQL: SELECT * FROM `tp_category` WHERE ( pid=3 ) LIMIT 100   [ RunTime:0.000262s ]
SQL: SELECT * FROM `tp_category` WHERE ( pid=4 ) LIMIT 100   [ RunTime:0.000258s ]
SQL: SELECT * FROM `tp_category` WHERE ( pid=5 ) LIMIT 100   [ RunTime:0.000210s ]
SQL: SELECT * FROM `tp_category` WHERE ( pid=6 ) LIMIT 100   [ RunTime:0.000273s ]
SQL: SELECT * FROM `tp_category` WHERE ( `remark` = 'Video' ) LIMIT 1   [ RunTime:0.011792s ]
SQL: SELECT * FROM `tp_category` WHERE ( `pid` = 2 )  [ RunTime:0.000244s ]
NOTIC: [8] Undefined variable: cid2 D:\wamp\www\tb\App\Home\Controller\PublicController.class.php 第 124 行.
SQL: SHOW COLUMNS FROM `tp_article` [ RunTime:0.019962s ]
NOTIC: [8] Undefined variable: ss D:\wamp\www\tb\App\Home\Controller\PublicController.class.php 第 134 行.
NOTIC: [2] explode() expects parameter 2 to be string, array given D:\wamp\www\tb\ThinkPHP\Library\Think\Model.class.php 第 1390 行.
SQL: SHOW COLUMNS FROM `` [ RunTime:0.000183s ]
ERR: 1103:Nom de table illégal: ''
 [ SQL语句 ] : SHOW COLUMNS FROM ``
SQL: SELECT COUNT(*) AS tp_count FROM `tp_article` `a` INNER JOIN tp_category as c ON a.cid = c.cid  WHERE ( a.verifystate = 1  and a.cid >= 11 and a.cid <= 12  ) LIMIT 1   [ RunTime:0.026146s ]
NOTIC: [8] Undefined variable: ss D:\wamp\www\tb\App\Home\Controller\PublicController.class.php 第 141 行.
NOTIC: [2] explode() expects parameter 2 to be string, array given D:\wamp\www\tb\ThinkPHP\Library\Think\Model.class.php 第 1390 行.
SQL: SHOW COLUMNS FROM `` [ RunTime:0.000232s ]
ERR: 1103:Nom de table illégal: ''
 [ SQL语句 ] : SHOW COLUMNS FROM ``
SQL: SELECT a.*,c.cid,c.name,c.pid,c.remark FROM `tp_article` `a` INNER JOIN tp_category as c ON a.cid = c.cid  WHERE ( a.verifystate = 1  and a.cid >= 11 and a.cid <= 12  ) ORDER BY a.sort desc,a.edit_time desc LIMIT 0,6   [ RunTime:0.009529s ]
INFO: [ view_parse ] --START--
INFO: [ template_filter ] --START--
INFO: Run Behavior\ContentReplace [ RunTime:0.000172s ]
INFO: [ template_filter ] --END-- [ RunTime:0.000626s ]
NOTIC: [8] Undefined index: user D:\wamp\www\tb\App\Runtime\Cache\Home\895027041ab9b753e6b477c70b4036ac.php 第 31 行.
NOTIC: [8] Use of undefined constant Index - assumed 'Index' D:\wamp\www\tb\App\Runtime\Cache\Home\895027041ab9b753e6b477c70b4036ac.php 第 46 行.
NOTIC: [8] Undefined index: index D:\wamp\www\tb\App\Runtime\Cache\Home\895027041ab9b753e6b477c70b4036ac.php 第 69 行.
NOTIC: [8] Undefined index: index D:\wamp\www\tb\App\Runtime\Cache\Home\895027041ab9b753e6b477c70b4036ac.php 第 69 行.
INFO: Run Behavior\ParseTemplate [ RunTime:0.065848s ]
INFO: [ view_parse ] --END-- [ RunTime:0.066357s ]
INFO: [ view_filter ] --START--
INFO: Run Behavior\WriteHtmlCache [ RunTime:0.001286s ]
INFO: [ view_filter ] --END-- [ RunTime:0.002300s ]
INFO: [ app_end ] --START--
INFO: Run Behavior\ShowPageTrace [ RunTime:0.000968s ]
INFO: [ app_end ] --END-- [ RunTime:0.001398s ]

[ 2017-12-28T05:06:13+08:00 ] ::1 /tb/index.php/Home/Video/info/id/10
INFO: [ app_begin ] --START--
INFO: Run Behavior\ReadHtmlCache [ RunTime:0.000392s ]
INFO: [ app_begin ] --END-- [ RunTime:0.000841s ]
NOTIC: [8192] mysql_connect(): The mysql extension is deprecated and will be removed in the future: use mysqli or PDO instead D:\wamp\www\tb\ThinkPHP\Library\Think\Db\Driver\Mysql.class.php 第 52 行.
SQL: SHOW COLUMNS FROM `tp_video` [ RunTime:0.008733s ]
ERR: 1146:La table 'tb.tp_video' n'existe pas
 [ SQL语句 ] : SHOW COLUMNS FROM `tp_video`
SQL: SHOW COLUMNS FROM `tp_category` [ RunTime:0.003720s ]
SQL: SELECT * FROM `tp_category` WHERE ( pid=0 ) LIMIT 100   [ RunTime:0.000330s ]
SQL: SELECT * FROM `tp_category` WHERE ( pid=1 ) LIMIT 100   [ RunTime:0.000262s ]
SQL: SELECT * FROM `tp_category` WHERE ( pid=2 ) LIMIT 100   [ RunTime:0.000256s ]
SQL: SELECT * FROM `tp_category` WHERE ( pid=3 ) LIMIT 100   [ RunTime:0.000396s ]
SQL: SELECT * FROM `tp_category` WHERE ( pid=4 ) LIMIT 100   [ RunTime:0.000438s ]
SQL: SELECT * FROM `tp_category` WHERE ( pid=5 ) LIMIT 100   [ RunTime:0.000334s ]
SQL: SELECT * FROM `tp_category` WHERE ( pid=6 ) LIMIT 100   [ RunTime:0.000371s ]
SQL: SHOW COLUMNS FROM `tp_article` [ RunTime:0.006631s ]
NOTIC: [2] explode() expects parameter 2 to be string, array given D:\wamp\www\tb\ThinkPHP\Library\Think\Model.class.php 第 1390 行.
SQL: SHOW COLUMNS FROM `` [ RunTime:0.000159s ]
ERR: 1103:Nom de table illégal: ''
 [ SQL语句 ] : SHOW COLUMNS FROM ``
SQL: SELECT a.*,c.cid,c.name,c.remark,c.pid FROM `tp_article` `a` INNER JOIN tp_category as c ON a.cid = c.cid  WHERE ( a.verifystate = 1 and a.id =10 ) LIMIT 1   [ RunTime:0.000387s ]
SQL: SELECT * FROM `tp_category` WHERE ( cid =2 ) LIMIT 1   [ RunTime:0.000213s ]
SQL: SHOW COLUMNS FROM `tp_article_description` [ RunTime:0.053608s ]
SQL: SELECT * FROM `tp_article_description` WHERE ( `product_id` = 10 ) LIMIT 1   [ RunTime:0.000291s ]
SQL: SELECT `id`,`title` FROM `tp_article` WHERE ( id<10 ) ORDER BY id desc LIMIT 1   [ RunTime:0.000257s ]
SQL: SELECT `id`,`title` FROM `tp_article` WHERE ( id>10 ) ORDER BY id desc LIMIT 1   [ RunTime:0.000223s ]
SQL: SELECT * FROM `tp_category` WHERE ( `remark` = 'Video' ) LIMIT 1   [ RunTime:0.000239s ]
SQL: SELECT * FROM `tp_category` WHERE ( `pid` = 2 )  [ RunTime:0.000239s ]
INFO: [ view_parse ] --START--
INFO: [ template_filter ] --START--
INFO: Run Behavior\ContentReplace [ RunTime:0.000083s ]
INFO: [ template_filter ] --END-- [ RunTime:0.000237s ]
INFO: Run Behavior\ParseTemplate [ RunTime:0.029587s ]
INFO: [ view_parse ] --END-- [ RunTime:0.029813s ]
INFO: [ view_filter ] --START--
INFO: Run Behavior\WriteHtmlCache [ RunTime:0.000270s ]
INFO: [ view_filter ] --END-- [ RunTime:0.000429s ]
INFO: [ app_end ] --START--
INFO: Run Behavior\ShowPageTrace [ RunTime:0.000444s ]
INFO: [ app_end ] --END-- [ RunTime:0.000575s ]

[ 2017-12-28T05:06:17+08:00 ] ::1 /tb/index.php/Home/News/Index
INFO: [ app_begin ] --START--
INFO: Run Behavior\ReadHtmlCache [ RunTime:0.000491s ]
INFO: [ app_begin ] --END-- [ RunTime:0.001049s ]
NOTIC: [8192] mysql_connect(): The mysql extension is deprecated and will be removed in the future: use mysqli or PDO instead D:\wamp\www\tb\ThinkPHP\Library\Think\Db\Driver\Mysql.class.php 第 52 行.
SQL: SHOW COLUMNS FROM `tp_news` [ RunTime:0.004648s ]
ERR: 1146:La table 'tb.tp_news' n'existe pas
 [ SQL语句 ] : SHOW COLUMNS FROM `tp_news`
SQL: SHOW COLUMNS FROM `tp_category` [ RunTime:0.006572s ]
SQL: SELECT * FROM `tp_category` WHERE ( pid=0 ) LIMIT 100   [ RunTime:0.000501s ]
SQL: SELECT * FROM `tp_category` WHERE ( pid=1 ) LIMIT 100   [ RunTime:0.000339s ]
SQL: SELECT * FROM `tp_category` WHERE ( pid=2 ) LIMIT 100   [ RunTime:0.000307s ]
SQL: SELECT * FROM `tp_category` WHERE ( pid=3 ) LIMIT 100   [ RunTime:0.000287s ]
SQL: SELECT * FROM `tp_category` WHERE ( pid=4 ) LIMIT 100   [ RunTime:0.000319s ]
SQL: SELECT * FROM `tp_category` WHERE ( pid=5 ) LIMIT 100   [ RunTime:0.000331s ]
SQL: SELECT * FROM `tp_category` WHERE ( pid=6 ) LIMIT 100   [ RunTime:0.000280s ]
SQL: SELECT * FROM `tp_category` WHERE ( `remark` = 'News' ) LIMIT 1   [ RunTime:0.000265s ]
SQL: SELECT * FROM `tp_category` WHERE ( `pid` = 3 )  [ RunTime:0.000259s ]
NOTIC: [8] Undefined variable: cid2 D:\wamp\www\tb\App\Home\Controller\PublicController.class.php 第 124 行.
SQL: SHOW COLUMNS FROM `tp_article` [ RunTime:0.005566s ]
NOTIC: [8] Undefined variable: ss D:\wamp\www\tb\App\Home\Controller\PublicController.class.php 第 134 行.
NOTIC: [2] explode() expects parameter 2 to be string, array given D:\wamp\www\tb\ThinkPHP\Library\Think\Model.class.php 第 1390 行.
SQL: SHOW COLUMNS FROM `` [ RunTime:0.000327s ]
ERR: 1103:Nom de table illégal: ''
 [ SQL语句 ] : SHOW COLUMNS FROM ``
SQL: SELECT COUNT(*) AS tp_count FROM `tp_article` `a` INNER JOIN tp_category as c ON a.cid = c.cid  WHERE ( a.verifystate = 1  and a.cid >= 13 and a.cid <= 15  ) LIMIT 1   [ RunTime:0.002806s ]
NOTIC: [8] Undefined variable: ss D:\wamp\www\tb\App\Home\Controller\PublicController.class.php 第 141 行.
NOTIC: [2] explode() expects parameter 2 to be string, array given D:\wamp\www\tb\ThinkPHP\Library\Think\Model.class.php 第 1390 行.
SQL: SHOW COLUMNS FROM `` [ RunTime:0.000208s ]
ERR: 1103:Nom de table illégal: ''
 [ SQL语句 ] : SHOW COLUMNS FROM ``
SQL: SELECT a.*,c.cid,c.name,c.pid,c.remark FROM `tp_article` `a` INNER JOIN tp_category as c ON a.cid = c.cid  WHERE ( a.verifystate = 1  and a.cid >= 13 and a.cid <= 15  ) ORDER BY a.sort desc,a.edit_time desc LIMIT 0,6   [ RunTime:0.000725s ]
INFO: [ view_parse ] --START--
INFO: [ template_filter ] --START--
INFO: Run Behavior\ContentReplace [ RunTime:0.000200s ]
INFO: [ template_filter ] --END-- [ RunTime:0.000462s ]
NOTIC: [8] Undefined index: user D:\wamp\www\tb\App\Runtime\Cache\Home\770f6937bdcad788b508b7fbbac911ab.php 第 31 行.
NOTIC: [8] Use of undefined constant Index - assumed 'Index' D:\wamp\www\tb\App\Runtime\Cache\Home\770f6937bdcad788b508b7fbbac911ab.php 第 46 行.
NOTIC: [8] Undefined index: index D:\wamp\www\tb\App\Runtime\Cache\Home\770f6937bdcad788b508b7fbbac911ab.php 第 70 行.
NOTIC: [8] Undefined index: index D:\wamp\www\tb\App\Runtime\Cache\Home\770f6937bdcad788b508b7fbbac911ab.php 第 70 行.
NOTIC: [8] Undefined index: index D:\wamp\www\tb\App\Runtime\Cache\Home\770f6937bdcad788b508b7fbbac911ab.php 第 70 行.
INFO: Run Behavior\ParseTemplate [ RunTime:0.043359s ]
INFO: [ view_parse ] --END-- [ RunTime:0.043574s ]
INFO: [ view_filter ] --START--
INFO: Run Behavior\WriteHtmlCache [ RunTime:0.000339s ]
INFO: [ view_filter ] --END-- [ RunTime:0.000549s ]
INFO: [ app_end ] --START--
INFO: Run Behavior\ShowPageTrace [ RunTime:0.000865s ]
INFO: [ app_end ] --END-- [ RunTime:0.001154s ]

[ 2017-12-28T05:06:18+08:00 ] ::1 /tb/index.php/Home/Product/Index
INFO: [ app_begin ] --START--
INFO: Run Behavior\ReadHtmlCache [ RunTime:0.000506s ]
INFO: [ app_begin ] --END-- [ RunTime:0.001042s ]
NOTIC: [2048] Declaration of Home\Model\ProductModel::_after_select() should be compatible with Think\Model::_after_select(&$resultSet, $options) D:\wamp\www\tb\App\Home\Model\ProductModel.class.php 第 6 行.
NOTIC: [8192] mysql_connect(): The mysql extension is deprecated and will be removed in the future: use mysqli or PDO instead D:\wamp\www\tb\ThinkPHP\Library\Think\Db\Driver\Mysql.class.php 第 52 行.
SQL: SHOW COLUMNS FROM `tp_product` [ RunTime:0.026627s ]
SQL: SHOW COLUMNS FROM `tp_category` [ RunTime:0.005748s ]
SQL: SELECT * FROM `tp_category` WHERE ( pid=0 ) LIMIT 100   [ RunTime:0.000339s ]
SQL: SELECT * FROM `tp_category` WHERE ( pid=1 ) LIMIT 100   [ RunTime:0.000261s ]
SQL: SELECT * FROM `tp_category` WHERE ( pid=2 ) LIMIT 100   [ RunTime:0.000254s ]
SQL: SELECT * FROM `tp_category` WHERE ( pid=3 ) LIMIT 100   [ RunTime:0.000249s ]
SQL: SELECT * FROM `tp_category` WHERE ( pid=4 ) LIMIT 100   [ RunTime:0.000252s ]
SQL: SELECT * FROM `tp_category` WHERE ( pid=5 ) LIMIT 100   [ RunTime:0.000241s ]
SQL: SELECT * FROM `tp_category` WHERE ( pid=6 ) LIMIT 100   [ RunTime:0.000271s ]
NOTIC: [8] Undefined variable: keywords D:\wamp\www\tb\App\Home\Controller\ProductController.class.php 第 12 行.
SQL: SELECT * FROM `tp_category` WHERE ( `remark` = 'Product' ) LIMIT 1   [ RunTime:0.000227s ]
SQL: SELECT * FROM `tp_category` WHERE ( `pid` = 4 )  [ RunTime:0.000247s ]
NOTIC: [8] Undefined variable: cid2 D:\wamp\www\tb\App\Home\Controller\PublicController.class.php 第 124 行.
SQL: SHOW COLUMNS FROM `tp_article` [ RunTime:0.003787s ]
NOTIC: [8] Undefined variable: ss D:\wamp\www\tb\App\Home\Controller\PublicController.class.php 第 134 行.
NOTIC: [2] explode() expects parameter 2 to be string, array given D:\wamp\www\tb\ThinkPHP\Library\Think\Model.class.php 第 1390 行.
SQL: SHOW COLUMNS FROM `` [ RunTime:0.000145s ]
ERR: 1103:Nom de table illégal: ''
 [ SQL语句 ] : SHOW COLUMNS FROM ``
SQL: SELECT COUNT(*) AS tp_count FROM `tp_article` `a` INNER JOIN tp_category as c ON a.cid = c.cid  WHERE ( a.verifystate = 1  and a.cid >= 20 and a.cid <= 22  ) LIMIT 1   [ RunTime:0.000326s ]
NOTIC: [8] Undefined variable: ss D:\wamp\www\tb\App\Home\Controller\PublicController.class.php 第 141 行.
NOTIC: [2] explode() expects parameter 2 to be string, array given D:\wamp\www\tb\ThinkPHP\Library\Think\Model.class.php 第 1390 行.
SQL: SHOW COLUMNS FROM `` [ RunTime:0.000152s ]
ERR: 1103:Nom de table illégal: ''
 [ SQL语句 ] : SHOW COLUMNS FROM ``
SQL: SELECT a.*,c.cid,c.name,c.pid,c.remark FROM `tp_article` `a` INNER JOIN tp_category as c ON a.cid = c.cid  WHERE ( a.verifystate = 1  and a.cid >= 20 and a.cid <= 22  ) ORDER BY a.sort desc,a.edit_time desc LIMIT 0,6   [ RunTime:0.000946s ]
INFO: [ view_parse ] --START--
INFO: [ template_filter ] --START--
INFO: Run Behavior\ContentReplace [ RunTime:0.000116s ]
INFO: [ template_filter ] --END-- [ RunTime:0.000260s ]
NOTIC: [8] Undefined index: user D:\wamp\www\tb\App\Runtime\Cache\Home\38c27383c280c2d393ce5b0363eeeb1a.php 第 31 行.
NOTIC: [8] Use of undefined constant Index - assumed 'Index' D:\wamp\www\tb\App\Runtime\Cache\Home\38c27383c280c2d393ce5b0363eeeb1a.php 第 46 行.
NOTIC: [8] Undefined index: index D:\wamp\www\tb\App\Runtime\Cache\Home\38c27383c280c2d393ce5b0363eeeb1a.php 第 68 行.
NOTIC: [8] Undefined index: index D:\wamp\www\tb\App\Runtime\Cache\Home\38c27383c280c2d393ce5b0363eeeb1a.php 第 68 行.
NOTIC: [8] Undefined index: index D:\wamp\www\tb\App\Runtime\Cache\Home\38c27383c280c2d393ce5b0363eeeb1a.php 第 68 行.
INFO: Run Behavior\ParseTemplate [ RunTime:0.040007s ]
INFO: [ view_parse ] --END-- [ RunTime:0.040259s ]
INFO: [ view_filter ] --START--
INFO: Run Behavior\WriteHtmlCache [ RunTime:0.000363s ]
INFO: [ view_filter ] --END-- [ RunTime:0.000630s ]
INFO: [ app_end ] --START--
INFO: Run Behavior\ShowPageTrace [ RunTime:0.000672s ]
INFO: [ app_end ] --END-- [ RunTime:0.000926s ]

[ 2017-12-28T05:06:19+08:00 ] ::1 /tb/index.php/Home/Join/Index
INFO: [ app_begin ] --START--
INFO: Run Behavior\ReadHtmlCache [ RunTime:0.000442s ]
INFO: [ app_begin ] --END-- [ RunTime:0.000898s ]
NOTIC: [8192] mysql_connect(): The mysql extension is deprecated and will be removed in the future: use mysqli or PDO instead D:\wamp\www\tb\ThinkPHP\Library\Think\Db\Driver\Mysql.class.php 第 52 行.
SQL: SHOW COLUMNS FROM `tp_join` [ RunTime:0.005270s ]
ERR: 1146:La table 'tb.tp_join' n'existe pas
 [ SQL语句 ] : SHOW COLUMNS FROM `tp_join`
SQL: SHOW COLUMNS FROM `tp_category` [ RunTime:0.004070s ]
SQL: SELECT * FROM `tp_category` WHERE ( pid=0 ) LIMIT 100   [ RunTime:0.000299s ]
SQL: SELECT * FROM `tp_category` WHERE ( pid=1 ) LIMIT 100   [ RunTime:0.000221s ]
SQL: SELECT * FROM `tp_category` WHERE ( pid=2 ) LIMIT 100   [ RunTime:0.000210s ]
SQL: SELECT * FROM `tp_category` WHERE ( pid=3 ) LIMIT 100   [ RunTime:0.000246s ]
SQL: SELECT * FROM `tp_category` WHERE ( pid=4 ) LIMIT 100   [ RunTime:0.000233s ]
SQL: SELECT * FROM `tp_category` WHERE ( pid=5 ) LIMIT 100   [ RunTime:0.000223s ]
SQL: SELECT * FROM `tp_category` WHERE ( pid=6 ) LIMIT 100   [ RunTime:0.000295s ]
SQL: SELECT * FROM `tp_category` WHERE ( `remark` = 'Join' ) LIMIT 1   [ RunTime:0.000247s ]
SQL: SELECT * FROM `tp_category` WHERE ( `pid` = 5 )  [ RunTime:0.000242s ]
SQL: SHOW COLUMNS FROM `tp_article` [ RunTime:0.005067s ]
NOTIC: [2] explode() expects parameter 2 to be string, array given D:\wamp\www\tb\ThinkPHP\Library\Think\Model.class.php 第 1390 行.
SQL: SHOW COLUMNS FROM `` [ RunTime:0.000152s ]
ERR: 1103:Nom de table illégal: ''
 [ SQL语句 ] : SHOW COLUMNS FROM ``
SQL: SELECT a.*,c.cid,c.name,c.remark FROM `tp_article` `a` INNER JOIN tp_category as c ON a.cid = c.cid  WHERE ( a.verifystate = 1 and a.cid =18 ) LIMIT 1   [ RunTime:0.000371s ]
SQL: SHOW COLUMNS FROM `tp_article_description` [ RunTime:0.003985s ]
SQL: SELECT * FROM `tp_article_description` WHERE ( `product_id` = 5 ) LIMIT 1   [ RunTime:0.013424s ]
INFO: [ view_parse ] --START--
INFO: [ template_filter ] --START--
INFO: Run Behavior\ContentReplace [ RunTime:0.000105s ]
INFO: [ template_filter ] --END-- [ RunTime:0.000269s ]
NOTIC: [8] Undefined index: user D:\wamp\www\tb\App\Runtime\Cache\Home\2a73c914a48043fe1762b81211a36cfd.php 第 31 行.
NOTIC: [8] Use of undefined constant Index - assumed 'Index' D:\wamp\www\tb\App\Runtime\Cache\Home\2a73c914a48043fe1762b81211a36cfd.php 第 46 行.
NOTIC: [8] Undefined index: index D:\wamp\www\tb\App\Runtime\Cache\Home\2a73c914a48043fe1762b81211a36cfd.php 第 69 行.
NOTIC: [8] Undefined index: index D:\wamp\www\tb\App\Runtime\Cache\Home\2a73c914a48043fe1762b81211a36cfd.php 第 69 行.
INFO: Run Behavior\ParseTemplate [ RunTime:0.020169s ]
INFO: [ view_parse ] --END-- [ RunTime:0.020418s ]
INFO: [ view_filter ] --START--
INFO: Run Behavior\WriteHtmlCache [ RunTime:0.000350s ]
INFO: [ view_filter ] --END-- [ RunTime:0.000609s ]
INFO: [ app_end ] --START--
INFO: Run Behavior\ShowPageTrace [ RunTime:0.000795s ]
INFO: [ app_end ] --END-- [ RunTime:0.001074s ]

[ 2017-12-28T05:06:21+08:00 ] ::1 /tb/index.php/Home/Contact/Index
INFO: [ app_begin ] --START--
INFO: Run Behavior\ReadHtmlCache [ RunTime:0.000409s ]
INFO: [ app_begin ] --END-- [ RunTime:0.000814s ]
NOTIC: [8192] mysql_connect(): The mysql extension is deprecated and will be removed in the future: use mysqli or PDO instead D:\wamp\www\tb\ThinkPHP\Library\Think\Db\Driver\Mysql.class.php 第 52 行.
SQL: SHOW COLUMNS FROM `tp_contact` [ RunTime:0.055848s ]
ERR: 1146:La table 'tb.tp_contact' n'existe pas
 [ SQL语句 ] : SHOW COLUMNS FROM `tp_contact`
SQL: SHOW COLUMNS FROM `tp_category` [ RunTime:0.003883s ]
SQL: SELECT * FROM `tp_category` WHERE ( pid=0 ) LIMIT 100   [ RunTime:0.000300s ]
SQL: SELECT * FROM `tp_category` WHERE ( pid=1 ) LIMIT 100   [ RunTime:0.000216s ]
SQL: SELECT * FROM `tp_category` WHERE ( pid=2 ) LIMIT 100   [ RunTime:0.000200s ]
SQL: SELECT * FROM `tp_category` WHERE ( pid=3 ) LIMIT 100   [ RunTime:0.000192s ]
SQL: SELECT * FROM `tp_category` WHERE ( pid=4 ) LIMIT 100   [ RunTime:0.000204s ]
SQL: SELECT * FROM `tp_category` WHERE ( pid=5 ) LIMIT 100   [ RunTime:0.000197s ]
SQL: SELECT * FROM `tp_category` WHERE ( pid=6 ) LIMIT 100   [ RunTime:0.000246s ]
SQL: SELECT * FROM `tp_category` WHERE ( `remark` = 'Contact' ) LIMIT 1   [ RunTime:0.000323s ]
SQL: SELECT * FROM `tp_category` WHERE ( `pid` = 6 )  [ RunTime:0.000232s ]
SQL: SHOW COLUMNS FROM `tp_article` [ RunTime:0.004938s ]
NOTIC: [2] explode() expects parameter 2 to be string, array given D:\wamp\www\tb\ThinkPHP\Library\Think\Model.class.php 第 1390 行.
SQL: SHOW COLUMNS FROM `` [ RunTime:0.000123s ]
ERR: 1103:Nom de table illégal: ''
 [ SQL语句 ] : SHOW COLUMNS FROM ``
SQL: SELECT a.*,c.cid,c.name,c.remark FROM `tp_article` `a` INNER JOIN tp_category as c ON a.cid = c.cid  WHERE ( a.verifystate = 1 and a.cid =16 ) LIMIT 1   [ RunTime:0.000392s ]
SQL: SHOW COLUMNS FROM `tp_article_description` [ RunTime:0.003825s ]
SQL: SELECT * FROM `tp_article_description` WHERE ( `product_id` = 78 ) LIMIT 1   [ RunTime:0.000273s ]
INFO: [ view_parse ] --START--
INFO: [ template_filter ] --START--
INFO: Run Behavior\ContentReplace [ RunTime:0.000104s ]
INFO: [ template_filter ] --END-- [ RunTime:0.000266s ]
NOTIC: [8] Undefined index: user D:\wamp\www\tb\App\Runtime\Cache\Home\8c06573bff7e42c28fd5196dc28271fc.php 第 31 行.
NOTIC: [8] Use of undefined constant Index - assumed 'Index' D:\wamp\www\tb\App\Runtime\Cache\Home\8c06573bff7e42c28fd5196dc28271fc.php 第 46 行.
INFO: Run Behavior\ParseTemplate [ RunTime:0.018526s ]
INFO: [ view_parse ] --END-- [ RunTime:0.018714s ]
INFO: [ view_filter ] --START--
INFO: Run Behavior\WriteHtmlCache [ RunTime:0.000276s ]
INFO: [ view_filter ] --END-- [ RunTime:0.000444s ]
INFO: [ app_end ] --START--
INFO: Run Behavior\ShowPageTrace [ RunTime:0.000507s ]
INFO: [ app_end ] --END-- [ RunTime:0.000704s ]

[ 2017-12-28T05:06:22+08:00 ] ::1 /tb/index.php/Home/Index/Index
INFO: [ app_begin ] --START--
INFO: Run Behavior\ReadHtmlCache [ RunTime:0.000750s ]
INFO: [ app_begin ] --END-- [ RunTime:0.001455s ]
NOTIC: [8192] mysql_connect(): The mysql extension is deprecated and will be removed in the future: use mysqli or PDO instead D:\wamp\www\tb\ThinkPHP\Library\Think\Db\Driver\Mysql.class.php 第 52 行.
SQL: SHOW COLUMNS FROM `tp_index` [ RunTime:0.022625s ]
ERR: 1146:La table 'tb.tp_index' n'existe pas
 [ SQL语句 ] : SHOW COLUMNS FROM `tp_index`
SQL: SHOW COLUMNS FROM `tp_category` [ RunTime:0.003712s ]
SQL: SELECT * FROM `tp_category` WHERE ( pid=0 ) LIMIT 100   [ RunTime:0.000299s ]
SQL: SELECT * FROM `tp_category` WHERE ( pid=1 ) LIMIT 100   [ RunTime:0.000200s ]
SQL: SELECT * FROM `tp_category` WHERE ( pid=2 ) LIMIT 100   [ RunTime:0.000321s ]
SQL: SELECT * FROM `tp_category` WHERE ( pid=3 ) LIMIT 100   [ RunTime:0.000234s ]
SQL: SELECT * FROM `tp_category` WHERE ( pid=4 ) LIMIT 100   [ RunTime:0.000191s ]
SQL: SELECT * FROM `tp_category` WHERE ( pid=5 ) LIMIT 100   [ RunTime:0.000199s ]
SQL: SELECT * FROM `tp_category` WHERE ( pid=6 ) LIMIT 100   [ RunTime:0.000198s ]
INFO: [ view_parse ] --START--
INFO: [ template_filter ] --START--
INFO: Run Behavior\ContentReplace [ RunTime:0.000122s ]
INFO: [ template_filter ] --END-- [ RunTime:0.000291s ]
NOTIC: [8] Undefined index: user D:\wamp\www\tb\App\Runtime\Cache\Home\89e841a2657642c31fa49c57b891047b.php 第 31 行.
NOTIC: [8] Use of undefined constant Index - assumed 'Index' D:\wamp\www\tb\App\Runtime\Cache\Home\89e841a2657642c31fa49c57b891047b.php 第 46 行.
INFO: Run Behavior\ParseTemplate [ RunTime:0.013737s ]
INFO: [ view_parse ] --END-- [ RunTime:0.013922s ]
INFO: [ view_filter ] --START--
INFO: Run Behavior\WriteHtmlCache [ RunTime:0.000259s ]
INFO: [ view_filter ] --END-- [ RunTime:0.000427s ]
INFO: [ app_end ] --START--
INFO: Run Behavior\ShowPageTrace [ RunTime:0.000509s ]
INFO: [ app_end ] --END-- [ RunTime:0.000706s ]

[ 2017-12-28T05:06:24+08:00 ] ::1 /tb/index.php/Home/News/Index
INFO: [ app_begin ] --START--
INFO: Run Behavior\ReadHtmlCache [ RunTime:0.001060s ]
INFO: [ app_begin ] --END-- [ RunTime:0.001945s ]
NOTIC: [8192] mysql_connect(): The mysql extension is deprecated and will be removed in the future: use mysqli or PDO instead D:\wamp\www\tb\ThinkPHP\Library\Think\Db\Driver\Mysql.class.php 第 52 行.
SQL: SHOW COLUMNS FROM `tp_news` [ RunTime:0.007083s ]
ERR: 1146:La table 'tb.tp_news' n'existe pas
 [ SQL语句 ] : SHOW COLUMNS FROM `tp_news`
SQL: SHOW COLUMNS FROM `tp_category` [ RunTime:0.004750s ]
SQL: SELECT * FROM `tp_category` WHERE ( pid=0 ) LIMIT 100   [ RunTime:0.000447s ]
SQL: SELECT * FROM `tp_category` WHERE ( pid=1 ) LIMIT 100   [ RunTime:0.000330s ]
SQL: SELECT * FROM `tp_category` WHERE ( pid=2 ) LIMIT 100   [ RunTime:0.000231s ]
SQL: SELECT * FROM `tp_category` WHERE ( pid=3 ) LIMIT 100   [ RunTime:0.000212s ]
SQL: SELECT * FROM `tp_category` WHERE ( pid=4 ) LIMIT 100   [ RunTime:0.000203s ]
SQL: SELECT * FROM `tp_category` WHERE ( pid=5 ) LIMIT 100   [ RunTime:0.000259s ]
SQL: SELECT * FROM `tp_category` WHERE ( pid=6 ) LIMIT 100   [ RunTime:0.000692s ]
SQL: SELECT * FROM `tp_category` WHERE ( `remark` = 'News' ) LIMIT 1   [ RunTime:0.001454s ]
SQL: SELECT * FROM `tp_category` WHERE ( `pid` = 3 )  [ RunTime:0.000930s ]
NOTIC: [8] Undefined variable: cid2 D:\wamp\www\tb\App\Home\Controller\PublicController.class.php 第 124 行.
SQL: SHOW COLUMNS FROM `tp_article` [ RunTime:0.005384s ]
NOTIC: [8] Undefined variable: ss D:\wamp\www\tb\App\Home\Controller\PublicController.class.php 第 134 行.
NOTIC: [2] explode() expects parameter 2 to be string, array given D:\wamp\www\tb\ThinkPHP\Library\Think\Model.class.php 第 1390 行.
SQL: SHOW COLUMNS FROM `` [ RunTime:0.000107s ]
ERR: 1103:Nom de table illégal: ''
 [ SQL语句 ] : SHOW COLUMNS FROM ``
SQL: SELECT COUNT(*) AS tp_count FROM `tp_article` `a` INNER JOIN tp_category as c ON a.cid = c.cid  WHERE ( a.verifystate = 1  and a.cid >= 13 and a.cid <= 15  ) LIMIT 1   [ RunTime:0.000591s ]
NOTIC: [8] Undefined variable: ss D:\wamp\www\tb\App\Home\Controller\PublicController.class.php 第 141 行.
NOTIC: [2] explode() expects parameter 2 to be string, array given D:\wamp\www\tb\ThinkPHP\Library\Think\Model.class.php 第 1390 行.
SQL: SHOW COLUMNS FROM `` [ RunTime:0.000179s ]
ERR: 1103:Nom de table illégal: ''
 [ SQL语句 ] : SHOW COLUMNS FROM ``
SQL: SELECT a.*,c.cid,c.name,c.pid,c.remark FROM `tp_article` `a` INNER JOIN tp_category as c ON a.cid = c.cid  WHERE ( a.verifystate = 1  and a.cid >= 13 and a.cid <= 15  ) ORDER BY a.sort desc,a.edit_time desc LIMIT 0,6   [ RunTime:0.000656s ]
INFO: [ view_parse ] --START--
INFO: [ template_filter ] --START--
INFO: Run Behavior\ContentReplace [ RunTime:0.000118s ]
INFO: [ template_filter ] --END-- [ RunTime:0.000265s ]
NOTIC: [8] Undefined index: user D:\wamp\www\tb\App\Runtime\Cache\Home\770f6937bdcad788b508b7fbbac911ab.php 第 31 行.
NOTIC: [8] Use of undefined constant Index - assumed 'Index' D:\wamp\www\tb\App\Runtime\Cache\Home\770f6937bdcad788b508b7fbbac911ab.php 第 46 行.
NOTIC: [8] Undefined index: index D:\wamp\www\tb\App\Runtime\Cache\Home\770f6937bdcad788b508b7fbbac911ab.php 第 70 行.
NOTIC: [8] Undefined index: index D:\wamp\www\tb\App\Runtime\Cache\Home\770f6937bdcad788b508b7fbbac911ab.php 第 70 行.
NOTIC: [8] Undefined index: index D:\wamp\www\tb\App\Runtime\Cache\Home\770f6937bdcad788b508b7fbbac911ab.php 第 70 行.
INFO: Run Behavior\ParseTemplate [ RunTime:0.022856s ]
INFO: [ view_parse ] --END-- [ RunTime:0.023125s ]
INFO: [ view_filter ] --START--
INFO: Run Behavior\WriteHtmlCache [ RunTime:0.000572s ]
INFO: [ view_filter ] --END-- [ RunTime:0.000856s ]
INFO: [ app_end ] --START--
INFO: Run Behavior\ShowPageTrace [ RunTime:0.000728s ]
INFO: [ app_end ] --END-- [ RunTime:0.001009s ]

[ 2017-12-28T05:06:25+08:00 ] ::1 /tb/index.php/Home/About/Index
INFO: [ app_begin ] --START--
INFO: Run Behavior\ReadHtmlCache [ RunTime:0.000651s ]
INFO: [ app_begin ] --END-- [ RunTime:0.001357s ]
NOTIC: [8192] mysql_connect(): The mysql extension is deprecated and will be removed in the future: use mysqli or PDO instead D:\wamp\www\tb\ThinkPHP\Library\Think\Db\Driver\Mysql.class.php 第 52 行.
SQL: SHOW COLUMNS FROM `tp_about` [ RunTime:0.019043s ]
ERR: 1146:La table 'tb.tp_about' n'existe pas
 [ SQL语句 ] : SHOW COLUMNS FROM `tp_about`
SQL: SHOW COLUMNS FROM `tp_category` [ RunTime:0.005037s ]
SQL: SELECT * FROM `tp_category` WHERE ( pid=0 ) LIMIT 100   [ RunTime:0.000410s ]
SQL: SELECT * FROM `tp_category` WHERE ( pid=1 ) LIMIT 100   [ RunTime:0.000428s ]
SQL: SELECT * FROM `tp_category` WHERE ( pid=2 ) LIMIT 100   [ RunTime:0.000335s ]
SQL: SELECT * FROM `tp_category` WHERE ( pid=3 ) LIMIT 100   [ RunTime:0.000272s ]
SQL: SELECT * FROM `tp_category` WHERE ( pid=4 ) LIMIT 100   [ RunTime:0.000265s ]
SQL: SELECT * FROM `tp_category` WHERE ( pid=5 ) LIMIT 100   [ RunTime:0.000237s ]
SQL: SELECT * FROM `tp_category` WHERE ( pid=6 ) LIMIT 100   [ RunTime:0.000217s ]
SQL: SELECT * FROM `tp_category` WHERE ( `remark` = 'About' ) LIMIT 1   [ RunTime:0.001079s ]
SQL: SELECT * FROM `tp_category` WHERE ( `pid` = 1 )  [ RunTime:0.000448s ]
SQL: SHOW COLUMNS FROM `tp_article` [ RunTime:0.004650s ]
NOTIC: [2] explode() expects parameter 2 to be string, array given D:\wamp\www\tb\ThinkPHP\Library\Think\Model.class.php 第 1390 行.
SQL: SHOW COLUMNS FROM `` [ RunTime:0.000112s ]
ERR: 1103:Nom de table illégal: ''
 [ SQL语句 ] : SHOW COLUMNS FROM ``
SQL: SELECT a.*,c.cid,c.name,c.remark FROM `tp_article` `a` INNER JOIN tp_category as c ON a.cid = c.cid  WHERE ( a.verifystate = 1 and a.cid =7 ) LIMIT 1   [ RunTime:0.000318s ]
SQL: SHOW COLUMNS FROM `tp_article_description` [ RunTime:0.004009s ]
SQL: SELECT * FROM `tp_article_description` WHERE ( `product_id` = 53 ) LIMIT 1   [ RunTime:0.000270s ]
INFO: [ view_parse ] --START--
INFO: [ template_filter ] --START--
INFO: Run Behavior\ContentReplace [ RunTime:0.000216s ]
INFO: [ template_filter ] --END-- [ RunTime:0.000506s ]
NOTIC: [8] Undefined index: user D:\wamp\www\tb\App\Runtime\Cache\Home\3dde675f0ec419a8c8b639f1b26bdd90.php 第 31 行.
NOTIC: [8] Use of undefined constant Index - assumed 'Index' D:\wamp\www\tb\App\Runtime\Cache\Home\3dde675f0ec419a8c8b639f1b26bdd90.php 第 46 行.
NOTIC: [8] Undefined index: index D:\wamp\www\tb\App\Runtime\Cache\Home\3dde675f0ec419a8c8b639f1b26bdd90.php 第 69 行.
NOTIC: [8] Undefined index: index D:\wamp\www\tb\App\Runtime\Cache\Home\3dde675f0ec419a8c8b639f1b26bdd90.php 第 69 行.
NOTIC: [8] Undefined index: index D:\wamp\www\tb\App\Runtime\Cache\Home\3dde675f0ec419a8c8b639f1b26bdd90.php 第 69 行.
NOTIC: [8] Undefined index: index D:\wamp\www\tb\App\Runtime\Cache\Home\3dde675f0ec419a8c8b639f1b26bdd90.php 第 69 行.
INFO: Run Behavior\ParseTemplate [ RunTime:0.081183s ]
INFO: [ view_parse ] --END-- [ RunTime:0.081348s ]
INFO: [ view_filter ] --START--
INFO: Run Behavior\WriteHtmlCache [ RunTime:0.000328s ]
INFO: [ view_filter ] --END-- [ RunTime:0.000485s ]
INFO: [ app_end ] --START--
INFO: Run Behavior\ShowPageTrace [ RunTime:0.000733s ]
INFO: [ app_end ] --END-- [ RunTime:0.001134s ]

[ 2017-12-28T05:07:21+08:00 ] ::1 /tb/index.php/Admin/Rule/index
ERR: 无法加载控制器:Rule

[ 2017-12-28T05:33:38+08:00 ] ::1 /tb/index.php/Admin/Rule/del
INFO: [ app_begin ] --START--
INFO: Run Behavior\ReadHtmlCache [ RunTime:0.000444s ]
INFO: [ app_begin ] --END-- [ RunTime:0.000868s ]
NOTIC: [8192] mysql_connect(): The mysql extension is deprecated and will be removed in the future: use mysqli or PDO instead D:\wamp\www\tb\ThinkPHP\Library\Think\Db\Driver\Mysql.class.php 第 52 行.
SQL: SHOW COLUMNS FROM `tp_rule` [ RunTime:0.003139s ]
ERR: 1146:La table 'tb.tp_rule' n'existe pas
 [ SQL语句 ] : SHOW COLUMNS FROM `tp_rule`
NOTIC: [2] Missing argument 1 for Admin\Controller\PublicController::auth(), called in D:\wamp\www\tb\App\Admin\Controller\PublicController.class.php on line 44 and defined D:\wamp\www\tb\App\Admin\Controller\PublicController.class.php 第 74 行.
SQL: SHOW COLUMNS FROM `tp_auth_group_access` [ RunTime:0.003726s ]
SQL: SELECT `rules` FROM tp_auth_group_access a INNER JOIN tp_auth_group g on a.group_id=g.id  WHERE ( a.uid='4' and g.status='1' )  [ RunTime:0.000362s ]
SQL: SHOW COLUMNS FROM `tp_auth_rule` [ RunTime:0.004042s ]
SQL: SELECT `condition`,`name` FROM `tp_auth_rule` WHERE ( `id` IN ('1','2','3','4','5','6','7','8','9','10','11','12','13','14','15','16','17','18','19','20','21','22','23','24','25','26','27','28','29','30','31','32','33','34','35','36','37','38','39','40','41','42','43','44','45','46','47','48','49','50','51','52','53','54','55','56','57','58','59','60','61','62','63','64','65','66','67','68','69','70') ) AND ( `type` = 1 ) AND ( `status` = 1 )  [ RunTime:0.000588s ]
NOTIC: [8] Undefined variable: view D:\wamp\www\tb\App\Admin\Controller\PublicController.class.php 第 84 行.
SQL: SHOW COLUMNS FROM `tp_auth_rule` [ RunTime:0.004065s ]
SQL: SELECT * FROM `tp_auth_rule` WHERE ( `pid` = 1 ) AND ( `is_show` = 0 ) ORDER BY `sort` LIMIT 100   [ RunTime:0.000411s ]
SQL: SELECT * FROM `tp_auth_rule` WHERE ( pid=64 ) LIMIT 100   [ RunTime:0.000371s ]
SQL: SELECT * FROM `tp_auth_rule` WHERE ( pid=65 ) LIMIT 100   [ RunTime:0.000433s ]
SQL: SELECT * FROM `tp_auth_rule` WHERE ( pid=66 ) LIMIT 100   [ RunTime:0.000500s ]
SQL: SELECT * FROM `tp_auth_rule` WHERE ( pid=67 ) LIMIT 100   [ RunTime:0.000564s ]
SQL: SELECT * FROM `tp_auth_rule` WHERE ( pid=48 ) LIMIT 100   [ RunTime:0.000382s ]
SQL: SHOW COLUMNS FROM `tp_category` [ RunTime:0.004932s ]
SQL: SELECT * FROM `tp_category` WHERE ( `pid` = 0 )  [ RunTime:0.000335s ]
ERR: 非法操作:del

[ 2017-12-28T05:35:30+08:00 ] ::1 /tb/index.php/Admin/Rule/del
INFO: [ app_begin ] --START--
INFO: Run Behavior\ReadHtmlCache [ RunTime:0.000426s ]
INFO: [ app_begin ] --END-- [ RunTime:0.000830s ]
NOTIC: [8192] mysql_connect(): The mysql extension is deprecated and will be removed in the future: use mysqli or PDO instead D:\wamp\www\tb\ThinkPHP\Library\Think\Db\Driver\Mysql.class.php 第 52 行.
SQL: SHOW COLUMNS FROM `tp_rule` [ RunTime:0.004221s ]
ERR: 1146:La table 'tb.tp_rule' n'existe pas
 [ SQL语句 ] : SHOW COLUMNS FROM `tp_rule`
NOTIC: [2] Missing argument 1 for Admin\Controller\PublicController::auth(), called in D:\wamp\www\tb\App\Admin\Controller\PublicController.class.php on line 44 and defined D:\wamp\www\tb\App\Admin\Controller\PublicController.class.php 第 74 行.
SQL: SHOW COLUMNS FROM `tp_auth_group_access` [ RunTime:0.003992s ]
SQL: SELECT `rules` FROM tp_auth_group_access a INNER JOIN tp_auth_group g on a.group_id=g.id  WHERE ( a.uid='4' and g.status='1' )  [ RunTime:0.000429s ]
SQL: SHOW COLUMNS FROM `tp_auth_rule` [ RunTime:0.007194s ]
SQL: SELECT `condition`,`name` FROM `tp_auth_rule` WHERE ( `id` IN ('1','2','3','4','5','6','7','8','9','10','11','12','13','14','15','16','17','18','19','20','21','22','23','24','25','26','27','28','29','30','31','32','33','34','35','36','37','38','39','40','41','42','43','44','45','46','47','48','49','50','51','52','53','54','55','56','57','58','59','60','61','62','63','64','65','66','67','68','69','70') ) AND ( `type` = 1 ) AND ( `status` = 1 )  [ RunTime:0.000611s ]
NOTIC: [8] Undefined variable: view D:\wamp\www\tb\App\Admin\Controller\PublicController.class.php 第 84 行.
SQL: SHOW COLUMNS FROM `tp_auth_rule` [ RunTime:0.004175s ]
SQL: SELECT * FROM `tp_auth_rule` WHERE ( `pid` = 1 ) AND ( `is_show` = 0 ) ORDER BY `sort` LIMIT 100   [ RunTime:0.000725s ]
SQL: SELECT * FROM `tp_auth_rule` WHERE ( pid=64 ) LIMIT 100   [ RunTime:0.000406s ]
SQL: SELECT * FROM `tp_auth_rule` WHERE ( pid=65 ) LIMIT 100   [ RunTime:0.000363s ]
SQL: SELECT * FROM `tp_auth_rule` WHERE ( pid=66 ) LIMIT 100   [ RunTime:0.000236s ]
SQL: SELECT * FROM `tp_auth_rule` WHERE ( pid=67 ) LIMIT 100   [ RunTime:0.000228s ]
SQL: SELECT * FROM `tp_auth_rule` WHERE ( pid=48 ) LIMIT 100   [ RunTime:0.000303s ]
SQL: SHOW COLUMNS FROM `tp_category` [ RunTime:0.004281s ]
SQL: SELECT * FROM `tp_category` WHERE ( `pid` = 0 )  [ RunTime:0.000287s ]
ERR: 非法操作:del

[ 2017-12-28T06:10:25+08:00 ] ::1 /tb/index.php/Admin/Auth/add.html
ERR: 模板不存在:./App/Admin/View/Admin/Auth/add/edit.html

[ 2017-12-28T06:10:26+08:00 ] ::1 /tb/index.php/Admin/Auth/add.html
ERR: 模板不存在:./App/Admin/View/Admin/Auth/add/edit.html

[ 2017-12-28T06:14:32+08:00 ] ::1 /tb/index.php/Admin/Auth/add.html
ERR: 模板不存在:./App/Admin/View/Admin/Auth/add/edit.html

[ 2017-12-28T06:14:33+08:00 ] ::1 /tb/index.php/Admin/Auth/add.html
ERR: 模板不存在:./App/Admin/View/Admin/Auth/add/edit.html

[ 2017-12-28T06:14:50+08:00 ] ::1 /tb/index.php/Admin/Auth/add.html
ERR: 模板不存在:./App/Admin/View/Admin/Auth/add/edit.html

[ 2017-12-28T06:14:50+08:00 ] ::1 /tb/index.php/Admin/Auth/add.html
ERR: 模板不存在:./App/Admin/View/Admin/Auth/add/edit.html

[ 2017-12-28T06:16:27+08:00 ] ::1 /tb/index.php/Admin/Auth/edit/id/1
ERR: 模板不存在:./App/Admin/View/Admin/Auth/edit/edit.html

[ 2017-12-28T06:16:32+08:00 ] ::1 /tb/index.php/Admin/Auth/add.html
ERR: 模板不存在:./App/Admin/View/Admin/Auth/add/edit.html

[ 2017-12-28T06:16:40+08:00 ] ::1 /tb/index.php/Admin/Auth/edit/id/1
ERR: 模板不存在:./App/Admin/View/Admin/Auth/edit/edit.html

[ 2017-12-28T06:17:48+08:00 ] ::1 /tb/index.php/Admin/Auth/edit/id/1
ERR: 模板不存在:./App/Admin/View/Admin/Auth/edit/edit.html

[ 2017-12-28T06:17:49+08:00 ] ::1 /tb/index.php/Admin/Auth/edit/id/1
ERR: 模板不存在:./App/Admin/View/Admin/Auth/edit/edit.html

[ 2017-12-28T06:17:49+08:00 ] ::1 /tb/index.php/Admin/Auth/edit/id/1
ERR: 模板不存在:./App/Admin/View/Admin/Auth/edit/edit.html

[ 2017-12-28T06:17:56+08:00 ] ::1 /tb/index.php/Admin/Auth/edit/id/1
ERR: 模板不存在:./App/Admin/View/Admin/Auth/edit/edit.html

[ 2017-12-28T06:18:27+08:00 ] ::1 /tb/index.php/Admin/Auth/edit/id/1
ERR: 模板不存在:./App/Admin/View/Admin/Auth/edit/edit.html

[ 2017-12-28T06:18:27+08:00 ] ::1 /tb/index.php/Admin/Auth/edit/id/1
ERR: 模板不存在:./App/Admin/View/Admin/Auth/edit/edit.html

[ 2017-12-28T06:18:35+08:00 ] ::1 /tb/index.php/Admin/Auth/edit/id/1
ERR: 模板不存在:./App/Admin/View/Admin/Auth/edit/edit.html

[ 2017-12-28T06:18:35+08:00 ] ::1 /tb/index.php/Admin/Auth/edit/id/1
ERR: 模板不存在:./App/Admin/View/Admin/Auth/edit/edit.html

[ 2017-12-28T06:18:36+08:00 ] ::1 /tb/index.php/Admin/Auth/edit/id/1
ERR: 模板不存在:./App/Admin/View/Admin/Auth/edit/edit.html

[ 2017-12-28T06:18:50+08:00 ] ::1 /tb/index.php/Admin/Auth/edit/id/1
ERR: 模板不存在:./App/Admin/View/Admin/Auth/edit/edit.html

[ 2017-12-28T06:18:51+08:00 ] ::1 /tb/index.php/Admin/Auth/edit/id/1
ERR: 模板不存在:./App/Admin/View/Admin/Auth/edit/edit.html

[ 2017-12-28T06:20:40+08:00 ] ::1 /tb/index.php/Admin/Auth/edit/id/1
ERR: 模板不存在:./App/Admin/View/Admin/Auth/edit/edit.html

[ 2017-12-28T06:20:40+08:00 ] ::1 /tb/index.php/Admin/Auth/edit/id/1
ERR: 模板不存在:./App/Admin/View/Admin/Auth/edit/edit.html

[ 2017-12-28T06:20:40+08:00 ] ::1 /tb/index.php/Admin/Auth/edit/id/1
ERR: 模板不存在:./App/Admin/View/Admin/Auth/edit/edit.html

[ 2017-12-28T06:20:53+08:00 ] ::1 /tb/index.php/Admin/Auth/edit/id/1
ERR: 模板不存在:./App/Admin/View/Admin/Auth/edit/edit.html

[ 2017-12-28T06:20:54+08:00 ] ::1 /tb/index.php/Admin/Auth/edit/id/1
ERR: 模板不存在:./App/Admin/View/Admin/Auth/edit/edit.html

[ 2017-12-28T06:22:19+08:00 ] ::1 /tb/index.php/Admin/Auth/edit/id/1
ERR: 模板不存在:./App/Admin/View/Admin/Auth/edit/edit.html

[ 2017-12-28T06:22:20+08:00 ] ::1 /tb/index.php/Admin/Auth/edit/id/1
ERR: 模板不存在:./App/Admin/View/Admin/Auth/edit/edit.html

[ 2017-12-28T06:22:20+08:00 ] ::1 /tb/index.php/Admin/Auth/edit/id/1
ERR: 模板不存在:./App/Admin/View/Admin/Auth/edit/edit.html

[ 2017-12-28T06:22:20+08:00 ] ::1 /tb/index.php/Admin/Auth/edit/id/1
ERR: 模板不存在:./App/Admin/View/Admin/Auth/edit/edit.html

