[ 2017-11-29T01:32:39+08:00 ] ::1 /tb/index.php/Admin/News/edit/id/16
ERR: Think\Controller:uu方法不存在！

[ 2017-11-29T01:38:08+08:00 ] ::1 /tb/index.php/Admin/News/edit/id/16
ERR: Think\Model:uu方法不存在！

[ 2017-11-29T01:38:29+08:00 ] ::1 /tb/index.php/Admin/News/edit/id/16
ERR: Think\Model:uu方法不存在！

[ 2017-11-29T01:40:59+08:00 ] ::1 /tb/index.php/Admin/News/edit/id/16
ERR: Think\Model:uu方法不存在！

[ 2017-11-29T01:41:51+08:00 ] ::1 /tb/index.php/Admin/News/edit/id/16
ERR: Think\Model:uu方法不存在！

[ 2017-11-29T01:48:34+08:00 ] ::1 /tb/index.php/Admin/News/edit/id/16
ERR: Think\Model:uu方法不存在！

[ 2017-11-29T01:55:54+08:00 ] ::1 /tb/index.php/Admin/News/edit/id/16
ERR: Think\Model:uu方法不存在！

[ 2017-11-29T02:39:29+08:00 ] ::1 /tb/index.php/Admin/News/edit/id/16
ERR: 页面不存在

[ 2017-11-29T02:39:39+08:00 ] ::1 /tb/index.php/Admin/News/edit/id/16
ERR: 页面不存在333

[ 2017-11-29T02:48:24+08:00 ] ::1 /tb/index.php/Admin/News/edit/id/16
ERR: 页面不存在

[ 2017-11-29T02:48:27+08:00 ] ::1 /tb/index.php/Admin/News/edit/id/16
ERR: 页面不存在

[ 2017-11-29T02:50:43+08:00 ] ::1 /tb/index.php/Admin/News/edit/id/16
ERR: 页面不存在

[ 2017-11-29T02:50:49+08:00 ] ::1 /tb/index.php/Admin/News/edit/id/16
ERR: 页面不存在

[ 2017-11-29T02:51:02+08:00 ] ::1 /tb/index.php/Admin/News/edit/id/16
ERR: 页面不存在

[ 2017-11-29T02:51:39+08:00 ] ::1 /tb/index.php/Admin/News/edit/id/16
ERR: 页面不存在

[ 2017-11-29T02:52:06+08:00 ] ::1 /tb/index.php/Admin/News/edit/id/16
ERR: 页面不存在

[ 2017-11-29T02:53:01+08:00 ] ::1 /tb/index.php/Admin/News/edit/id/16
ERR: 页面不存在

[ 2017-11-29T02:55:24+08:00 ] ::1 /tb/index.php/Admin/News/edit/id/16
ERR: 页面不存在

[ 2017-11-29T02:55:25+08:00 ] ::1 /tb/index.php/Admin/News/edit/id/16
ERR: 页面不存在

[ 2017-11-29T02:55:36+08:00 ] ::1 /tb/index.php/Admin/News/edit/id/16
ERR: 页面不存在

[ 2017-11-29T02:59:18+08:00 ] ::1 /tb/index.php/Admin/News/edit/id/16
ERR: 页面不存在

[ 2017-11-29T02:59:20+08:00 ] ::1 /tb/index.php/Admin/News/edit/id/16
ERR: 页面不存在

[ 2017-11-29T02:59:32+08:00 ] ::1 /tb/index.php/Admin/News/edit/id/16
ERR: 页面不存在

[ 2017-11-29T03:01:12+08:00 ] ::1 /tb/index.php/Admin/News/edit/id/16
ERR: 页面不存在

[ 2017-11-29T03:02:31+08:00 ] ::1 /tb/index.php/Admin/News/edit/id/16
ERR: 页面不存在

[ 2017-11-29T05:16:09+08:00 ] ::1 /tb//
INFO: [ app_begin ] --START--
INFO: Run Behavior\ReadHtmlCache [ RunTime:0.000700s ]
INFO: [ app_begin ] --END-- [ RunTime:0.001194s ]
NOTIC: [8192] mysql_connect(): The mysql extension is deprecated and will be removed in the future: use mysqli or PDO instead D:\wamp\www\tb\ThinkPHP\Library\Think\Db\Driver\Mysql.class.php 第 52 行.
SQL: SHOW COLUMNS FROM `tp_index` [ RunTime:0.004291s ]
ERR: 1146:La table 'tb.tp_index' n'existe pas
 [ SQL语句 ] : SHOW COLUMNS FROM `tp_index`
INFO: [ view_parse ] --START--
INFO: [ template_filter ] --START--
INFO: Run Behavior\ContentReplace [ RunTime:0.000129s ]
INFO: [ template_filter ] --END-- [ RunTime:0.000281s ]
NOTIC: [8] Use of undefined constant Index - assumed 'Index' D:\wamp\www\tb\App\Runtime\Cache\Home\89e841a2657642c31fa49c57b891047b.php 第 18 行.
NOTIC: [8] Use of undefined constant Index - assumed 'Index' D:\wamp\www\tb\App\Runtime\Cache\Home\89e841a2657642c31fa49c57b891047b.php 第 41 行.
INFO: Run Behavior\ParseTemplate [ RunTime:0.012879s ]
INFO: [ view_parse ] --END-- [ RunTime:0.013457s ]
INFO: [ view_filter ] --START--
INFO: Run Behavior\WriteHtmlCache [ RunTime:0.000528s ]
INFO: [ view_filter ] --END-- [ RunTime:0.000666s ]
INFO: [ app_end ] --START--
INFO: Run Behavior\ShowPageTrace [ RunTime:0.001089s ]
INFO: [ app_end ] --END-- [ RunTime:0.001336s ]

[ 2017-11-29T05:16:49+08:00 ] ::1 /tb//
INFO: [ app_begin ] --START--
INFO: Run Behavior\ReadHtmlCache [ RunTime:0.000489s ]
INFO: [ app_begin ] --END-- [ RunTime:0.000929s ]
NOTIC: [8192] mysql_connect(): The mysql extension is deprecated and will be removed in the future: use mysqli or PDO instead D:\wamp\www\tb\ThinkPHP\Library\Think\Db\Driver\Mysql.class.php 第 52 行.
SQL: SHOW COLUMNS FROM `tp_index` [ RunTime:0.003606s ]
ERR: 1146:La table 'tb.tp_index' n'existe pas
 [ SQL语句 ] : SHOW COLUMNS FROM `tp_index`
INFO: [ view_parse ] --START--
INFO: [ template_filter ] --START--
INFO: Run Behavior\ContentReplace [ RunTime:0.000276s ]
INFO: [ template_filter ] --END-- [ RunTime:0.004636s ]
NOTIC: [8] Use of undefined constant Index - assumed 'Index' D:\wamp\www\tb\App\Runtime\Cache\Home\89e841a2657642c31fa49c57b891047b.php 第 18 行.
NOTIC: [8] Use of undefined constant Index - assumed 'Index' D:\wamp\www\tb\App\Runtime\Cache\Home\89e841a2657642c31fa49c57b891047b.php 第 41 行.
INFO: Run Behavior\ParseTemplate [ RunTime:0.028059s ]
INFO: [ view_parse ] --END-- [ RunTime:0.028312s ]
INFO: [ view_filter ] --START--
INFO: Run Behavior\WriteHtmlCache [ RunTime:0.000590s ]
INFO: [ view_filter ] --END-- [ RunTime:0.001382s ]
INFO: [ app_end ] --START--
INFO: Run Behavior\ShowPageTrace [ RunTime:0.000873s ]
INFO: [ app_end ] --END-- [ RunTime:0.001499s ]

[ 2017-11-29T06:13:15+08:00 ] ::1 /tb/index.php/Admin/News/add
ERR: 无此页面

[ 2017-11-29T06:21:12+08:00 ] ::1 /tb/index.php/Admin/News/add
ERR: 无此页面

[ 2017-11-29T06:21:14+08:00 ] ::1 /tb/index.php/Admin/News/add
ERR: 无此页面

[ 2017-11-29T08:02:05+08:00 ] ::1 /tb/index.php/Admin/News/edit.html
ERR: 不存在的图像文件

[ 2017-11-29T08:11:05+08:00 ] ::1 /tb/index.php/Admin/News/edit.html
ERR: 不存在的图像文件

[ 2017-11-29T08:11:28+08:00 ] ::1 /tb/index.php/Admin/News/edit.html
ERR: 不存在的图像文件

[ 2017-11-29T08:21:30+08:00 ] ::1 /tb/index.php/Admin/News/edit.html
ERR: 不存在的图像文件

