[ 2018-01-11T01:41:03+08:00 ] ::1 /tb/index.php/Admin/Article/del?id=85
INFO: [ app_begin ] --START--
INFO: Run Behavior\ReadHtmlCache [ RunTime:0.001210s ]
INFO: [ app_begin ] --END-- [ RunTime:0.002412s ]
NOTIC: [8192] mysql_connect(): The mysql extension is deprecated and will be removed in the future: use mysqli or PDO instead D:\wamp\www\tb\ThinkPHP\Library\Think\Db\Driver\Mysql.class.php 第 52 行.
SQL: SHOW COLUMNS FROM `tp_article` [ RunTime:0.004638s ]
NOTIC: [2] Missing argument 1 for Admin\Controller\PublicController::auth(), called in D:\wamp\www\tb\App\Admin\Controller\PublicController.class.php on line 44 and defined D:\wamp\www\tb\App\Admin\Controller\PublicController.class.php 第 74 行.
SQL: SHOW COLUMNS FROM `tp_auth_group_access` [ RunTime:0.003239s ]
SQL: SELECT `rules` FROM tp_auth_group_access a INNER JOIN tp_auth_group g on a.group_id=g.id  WHERE ( a.uid='4' and g.status='1' )  [ RunTime:0.000334s ]
SQL: SHOW COLUMNS FROM `tp_auth_rule` [ RunTime:0.004130s ]
SQL: SELECT `condition`,`name` FROM `tp_auth_rule` WHERE ( `id` IN ('1','48','50','51','52','53','54','55','56','57','58','59','60','61','62','63','64','25','26','27','28','65','5','6','7','8','14','15','16','20','21','22','23','24','66','29','30','31','32','33','34','35','36','37','38','67','39','40','41','42','43','45','46','47','2','3','4','68','69','70','72','13') ) AND ( `type` = 1 ) AND ( `status` = 1 )  [ RunTime:0.000462s ]
SQL: SHOW COLUMNS FROM `tp_auth_rule` [ RunTime:0.003578s ]
SQL: SELECT * FROM `tp_auth_rule` WHERE ( `pid` = 1 ) AND ( `is_show` = 1 ) ORDER BY `sort` LIMIT 100   [ RunTime:0.000330s ]
SQL: SELECT * FROM `tp_auth_rule` WHERE ( `pid` = 71 ) AND ( `is_show` = 1 ) LIMIT 100   [ RunTime:0.000299s ]
SQL: SELECT * FROM `tp_auth_rule` WHERE ( `pid` = 64 ) AND ( `is_show` = 1 ) LIMIT 100   [ RunTime:0.000276s ]
SQL: SELECT * FROM `tp_auth_rule` WHERE ( `pid` = 65 ) AND ( `is_show` = 1 ) LIMIT 100   [ RunTime:0.000268s ]
SQL: SELECT * FROM `tp_auth_rule` WHERE ( `pid` = 66 ) AND ( `is_show` = 1 ) LIMIT 100   [ RunTime:0.000263s ]
SQL: SELECT * FROM `tp_auth_rule` WHERE ( `pid` = 67 ) AND ( `is_show` = 1 ) LIMIT 100   [ RunTime:0.000262s ]
SQL: SELECT * FROM `tp_auth_rule` WHERE ( `pid` = 48 ) AND ( `is_show` = 1 ) LIMIT 100   [ RunTime:0.000269s ]
SQL: SHOW COLUMNS FROM `tp_category` [ RunTime:0.003669s ]
SQL: SELECT * FROM `tp_category` WHERE ( `pid` = 0 )  [ RunTime:0.000274s ]
SQL: SHOW COLUMNS FROM `tp_article` [ RunTime:0.004282s ]
SQL: DELETE FROM `tp_article` WHERE ( id=85 ) [ RunTime:0.000303s ]

[ 2018-01-11T01:41:25+08:00 ] ::1 /tb/index.php/Admin/Article/del
INFO: [ app_begin ] --START--
INFO: Run Behavior\ReadHtmlCache [ RunTime:0.000389s ]
INFO: [ app_begin ] --END-- [ RunTime:0.000761s ]
NOTIC: [8192] mysql_connect(): The mysql extension is deprecated and will be removed in the future: use mysqli or PDO instead D:\wamp\www\tb\ThinkPHP\Library\Think\Db\Driver\Mysql.class.php 第 52 行.
SQL: SHOW COLUMNS FROM `tp_article` [ RunTime:0.007892s ]
NOTIC: [2] Missing argument 1 for Admin\Controller\PublicController::auth(), called in D:\wamp\www\tb\App\Admin\Controller\PublicController.class.php on line 44 and defined D:\wamp\www\tb\App\Admin\Controller\PublicController.class.php 第 74 行.
SQL: SHOW COLUMNS FROM `tp_auth_group_access` [ RunTime:0.003538s ]
SQL: SELECT `rules` FROM tp_auth_group_access a INNER JOIN tp_auth_group g on a.group_id=g.id  WHERE ( a.uid='4' and g.status='1' )  [ RunTime:0.000371s ]
SQL: SHOW COLUMNS FROM `tp_auth_rule` [ RunTime:0.006072s ]
SQL: SELECT `condition`,`name` FROM `tp_auth_rule` WHERE ( `id` IN ('1','48','50','51','52','53','54','55','56','57','58','59','60','61','62','63','64','25','26','27','28','65','5','6','7','8','14','15','16','20','21','22','23','24','66','29','30','31','32','33','34','35','36','37','38','67','39','40','41','42','43','45','46','47','2','3','4','68','69','70','72','13') ) AND ( `type` = 1 ) AND ( `status` = 1 )  [ RunTime:0.000612s ]
SQL: SHOW COLUMNS FROM `tp_auth_rule` [ RunTime:0.004303s ]
SQL: SELECT * FROM `tp_auth_rule` WHERE ( `pid` = 1 ) AND ( `is_show` = 1 ) ORDER BY `sort` LIMIT 100   [ RunTime:0.000423s ]
SQL: SELECT * FROM `tp_auth_rule` WHERE ( `pid` = 71 ) AND ( `is_show` = 1 ) LIMIT 100   [ RunTime:0.000246s ]
SQL: SELECT * FROM `tp_auth_rule` WHERE ( `pid` = 64 ) AND ( `is_show` = 1 ) LIMIT 100   [ RunTime:0.000343s ]
SQL: SELECT * FROM `tp_auth_rule` WHERE ( `pid` = 65 ) AND ( `is_show` = 1 ) LIMIT 100   [ RunTime:0.000341s ]
SQL: SELECT * FROM `tp_auth_rule` WHERE ( `pid` = 66 ) AND ( `is_show` = 1 ) LIMIT 100   [ RunTime:0.000234s ]
SQL: SELECT * FROM `tp_auth_rule` WHERE ( `pid` = 67 ) AND ( `is_show` = 1 ) LIMIT 100   [ RunTime:0.000220s ]
SQL: SELECT * FROM `tp_auth_rule` WHERE ( `pid` = 48 ) AND ( `is_show` = 1 ) LIMIT 100   [ RunTime:0.000217s ]
SQL: SHOW COLUMNS FROM `tp_category` [ RunTime:0.005099s ]
SQL: SELECT * FROM `tp_category` WHERE ( `pid` = 0 )  [ RunTime:0.000297s ]
SQL: SHOW COLUMNS FROM `tp_article` [ RunTime:0.004170s ]
SQL: DELETE FROM `tp_article` WHERE ( id= ) [ RunTime:0.000214s ]
ERR: 1064:Erreur de syntaxe près de ')' à la ligne 1
 [ SQL语句 ] : DELETE FROM `tp_article` WHERE ( id= )

[ 2018-01-11T01:44:28+08:00 ] ::1 /tb/index.php/Admin/Article/del?id=86
INFO: [ app_begin ] --START--
INFO: Run Behavior\ReadHtmlCache [ RunTime:0.000699s ]
INFO: [ app_begin ] --END-- [ RunTime:0.001400s ]
NOTIC: [8192] mysql_connect(): The mysql extension is deprecated and will be removed in the future: use mysqli or PDO instead D:\wamp\www\tb\ThinkPHP\Library\Think\Db\Driver\Mysql.class.php 第 52 行.
SQL: SHOW COLUMNS FROM `tp_article` [ RunTime:0.006309s ]
NOTIC: [2] Missing argument 1 for Admin\Controller\PublicController::auth(), called in D:\wamp\www\tb\App\Admin\Controller\PublicController.class.php on line 44 and defined D:\wamp\www\tb\App\Admin\Controller\PublicController.class.php 第 74 行.
SQL: SHOW COLUMNS FROM `tp_auth_group_access` [ RunTime:0.004867s ]
SQL: SELECT `rules` FROM tp_auth_group_access a INNER JOIN tp_auth_group g on a.group_id=g.id  WHERE ( a.uid='4' and g.status='1' )  [ RunTime:0.000366s ]
SQL: SHOW COLUMNS FROM `tp_auth_rule` [ RunTime:0.004579s ]
SQL: SELECT `condition`,`name` FROM `tp_auth_rule` WHERE ( `id` IN ('1','48','50','51','52','53','54','55','56','57','58','59','60','61','62','63','64','25','26','27','28','65','5','6','7','8','14','15','16','20','21','22','23','24','66','29','30','31','32','33','34','35','36','37','38','67','39','40','41','42','43','45','46','47','2','3','4','68','69','70','72','13') ) AND ( `type` = 1 ) AND ( `status` = 1 )  [ RunTime:0.000732s ]
SQL: SHOW COLUMNS FROM `tp_auth_rule` [ RunTime:0.006435s ]
SQL: SELECT * FROM `tp_auth_rule` WHERE ( `pid` = 1 ) AND ( `is_show` = 1 ) ORDER BY `sort` LIMIT 100   [ RunTime:0.000700s ]
SQL: SELECT * FROM `tp_auth_rule` WHERE ( `pid` = 71 ) AND ( `is_show` = 1 ) LIMIT 100   [ RunTime:0.000573s ]
SQL: SELECT * FROM `tp_auth_rule` WHERE ( `pid` = 64 ) AND ( `is_show` = 1 ) LIMIT 100   [ RunTime:0.000512s ]
SQL: SELECT * FROM `tp_auth_rule` WHERE ( `pid` = 65 ) AND ( `is_show` = 1 ) LIMIT 100   [ RunTime:0.000679s ]
SQL: SELECT * FROM `tp_auth_rule` WHERE ( `pid` = 66 ) AND ( `is_show` = 1 ) LIMIT 100   [ RunTime:0.000480s ]
SQL: SELECT * FROM `tp_auth_rule` WHERE ( `pid` = 67 ) AND ( `is_show` = 1 ) LIMIT 100   [ RunTime:0.000699s ]
SQL: SELECT * FROM `tp_auth_rule` WHERE ( `pid` = 48 ) AND ( `is_show` = 1 ) LIMIT 100   [ RunTime:0.000541s ]
SQL: SHOW COLUMNS FROM `tp_category` [ RunTime:0.006919s ]
SQL: SELECT * FROM `tp_category` WHERE ( `pid` = 0 )  [ RunTime:0.000548s ]
SQL: SHOW COLUMNS FROM `tp_article` [ RunTime:0.006582s ]
SQL: DELETE FROM `tp_article` WHERE ( id=86 ) [ RunTime:0.000556s ]

[ 2018-01-11T01:44:48+08:00 ] ::1 /tb/index.php/Admin/Article/del
INFO: [ app_begin ] --START--
INFO: Run Behavior\ReadHtmlCache [ RunTime:0.000832s ]
INFO: [ app_begin ] --END-- [ RunTime:0.001703s ]
NOTIC: [8192] mysql_connect(): The mysql extension is deprecated and will be removed in the future: use mysqli or PDO instead D:\wamp\www\tb\ThinkPHP\Library\Think\Db\Driver\Mysql.class.php 第 52 行.
SQL: SHOW COLUMNS FROM `tp_article` [ RunTime:0.011936s ]
NOTIC: [2] Missing argument 1 for Admin\Controller\PublicController::auth(), called in D:\wamp\www\tb\App\Admin\Controller\PublicController.class.php on line 44 and defined D:\wamp\www\tb\App\Admin\Controller\PublicController.class.php 第 74 行.
SQL: SHOW COLUMNS FROM `tp_auth_group_access` [ RunTime:0.003996s ]
SQL: SELECT `rules` FROM tp_auth_group_access a INNER JOIN tp_auth_group g on a.group_id=g.id  WHERE ( a.uid='4' and g.status='1' )  [ RunTime:0.000341s ]
SQL: SHOW COLUMNS FROM `tp_auth_rule` [ RunTime:0.007352s ]
SQL: SELECT `condition`,`name` FROM `tp_auth_rule` WHERE ( `id` IN ('1','48','50','51','52','53','54','55','56','57','58','59','60','61','62','63','64','25','26','27','28','65','5','6','7','8','14','15','16','20','21','22','23','24','66','29','30','31','32','33','34','35','36','37','38','67','39','40','41','42','43','45','46','47','2','3','4','68','69','70','72','13') ) AND ( `type` = 1 ) AND ( `status` = 1 )  [ RunTime:0.000669s ]
SQL: SHOW COLUMNS FROM `tp_auth_rule` [ RunTime:0.004367s ]
SQL: SELECT * FROM `tp_auth_rule` WHERE ( `pid` = 1 ) AND ( `is_show` = 1 ) ORDER BY `sort` LIMIT 100   [ RunTime:0.000454s ]
SQL: SELECT * FROM `tp_auth_rule` WHERE ( `pid` = 71 ) AND ( `is_show` = 1 ) LIMIT 100   [ RunTime:0.000311s ]
SQL: SELECT * FROM `tp_auth_rule` WHERE ( `pid` = 64 ) AND ( `is_show` = 1 ) LIMIT 100   [ RunTime:0.000414s ]
SQL: SELECT * FROM `tp_auth_rule` WHERE ( `pid` = 65 ) AND ( `is_show` = 1 ) LIMIT 100   [ RunTime:0.000423s ]
SQL: SELECT * FROM `tp_auth_rule` WHERE ( `pid` = 66 ) AND ( `is_show` = 1 ) LIMIT 100   [ RunTime:0.000274s ]
SQL: SELECT * FROM `tp_auth_rule` WHERE ( `pid` = 67 ) AND ( `is_show` = 1 ) LIMIT 100   [ RunTime:0.000249s ]
SQL: SELECT * FROM `tp_auth_rule` WHERE ( `pid` = 48 ) AND ( `is_show` = 1 ) LIMIT 100   [ RunTime:0.000268s ]
SQL: SHOW COLUMNS FROM `tp_category` [ RunTime:0.003182s ]
SQL: SELECT * FROM `tp_category` WHERE ( `pid` = 0 )  [ RunTime:0.000245s ]
SQL: SHOW COLUMNS FROM `tp_article` [ RunTime:0.004610s ]
SQL: DELETE FROM `tp_article` WHERE ( id= ) [ RunTime:0.000122s ]
ERR: 1064:Erreur de syntaxe près de ')' à la ligne 1
 [ SQL语句 ] : DELETE FROM `tp_article` WHERE ( id= )

[ 2018-01-11T01:51:01+08:00 ] ::1 /tb/index.php/Admin/Article/del?id=87
INFO: [ app_begin ] --START--
INFO: Run Behavior\ReadHtmlCache [ RunTime:0.000720s ]
INFO: [ app_begin ] --END-- [ RunTime:0.001411s ]
NOTIC: [8192] mysql_connect(): The mysql extension is deprecated and will be removed in the future: use mysqli or PDO instead D:\wamp\www\tb\ThinkPHP\Library\Think\Db\Driver\Mysql.class.php 第 52 行.
SQL: SHOW COLUMNS FROM `tp_article` [ RunTime:0.005832s ]
NOTIC: [2] Missing argument 1 for Admin\Controller\PublicController::auth(), called in D:\wamp\www\tb\App\Admin\Controller\PublicController.class.php on line 44 and defined D:\wamp\www\tb\App\Admin\Controller\PublicController.class.php 第 74 行.
SQL: SHOW COLUMNS FROM `tp_auth_group_access` [ RunTime:0.003419s ]
SQL: SELECT `rules` FROM tp_auth_group_access a INNER JOIN tp_auth_group g on a.group_id=g.id  WHERE ( a.uid='4' and g.status='1' )  [ RunTime:0.000324s ]
SQL: SHOW COLUMNS FROM `tp_auth_rule` [ RunTime:0.003965s ]
SQL: SELECT `condition`,`name` FROM `tp_auth_rule` WHERE ( `id` IN ('1','48','50','51','52','53','54','55','56','57','58','59','60','61','62','63','64','25','26','27','28','65','5','6','7','8','14','15','16','20','21','22','23','24','66','29','30','31','32','33','34','35','36','37','38','67','39','40','41','42','43','45','46','47','2','3','4','68','69','70','72','13') ) AND ( `type` = 1 ) AND ( `status` = 1 )  [ RunTime:0.000712s ]
SQL: SHOW COLUMNS FROM `tp_auth_rule` [ RunTime:0.003881s ]
SQL: SELECT * FROM `tp_auth_rule` WHERE ( `pid` = 1 ) AND ( `is_show` = 1 ) ORDER BY `sort` LIMIT 100   [ RunTime:0.000537s ]
SQL: SELECT * FROM `tp_auth_rule` WHERE ( `pid` = 71 ) AND ( `is_show` = 1 ) LIMIT 100   [ RunTime:0.000358s ]
SQL: SELECT * FROM `tp_auth_rule` WHERE ( `pid` = 64 ) AND ( `is_show` = 1 ) LIMIT 100   [ RunTime:0.000340s ]
SQL: SELECT * FROM `tp_auth_rule` WHERE ( `pid` = 65 ) AND ( `is_show` = 1 ) LIMIT 100   [ RunTime:0.000315s ]
SQL: SELECT * FROM `tp_auth_rule` WHERE ( `pid` = 66 ) AND ( `is_show` = 1 ) LIMIT 100   [ RunTime:0.000237s ]
SQL: SELECT * FROM `tp_auth_rule` WHERE ( `pid` = 67 ) AND ( `is_show` = 1 ) LIMIT 100   [ RunTime:0.000245s ]
SQL: SELECT * FROM `tp_auth_rule` WHERE ( `pid` = 48 ) AND ( `is_show` = 1 ) LIMIT 100   [ RunTime:0.000359s ]
SQL: SHOW COLUMNS FROM `tp_category` [ RunTime:0.005483s ]
SQL: SELECT * FROM `tp_category` WHERE ( `pid` = 0 )  [ RunTime:0.000509s ]
SQL: SHOW COLUMNS FROM `tp_article` [ RunTime:0.005570s ]
SQL: DELETE FROM `tp_article` WHERE ( id=87 ) [ RunTime:0.000449s ]

[ 2018-01-11T01:51:19+08:00 ] ::1 /tb/index.php/Admin/Article/del
INFO: [ app_begin ] --START--
INFO: Run Behavior\ReadHtmlCache [ RunTime:0.000679s ]
INFO: [ app_begin ] --END-- [ RunTime:0.001272s ]
NOTIC: [8192] mysql_connect(): The mysql extension is deprecated and will be removed in the future: use mysqli or PDO instead D:\wamp\www\tb\ThinkPHP\Library\Think\Db\Driver\Mysql.class.php 第 52 行.
SQL: SHOW COLUMNS FROM `tp_article` [ RunTime:0.003864s ]
NOTIC: [2] Missing argument 1 for Admin\Controller\PublicController::auth(), called in D:\wamp\www\tb\App\Admin\Controller\PublicController.class.php on line 44 and defined D:\wamp\www\tb\App\Admin\Controller\PublicController.class.php 第 74 行.
SQL: SHOW COLUMNS FROM `tp_auth_group_access` [ RunTime:0.004819s ]
SQL: SELECT `rules` FROM tp_auth_group_access a INNER JOIN tp_auth_group g on a.group_id=g.id  WHERE ( a.uid='4' and g.status='1' )  [ RunTime:0.000326s ]
SQL: SHOW COLUMNS FROM `tp_auth_rule` [ RunTime:0.003649s ]
SQL: SELECT `condition`,`name` FROM `tp_auth_rule` WHERE ( `id` IN ('1','48','50','51','52','53','54','55','56','57','58','59','60','61','62','63','64','25','26','27','28','65','5','6','7','8','14','15','16','20','21','22','23','24','66','29','30','31','32','33','34','35','36','37','38','67','39','40','41','42','43','45','46','47','2','3','4','68','69','70','72','13') ) AND ( `type` = 1 ) AND ( `status` = 1 )  [ RunTime:0.000512s ]
SQL: SHOW COLUMNS FROM `tp_auth_rule` [ RunTime:0.003882s ]
SQL: SELECT * FROM `tp_auth_rule` WHERE ( `pid` = 1 ) AND ( `is_show` = 1 ) ORDER BY `sort` LIMIT 100   [ RunTime:0.000356s ]
SQL: SELECT * FROM `tp_auth_rule` WHERE ( `pid` = 71 ) AND ( `is_show` = 1 ) LIMIT 100   [ RunTime:0.000332s ]
SQL: SELECT * FROM `tp_auth_rule` WHERE ( `pid` = 64 ) AND ( `is_show` = 1 ) LIMIT 100   [ RunTime:0.000416s ]
SQL: SELECT * FROM `tp_auth_rule` WHERE ( `pid` = 65 ) AND ( `is_show` = 1 ) LIMIT 100   [ RunTime:0.000268s ]
SQL: SELECT * FROM `tp_auth_rule` WHERE ( `pid` = 66 ) AND ( `is_show` = 1 ) LIMIT 100   [ RunTime:0.000254s ]
SQL: SELECT * FROM `tp_auth_rule` WHERE ( `pid` = 67 ) AND ( `is_show` = 1 ) LIMIT 100   [ RunTime:0.000226s ]
SQL: SELECT * FROM `tp_auth_rule` WHERE ( `pid` = 48 ) AND ( `is_show` = 1 ) LIMIT 100   [ RunTime:0.000313s ]
SQL: SHOW COLUMNS FROM `tp_category` [ RunTime:0.003850s ]
SQL: SELECT * FROM `tp_category` WHERE ( `pid` = 0 )  [ RunTime:0.000306s ]
SQL: SHOW COLUMNS FROM `tp_article` [ RunTime:0.003621s ]
SQL: DELETE FROM `tp_article` WHERE ( id= ) [ RunTime:0.000156s ]
ERR: 1064:Erreur de syntaxe près de ')' à la ligne 1
 [ SQL语句 ] : DELETE FROM `tp_article` WHERE ( id= )

[ 2018-01-11T01:51:24+08:00 ] ::1 /tb/index.php/Admin/Article/del?id=88
INFO: [ app_begin ] --START--
INFO: Run Behavior\ReadHtmlCache [ RunTime:0.000760s ]
INFO: [ app_begin ] --END-- [ RunTime:0.001211s ]
NOTIC: [8192] mysql_connect(): The mysql extension is deprecated and will be removed in the future: use mysqli or PDO instead D:\wamp\www\tb\ThinkPHP\Library\Think\Db\Driver\Mysql.class.php 第 52 行.
SQL: SHOW COLUMNS FROM `tp_article` [ RunTime:0.004212s ]
NOTIC: [2] Missing argument 1 for Admin\Controller\PublicController::auth(), called in D:\wamp\www\tb\App\Admin\Controller\PublicController.class.php on line 44 and defined D:\wamp\www\tb\App\Admin\Controller\PublicController.class.php 第 74 行.
SQL: SHOW COLUMNS FROM `tp_auth_group_access` [ RunTime:0.003414s ]
SQL: SELECT `rules` FROM tp_auth_group_access a INNER JOIN tp_auth_group g on a.group_id=g.id  WHERE ( a.uid='4' and g.status='1' )  [ RunTime:0.000296s ]
SQL: SHOW COLUMNS FROM `tp_auth_rule` [ RunTime:0.004923s ]
SQL: SELECT `condition`,`name` FROM `tp_auth_rule` WHERE ( `id` IN ('1','48','50','51','52','53','54','55','56','57','58','59','60','61','62','63','64','25','26','27','28','65','5','6','7','8','14','15','16','20','21','22','23','24','66','29','30','31','32','33','34','35','36','37','38','67','39','40','41','42','43','45','46','47','2','3','4','68','69','70','72','13') ) AND ( `type` = 1 ) AND ( `status` = 1 )  [ RunTime:0.000474s ]
SQL: SHOW COLUMNS FROM `tp_auth_rule` [ RunTime:0.003465s ]
SQL: SELECT * FROM `tp_auth_rule` WHERE ( `pid` = 1 ) AND ( `is_show` = 1 ) ORDER BY `sort` LIMIT 100   [ RunTime:0.000364s ]
SQL: SELECT * FROM `tp_auth_rule` WHERE ( `pid` = 71 ) AND ( `is_show` = 1 ) LIMIT 100   [ RunTime:0.000264s ]
SQL: SELECT * FROM `tp_auth_rule` WHERE ( `pid` = 64 ) AND ( `is_show` = 1 ) LIMIT 100   [ RunTime:0.000268s ]
SQL: SELECT * FROM `tp_auth_rule` WHERE ( `pid` = 65 ) AND ( `is_show` = 1 ) LIMIT 100   [ RunTime:0.000324s ]
SQL: SELECT * FROM `tp_auth_rule` WHERE ( `pid` = 66 ) AND ( `is_show` = 1 ) LIMIT 100   [ RunTime:0.000274s ]
SQL: SELECT * FROM `tp_auth_rule` WHERE ( `pid` = 67 ) AND ( `is_show` = 1 ) LIMIT 100   [ RunTime:0.000270s ]
SQL: SELECT * FROM `tp_auth_rule` WHERE ( `pid` = 48 ) AND ( `is_show` = 1 ) LIMIT 100   [ RunTime:0.000278s ]
SQL: SHOW COLUMNS FROM `tp_category` [ RunTime:0.003798s ]
SQL: SELECT * FROM `tp_category` WHERE ( `pid` = 0 )  [ RunTime:0.000269s ]
SQL: SHOW COLUMNS FROM `tp_article` [ RunTime:0.004295s ]
SQL: DELETE FROM `tp_article` WHERE ( id=88 ) [ RunTime:0.000294s ]

