[ 2018-01-17T00:00:41+08:00 ] ::1 /tb/index.php/Admin/Article/del2?id=11
INFO: [ app_begin ] --START--
INFO: Run Behavior\ReadHtmlCache [ RunTime:0.000469s ]
INFO: [ app_begin ] --END-- [ RunTime:0.000973s ]
NOTIC: [8192] mysql_connect(): The mysql extension is deprecated and will be removed in the future: use mysqli or PDO instead D:\wamp\www\tb\ThinkPHP\Library\Think\Db\Driver\Mysql.class.php 第 52 行.
SQL: SHOW COLUMNS FROM `tp_article` [ RunTime:0.056745s ]
NOTIC: [2] Missing argument 1 for Admin\Controller\PublicController::auth(), called in D:\wamp\www\tb\App\Admin\Controller\PublicController.class.php on line 44 and defined D:\wamp\www\tb\App\Admin\Controller\PublicController.class.php 第 74 行.
SQL: SHOW COLUMNS FROM `tp_auth_group_access` [ RunTime:0.011002s ]
SQL: SELECT `rules` FROM tp_auth_group_access a INNER JOIN tp_auth_group g on a.group_id=g.id  WHERE ( a.uid='4' and g.status='1' )  [ RunTime:0.000898s ]
SQL: SHOW COLUMNS FROM `tp_auth_rule` [ RunTime:0.011722s ]
SQL: SELECT `condition`,`name` FROM `tp_auth_rule` WHERE ( `id` IN ('1','48','50','51','52','53','54','55','56','57','58','59','60','61','62','63','64','25','26','27','28','65','5','6','7','8','14','15','16','20','21','22','23','24','66','29','30','31','32','33','34','35','36','37','38','67','39','40','41','42','43','45','46','47','2','3','4','68','69','70','72','13') ) AND ( `type` = 1 ) AND ( `status` = 1 )  [ RunTime:0.001495s ]

[ 2018-01-17T00:01:18+08:00 ] ::1 /tb/index.php/Admin/Article/del2?id=11
INFO: [ app_begin ] --START--
INFO: Run Behavior\ReadHtmlCache [ RunTime:0.000642s ]
INFO: [ app_begin ] --END-- [ RunTime:0.001320s ]
NOTIC: [8192] mysql_connect(): The mysql extension is deprecated and will be removed in the future: use mysqli or PDO instead D:\wamp\www\tb\ThinkPHP\Library\Think\Db\Driver\Mysql.class.php 第 52 行.
SQL: SHOW COLUMNS FROM `tp_article` [ RunTime:0.100853s ]
NOTIC: [2] Missing argument 1 for Admin\Controller\PublicController::auth(), called in D:\wamp\www\tb\App\Admin\Controller\PublicController.class.php on line 44 and defined D:\wamp\www\tb\App\Admin\Controller\PublicController.class.php 第 74 行.
SQL: SHOW COLUMNS FROM `tp_auth_group_access` [ RunTime:0.010320s ]
SQL: SELECT `rules` FROM tp_auth_group_access a INNER JOIN tp_auth_group g on a.group_id=g.id  WHERE ( a.uid='4' and g.status='1' )  [ RunTime:0.000601s ]
SQL: SHOW COLUMNS FROM `tp_auth_rule` [ RunTime:0.007818s ]
SQL: SELECT `condition`,`name` FROM `tp_auth_rule` WHERE ( `id` IN ('1','48','50','51','52','53','54','55','56','57','58','59','60','61','62','63','64','25','26','27','28','65','5','6','7','8','14','15','16','20','21','22','23','24','66','29','30','31','32','33','34','35','36','37','38','67','39','40','41','42','43','45','46','47','2','3','4','68','69','70','72','13') ) AND ( `type` = 1 ) AND ( `status` = 1 )  [ RunTime:0.001141s ]

[ 2018-01-17T00:01:29+08:00 ] ::1 /tb/index.php/Admin/Article/del
INFO: [ app_begin ] --START--
INFO: Run Behavior\ReadHtmlCache [ RunTime:0.000521s ]
INFO: [ app_begin ] --END-- [ RunTime:0.001035s ]
NOTIC: [8192] mysql_connect(): The mysql extension is deprecated and will be removed in the future: use mysqli or PDO instead D:\wamp\www\tb\ThinkPHP\Library\Think\Db\Driver\Mysql.class.php 第 52 行.
SQL: SHOW COLUMNS FROM `tp_article` [ RunTime:0.006189s ]
NOTIC: [2] Missing argument 1 for Admin\Controller\PublicController::auth(), called in D:\wamp\www\tb\App\Admin\Controller\PublicController.class.php on line 44 and defined D:\wamp\www\tb\App\Admin\Controller\PublicController.class.php 第 74 行.
SQL: SHOW COLUMNS FROM `tp_auth_group_access` [ RunTime:0.003144s ]
SQL: SELECT `rules` FROM tp_auth_group_access a INNER JOIN tp_auth_group g on a.group_id=g.id  WHERE ( a.uid='4' and g.status='1' )  [ RunTime:0.000364s ]
SQL: SHOW COLUMNS FROM `tp_auth_rule` [ RunTime:0.003456s ]
SQL: SELECT `condition`,`name` FROM `tp_auth_rule` WHERE ( `id` IN ('1','48','50','51','52','53','54','55','56','57','58','59','60','61','62','63','64','25','26','27','28','65','5','6','7','8','14','15','16','20','21','22','23','24','66','29','30','31','32','33','34','35','36','37','38','67','39','40','41','42','43','45','46','47','2','3','4','68','69','70','72','13') ) AND ( `type` = 1 ) AND ( `status` = 1 )  [ RunTime:0.000474s ]
SQL: SHOW COLUMNS FROM `tp_auth_rule` [ RunTime:0.004804s ]
SQL: SELECT * FROM `tp_auth_rule` WHERE ( `pid` = 1 ) AND ( `is_show` = 1 ) ORDER BY `sort` LIMIT 100   [ RunTime:0.000400s ]
SQL: SELECT * FROM `tp_auth_rule` WHERE ( `pid` = 71 ) AND ( `is_show` = 1 ) LIMIT 100   [ RunTime:0.000330s ]
SQL: SELECT * FROM `tp_auth_rule` WHERE ( `pid` = 64 ) AND ( `is_show` = 1 ) LIMIT 100   [ RunTime:0.000303s ]
SQL: SELECT * FROM `tp_auth_rule` WHERE ( `pid` = 65 ) AND ( `is_show` = 1 ) LIMIT 100   [ RunTime:0.000302s ]
SQL: SELECT * FROM `tp_auth_rule` WHERE ( `pid` = 66 ) AND ( `is_show` = 1 ) LIMIT 100   [ RunTime:0.000279s ]
SQL: SELECT * FROM `tp_auth_rule` WHERE ( `pid` = 67 ) AND ( `is_show` = 1 ) LIMIT 100   [ RunTime:0.000261s ]
SQL: SELECT * FROM `tp_auth_rule` WHERE ( `pid` = 48 ) AND ( `is_show` = 1 ) LIMIT 100   [ RunTime:0.000294s ]
SQL: SHOW COLUMNS FROM `tp_category` [ RunTime:0.003783s ]
SQL: SELECT * FROM `tp_category` WHERE ( `pid` = 0 )  [ RunTime:0.000336s ]

[ 2018-01-17T00:01:33+08:00 ] ::1 /tb/index.php/Admin/Article/del2?id=11
INFO: [ app_begin ] --START--
INFO: Run Behavior\ReadHtmlCache [ RunTime:0.001106s ]
INFO: [ app_begin ] --END-- [ RunTime:0.001918s ]
NOTIC: [8192] mysql_connect(): The mysql extension is deprecated and will be removed in the future: use mysqli or PDO instead D:\wamp\www\tb\ThinkPHP\Library\Think\Db\Driver\Mysql.class.php 第 52 行.
SQL: SHOW COLUMNS FROM `tp_article` [ RunTime:0.015784s ]
NOTIC: [2] Missing argument 1 for Admin\Controller\PublicController::auth(), called in D:\wamp\www\tb\App\Admin\Controller\PublicController.class.php on line 44 and defined D:\wamp\www\tb\App\Admin\Controller\PublicController.class.php 第 74 行.
SQL: SHOW COLUMNS FROM `tp_auth_group_access` [ RunTime:0.003447s ]
SQL: SELECT `rules` FROM tp_auth_group_access a INNER JOIN tp_auth_group g on a.group_id=g.id  WHERE ( a.uid='4' and g.status='1' )  [ RunTime:0.000311s ]
SQL: SHOW COLUMNS FROM `tp_auth_rule` [ RunTime:0.003851s ]
SQL: SELECT `condition`,`name` FROM `tp_auth_rule` WHERE ( `id` IN ('1','48','50','51','52','53','54','55','56','57','58','59','60','61','62','63','64','25','26','27','28','65','5','6','7','8','14','15','16','20','21','22','23','24','66','29','30','31','32','33','34','35','36','37','38','67','39','40','41','42','43','45','46','47','2','3','4','68','69','70','72','13') ) AND ( `type` = 1 ) AND ( `status` = 1 )  [ RunTime:0.000449s ]

[ 2018-01-17T00:02:58+08:00 ] ::1 /tb/index.php/Admin/Article/del2?id=11
INFO: [ app_begin ] --START--
INFO: Run Behavior\ReadHtmlCache [ RunTime:0.000383s ]
INFO: [ app_begin ] --END-- [ RunTime:0.000731s ]
NOTIC: [8192] mysql_connect(): The mysql extension is deprecated and will be removed in the future: use mysqli or PDO instead D:\wamp\www\tb\ThinkPHP\Library\Think\Db\Driver\Mysql.class.php 第 52 行.
SQL: SHOW COLUMNS FROM `tp_article` [ RunTime:0.004882s ]
NOTIC: [2] Missing argument 1 for Admin\Controller\PublicController::auth(), called in D:\wamp\www\tb\App\Admin\Controller\PublicController.class.php on line 44 and defined D:\wamp\www\tb\App\Admin\Controller\PublicController.class.php 第 74 行.
SQL: SHOW COLUMNS FROM `tp_auth_group_access` [ RunTime:0.003192s ]
SQL: SELECT `rules` FROM tp_auth_group_access a INNER JOIN tp_auth_group g on a.group_id=g.id  WHERE ( a.uid='4' and g.status='1' )  [ RunTime:0.000330s ]
SQL: SHOW COLUMNS FROM `tp_auth_rule` [ RunTime:0.004083s ]
SQL: SELECT `condition`,`name` FROM `tp_auth_rule` WHERE ( `id` IN ('1','48','50','51','52','53','54','55','56','57','58','59','60','61','62','63','64','25','26','27','28','65','5','6','7','8','14','15','16','20','21','22','23','24','66','29','30','31','32','33','34','35','36','37','38','67','39','40','41','42','43','45','46','47','2','3','4','68','69','70','72','13') ) AND ( `type` = 1 ) AND ( `status` = 1 )  [ RunTime:0.000538s ]

[ 2018-01-17T00:03:02+08:00 ] ::1 /tb/index.php/Admin/Article/del2?id=77
INFO: [ app_begin ] --START--
INFO: Run Behavior\ReadHtmlCache [ RunTime:0.000445s ]
INFO: [ app_begin ] --END-- [ RunTime:0.000851s ]
NOTIC: [8192] mysql_connect(): The mysql extension is deprecated and will be removed in the future: use mysqli or PDO instead D:\wamp\www\tb\ThinkPHP\Library\Think\Db\Driver\Mysql.class.php 第 52 行.
SQL: SHOW COLUMNS FROM `tp_article` [ RunTime:0.004611s ]
NOTIC: [2] Missing argument 1 for Admin\Controller\PublicController::auth(), called in D:\wamp\www\tb\App\Admin\Controller\PublicController.class.php on line 44 and defined D:\wamp\www\tb\App\Admin\Controller\PublicController.class.php 第 74 行.
SQL: SHOW COLUMNS FROM `tp_auth_group_access` [ RunTime:0.003184s ]
SQL: SELECT `rules` FROM tp_auth_group_access a INNER JOIN tp_auth_group g on a.group_id=g.id  WHERE ( a.uid='4' and g.status='1' )  [ RunTime:0.000322s ]
SQL: SHOW COLUMNS FROM `tp_auth_rule` [ RunTime:0.003470s ]
SQL: SELECT `condition`,`name` FROM `tp_auth_rule` WHERE ( `id` IN ('1','48','50','51','52','53','54','55','56','57','58','59','60','61','62','63','64','25','26','27','28','65','5','6','7','8','14','15','16','20','21','22','23','24','66','29','30','31','32','33','34','35','36','37','38','67','39','40','41','42','43','45','46','47','2','3','4','68','69','70','72','13') ) AND ( `type` = 1 ) AND ( `status` = 1 )  [ RunTime:0.000433s ]

[ 2018-01-17T00:03:54+08:00 ] ::1 /tb/index.php/Admin/Article/del2?id=11
INFO: [ app_begin ] --START--
INFO: Run Behavior\ReadHtmlCache [ RunTime:0.000766s ]
INFO: [ app_begin ] --END-- [ RunTime:0.001490s ]
NOTIC: [8192] mysql_connect(): The mysql extension is deprecated and will be removed in the future: use mysqli or PDO instead D:\wamp\www\tb\ThinkPHP\Library\Think\Db\Driver\Mysql.class.php 第 52 行.
SQL: SHOW COLUMNS FROM `tp_article` [ RunTime:0.004563s ]
NOTIC: [2] Missing argument 1 for Admin\Controller\PublicController::auth(), called in D:\wamp\www\tb\App\Admin\Controller\PublicController.class.php on line 44 and defined D:\wamp\www\tb\App\Admin\Controller\PublicController.class.php 第 74 行.
SQL: SHOW COLUMNS FROM `tp_auth_group_access` [ RunTime:0.003439s ]
SQL: SELECT `rules` FROM tp_auth_group_access a INNER JOIN tp_auth_group g on a.group_id=g.id  WHERE ( a.uid='4' and g.status='1' )  [ RunTime:0.000321s ]
SQL: SHOW COLUMNS FROM `tp_auth_rule` [ RunTime:0.003534s ]
SQL: SELECT `condition`,`name` FROM `tp_auth_rule` WHERE ( `id` IN ('1','48','50','51','52','53','54','55','56','57','58','59','60','61','62','63','64','25','26','27','28','65','5','6','7','8','14','15','16','20','21','22','23','24','66','29','30','31','32','33','34','35','36','37','38','67','39','40','41','42','43','45','46','47','2','3','4','68','69','70','72','13') ) AND ( `type` = 1 ) AND ( `status` = 1 )  [ RunTime:0.000445s ]

[ 2018-01-17T00:03:57+08:00 ] ::1 /tb/index.php/Admin/Article/del2?id=11
INFO: [ app_begin ] --START--
INFO: Run Behavior\ReadHtmlCache [ RunTime:0.000441s ]
INFO: [ app_begin ] --END-- [ RunTime:0.000854s ]
NOTIC: [8192] mysql_connect(): The mysql extension is deprecated and will be removed in the future: use mysqli or PDO instead D:\wamp\www\tb\ThinkPHP\Library\Think\Db\Driver\Mysql.class.php 第 52 行.
SQL: SHOW COLUMNS FROM `tp_article` [ RunTime:0.004910s ]
NOTIC: [2] Missing argument 1 for Admin\Controller\PublicController::auth(), called in D:\wamp\www\tb\App\Admin\Controller\PublicController.class.php on line 44 and defined D:\wamp\www\tb\App\Admin\Controller\PublicController.class.php 第 74 行.
SQL: SHOW COLUMNS FROM `tp_auth_group_access` [ RunTime:0.003241s ]
SQL: SELECT `rules` FROM tp_auth_group_access a INNER JOIN tp_auth_group g on a.group_id=g.id  WHERE ( a.uid='4' and g.status='1' )  [ RunTime:0.000279s ]
SQL: SHOW COLUMNS FROM `tp_auth_rule` [ RunTime:0.003709s ]
SQL: SELECT `condition`,`name` FROM `tp_auth_rule` WHERE ( `id` IN ('1','48','50','51','52','53','54','55','56','57','58','59','60','61','62','63','64','25','26','27','28','65','5','6','7','8','14','15','16','20','21','22','23','24','66','29','30','31','32','33','34','35','36','37','38','67','39','40','41','42','43','45','46','47','2','3','4','68','69','70','72','13') ) AND ( `type` = 1 ) AND ( `status` = 1 )  [ RunTime:0.000469s ]

[ 2018-01-17T00:04:42+08:00 ] ::1 /tb/index.php/Admin/Article/del2?id=11
INFO: [ app_begin ] --START--
INFO: Run Behavior\ReadHtmlCache [ RunTime:0.000644s ]
INFO: [ app_begin ] --END-- [ RunTime:0.001284s ]
NOTIC: [8192] mysql_connect(): The mysql extension is deprecated and will be removed in the future: use mysqli or PDO instead D:\wamp\www\tb\ThinkPHP\Library\Think\Db\Driver\Mysql.class.php 第 52 行.
SQL: SHOW COLUMNS FROM `tp_article` [ RunTime:0.004723s ]
NOTIC: [2] Missing argument 1 for Admin\Controller\PublicController::auth(), called in D:\wamp\www\tb\App\Admin\Controller\PublicController.class.php on line 44 and defined D:\wamp\www\tb\App\Admin\Controller\PublicController.class.php 第 74 行.
SQL: SHOW COLUMNS FROM `tp_auth_group_access` [ RunTime:0.003539s ]
SQL: SELECT `rules` FROM tp_auth_group_access a INNER JOIN tp_auth_group g on a.group_id=g.id  WHERE ( a.uid='4' and g.status='1' )  [ RunTime:0.000295s ]
SQL: SHOW COLUMNS FROM `tp_auth_rule` [ RunTime:0.003586s ]
SQL: SELECT `condition`,`name` FROM `tp_auth_rule` WHERE ( `id` IN ('1','48','50','51','52','53','54','55','56','57','58','59','60','61','62','63','64','25','26','27','28','65','5','6','7','8','14','15','16','20','21','22','23','24','66','29','30','31','32','33','34','35','36','37','38','67','39','40','41','42','43','45','46','47','2','3','4','68','69','70','72','13') ) AND ( `type` = 1 ) AND ( `status` = 1 )  [ RunTime:0.000516s ]

