[ 2018-01-29T17:06:58+08:00 ] ::1 /tb/
INFO: [ app_begin ] --START--
INFO: Run Behavior\ReadHtmlCache [ RunTime:0.000942s ]
INFO: [ app_begin ] --END-- [ RunTime:0.001878s ]
NOTIC: [8192] mysql_connect(): The mysql extension is deprecated and will be removed in the future: use mysqli or PDO instead D:\wamp\www\tb\ThinkPHP\Library\Think\Db\Driver\Mysql.class.php 第 52 行.
SQL: SHOW COLUMNS FROM `tp_index` [ RunTime:0.172301s ]
ERR: 1146:La table 'tb.tp_index' n'existe pas
 [ SQL语句 ] : SHOW COLUMNS FROM `tp_index`
SQL: SHOW COLUMNS FROM `tp_category` [ RunTime:0.076079s ]
SQL: SELECT * FROM `tp_category` WHERE ( pid=0 ) LIMIT 100   [ RunTime:0.025954s ]
SQL: SELECT * FROM `tp_category` WHERE ( pid=1 ) LIMIT 100   [ RunTime:0.000491s ]
SQL: SELECT * FROM `tp_category` WHERE ( pid=2 ) LIMIT 100   [ RunTime:0.000482s ]
SQL: SELECT * FROM `tp_category` WHERE ( pid=3 ) LIMIT 100   [ RunTime:0.000536s ]
SQL: SELECT * FROM `tp_category` WHERE ( pid=4 ) LIMIT 100   [ RunTime:0.000548s ]
SQL: SELECT * FROM `tp_category` WHERE ( pid=5 ) LIMIT 100   [ RunTime:0.000514s ]
SQL: SELECT * FROM `tp_category` WHERE ( pid=6 ) LIMIT 100   [ RunTime:0.000391s ]
INFO: [ view_parse ] --START--
INFO: [ template_filter ] --START--
INFO: Run Behavior\ContentReplace [ RunTime:0.000446s ]
INFO: [ template_filter ] --END-- [ RunTime:0.000962s ]
NOTIC: [8] Undefined index: user D:\wamp\www\tb\App\Runtime\Cache\Home\89e841a2657642c31fa49c57b891047b.php 第 31 行.
NOTIC: [8] Use of undefined constant Index - assumed 'Index' D:\wamp\www\tb\App\Runtime\Cache\Home\89e841a2657642c31fa49c57b891047b.php 第 46 行.
INFO: Run Behavior\ParseTemplate [ RunTime:0.162072s ]
INFO: [ view_parse ] --END-- [ RunTime:0.162489s ]
INFO: [ view_filter ] --START--
INFO: Run Behavior\WriteHtmlCache [ RunTime:0.009485s ]
INFO: [ view_filter ] --END-- [ RunTime:0.010162s ]
INFO: [ app_end ] --START--
INFO: Run Behavior\ShowPageTrace [ RunTime:0.003167s ]
INFO: [ app_end ] --END-- [ RunTime:0.004606s ]

[ 2018-01-29T17:09:11+08:00 ] ::1 /tb/index.php/Admin/Article/del
INFO: [ app_begin ] --START--
INFO: Run Behavior\ReadHtmlCache [ RunTime:0.000696s ]
INFO: [ app_begin ] --END-- [ RunTime:0.001412s ]
NOTIC: [8192] mysql_connect(): The mysql extension is deprecated and will be removed in the future: use mysqli or PDO instead D:\wamp\www\tb\ThinkPHP\Library\Think\Db\Driver\Mysql.class.php 第 52 行.
SQL: SHOW COLUMNS FROM `tp_article` [ RunTime:0.004960s ]
NOTIC: [2] Missing argument 1 for Admin\Controller\PublicController::auth(), called in D:\wamp\www\tb\App\Admin\Controller\PublicController.class.php on line 44 and defined D:\wamp\www\tb\App\Admin\Controller\PublicController.class.php 第 74 行.
SQL: SHOW COLUMNS FROM `tp_auth_group_access` [ RunTime:0.003974s ]
SQL: SELECT `rules` FROM tp_auth_group_access a INNER JOIN tp_auth_group g on a.group_id=g.id  WHERE ( a.uid='4' and g.status='1' )  [ RunTime:0.000366s ]
SQL: SHOW COLUMNS FROM `tp_auth_rule` [ RunTime:0.003561s ]
SQL: SELECT `condition`,`name` FROM `tp_auth_rule` WHERE ( `id` IN ('1','48','50','51','52','53','54','55','56','57','58','59','60','61','62','63','64','25','26','27','28','65','5','6','7','8','14','15','16','20','21','22','23','24','66','29','30','31','32','33','34','35','36','37','38','67','39','40','41','42','43','45','46','47','2','3','4','68','69','70','72','13') ) AND ( `type` = 1 ) AND ( `status` = 1 )  [ RunTime:0.000475s ]
SQL: SHOW COLUMNS FROM `tp_auth_rule` [ RunTime:0.003465s ]
SQL: SELECT * FROM `tp_auth_rule` WHERE ( `pid` = 1 ) AND ( `is_show` = 1 ) ORDER BY `sort` LIMIT 100   [ RunTime:0.000335s ]
SQL: SELECT * FROM `tp_auth_rule` WHERE ( `pid` = 71 ) AND ( `is_show` = 1 ) LIMIT 100   [ RunTime:0.000266s ]
SQL: SELECT * FROM `tp_auth_rule` WHERE ( `pid` = 64 ) AND ( `is_show` = 1 ) LIMIT 100   [ RunTime:0.000246s ]
SQL: SELECT * FROM `tp_auth_rule` WHERE ( `pid` = 65 ) AND ( `is_show` = 1 ) LIMIT 100   [ RunTime:0.000243s ]
SQL: SELECT * FROM `tp_auth_rule` WHERE ( `pid` = 66 ) AND ( `is_show` = 1 ) LIMIT 100   [ RunTime:0.000231s ]
SQL: SELECT * FROM `tp_auth_rule` WHERE ( `pid` = 67 ) AND ( `is_show` = 1 ) LIMIT 100   [ RunTime:0.000525s ]
SQL: SELECT * FROM `tp_auth_rule` WHERE ( `pid` = 48 ) AND ( `is_show` = 1 ) LIMIT 100   [ RunTime:0.000353s ]
SQL: SHOW COLUMNS FROM `tp_category` [ RunTime:0.003804s ]
SQL: SELECT * FROM `tp_category` WHERE ( `pid` = 0 )  [ RunTime:0.000319s ]

[ 2018-01-29T17:09:43+08:00 ] ::1 /tb/index.php/Admin/Article/del
INFO: [ app_begin ] --START--
INFO: Run Behavior\ReadHtmlCache [ RunTime:0.000598s ]
INFO: [ app_begin ] --END-- [ RunTime:0.001144s ]
NOTIC: [8192] mysql_connect(): The mysql extension is deprecated and will be removed in the future: use mysqli or PDO instead D:\wamp\www\tb\ThinkPHP\Library\Think\Db\Driver\Mysql.class.php 第 52 行.
SQL: SHOW COLUMNS FROM `tp_article` [ RunTime:0.008947s ]
NOTIC: [2] Missing argument 1 for Admin\Controller\PublicController::auth(), called in D:\wamp\www\tb\App\Admin\Controller\PublicController.class.php on line 44 and defined D:\wamp\www\tb\App\Admin\Controller\PublicController.class.php 第 74 行.
SQL: SHOW COLUMNS FROM `tp_auth_group_access` [ RunTime:0.003797s ]
SQL: SELECT `rules` FROM tp_auth_group_access a INNER JOIN tp_auth_group g on a.group_id=g.id  WHERE ( a.uid='4' and g.status='1' )  [ RunTime:0.000359s ]
SQL: SHOW COLUMNS FROM `tp_auth_rule` [ RunTime:0.005973s ]
SQL: SELECT `condition`,`name` FROM `tp_auth_rule` WHERE ( `id` IN ('1','48','50','51','52','53','54','55','56','57','58','59','60','61','62','63','64','25','26','27','28','65','5','6','7','8','14','15','16','20','21','22','23','24','66','29','30','31','32','33','34','35','36','37','38','67','39','40','41','42','43','45','46','47','2','3','4','68','69','70','72','13') ) AND ( `type` = 1 ) AND ( `status` = 1 )  [ RunTime:0.000612s ]
SQL: SHOW COLUMNS FROM `tp_auth_rule` [ RunTime:0.003896s ]
SQL: SELECT * FROM `tp_auth_rule` WHERE ( `pid` = 1 ) AND ( `is_show` = 1 ) ORDER BY `sort` LIMIT 100   [ RunTime:0.001798s ]
SQL: SELECT * FROM `tp_auth_rule` WHERE ( `pid` = 71 ) AND ( `is_show` = 1 ) LIMIT 100   [ RunTime:0.000324s ]
SQL: SELECT * FROM `tp_auth_rule` WHERE ( `pid` = 64 ) AND ( `is_show` = 1 ) LIMIT 100   [ RunTime:0.000305s ]
SQL: SELECT * FROM `tp_auth_rule` WHERE ( `pid` = 65 ) AND ( `is_show` = 1 ) LIMIT 100   [ RunTime:0.000397s ]
SQL: SELECT * FROM `tp_auth_rule` WHERE ( `pid` = 66 ) AND ( `is_show` = 1 ) LIMIT 100   [ RunTime:0.000322s ]
SQL: SELECT * FROM `tp_auth_rule` WHERE ( `pid` = 67 ) AND ( `is_show` = 1 ) LIMIT 100   [ RunTime:0.000307s ]
SQL: SELECT * FROM `tp_auth_rule` WHERE ( `pid` = 48 ) AND ( `is_show` = 1 ) LIMIT 100   [ RunTime:0.000281s ]
SQL: SHOW COLUMNS FROM `tp_category` [ RunTime:0.004704s ]
SQL: SELECT * FROM `tp_category` WHERE ( `pid` = 0 )  [ RunTime:0.000301s ]

[ 2018-01-29T17:10:27+08:00 ] ::1 /tb/index.php/Admin/Article/del?id2=11&id2=11
INFO: [ app_begin ] --START--
INFO: Run Behavior\ReadHtmlCache [ RunTime:0.000457s ]
INFO: [ app_begin ] --END-- [ RunTime:0.000905s ]
NOTIC: [8192] mysql_connect(): The mysql extension is deprecated and will be removed in the future: use mysqli or PDO instead D:\wamp\www\tb\ThinkPHP\Library\Think\Db\Driver\Mysql.class.php 第 52 行.
SQL: SHOW COLUMNS FROM `tp_article` [ RunTime:0.004502s ]
NOTIC: [2] Missing argument 1 for Admin\Controller\PublicController::auth(), called in D:\wamp\www\tb\App\Admin\Controller\PublicController.class.php on line 44 and defined D:\wamp\www\tb\App\Admin\Controller\PublicController.class.php 第 74 行.
SQL: SHOW COLUMNS FROM `tp_auth_group_access` [ RunTime:0.003064s ]
SQL: SELECT `rules` FROM tp_auth_group_access a INNER JOIN tp_auth_group g on a.group_id=g.id  WHERE ( a.uid='4' and g.status='1' )  [ RunTime:0.000378s ]
SQL: SHOW COLUMNS FROM `tp_auth_rule` [ RunTime:0.003845s ]
SQL: SELECT `condition`,`name` FROM `tp_auth_rule` WHERE ( `id` IN ('1','48','50','51','52','53','54','55','56','57','58','59','60','61','62','63','64','25','26','27','28','65','5','6','7','8','14','15','16','20','21','22','23','24','66','29','30','31','32','33','34','35','36','37','38','67','39','40','41','42','43','45','46','47','2','3','4','68','69','70','72','13') ) AND ( `type` = 1 ) AND ( `status` = 1 )  [ RunTime:0.000798s ]
SQL: SHOW COLUMNS FROM `tp_auth_rule` [ RunTime:0.003510s ]
SQL: SELECT * FROM `tp_auth_rule` WHERE ( `pid` = 1 ) AND ( `is_show` = 1 ) ORDER BY `sort` LIMIT 100   [ RunTime:0.000409s ]
SQL: SELECT * FROM `tp_auth_rule` WHERE ( `pid` = 71 ) AND ( `is_show` = 1 ) LIMIT 100   [ RunTime:0.000264s ]
SQL: SELECT * FROM `tp_auth_rule` WHERE ( `pid` = 64 ) AND ( `is_show` = 1 ) LIMIT 100   [ RunTime:0.000248s ]
SQL: SELECT * FROM `tp_auth_rule` WHERE ( `pid` = 65 ) AND ( `is_show` = 1 ) LIMIT 100   [ RunTime:0.000258s ]
SQL: SELECT * FROM `tp_auth_rule` WHERE ( `pid` = 66 ) AND ( `is_show` = 1 ) LIMIT 100   [ RunTime:0.000235s ]
SQL: SELECT * FROM `tp_auth_rule` WHERE ( `pid` = 67 ) AND ( `is_show` = 1 ) LIMIT 100   [ RunTime:0.000212s ]
SQL: SELECT * FROM `tp_auth_rule` WHERE ( `pid` = 48 ) AND ( `is_show` = 1 ) LIMIT 100   [ RunTime:0.000229s ]
SQL: SHOW COLUMNS FROM `tp_category` [ RunTime:0.003750s ]
SQL: SELECT * FROM `tp_category` WHERE ( `pid` = 0 )  [ RunTime:0.000389s ]

[ 2018-01-29T17:10:32+08:00 ] ::1 /tb/index.php/Admin/Article/del
INFO: [ app_begin ] --START--
INFO: Run Behavior\ReadHtmlCache [ RunTime:0.000487s ]
INFO: [ app_begin ] --END-- [ RunTime:0.000997s ]
NOTIC: [8192] mysql_connect(): The mysql extension is deprecated and will be removed in the future: use mysqli or PDO instead D:\wamp\www\tb\ThinkPHP\Library\Think\Db\Driver\Mysql.class.php 第 52 行.
SQL: SHOW COLUMNS FROM `tp_article` [ RunTime:0.005294s ]
NOTIC: [2] Missing argument 1 for Admin\Controller\PublicController::auth(), called in D:\wamp\www\tb\App\Admin\Controller\PublicController.class.php on line 44 and defined D:\wamp\www\tb\App\Admin\Controller\PublicController.class.php 第 74 行.
SQL: SHOW COLUMNS FROM `tp_auth_group_access` [ RunTime:0.004800s ]
SQL: SELECT `rules` FROM tp_auth_group_access a INNER JOIN tp_auth_group g on a.group_id=g.id  WHERE ( a.uid='4' and g.status='1' )  [ RunTime:0.000304s ]
SQL: SHOW COLUMNS FROM `tp_auth_rule` [ RunTime:0.003589s ]
SQL: SELECT `condition`,`name` FROM `tp_auth_rule` WHERE ( `id` IN ('1','48','50','51','52','53','54','55','56','57','58','59','60','61','62','63','64','25','26','27','28','65','5','6','7','8','14','15','16','20','21','22','23','24','66','29','30','31','32','33','34','35','36','37','38','67','39','40','41','42','43','45','46','47','2','3','4','68','69','70','72','13') ) AND ( `type` = 1 ) AND ( `status` = 1 )  [ RunTime:0.000486s ]
SQL: SHOW COLUMNS FROM `tp_auth_rule` [ RunTime:0.003442s ]
SQL: SELECT * FROM `tp_auth_rule` WHERE ( `pid` = 1 ) AND ( `is_show` = 1 ) ORDER BY `sort` LIMIT 100   [ RunTime:0.000422s ]
SQL: SELECT * FROM `tp_auth_rule` WHERE ( `pid` = 71 ) AND ( `is_show` = 1 ) LIMIT 100   [ RunTime:0.000288s ]
SQL: SELECT * FROM `tp_auth_rule` WHERE ( `pid` = 64 ) AND ( `is_show` = 1 ) LIMIT 100   [ RunTime:0.000236s ]
SQL: SELECT * FROM `tp_auth_rule` WHERE ( `pid` = 65 ) AND ( `is_show` = 1 ) LIMIT 100   [ RunTime:0.000300s ]
SQL: SELECT * FROM `tp_auth_rule` WHERE ( `pid` = 66 ) AND ( `is_show` = 1 ) LIMIT 100   [ RunTime:0.000431s ]
SQL: SELECT * FROM `tp_auth_rule` WHERE ( `pid` = 67 ) AND ( `is_show` = 1 ) LIMIT 100   [ RunTime:0.000283s ]
SQL: SELECT * FROM `tp_auth_rule` WHERE ( `pid` = 48 ) AND ( `is_show` = 1 ) LIMIT 100   [ RunTime:0.000283s ]
SQL: SHOW COLUMNS FROM `tp_category` [ RunTime:0.004167s ]
SQL: SELECT * FROM `tp_category` WHERE ( `pid` = 0 )  [ RunTime:0.000352s ]

[ 2018-01-29T17:10:37+08:00 ] ::1 /tb/index.php/Admin/Article/del?id2=11&id2=11
INFO: [ app_begin ] --START--
INFO: Run Behavior\ReadHtmlCache [ RunTime:0.000495s ]
INFO: [ app_begin ] --END-- [ RunTime:0.001223s ]
NOTIC: [8192] mysql_connect(): The mysql extension is deprecated and will be removed in the future: use mysqli or PDO instead D:\wamp\www\tb\ThinkPHP\Library\Think\Db\Driver\Mysql.class.php 第 52 行.
SQL: SHOW COLUMNS FROM `tp_article` [ RunTime:0.004861s ]
NOTIC: [2] Missing argument 1 for Admin\Controller\PublicController::auth(), called in D:\wamp\www\tb\App\Admin\Controller\PublicController.class.php on line 44 and defined D:\wamp\www\tb\App\Admin\Controller\PublicController.class.php 第 74 行.
SQL: SHOW COLUMNS FROM `tp_auth_group_access` [ RunTime:0.003409s ]
SQL: SELECT `rules` FROM tp_auth_group_access a INNER JOIN tp_auth_group g on a.group_id=g.id  WHERE ( a.uid='4' and g.status='1' )  [ RunTime:0.000324s ]
SQL: SHOW COLUMNS FROM `tp_auth_rule` [ RunTime:0.003654s ]
SQL: SELECT `condition`,`name` FROM `tp_auth_rule` WHERE ( `id` IN ('1','48','50','51','52','53','54','55','56','57','58','59','60','61','62','63','64','25','26','27','28','65','5','6','7','8','14','15','16','20','21','22','23','24','66','29','30','31','32','33','34','35','36','37','38','67','39','40','41','42','43','45','46','47','2','3','4','68','69','70','72','13') ) AND ( `type` = 1 ) AND ( `status` = 1 )  [ RunTime:0.000496s ]
SQL: SHOW COLUMNS FROM `tp_auth_rule` [ RunTime:0.004809s ]
SQL: SELECT * FROM `tp_auth_rule` WHERE ( `pid` = 1 ) AND ( `is_show` = 1 ) ORDER BY `sort` LIMIT 100   [ RunTime:0.000391s ]
SQL: SELECT * FROM `tp_auth_rule` WHERE ( `pid` = 71 ) AND ( `is_show` = 1 ) LIMIT 100   [ RunTime:0.000281s ]
SQL: SELECT * FROM `tp_auth_rule` WHERE ( `pid` = 64 ) AND ( `is_show` = 1 ) LIMIT 100   [ RunTime:0.000274s ]
SQL: SELECT * FROM `tp_auth_rule` WHERE ( `pid` = 65 ) AND ( `is_show` = 1 ) LIMIT 100   [ RunTime:0.000284s ]
SQL: SELECT * FROM `tp_auth_rule` WHERE ( `pid` = 66 ) AND ( `is_show` = 1 ) LIMIT 100   [ RunTime:0.000279s ]
SQL: SELECT * FROM `tp_auth_rule` WHERE ( `pid` = 67 ) AND ( `is_show` = 1 ) LIMIT 100   [ RunTime:0.000278s ]
SQL: SELECT * FROM `tp_auth_rule` WHERE ( `pid` = 48 ) AND ( `is_show` = 1 ) LIMIT 100   [ RunTime:0.000319s ]
SQL: SHOW COLUMNS FROM `tp_category` [ RunTime:0.003871s ]
SQL: SELECT * FROM `tp_category` WHERE ( `pid` = 0 )  [ RunTime:0.000301s ]

[ 2018-01-29T17:10:53+08:00 ] ::1 /tb/index.php/Admin/Article/del?id2=11&id2=11
INFO: [ app_begin ] --START--
INFO: Run Behavior\ReadHtmlCache [ RunTime:0.000452s ]
INFO: [ app_begin ] --END-- [ RunTime:0.000875s ]
NOTIC: [8192] mysql_connect(): The mysql extension is deprecated and will be removed in the future: use mysqli or PDO instead D:\wamp\www\tb\ThinkPHP\Library\Think\Db\Driver\Mysql.class.php 第 52 行.
SQL: SHOW COLUMNS FROM `tp_article` [ RunTime:0.006170s ]
NOTIC: [2] Missing argument 1 for Admin\Controller\PublicController::auth(), called in D:\wamp\www\tb\App\Admin\Controller\PublicController.class.php on line 44 and defined D:\wamp\www\tb\App\Admin\Controller\PublicController.class.php 第 74 行.
SQL: SHOW COLUMNS FROM `tp_auth_group_access` [ RunTime:0.003273s ]
SQL: SELECT `rules` FROM tp_auth_group_access a INNER JOIN tp_auth_group g on a.group_id=g.id  WHERE ( a.uid='4' and g.status='1' )  [ RunTime:0.000299s ]
SQL: SHOW COLUMNS FROM `tp_auth_rule` [ RunTime:0.003704s ]
SQL: SELECT `condition`,`name` FROM `tp_auth_rule` WHERE ( `id` IN ('1','48','50','51','52','53','54','55','56','57','58','59','60','61','62','63','64','25','26','27','28','65','5','6','7','8','14','15','16','20','21','22','23','24','66','29','30','31','32','33','34','35','36','37','38','67','39','40','41','42','43','45','46','47','2','3','4','68','69','70','72','13') ) AND ( `type` = 1 ) AND ( `status` = 1 )  [ RunTime:0.001152s ]
SQL: SHOW COLUMNS FROM `tp_auth_rule` [ RunTime:0.004568s ]
SQL: SELECT * FROM `tp_auth_rule` WHERE ( `pid` = 1 ) AND ( `is_show` = 1 ) ORDER BY `sort` LIMIT 100   [ RunTime:0.000384s ]
SQL: SELECT * FROM `tp_auth_rule` WHERE ( `pid` = 71 ) AND ( `is_show` = 1 ) LIMIT 100   [ RunTime:0.000283s ]
SQL: SELECT * FROM `tp_auth_rule` WHERE ( `pid` = 64 ) AND ( `is_show` = 1 ) LIMIT 100   [ RunTime:0.000272s ]
SQL: SELECT * FROM `tp_auth_rule` WHERE ( `pid` = 65 ) AND ( `is_show` = 1 ) LIMIT 100   [ RunTime:0.000281s ]
SQL: SELECT * FROM `tp_auth_rule` WHERE ( `pid` = 66 ) AND ( `is_show` = 1 ) LIMIT 100   [ RunTime:0.000289s ]
SQL: SELECT * FROM `tp_auth_rule` WHERE ( `pid` = 67 ) AND ( `is_show` = 1 ) LIMIT 100   [ RunTime:0.000275s ]
SQL: SELECT * FROM `tp_auth_rule` WHERE ( `pid` = 48 ) AND ( `is_show` = 1 ) LIMIT 100   [ RunTime:0.000284s ]
SQL: SHOW COLUMNS FROM `tp_category` [ RunTime:0.004986s ]
SQL: SELECT * FROM `tp_category` WHERE ( `pid` = 0 )  [ RunTime:0.000313s ]

[ 2018-01-29T17:10:56+08:00 ] ::1 /tb/index.php/Admin/Article/del
INFO: [ app_begin ] --START--
INFO: Run Behavior\ReadHtmlCache [ RunTime:0.000467s ]
INFO: [ app_begin ] --END-- [ RunTime:0.000944s ]
NOTIC: [8192] mysql_connect(): The mysql extension is deprecated and will be removed in the future: use mysqli or PDO instead D:\wamp\www\tb\ThinkPHP\Library\Think\Db\Driver\Mysql.class.php 第 52 行.
SQL: SHOW COLUMNS FROM `tp_article` [ RunTime:0.004392s ]
NOTIC: [2] Missing argument 1 for Admin\Controller\PublicController::auth(), called in D:\wamp\www\tb\App\Admin\Controller\PublicController.class.php on line 44 and defined D:\wamp\www\tb\App\Admin\Controller\PublicController.class.php 第 74 行.
SQL: SHOW COLUMNS FROM `tp_auth_group_access` [ RunTime:0.003166s ]
SQL: SELECT `rules` FROM tp_auth_group_access a INNER JOIN tp_auth_group g on a.group_id=g.id  WHERE ( a.uid='4' and g.status='1' )  [ RunTime:0.000422s ]
SQL: SHOW COLUMNS FROM `tp_auth_rule` [ RunTime:0.004315s ]
SQL: SELECT `condition`,`name` FROM `tp_auth_rule` WHERE ( `id` IN ('1','48','50','51','52','53','54','55','56','57','58','59','60','61','62','63','64','25','26','27','28','65','5','6','7','8','14','15','16','20','21','22','23','24','66','29','30','31','32','33','34','35','36','37','38','67','39','40','41','42','43','45','46','47','2','3','4','68','69','70','72','13') ) AND ( `type` = 1 ) AND ( `status` = 1 )  [ RunTime:0.000500s ]
SQL: SHOW COLUMNS FROM `tp_auth_rule` [ RunTime:0.003445s ]
SQL: SELECT * FROM `tp_auth_rule` WHERE ( `pid` = 1 ) AND ( `is_show` = 1 ) ORDER BY `sort` LIMIT 100   [ RunTime:0.000407s ]
SQL: SELECT * FROM `tp_auth_rule` WHERE ( `pid` = 71 ) AND ( `is_show` = 1 ) LIMIT 100   [ RunTime:0.000295s ]
SQL: SELECT * FROM `tp_auth_rule` WHERE ( `pid` = 64 ) AND ( `is_show` = 1 ) LIMIT 100   [ RunTime:0.000258s ]
SQL: SELECT * FROM `tp_auth_rule` WHERE ( `pid` = 65 ) AND ( `is_show` = 1 ) LIMIT 100   [ RunTime:0.000262s ]
SQL: SELECT * FROM `tp_auth_rule` WHERE ( `pid` = 66 ) AND ( `is_show` = 1 ) LIMIT 100   [ RunTime:0.000262s ]
SQL: SELECT * FROM `tp_auth_rule` WHERE ( `pid` = 67 ) AND ( `is_show` = 1 ) LIMIT 100   [ RunTime:0.000303s ]
SQL: SELECT * FROM `tp_auth_rule` WHERE ( `pid` = 48 ) AND ( `is_show` = 1 ) LIMIT 100   [ RunTime:0.000281s ]
SQL: SHOW COLUMNS FROM `tp_category` [ RunTime:0.003541s ]
SQL: SELECT * FROM `tp_category` WHERE ( `pid` = 0 )  [ RunTime:0.000291s ]

[ 2018-01-29T17:11:11+08:00 ] ::1 /tb/index.php/Admin/Article/del?id2=11&id2=11
INFO: [ app_begin ] --START--
INFO: Run Behavior\ReadHtmlCache [ RunTime:0.000526s ]
INFO: [ app_begin ] --END-- [ RunTime:0.001175s ]
NOTIC: [8192] mysql_connect(): The mysql extension is deprecated and will be removed in the future: use mysqli or PDO instead D:\wamp\www\tb\ThinkPHP\Library\Think\Db\Driver\Mysql.class.php 第 52 行.
SQL: SHOW COLUMNS FROM `tp_article` [ RunTime:0.004583s ]
NOTIC: [2] Missing argument 1 for Admin\Controller\PublicController::auth(), called in D:\wamp\www\tb\App\Admin\Controller\PublicController.class.php on line 44 and defined D:\wamp\www\tb\App\Admin\Controller\PublicController.class.php 第 74 行.
SQL: SHOW COLUMNS FROM `tp_auth_group_access` [ RunTime:0.004166s ]
SQL: SELECT `rules` FROM tp_auth_group_access a INNER JOIN tp_auth_group g on a.group_id=g.id  WHERE ( a.uid='4' and g.status='1' )  [ RunTime:0.000311s ]
SQL: SHOW COLUMNS FROM `tp_auth_rule` [ RunTime:0.003487s ]
SQL: SELECT `condition`,`name` FROM `tp_auth_rule` WHERE ( `id` IN ('1','48','50','51','52','53','54','55','56','57','58','59','60','61','62','63','64','25','26','27','28','65','5','6','7','8','14','15','16','20','21','22','23','24','66','29','30','31','32','33','34','35','36','37','38','67','39','40','41','42','43','45','46','47','2','3','4','68','69','70','72','13') ) AND ( `type` = 1 ) AND ( `status` = 1 )  [ RunTime:0.000436s ]
SQL: SHOW COLUMNS FROM `tp_auth_rule` [ RunTime:0.003631s ]
SQL: SELECT * FROM `tp_auth_rule` WHERE ( `pid` = 1 ) AND ( `is_show` = 1 ) ORDER BY `sort` LIMIT 100   [ RunTime:0.000370s ]
SQL: SELECT * FROM `tp_auth_rule` WHERE ( `pid` = 71 ) AND ( `is_show` = 1 ) LIMIT 100   [ RunTime:0.000263s ]
SQL: SELECT * FROM `tp_auth_rule` WHERE ( `pid` = 64 ) AND ( `is_show` = 1 ) LIMIT 100   [ RunTime:0.000301s ]
SQL: SELECT * FROM `tp_auth_rule` WHERE ( `pid` = 65 ) AND ( `is_show` = 1 ) LIMIT 100   [ RunTime:0.000263s ]
SQL: SELECT * FROM `tp_auth_rule` WHERE ( `pid` = 66 ) AND ( `is_show` = 1 ) LIMIT 100   [ RunTime:0.000240s ]
SQL: SELECT * FROM `tp_auth_rule` WHERE ( `pid` = 67 ) AND ( `is_show` = 1 ) LIMIT 100   [ RunTime:0.000258s ]
SQL: SELECT * FROM `tp_auth_rule` WHERE ( `pid` = 48 ) AND ( `is_show` = 1 ) LIMIT 100   [ RunTime:0.000280s ]
SQL: SHOW COLUMNS FROM `tp_category` [ RunTime:0.003672s ]
SQL: SELECT * FROM `tp_category` WHERE ( `pid` = 0 )  [ RunTime:0.000283s ]

[ 2018-01-29T17:12:02+08:00 ] ::1 /tb/index.php/Admin/Article/del?id2=11
INFO: [ app_begin ] --START--
INFO: Run Behavior\ReadHtmlCache [ RunTime:0.000448s ]
INFO: [ app_begin ] --END-- [ RunTime:0.000858s ]
NOTIC: [8192] mysql_connect(): The mysql extension is deprecated and will be removed in the future: use mysqli or PDO instead D:\wamp\www\tb\ThinkPHP\Library\Think\Db\Driver\Mysql.class.php 第 52 行.
SQL: SHOW COLUMNS FROM `tp_article` [ RunTime:0.004866s ]
NOTIC: [2] Missing argument 1 for Admin\Controller\PublicController::auth(), called in D:\wamp\www\tb\App\Admin\Controller\PublicController.class.php on line 44 and defined D:\wamp\www\tb\App\Admin\Controller\PublicController.class.php 第 74 行.
SQL: SHOW COLUMNS FROM `tp_auth_group_access` [ RunTime:0.003355s ]
SQL: SELECT `rules` FROM tp_auth_group_access a INNER JOIN tp_auth_group g on a.group_id=g.id  WHERE ( a.uid='4' and g.status='1' )  [ RunTime:0.000331s ]
SQL: SHOW COLUMNS FROM `tp_auth_rule` [ RunTime:0.003732s ]
SQL: SELECT `condition`,`name` FROM `tp_auth_rule` WHERE ( `id` IN ('1','48','50','51','52','53','54','55','56','57','58','59','60','61','62','63','64','25','26','27','28','65','5','6','7','8','14','15','16','20','21','22','23','24','66','29','30','31','32','33','34','35','36','37','38','67','39','40','41','42','43','45','46','47','2','3','4','68','69','70','72','13') ) AND ( `type` = 1 ) AND ( `status` = 1 )  [ RunTime:0.000485s ]
SQL: SHOW COLUMNS FROM `tp_auth_rule` [ RunTime:0.004410s ]
SQL: SELECT * FROM `tp_auth_rule` WHERE ( `pid` = 1 ) AND ( `is_show` = 1 ) ORDER BY `sort` LIMIT 100   [ RunTime:0.000354s ]
SQL: SELECT * FROM `tp_auth_rule` WHERE ( `pid` = 71 ) AND ( `is_show` = 1 ) LIMIT 100   [ RunTime:0.000246s ]
SQL: SELECT * FROM `tp_auth_rule` WHERE ( `pid` = 64 ) AND ( `is_show` = 1 ) LIMIT 100   [ RunTime:0.000263s ]
SQL: SELECT * FROM `tp_auth_rule` WHERE ( `pid` = 65 ) AND ( `is_show` = 1 ) LIMIT 100   [ RunTime:0.000309s ]
SQL: SELECT * FROM `tp_auth_rule` WHERE ( `pid` = 66 ) AND ( `is_show` = 1 ) LIMIT 100   [ RunTime:0.000274s ]
SQL: SELECT * FROM `tp_auth_rule` WHERE ( `pid` = 67 ) AND ( `is_show` = 1 ) LIMIT 100   [ RunTime:0.000264s ]
SQL: SELECT * FROM `tp_auth_rule` WHERE ( `pid` = 48 ) AND ( `is_show` = 1 ) LIMIT 100   [ RunTime:0.000270s ]
SQL: SHOW COLUMNS FROM `tp_category` [ RunTime:0.003386s ]
SQL: SELECT * FROM `tp_category` WHERE ( `pid` = 0 )  [ RunTime:0.000290s ]

[ 2018-01-29T17:12:05+08:00 ] ::1 /tb/index.php/Admin/Article/del?id2=11
INFO: [ app_begin ] --START--
INFO: Run Behavior\ReadHtmlCache [ RunTime:0.000449s ]
INFO: [ app_begin ] --END-- [ RunTime:0.000858s ]
NOTIC: [8192] mysql_connect(): The mysql extension is deprecated and will be removed in the future: use mysqli or PDO instead D:\wamp\www\tb\ThinkPHP\Library\Think\Db\Driver\Mysql.class.php 第 52 行.
SQL: SHOW COLUMNS FROM `tp_article` [ RunTime:0.004525s ]
NOTIC: [2] Missing argument 1 for Admin\Controller\PublicController::auth(), called in D:\wamp\www\tb\App\Admin\Controller\PublicController.class.php on line 44 and defined D:\wamp\www\tb\App\Admin\Controller\PublicController.class.php 第 74 行.
SQL: SHOW COLUMNS FROM `tp_auth_group_access` [ RunTime:0.004364s ]
SQL: SELECT `rules` FROM tp_auth_group_access a INNER JOIN tp_auth_group g on a.group_id=g.id  WHERE ( a.uid='4' and g.status='1' )  [ RunTime:0.000338s ]
SQL: SHOW COLUMNS FROM `tp_auth_rule` [ RunTime:0.003917s ]
SQL: SELECT `condition`,`name` FROM `tp_auth_rule` WHERE ( `id` IN ('1','48','50','51','52','53','54','55','56','57','58','59','60','61','62','63','64','25','26','27','28','65','5','6','7','8','14','15','16','20','21','22','23','24','66','29','30','31','32','33','34','35','36','37','38','67','39','40','41','42','43','45','46','47','2','3','4','68','69','70','72','13') ) AND ( `type` = 1 ) AND ( `status` = 1 )  [ RunTime:0.000504s ]
SQL: SHOW COLUMNS FROM `tp_auth_rule` [ RunTime:0.003927s ]
SQL: SELECT * FROM `tp_auth_rule` WHERE ( `pid` = 1 ) AND ( `is_show` = 1 ) ORDER BY `sort` LIMIT 100   [ RunTime:0.000427s ]
SQL: SELECT * FROM `tp_auth_rule` WHERE ( `pid` = 71 ) AND ( `is_show` = 1 ) LIMIT 100   [ RunTime:0.000303s ]
SQL: SELECT * FROM `tp_auth_rule` WHERE ( `pid` = 64 ) AND ( `is_show` = 1 ) LIMIT 100   [ RunTime:0.000304s ]
SQL: SELECT * FROM `tp_auth_rule` WHERE ( `pid` = 65 ) AND ( `is_show` = 1 ) LIMIT 100   [ RunTime:0.000285s ]
SQL: SELECT * FROM `tp_auth_rule` WHERE ( `pid` = 66 ) AND ( `is_show` = 1 ) LIMIT 100   [ RunTime:0.000279s ]
SQL: SELECT * FROM `tp_auth_rule` WHERE ( `pid` = 67 ) AND ( `is_show` = 1 ) LIMIT 100   [ RunTime:0.000273s ]
SQL: SELECT * FROM `tp_auth_rule` WHERE ( `pid` = 48 ) AND ( `is_show` = 1 ) LIMIT 100   [ RunTime:0.000298s ]
SQL: SHOW COLUMNS FROM `tp_category` [ RunTime:0.004013s ]
SQL: SELECT * FROM `tp_category` WHERE ( `pid` = 0 )  [ RunTime:0.000288s ]

[ 2018-01-29T17:12:18+08:00 ] ::1 /tb/index.php/Admin/Article/del?id2=11
INFO: [ app_begin ] --START--
INFO: Run Behavior\ReadHtmlCache [ RunTime:0.000452s ]
INFO: [ app_begin ] --END-- [ RunTime:0.000868s ]
NOTIC: [8192] mysql_connect(): The mysql extension is deprecated and will be removed in the future: use mysqli or PDO instead D:\wamp\www\tb\ThinkPHP\Library\Think\Db\Driver\Mysql.class.php 第 52 行.
SQL: SHOW COLUMNS FROM `tp_article` [ RunTime:0.004253s ]
NOTIC: [2] Missing argument 1 for Admin\Controller\PublicController::auth(), called in D:\wamp\www\tb\App\Admin\Controller\PublicController.class.php on line 44 and defined D:\wamp\www\tb\App\Admin\Controller\PublicController.class.php 第 74 行.
SQL: SHOW COLUMNS FROM `tp_auth_group_access` [ RunTime:0.003361s ]
SQL: SELECT `rules` FROM tp_auth_group_access a INNER JOIN tp_auth_group g on a.group_id=g.id  WHERE ( a.uid='4' and g.status='1' )  [ RunTime:0.000314s ]
SQL: SHOW COLUMNS FROM `tp_auth_rule` [ RunTime:0.003991s ]
SQL: SELECT `condition`,`name` FROM `tp_auth_rule` WHERE ( `id` IN ('1','48','50','51','52','53','54','55','56','57','58','59','60','61','62','63','64','25','26','27','28','65','5','6','7','8','14','15','16','20','21','22','23','24','66','29','30','31','32','33','34','35','36','37','38','67','39','40','41','42','43','45','46','47','2','3','4','68','69','70','72','13') ) AND ( `type` = 1 ) AND ( `status` = 1 )  [ RunTime:0.000509s ]
SQL: SHOW COLUMNS FROM `tp_auth_rule` [ RunTime:0.003312s ]
SQL: SELECT * FROM `tp_auth_rule` WHERE ( `pid` = 1 ) AND ( `is_show` = 1 ) ORDER BY `sort` LIMIT 100   [ RunTime:0.000374s ]
SQL: SELECT * FROM `tp_auth_rule` WHERE ( `pid` = 71 ) AND ( `is_show` = 1 ) LIMIT 100   [ RunTime:0.000296s ]
SQL: SELECT * FROM `tp_auth_rule` WHERE ( `pid` = 64 ) AND ( `is_show` = 1 ) LIMIT 100   [ RunTime:0.000264s ]
SQL: SELECT * FROM `tp_auth_rule` WHERE ( `pid` = 65 ) AND ( `is_show` = 1 ) LIMIT 100   [ RunTime:0.000302s ]
SQL: SELECT * FROM `tp_auth_rule` WHERE ( `pid` = 66 ) AND ( `is_show` = 1 ) LIMIT 100   [ RunTime:0.000295s ]
SQL: SELECT * FROM `tp_auth_rule` WHERE ( `pid` = 67 ) AND ( `is_show` = 1 ) LIMIT 100   [ RunTime:0.000273s ]
SQL: SELECT * FROM `tp_auth_rule` WHERE ( `pid` = 48 ) AND ( `is_show` = 1 ) LIMIT 100   [ RunTime:0.000274s ]
SQL: SHOW COLUMNS FROM `tp_category` [ RunTime:0.003568s ]
SQL: SELECT * FROM `tp_category` WHERE ( `pid` = 0 )  [ RunTime:0.000285s ]

[ 2018-01-29T17:12:20+08:00 ] ::1 /tb/index.php/Admin/Article/del
INFO: [ app_begin ] --START--
INFO: Run Behavior\ReadHtmlCache [ RunTime:0.000455s ]
INFO: [ app_begin ] --END-- [ RunTime:0.000927s ]
NOTIC: [8192] mysql_connect(): The mysql extension is deprecated and will be removed in the future: use mysqli or PDO instead D:\wamp\www\tb\ThinkPHP\Library\Think\Db\Driver\Mysql.class.php 第 52 行.
SQL: SHOW COLUMNS FROM `tp_article` [ RunTime:0.006584s ]
NOTIC: [2] Missing argument 1 for Admin\Controller\PublicController::auth(), called in D:\wamp\www\tb\App\Admin\Controller\PublicController.class.php on line 44 and defined D:\wamp\www\tb\App\Admin\Controller\PublicController.class.php 第 74 行.
SQL: SHOW COLUMNS FROM `tp_auth_group_access` [ RunTime:0.003187s ]
SQL: SELECT `rules` FROM tp_auth_group_access a INNER JOIN tp_auth_group g on a.group_id=g.id  WHERE ( a.uid='4' and g.status='1' )  [ RunTime:0.000315s ]
SQL: SHOW COLUMNS FROM `tp_auth_rule` [ RunTime:0.003489s ]
SQL: SELECT `condition`,`name` FROM `tp_auth_rule` WHERE ( `id` IN ('1','48','50','51','52','53','54','55','56','57','58','59','60','61','62','63','64','25','26','27','28','65','5','6','7','8','14','15','16','20','21','22','23','24','66','29','30','31','32','33','34','35','36','37','38','67','39','40','41','42','43','45','46','47','2','3','4','68','69','70','72','13') ) AND ( `type` = 1 ) AND ( `status` = 1 )  [ RunTime:0.000448s ]
SQL: SHOW COLUMNS FROM `tp_auth_rule` [ RunTime:0.004716s ]
SQL: SELECT * FROM `tp_auth_rule` WHERE ( `pid` = 1 ) AND ( `is_show` = 1 ) ORDER BY `sort` LIMIT 100   [ RunTime:0.000341s ]
SQL: SELECT * FROM `tp_auth_rule` WHERE ( `pid` = 71 ) AND ( `is_show` = 1 ) LIMIT 100   [ RunTime:0.000237s ]
SQL: SELECT * FROM `tp_auth_rule` WHERE ( `pid` = 64 ) AND ( `is_show` = 1 ) LIMIT 100   [ RunTime:0.000276s ]
SQL: SELECT * FROM `tp_auth_rule` WHERE ( `pid` = 65 ) AND ( `is_show` = 1 ) LIMIT 100   [ RunTime:0.000263s ]
SQL: SELECT * FROM `tp_auth_rule` WHERE ( `pid` = 66 ) AND ( `is_show` = 1 ) LIMIT 100   [ RunTime:0.000266s ]
SQL: SELECT * FROM `tp_auth_rule` WHERE ( `pid` = 67 ) AND ( `is_show` = 1 ) LIMIT 100   [ RunTime:0.000264s ]
SQL: SELECT * FROM `tp_auth_rule` WHERE ( `pid` = 48 ) AND ( `is_show` = 1 ) LIMIT 100   [ RunTime:0.000289s ]
SQL: SHOW COLUMNS FROM `tp_category` [ RunTime:0.003744s ]
SQL: SELECT * FROM `tp_category` WHERE ( `pid` = 0 )  [ RunTime:0.000285s ]

[ 2018-01-29T17:19:32+08:00 ] ::1 /tb/index.php/Admin/Article/del?id2=11
INFO: [ app_begin ] --START--
INFO: Run Behavior\ReadHtmlCache [ RunTime:0.000558s ]
INFO: [ app_begin ] --END-- [ RunTime:0.001190s ]
NOTIC: [8192] mysql_connect(): The mysql extension is deprecated and will be removed in the future: use mysqli or PDO instead D:\wamp\www\tb\ThinkPHP\Library\Think\Db\Driver\Mysql.class.php 第 52 行.
SQL: SHOW COLUMNS FROM `tp_article` [ RunTime:0.005029s ]
NOTIC: [2] Missing argument 1 for Admin\Controller\PublicController::auth(), called in D:\wamp\www\tb\App\Admin\Controller\PublicController.class.php on line 44 and defined D:\wamp\www\tb\App\Admin\Controller\PublicController.class.php 第 74 行.
SQL: SHOW COLUMNS FROM `tp_auth_group_access` [ RunTime:0.004835s ]
SQL: SELECT `rules` FROM tp_auth_group_access a INNER JOIN tp_auth_group g on a.group_id=g.id  WHERE ( a.uid='4' and g.status='1' )  [ RunTime:0.000357s ]
SQL: SHOW COLUMNS FROM `tp_auth_rule` [ RunTime:0.003649s ]
SQL: SELECT `condition`,`name` FROM `tp_auth_rule` WHERE ( `id` IN ('1','48','50','51','52','53','54','55','56','57','58','59','60','61','62','63','64','25','26','27','28','65','5','6','7','8','14','15','16','20','21','22','23','24','66','29','30','31','32','33','34','35','36','37','38','67','39','40','41','42','43','45','46','47','2','3','4','68','69','70','72','13') ) AND ( `type` = 1 ) AND ( `status` = 1 )  [ RunTime:0.000534s ]
SQL: SHOW COLUMNS FROM `tp_auth_rule` [ RunTime:0.003739s ]
SQL: SELECT * FROM `tp_auth_rule` WHERE ( `pid` = 1 ) AND ( `is_show` = 1 ) ORDER BY `sort` LIMIT 100   [ RunTime:0.000409s ]
SQL: SELECT * FROM `tp_auth_rule` WHERE ( `pid` = 71 ) AND ( `is_show` = 1 ) LIMIT 100   [ RunTime:0.000287s ]
SQL: SELECT * FROM `tp_auth_rule` WHERE ( `pid` = 64 ) AND ( `is_show` = 1 ) LIMIT 100   [ RunTime:0.000274s ]
SQL: SELECT * FROM `tp_auth_rule` WHERE ( `pid` = 65 ) AND ( `is_show` = 1 ) LIMIT 100   [ RunTime:0.000283s ]
SQL: SELECT * FROM `tp_auth_rule` WHERE ( `pid` = 66 ) AND ( `is_show` = 1 ) LIMIT 100   [ RunTime:0.000279s ]
SQL: SELECT * FROM `tp_auth_rule` WHERE ( `pid` = 67 ) AND ( `is_show` = 1 ) LIMIT 100   [ RunTime:0.000277s ]
SQL: SELECT * FROM `tp_auth_rule` WHERE ( `pid` = 48 ) AND ( `is_show` = 1 ) LIMIT 100   [ RunTime:0.000285s ]
SQL: SHOW COLUMNS FROM `tp_category` [ RunTime:0.003732s ]
SQL: SELECT * FROM `tp_category` WHERE ( `pid` = 0 )  [ RunTime:0.000319s ]
SQL: SHOW COLUMNS FROM `tp_article` [ RunTime:0.003685s ]
SQL: DELETE FROM `tp_article` WHERE ( id= ) [ RunTime:0.074986s ]
ERR: 1064:Erreur de syntaxe près de ')' à la ligne 1
 [ SQL语句 ] : DELETE FROM `tp_article` WHERE ( id= )

[ 2018-01-29T17:19:40+08:00 ] ::1 /tb/index.php/Admin/Article/del
INFO: [ app_begin ] --START--
INFO: Run Behavior\ReadHtmlCache [ RunTime:0.000459s ]
INFO: [ app_begin ] --END-- [ RunTime:0.000915s ]
NOTIC: [8192] mysql_connect(): The mysql extension is deprecated and will be removed in the future: use mysqli or PDO instead D:\wamp\www\tb\ThinkPHP\Library\Think\Db\Driver\Mysql.class.php 第 52 行.
SQL: SHOW COLUMNS FROM `tp_article` [ RunTime:0.004641s ]
NOTIC: [2] Missing argument 1 for Admin\Controller\PublicController::auth(), called in D:\wamp\www\tb\App\Admin\Controller\PublicController.class.php on line 44 and defined D:\wamp\www\tb\App\Admin\Controller\PublicController.class.php 第 74 行.
SQL: SHOW COLUMNS FROM `tp_auth_group_access` [ RunTime:0.004823s ]
SQL: SELECT `rules` FROM tp_auth_group_access a INNER JOIN tp_auth_group g on a.group_id=g.id  WHERE ( a.uid='4' and g.status='1' )  [ RunTime:0.000355s ]
SQL: SHOW COLUMNS FROM `tp_auth_rule` [ RunTime:0.003640s ]
SQL: SELECT `condition`,`name` FROM `tp_auth_rule` WHERE ( `id` IN ('1','48','50','51','52','53','54','55','56','57','58','59','60','61','62','63','64','25','26','27','28','65','5','6','7','8','14','15','16','20','21','22','23','24','66','29','30','31','32','33','34','35','36','37','38','67','39','40','41','42','43','45','46','47','2','3','4','68','69','70','72','13') ) AND ( `type` = 1 ) AND ( `status` = 1 )  [ RunTime:0.000507s ]
SQL: SHOW COLUMNS FROM `tp_auth_rule` [ RunTime:0.003462s ]
SQL: SELECT * FROM `tp_auth_rule` WHERE ( `pid` = 1 ) AND ( `is_show` = 1 ) ORDER BY `sort` LIMIT 100   [ RunTime:0.000429s ]
SQL: SELECT * FROM `tp_auth_rule` WHERE ( `pid` = 71 ) AND ( `is_show` = 1 ) LIMIT 100   [ RunTime:0.000504s ]
SQL: SELECT * FROM `tp_auth_rule` WHERE ( `pid` = 64 ) AND ( `is_show` = 1 ) LIMIT 100   [ RunTime:0.000330s ]
SQL: SELECT * FROM `tp_auth_rule` WHERE ( `pid` = 65 ) AND ( `is_show` = 1 ) LIMIT 100   [ RunTime:0.000431s ]
SQL: SELECT * FROM `tp_auth_rule` WHERE ( `pid` = 66 ) AND ( `is_show` = 1 ) LIMIT 100   [ RunTime:0.000308s ]
SQL: SELECT * FROM `tp_auth_rule` WHERE ( `pid` = 67 ) AND ( `is_show` = 1 ) LIMIT 100   [ RunTime:0.000359s ]
SQL: SELECT * FROM `tp_auth_rule` WHERE ( `pid` = 48 ) AND ( `is_show` = 1 ) LIMIT 100   [ RunTime:0.000312s ]
SQL: SHOW COLUMNS FROM `tp_category` [ RunTime:0.003637s ]
SQL: SELECT * FROM `tp_category` WHERE ( `pid` = 0 )  [ RunTime:0.000309s ]
SQL: SHOW COLUMNS FROM `tp_article` [ RunTime:0.003649s ]
SQL: DELETE FROM `tp_article` WHERE ( id= ) [ RunTime:0.000148s ]
ERR: 1064:Erreur de syntaxe près de ')' à la ligne 1
 [ SQL语句 ] : DELETE FROM `tp_article` WHERE ( id= )

[ 2018-01-29T17:20:36+08:00 ] ::1 /tb/index.php/Admin/Article/del
INFO: [ app_begin ] --START--
INFO: Run Behavior\ReadHtmlCache [ RunTime:0.000394s ]
INFO: [ app_begin ] --END-- [ RunTime:0.000830s ]
NOTIC: [8192] mysql_connect(): The mysql extension is deprecated and will be removed in the future: use mysqli or PDO instead D:\wamp\www\tb\ThinkPHP\Library\Think\Db\Driver\Mysql.class.php 第 52 行.
SQL: SHOW COLUMNS FROM `tp_article` [ RunTime:0.005143s ]
NOTIC: [2] Missing argument 1 for Admin\Controller\PublicController::auth(), called in D:\wamp\www\tb\App\Admin\Controller\PublicController.class.php on line 44 and defined D:\wamp\www\tb\App\Admin\Controller\PublicController.class.php 第 74 行.
SQL: SHOW COLUMNS FROM `tp_auth_group_access` [ RunTime:0.003075s ]
SQL: SELECT `rules` FROM tp_auth_group_access a INNER JOIN tp_auth_group g on a.group_id=g.id  WHERE ( a.uid='4' and g.status='1' )  [ RunTime:0.000328s ]
SQL: SHOW COLUMNS FROM `tp_auth_rule` [ RunTime:0.004685s ]
SQL: SELECT `condition`,`name` FROM `tp_auth_rule` WHERE ( `id` IN ('1','48','50','51','52','53','54','55','56','57','58','59','60','61','62','63','64','25','26','27','28','65','5','6','7','8','14','15','16','20','21','22','23','24','66','29','30','31','32','33','34','35','36','37','38','67','39','40','41','42','43','45','46','47','2','3','4','68','69','70','72','13') ) AND ( `type` = 1 ) AND ( `status` = 1 )  [ RunTime:0.000487s ]
SQL: SHOW COLUMNS FROM `tp_auth_rule` [ RunTime:0.003449s ]
SQL: SELECT * FROM `tp_auth_rule` WHERE ( `pid` = 1 ) AND ( `is_show` = 1 ) ORDER BY `sort` LIMIT 100   [ RunTime:0.000352s ]
SQL: SELECT * FROM `tp_auth_rule` WHERE ( `pid` = 71 ) AND ( `is_show` = 1 ) LIMIT 100   [ RunTime:0.000206s ]
SQL: SELECT * FROM `tp_auth_rule` WHERE ( `pid` = 64 ) AND ( `is_show` = 1 ) LIMIT 100   [ RunTime:0.000212s ]
SQL: SELECT * FROM `tp_auth_rule` WHERE ( `pid` = 65 ) AND ( `is_show` = 1 ) LIMIT 100   [ RunTime:0.000256s ]
SQL: SELECT * FROM `tp_auth_rule` WHERE ( `pid` = 66 ) AND ( `is_show` = 1 ) LIMIT 100   [ RunTime:0.000281s ]
SQL: SELECT * FROM `tp_auth_rule` WHERE ( `pid` = 67 ) AND ( `is_show` = 1 ) LIMIT 100   [ RunTime:0.000222s ]
SQL: SELECT * FROM `tp_auth_rule` WHERE ( `pid` = 48 ) AND ( `is_show` = 1 ) LIMIT 100   [ RunTime:0.000224s ]
SQL: SHOW COLUMNS FROM `tp_category` [ RunTime:0.004548s ]
SQL: SELECT * FROM `tp_category` WHERE ( `pid` = 0 )  [ RunTime:0.000334s ]
SQL: SHOW COLUMNS FROM `tp_article` [ RunTime:0.004148s ]
SQL: DELETE FROM `tp_article` WHERE ( id= ) [ RunTime:0.000167s ]
ERR: 1064:Erreur de syntaxe près de ')' à la ligne 1
 [ SQL语句 ] : DELETE FROM `tp_article` WHERE ( id= )

[ 2018-01-29T17:20:38+08:00 ] ::1 /tb/index.php/Admin/Article/del
INFO: [ app_begin ] --START--
INFO: Run Behavior\ReadHtmlCache [ RunTime:0.000568s ]
INFO: [ app_begin ] --END-- [ RunTime:0.001163s ]
NOTIC: [8192] mysql_connect(): The mysql extension is deprecated and will be removed in the future: use mysqli or PDO instead D:\wamp\www\tb\ThinkPHP\Library\Think\Db\Driver\Mysql.class.php 第 52 行.
SQL: SHOW COLUMNS FROM `tp_article` [ RunTime:0.004574s ]
NOTIC: [2] Missing argument 1 for Admin\Controller\PublicController::auth(), called in D:\wamp\www\tb\App\Admin\Controller\PublicController.class.php on line 44 and defined D:\wamp\www\tb\App\Admin\Controller\PublicController.class.php 第 74 行.
SQL: SHOW COLUMNS FROM `tp_auth_group_access` [ RunTime:0.003207s ]
SQL: SELECT `rules` FROM tp_auth_group_access a INNER JOIN tp_auth_group g on a.group_id=g.id  WHERE ( a.uid='4' and g.status='1' )  [ RunTime:0.000306s ]
SQL: SHOW COLUMNS FROM `tp_auth_rule` [ RunTime:0.003625s ]
SQL: SELECT `condition`,`name` FROM `tp_auth_rule` WHERE ( `id` IN ('1','48','50','51','52','53','54','55','56','57','58','59','60','61','62','63','64','25','26','27','28','65','5','6','7','8','14','15','16','20','21','22','23','24','66','29','30','31','32','33','34','35','36','37','38','67','39','40','41','42','43','45','46','47','2','3','4','68','69','70','72','13') ) AND ( `type` = 1 ) AND ( `status` = 1 )  [ RunTime:0.000453s ]
SQL: SHOW COLUMNS FROM `tp_auth_rule` [ RunTime:0.003621s ]
SQL: SELECT * FROM `tp_auth_rule` WHERE ( `pid` = 1 ) AND ( `is_show` = 1 ) ORDER BY `sort` LIMIT 100   [ RunTime:0.000391s ]
SQL: SELECT * FROM `tp_auth_rule` WHERE ( `pid` = 71 ) AND ( `is_show` = 1 ) LIMIT 100   [ RunTime:0.000295s ]
SQL: SELECT * FROM `tp_auth_rule` WHERE ( `pid` = 64 ) AND ( `is_show` = 1 ) LIMIT 100   [ RunTime:0.000332s ]
SQL: SELECT * FROM `tp_auth_rule` WHERE ( `pid` = 65 ) AND ( `is_show` = 1 ) LIMIT 100   [ RunTime:0.000268s ]
SQL: SELECT * FROM `tp_auth_rule` WHERE ( `pid` = 66 ) AND ( `is_show` = 1 ) LIMIT 100   [ RunTime:0.000260s ]
SQL: SELECT * FROM `tp_auth_rule` WHERE ( `pid` = 67 ) AND ( `is_show` = 1 ) LIMIT 100   [ RunTime:0.000264s ]
SQL: SELECT * FROM `tp_auth_rule` WHERE ( `pid` = 48 ) AND ( `is_show` = 1 ) LIMIT 100   [ RunTime:0.000278s ]
SQL: SHOW COLUMNS FROM `tp_category` [ RunTime:0.003547s ]
SQL: SELECT * FROM `tp_category` WHERE ( `pid` = 0 )  [ RunTime:0.000284s ]
SQL: SHOW COLUMNS FROM `tp_article` [ RunTime:0.003551s ]
SQL: DELETE FROM `tp_article` WHERE ( id= ) [ RunTime:0.000136s ]
ERR: 1064:Erreur de syntaxe près de ')' à la ligne 1
 [ SQL语句 ] : DELETE FROM `tp_article` WHERE ( id= )

[ 2018-01-29T17:21:06+08:00 ] ::1 /tb/index.php/Admin/Article/del
INFO: [ app_begin ] --START--
INFO: Run Behavior\ReadHtmlCache [ RunTime:0.000547s ]
INFO: [ app_begin ] --END-- [ RunTime:0.001039s ]
NOTIC: [8192] mysql_connect(): The mysql extension is deprecated and will be removed in the future: use mysqli or PDO instead D:\wamp\www\tb\ThinkPHP\Library\Think\Db\Driver\Mysql.class.php 第 52 行.
SQL: SHOW COLUMNS FROM `tp_article` [ RunTime:0.004935s ]
NOTIC: [2] Missing argument 1 for Admin\Controller\PublicController::auth(), called in D:\wamp\www\tb\App\Admin\Controller\PublicController.class.php on line 44 and defined D:\wamp\www\tb\App\Admin\Controller\PublicController.class.php 第 74 行.
SQL: SHOW COLUMNS FROM `tp_auth_group_access` [ RunTime:0.003355s ]
SQL: SELECT `rules` FROM tp_auth_group_access a INNER JOIN tp_auth_group g on a.group_id=g.id  WHERE ( a.uid='4' and g.status='1' )  [ RunTime:0.000319s ]
SQL: SHOW COLUMNS FROM `tp_auth_rule` [ RunTime:0.005016s ]
SQL: SELECT `condition`,`name` FROM `tp_auth_rule` WHERE ( `id` IN ('1','48','50','51','52','53','54','55','56','57','58','59','60','61','62','63','64','25','26','27','28','65','5','6','7','8','14','15','16','20','21','22','23','24','66','29','30','31','32','33','34','35','36','37','38','67','39','40','41','42','43','45','46','47','2','3','4','68','69','70','72','13') ) AND ( `type` = 1 ) AND ( `status` = 1 )  [ RunTime:0.000533s ]
SQL: SHOW COLUMNS FROM `tp_auth_rule` [ RunTime:0.003978s ]
SQL: SELECT * FROM `tp_auth_rule` WHERE ( `pid` = 1 ) AND ( `is_show` = 1 ) ORDER BY `sort` LIMIT 100   [ RunTime:0.000454s ]
SQL: SELECT * FROM `tp_auth_rule` WHERE ( `pid` = 71 ) AND ( `is_show` = 1 ) LIMIT 100   [ RunTime:0.000306s ]
SQL: SELECT * FROM `tp_auth_rule` WHERE ( `pid` = 64 ) AND ( `is_show` = 1 ) LIMIT 100   [ RunTime:0.000289s ]
SQL: SELECT * FROM `tp_auth_rule` WHERE ( `pid` = 65 ) AND ( `is_show` = 1 ) LIMIT 100   [ RunTime:0.000292s ]
SQL: SELECT * FROM `tp_auth_rule` WHERE ( `pid` = 66 ) AND ( `is_show` = 1 ) LIMIT 100   [ RunTime:0.000330s ]
SQL: SELECT * FROM `tp_auth_rule` WHERE ( `pid` = 67 ) AND ( `is_show` = 1 ) LIMIT 100   [ RunTime:0.000300s ]
SQL: SELECT * FROM `tp_auth_rule` WHERE ( `pid` = 48 ) AND ( `is_show` = 1 ) LIMIT 100   [ RunTime:0.000295s ]
SQL: SHOW COLUMNS FROM `tp_category` [ RunTime:0.003993s ]
SQL: SELECT * FROM `tp_category` WHERE ( `pid` = 0 )  [ RunTime:0.000314s ]
SQL: SHOW COLUMNS FROM `tp_article` [ RunTime:0.003791s ]
SQL: DELETE FROM `tp_article` WHERE ( id= ) [ RunTime:0.000150s ]
ERR: 1064:Erreur de syntaxe près de ')' à la ligne 1
 [ SQL语句 ] : DELETE FROM `tp_article` WHERE ( id= )

[ 2018-01-29T17:21:09+08:00 ] ::1 /tb/index.php/Admin/Article/del?id2=11
INFO: [ app_begin ] --START--
INFO: Run Behavior\ReadHtmlCache [ RunTime:0.000454s ]
INFO: [ app_begin ] --END-- [ RunTime:0.000874s ]
NOTIC: [8192] mysql_connect(): The mysql extension is deprecated and will be removed in the future: use mysqli or PDO instead D:\wamp\www\tb\ThinkPHP\Library\Think\Db\Driver\Mysql.class.php 第 52 行.
SQL: SHOW COLUMNS FROM `tp_article` [ RunTime:0.005159s ]
NOTIC: [2] Missing argument 1 for Admin\Controller\PublicController::auth(), called in D:\wamp\www\tb\App\Admin\Controller\PublicController.class.php on line 44 and defined D:\wamp\www\tb\App\Admin\Controller\PublicController.class.php 第 74 行.
SQL: SHOW COLUMNS FROM `tp_auth_group_access` [ RunTime:0.003282s ]
SQL: SELECT `rules` FROM tp_auth_group_access a INNER JOIN tp_auth_group g on a.group_id=g.id  WHERE ( a.uid='4' and g.status='1' )  [ RunTime:0.000310s ]
SQL: SHOW COLUMNS FROM `tp_auth_rule` [ RunTime:0.004117s ]
SQL: SELECT `condition`,`name` FROM `tp_auth_rule` WHERE ( `id` IN ('1','48','50','51','52','53','54','55','56','57','58','59','60','61','62','63','64','25','26','27','28','65','5','6','7','8','14','15','16','20','21','22','23','24','66','29','30','31','32','33','34','35','36','37','38','67','39','40','41','42','43','45','46','47','2','3','4','68','69','70','72','13') ) AND ( `type` = 1 ) AND ( `status` = 1 )  [ RunTime:0.000533s ]
SQL: SHOW COLUMNS FROM `tp_auth_rule` [ RunTime:0.004541s ]
SQL: SELECT * FROM `tp_auth_rule` WHERE ( `pid` = 1 ) AND ( `is_show` = 1 ) ORDER BY `sort` LIMIT 100   [ RunTime:0.000410s ]
SQL: SELECT * FROM `tp_auth_rule` WHERE ( `pid` = 71 ) AND ( `is_show` = 1 ) LIMIT 100   [ RunTime:0.000291s ]
SQL: SELECT * FROM `tp_auth_rule` WHERE ( `pid` = 64 ) AND ( `is_show` = 1 ) LIMIT 100   [ RunTime:0.000275s ]
SQL: SELECT * FROM `tp_auth_rule` WHERE ( `pid` = 65 ) AND ( `is_show` = 1 ) LIMIT 100   [ RunTime:0.000281s ]
SQL: SELECT * FROM `tp_auth_rule` WHERE ( `pid` = 66 ) AND ( `is_show` = 1 ) LIMIT 100   [ RunTime:0.000279s ]
SQL: SELECT * FROM `tp_auth_rule` WHERE ( `pid` = 67 ) AND ( `is_show` = 1 ) LIMIT 100   [ RunTime:0.000272s ]
SQL: SELECT * FROM `tp_auth_rule` WHERE ( `pid` = 48 ) AND ( `is_show` = 1 ) LIMIT 100   [ RunTime:0.000290s ]
SQL: SHOW COLUMNS FROM `tp_category` [ RunTime:0.003609s ]
SQL: SELECT * FROM `tp_category` WHERE ( `pid` = 0 )  [ RunTime:0.000391s ]

[ 2018-01-29T17:21:29+08:00 ] ::1 /tb/index.php/Admin/Article/del
INFO: [ app_begin ] --START--
INFO: Run Behavior\ReadHtmlCache [ RunTime:0.000647s ]
INFO: [ app_begin ] --END-- [ RunTime:0.001202s ]
NOTIC: [8192] mysql_connect(): The mysql extension is deprecated and will be removed in the future: use mysqli or PDO instead D:\wamp\www\tb\ThinkPHP\Library\Think\Db\Driver\Mysql.class.php 第 52 行.
SQL: SHOW COLUMNS FROM `tp_article` [ RunTime:0.007037s ]
NOTIC: [2] Missing argument 1 for Admin\Controller\PublicController::auth(), called in D:\wamp\www\tb\App\Admin\Controller\PublicController.class.php on line 44 and defined D:\wamp\www\tb\App\Admin\Controller\PublicController.class.php 第 74 行.
SQL: SHOW COLUMNS FROM `tp_auth_group_access` [ RunTime:0.003805s ]
SQL: SELECT `rules` FROM tp_auth_group_access a INNER JOIN tp_auth_group g on a.group_id=g.id  WHERE ( a.uid='4' and g.status='1' )  [ RunTime:0.000341s ]
SQL: SHOW COLUMNS FROM `tp_auth_rule` [ RunTime:0.003933s ]
SQL: SELECT `condition`,`name` FROM `tp_auth_rule` WHERE ( `id` IN ('1','48','50','51','52','53','54','55','56','57','58','59','60','61','62','63','64','25','26','27','28','65','5','6','7','8','14','15','16','20','21','22','23','24','66','29','30','31','32','33','34','35','36','37','38','67','39','40','41','42','43','45','46','47','2','3','4','68','69','70','72','13') ) AND ( `type` = 1 ) AND ( `status` = 1 )  [ RunTime:0.001517s ]
SQL: SHOW COLUMNS FROM `tp_auth_rule` [ RunTime:0.003734s ]
SQL: SELECT * FROM `tp_auth_rule` WHERE ( `pid` = 1 ) AND ( `is_show` = 1 ) ORDER BY `sort` LIMIT 100   [ RunTime:0.000373s ]
SQL: SELECT * FROM `tp_auth_rule` WHERE ( `pid` = 71 ) AND ( `is_show` = 1 ) LIMIT 100   [ RunTime:0.000280s ]
SQL: SELECT * FROM `tp_auth_rule` WHERE ( `pid` = 64 ) AND ( `is_show` = 1 ) LIMIT 100   [ RunTime:0.000272s ]
SQL: SELECT * FROM `tp_auth_rule` WHERE ( `pid` = 65 ) AND ( `is_show` = 1 ) LIMIT 100   [ RunTime:0.000303s ]
SQL: SELECT * FROM `tp_auth_rule` WHERE ( `pid` = 66 ) AND ( `is_show` = 1 ) LIMIT 100   [ RunTime:0.000284s ]
SQL: SELECT * FROM `tp_auth_rule` WHERE ( `pid` = 67 ) AND ( `is_show` = 1 ) LIMIT 100   [ RunTime:0.000276s ]
SQL: SELECT * FROM `tp_auth_rule` WHERE ( `pid` = 48 ) AND ( `is_show` = 1 ) LIMIT 100   [ RunTime:0.000318s ]
SQL: SHOW COLUMNS FROM `tp_category` [ RunTime:0.003878s ]
SQL: SELECT * FROM `tp_category` WHERE ( `pid` = 0 )  [ RunTime:0.000316s ]
SQL: SHOW COLUMNS FROM `tp_article` [ RunTime:0.003949s ]
SQL: DELETE FROM `tp_article` WHERE ( id= ) [ RunTime:0.000161s ]
ERR: 1064:Erreur de syntaxe près de ')' à la ligne 1
 [ SQL语句 ] : DELETE FROM `tp_article` WHERE ( id= )

[ 2018-01-29T17:22:18+08:00 ] ::1 /tb/index.php/Admin/Article/del
INFO: [ app_begin ] --START--
INFO: Run Behavior\ReadHtmlCache [ RunTime:0.000698s ]
INFO: [ app_begin ] --END-- [ RunTime:0.001353s ]
NOTIC: [8192] mysql_connect(): The mysql extension is deprecated and will be removed in the future: use mysqli or PDO instead D:\wamp\www\tb\ThinkPHP\Library\Think\Db\Driver\Mysql.class.php 第 52 行.
SQL: SHOW COLUMNS FROM `tp_article` [ RunTime:0.004290s ]
NOTIC: [2] Missing argument 1 for Admin\Controller\PublicController::auth(), called in D:\wamp\www\tb\App\Admin\Controller\PublicController.class.php on line 44 and defined D:\wamp\www\tb\App\Admin\Controller\PublicController.class.php 第 74 行.
SQL: SHOW COLUMNS FROM `tp_auth_group_access` [ RunTime:0.003332s ]
SQL: SELECT `rules` FROM tp_auth_group_access a INNER JOIN tp_auth_group g on a.group_id=g.id  WHERE ( a.uid='4' and g.status='1' )  [ RunTime:0.000358s ]
SQL: SHOW COLUMNS FROM `tp_auth_rule` [ RunTime:0.003556s ]
SQL: SELECT `condition`,`name` FROM `tp_auth_rule` WHERE ( `id` IN ('1','48','50','51','52','53','54','55','56','57','58','59','60','61','62','63','64','25','26','27','28','65','5','6','7','8','14','15','16','20','21','22','23','24','66','29','30','31','32','33','34','35','36','37','38','67','39','40','41','42','43','45','46','47','2','3','4','68','69','70','72','13') ) AND ( `type` = 1 ) AND ( `status` = 1 )  [ RunTime:0.000612s ]
SQL: SHOW COLUMNS FROM `tp_auth_rule` [ RunTime:0.003556s ]
SQL: SELECT * FROM `tp_auth_rule` WHERE ( `pid` = 1 ) AND ( `is_show` = 1 ) ORDER BY `sort` LIMIT 100   [ RunTime:0.000386s ]
SQL: SELECT * FROM `tp_auth_rule` WHERE ( `pid` = 71 ) AND ( `is_show` = 1 ) LIMIT 100   [ RunTime:0.000265s ]
SQL: SELECT * FROM `tp_auth_rule` WHERE ( `pid` = 64 ) AND ( `is_show` = 1 ) LIMIT 100   [ RunTime:0.000246s ]
SQL: SELECT * FROM `tp_auth_rule` WHERE ( `pid` = 65 ) AND ( `is_show` = 1 ) LIMIT 100   [ RunTime:0.000280s ]
SQL: SELECT * FROM `tp_auth_rule` WHERE ( `pid` = 66 ) AND ( `is_show` = 1 ) LIMIT 100   [ RunTime:0.000269s ]
SQL: SELECT * FROM `tp_auth_rule` WHERE ( `pid` = 67 ) AND ( `is_show` = 1 ) LIMIT 100   [ RunTime:0.000268s ]
SQL: SELECT * FROM `tp_auth_rule` WHERE ( `pid` = 48 ) AND ( `is_show` = 1 ) LIMIT 100   [ RunTime:0.000273s ]
SQL: SHOW COLUMNS FROM `tp_category` [ RunTime:0.003779s ]
SQL: SELECT * FROM `tp_category` WHERE ( `pid` = 0 )  [ RunTime:0.000322s ]
INFO: [ app_end ] --START--
INFO: Run Behavior\ShowPageTrace [ RunTime:0.000453s ]
INFO: [ app_end ] --END-- [ RunTime:0.000606s ]

[ 2018-01-29T17:22:21+08:00 ] ::1 /tb/index.php/Admin/Article/del?id2=11
INFO: [ app_begin ] --START--
INFO: Run Behavior\ReadHtmlCache [ RunTime:0.000397s ]
INFO: [ app_begin ] --END-- [ RunTime:0.000740s ]
NOTIC: [8192] mysql_connect(): The mysql extension is deprecated and will be removed in the future: use mysqli or PDO instead D:\wamp\www\tb\ThinkPHP\Library\Think\Db\Driver\Mysql.class.php 第 52 行.
SQL: SHOW COLUMNS FROM `tp_article` [ RunTime:0.004378s ]
NOTIC: [2] Missing argument 1 for Admin\Controller\PublicController::auth(), called in D:\wamp\www\tb\App\Admin\Controller\PublicController.class.php on line 44 and defined D:\wamp\www\tb\App\Admin\Controller\PublicController.class.php 第 74 行.
SQL: SHOW COLUMNS FROM `tp_auth_group_access` [ RunTime:0.003094s ]
SQL: SELECT `rules` FROM tp_auth_group_access a INNER JOIN tp_auth_group g on a.group_id=g.id  WHERE ( a.uid='4' and g.status='1' )  [ RunTime:0.000330s ]
SQL: SHOW COLUMNS FROM `tp_auth_rule` [ RunTime:0.004402s ]
SQL: SELECT `condition`,`name` FROM `tp_auth_rule` WHERE ( `id` IN ('1','48','50','51','52','53','54','55','56','57','58','59','60','61','62','63','64','25','26','27','28','65','5','6','7','8','14','15','16','20','21','22','23','24','66','29','30','31','32','33','34','35','36','37','38','67','39','40','41','42','43','45','46','47','2','3','4','68','69','70','72','13') ) AND ( `type` = 1 ) AND ( `status` = 1 )  [ RunTime:0.000517s ]
SQL: SHOW COLUMNS FROM `tp_auth_rule` [ RunTime:0.003621s ]
SQL: SELECT * FROM `tp_auth_rule` WHERE ( `pid` = 1 ) AND ( `is_show` = 1 ) ORDER BY `sort` LIMIT 100   [ RunTime:0.000371s ]
SQL: SELECT * FROM `tp_auth_rule` WHERE ( `pid` = 71 ) AND ( `is_show` = 1 ) LIMIT 100   [ RunTime:0.000280s ]
SQL: SELECT * FROM `tp_auth_rule` WHERE ( `pid` = 64 ) AND ( `is_show` = 1 ) LIMIT 100   [ RunTime:0.000262s ]
SQL: SELECT * FROM `tp_auth_rule` WHERE ( `pid` = 65 ) AND ( `is_show` = 1 ) LIMIT 100   [ RunTime:0.000270s ]
SQL: SELECT * FROM `tp_auth_rule` WHERE ( `pid` = 66 ) AND ( `is_show` = 1 ) LIMIT 100   [ RunTime:0.000269s ]
SQL: SELECT * FROM `tp_auth_rule` WHERE ( `pid` = 67 ) AND ( `is_show` = 1 ) LIMIT 100   [ RunTime:0.000274s ]
SQL: SELECT * FROM `tp_auth_rule` WHERE ( `pid` = 48 ) AND ( `is_show` = 1 ) LIMIT 100   [ RunTime:0.000286s ]
SQL: SHOW COLUMNS FROM `tp_category` [ RunTime:0.003885s ]
SQL: SELECT * FROM `tp_category` WHERE ( `pid` = 0 )  [ RunTime:0.000461s ]

[ 2018-01-29T17:22:24+08:00 ] ::1 /tb/index.php/Admin/Article/del
INFO: [ app_begin ] --START--
INFO: Run Behavior\ReadHtmlCache [ RunTime:0.000719s ]
INFO: [ app_begin ] --END-- [ RunTime:0.001402s ]
NOTIC: [8192] mysql_connect(): The mysql extension is deprecated and will be removed in the future: use mysqli or PDO instead D:\wamp\www\tb\ThinkPHP\Library\Think\Db\Driver\Mysql.class.php 第 52 行.
SQL: SHOW COLUMNS FROM `tp_article` [ RunTime:0.005105s ]
NOTIC: [2] Missing argument 1 for Admin\Controller\PublicController::auth(), called in D:\wamp\www\tb\App\Admin\Controller\PublicController.class.php on line 44 and defined D:\wamp\www\tb\App\Admin\Controller\PublicController.class.php 第 74 行.
SQL: SHOW COLUMNS FROM `tp_auth_group_access` [ RunTime:0.003059s ]
SQL: SELECT `rules` FROM tp_auth_group_access a INNER JOIN tp_auth_group g on a.group_id=g.id  WHERE ( a.uid='4' and g.status='1' )  [ RunTime:0.000407s ]
SQL: SHOW COLUMNS FROM `tp_auth_rule` [ RunTime:0.003481s ]
SQL: SELECT `condition`,`name` FROM `tp_auth_rule` WHERE ( `id` IN ('1','48','50','51','52','53','54','55','56','57','58','59','60','61','62','63','64','25','26','27','28','65','5','6','7','8','14','15','16','20','21','22','23','24','66','29','30','31','32','33','34','35','36','37','38','67','39','40','41','42','43','45','46','47','2','3','4','68','69','70','72','13') ) AND ( `type` = 1 ) AND ( `status` = 1 )  [ RunTime:0.000536s ]
SQL: SHOW COLUMNS FROM `tp_auth_rule` [ RunTime:0.003573s ]
SQL: SELECT * FROM `tp_auth_rule` WHERE ( `pid` = 1 ) AND ( `is_show` = 1 ) ORDER BY `sort` LIMIT 100   [ RunTime:0.000337s ]
SQL: SELECT * FROM `tp_auth_rule` WHERE ( `pid` = 71 ) AND ( `is_show` = 1 ) LIMIT 100   [ RunTime:0.000244s ]
SQL: SELECT * FROM `tp_auth_rule` WHERE ( `pid` = 64 ) AND ( `is_show` = 1 ) LIMIT 100   [ RunTime:0.000238s ]
SQL: SELECT * FROM `tp_auth_rule` WHERE ( `pid` = 65 ) AND ( `is_show` = 1 ) LIMIT 100   [ RunTime:0.000246s ]
SQL: SELECT * FROM `tp_auth_rule` WHERE ( `pid` = 66 ) AND ( `is_show` = 1 ) LIMIT 100   [ RunTime:0.000235s ]
SQL: SELECT * FROM `tp_auth_rule` WHERE ( `pid` = 67 ) AND ( `is_show` = 1 ) LIMIT 100   [ RunTime:0.000421s ]
SQL: SELECT * FROM `tp_auth_rule` WHERE ( `pid` = 48 ) AND ( `is_show` = 1 ) LIMIT 100   [ RunTime:0.000436s ]
SQL: SHOW COLUMNS FROM `tp_category` [ RunTime:0.003665s ]
SQL: SELECT * FROM `tp_category` WHERE ( `pid` = 0 )  [ RunTime:0.000277s ]
INFO: [ app_end ] --START--
INFO: Run Behavior\ShowPageTrace [ RunTime:0.000503s ]
INFO: [ app_end ] --END-- [ RunTime:0.000651s ]

[ 2018-01-29T17:23:03+08:00 ] ::1 /tb/index.php/Admin/Article/del
INFO: [ app_begin ] --START--
INFO: Run Behavior\ReadHtmlCache [ RunTime:0.000597s ]
INFO: [ app_begin ] --END-- [ RunTime:0.001373s ]
NOTIC: [8192] mysql_connect(): The mysql extension is deprecated and will be removed in the future: use mysqli or PDO instead D:\wamp\www\tb\ThinkPHP\Library\Think\Db\Driver\Mysql.class.php 第 52 行.
SQL: SHOW COLUMNS FROM `tp_article` [ RunTime:0.004333s ]
NOTIC: [2] Missing argument 1 for Admin\Controller\PublicController::auth(), called in D:\wamp\www\tb\App\Admin\Controller\PublicController.class.php on line 44 and defined D:\wamp\www\tb\App\Admin\Controller\PublicController.class.php 第 74 行.
SQL: SHOW COLUMNS FROM `tp_auth_group_access` [ RunTime:0.003278s ]
SQL: SELECT `rules` FROM tp_auth_group_access a INNER JOIN tp_auth_group g on a.group_id=g.id  WHERE ( a.uid='4' and g.status='1' )  [ RunTime:0.000308s ]
SQL: SHOW COLUMNS FROM `tp_auth_rule` [ RunTime:0.003582s ]
SQL: SELECT `condition`,`name` FROM `tp_auth_rule` WHERE ( `id` IN ('1','48','50','51','52','53','54','55','56','57','58','59','60','61','62','63','64','25','26','27','28','65','5','6','7','8','14','15','16','20','21','22','23','24','66','29','30','31','32','33','34','35','36','37','38','67','39','40','41','42','43','45','46','47','2','3','4','68','69','70','72','13') ) AND ( `type` = 1 ) AND ( `status` = 1 )  [ RunTime:0.000475s ]
SQL: SHOW COLUMNS FROM `tp_auth_rule` [ RunTime:0.003620s ]
SQL: SELECT * FROM `tp_auth_rule` WHERE ( `pid` = 1 ) AND ( `is_show` = 1 ) ORDER BY `sort` LIMIT 100   [ RunTime:0.000447s ]
SQL: SELECT * FROM `tp_auth_rule` WHERE ( `pid` = 71 ) AND ( `is_show` = 1 ) LIMIT 100   [ RunTime:0.000499s ]
SQL: SELECT * FROM `tp_auth_rule` WHERE ( `pid` = 64 ) AND ( `is_show` = 1 ) LIMIT 100   [ RunTime:0.000420s ]
SQL: SELECT * FROM `tp_auth_rule` WHERE ( `pid` = 65 ) AND ( `is_show` = 1 ) LIMIT 100   [ RunTime:0.000460s ]
SQL: SELECT * FROM `tp_auth_rule` WHERE ( `pid` = 66 ) AND ( `is_show` = 1 ) LIMIT 100   [ RunTime:0.000289s ]
SQL: SELECT * FROM `tp_auth_rule` WHERE ( `pid` = 67 ) AND ( `is_show` = 1 ) LIMIT 100   [ RunTime:0.000325s ]
SQL: SELECT * FROM `tp_auth_rule` WHERE ( `pid` = 48 ) AND ( `is_show` = 1 ) LIMIT 100   [ RunTime:0.000376s ]
SQL: SHOW COLUMNS FROM `tp_category` [ RunTime:0.004672s ]
SQL: SELECT * FROM `tp_category` WHERE ( `pid` = 0 )  [ RunTime:0.000474s ]

[ 2018-01-29T17:23:55+08:00 ] ::1 /tb/index.php/Admin/Article/del
INFO: [ app_begin ] --START--
INFO: Run Behavior\ReadHtmlCache [ RunTime:0.000487s ]
INFO: [ app_begin ] --END-- [ RunTime:0.001012s ]
NOTIC: [8192] mysql_connect(): The mysql extension is deprecated and will be removed in the future: use mysqli or PDO instead D:\wamp\www\tb\ThinkPHP\Library\Think\Db\Driver\Mysql.class.php 第 52 行.
SQL: SHOW COLUMNS FROM `tp_article` [ RunTime:0.005842s ]
NOTIC: [2] Missing argument 1 for Admin\Controller\PublicController::auth(), called in D:\wamp\www\tb\App\Admin\Controller\PublicController.class.php on line 44 and defined D:\wamp\www\tb\App\Admin\Controller\PublicController.class.php 第 74 行.
SQL: SHOW COLUMNS FROM `tp_auth_group_access` [ RunTime:0.003294s ]
SQL: SELECT `rules` FROM tp_auth_group_access a INNER JOIN tp_auth_group g on a.group_id=g.id  WHERE ( a.uid='4' and g.status='1' )  [ RunTime:0.001062s ]
SQL: SHOW COLUMNS FROM `tp_auth_rule` [ RunTime:0.004233s ]
SQL: SELECT `condition`,`name` FROM `tp_auth_rule` WHERE ( `id` IN ('1','48','50','51','52','53','54','55','56','57','58','59','60','61','62','63','64','25','26','27','28','65','5','6','7','8','14','15','16','20','21','22','23','24','66','29','30','31','32','33','34','35','36','37','38','67','39','40','41','42','43','45','46','47','2','3','4','68','69','70','72','13') ) AND ( `type` = 1 ) AND ( `status` = 1 )  [ RunTime:0.000460s ]
SQL: SHOW COLUMNS FROM `tp_auth_rule` [ RunTime:0.003469s ]
SQL: SELECT * FROM `tp_auth_rule` WHERE ( `pid` = 1 ) AND ( `is_show` = 1 ) ORDER BY `sort` LIMIT 100   [ RunTime:0.000457s ]
SQL: SELECT * FROM `tp_auth_rule` WHERE ( `pid` = 71 ) AND ( `is_show` = 1 ) LIMIT 100   [ RunTime:0.000290s ]
SQL: SELECT * FROM `tp_auth_rule` WHERE ( `pid` = 64 ) AND ( `is_show` = 1 ) LIMIT 100   [ RunTime:0.000275s ]
SQL: SELECT * FROM `tp_auth_rule` WHERE ( `pid` = 65 ) AND ( `is_show` = 1 ) LIMIT 100   [ RunTime:0.000273s ]
SQL: SELECT * FROM `tp_auth_rule` WHERE ( `pid` = 66 ) AND ( `is_show` = 1 ) LIMIT 100   [ RunTime:0.000252s ]
SQL: SELECT * FROM `tp_auth_rule` WHERE ( `pid` = 67 ) AND ( `is_show` = 1 ) LIMIT 100   [ RunTime:0.000848s ]
SQL: SELECT * FROM `tp_auth_rule` WHERE ( `pid` = 48 ) AND ( `is_show` = 1 ) LIMIT 100   [ RunTime:0.000455s ]
SQL: SHOW COLUMNS FROM `tp_category` [ RunTime:0.003655s ]
SQL: SELECT * FROM `tp_category` WHERE ( `pid` = 0 )  [ RunTime:0.000400s ]

[ 2018-01-29T17:23:59+08:00 ] ::1 /tb/index.php/Admin/Article/del?id2=11
INFO: [ app_begin ] --START--
INFO: Run Behavior\ReadHtmlCache [ RunTime:0.000599s ]
INFO: [ app_begin ] --END-- [ RunTime:0.001077s ]
NOTIC: [8192] mysql_connect(): The mysql extension is deprecated and will be removed in the future: use mysqli or PDO instead D:\wamp\www\tb\ThinkPHP\Library\Think\Db\Driver\Mysql.class.php 第 52 行.
SQL: SHOW COLUMNS FROM `tp_article` [ RunTime:0.087530s ]
NOTIC: [2] Missing argument 1 for Admin\Controller\PublicController::auth(), called in D:\wamp\www\tb\App\Admin\Controller\PublicController.class.php on line 44 and defined D:\wamp\www\tb\App\Admin\Controller\PublicController.class.php 第 74 行.
SQL: SHOW COLUMNS FROM `tp_auth_group_access` [ RunTime:0.009889s ]
SQL: SELECT `rules` FROM tp_auth_group_access a INNER JOIN tp_auth_group g on a.group_id=g.id  WHERE ( a.uid='4' and g.status='1' )  [ RunTime:0.000952s ]
SQL: SHOW COLUMNS FROM `tp_auth_rule` [ RunTime:0.011777s ]
SQL: SELECT `condition`,`name` FROM `tp_auth_rule` WHERE ( `id` IN ('1','48','50','51','52','53','54','55','56','57','58','59','60','61','62','63','64','25','26','27','28','65','5','6','7','8','14','15','16','20','21','22','23','24','66','29','30','31','32','33','34','35','36','37','38','67','39','40','41','42','43','45','46','47','2','3','4','68','69','70','72','13') ) AND ( `type` = 1 ) AND ( `status` = 1 )  [ RunTime:0.001468s ]
SQL: SHOW COLUMNS FROM `tp_auth_rule` [ RunTime:0.007889s ]
SQL: SELECT * FROM `tp_auth_rule` WHERE ( `pid` = 1 ) AND ( `is_show` = 1 ) ORDER BY `sort` LIMIT 100   [ RunTime:0.000691s ]
SQL: SELECT * FROM `tp_auth_rule` WHERE ( `pid` = 71 ) AND ( `is_show` = 1 ) LIMIT 100   [ RunTime:0.000563s ]
SQL: SELECT * FROM `tp_auth_rule` WHERE ( `pid` = 64 ) AND ( `is_show` = 1 ) LIMIT 100   [ RunTime:0.000532s ]
SQL: SELECT * FROM `tp_auth_rule` WHERE ( `pid` = 65 ) AND ( `is_show` = 1 ) LIMIT 100   [ RunTime:0.000552s ]
SQL: SELECT * FROM `tp_auth_rule` WHERE ( `pid` = 66 ) AND ( `is_show` = 1 ) LIMIT 100   [ RunTime:0.000546s ]
SQL: SELECT * FROM `tp_auth_rule` WHERE ( `pid` = 67 ) AND ( `is_show` = 1 ) LIMIT 100   [ RunTime:0.000567s ]
SQL: SELECT * FROM `tp_auth_rule` WHERE ( `pid` = 48 ) AND ( `is_show` = 1 ) LIMIT 100   [ RunTime:0.000560s ]
SQL: SHOW COLUMNS FROM `tp_category` [ RunTime:0.006810s ]
SQL: SELECT * FROM `tp_category` WHERE ( `pid` = 0 )  [ RunTime:0.000567s ]

[ 2018-01-29T17:25:58+08:00 ] ::1 /tb/index.php/Admin/Article/del
INFO: [ app_begin ] --START--
INFO: Run Behavior\ReadHtmlCache [ RunTime:0.000435s ]
INFO: [ app_begin ] --END-- [ RunTime:0.000858s ]
NOTIC: [8192] mysql_connect(): The mysql extension is deprecated and will be removed in the future: use mysqli or PDO instead D:\wamp\www\tb\ThinkPHP\Library\Think\Db\Driver\Mysql.class.php 第 52 行.
SQL: SHOW COLUMNS FROM `tp_article` [ RunTime:0.005284s ]
NOTIC: [2] Missing argument 1 for Admin\Controller\PublicController::auth(), called in D:\wamp\www\tb\App\Admin\Controller\PublicController.class.php on line 44 and defined D:\wamp\www\tb\App\Admin\Controller\PublicController.class.php 第 74 行.
SQL: SHOW COLUMNS FROM `tp_auth_group_access` [ RunTime:0.006096s ]
SQL: SELECT `rules` FROM tp_auth_group_access a INNER JOIN tp_auth_group g on a.group_id=g.id  WHERE ( a.uid='4' and g.status='1' )  [ RunTime:0.000379s ]
SQL: SHOW COLUMNS FROM `tp_auth_rule` [ RunTime:0.003847s ]
SQL: SELECT `condition`,`name` FROM `tp_auth_rule` WHERE ( `id` IN ('1','48','50','51','52','53','54','55','56','57','58','59','60','61','62','63','64','25','26','27','28','65','5','6','7','8','14','15','16','20','21','22','23','24','66','29','30','31','32','33','34','35','36','37','38','67','39','40','41','42','43','45','46','47','2','3','4','68','69','70','72','13') ) AND ( `type` = 1 ) AND ( `status` = 1 )  [ RunTime:0.000899s ]
SQL: SHOW COLUMNS FROM `tp_auth_rule` [ RunTime:0.003929s ]
SQL: SELECT * FROM `tp_auth_rule` WHERE ( `pid` = 1 ) AND ( `is_show` = 1 ) ORDER BY `sort` LIMIT 100   [ RunTime:0.000514s ]
SQL: SELECT * FROM `tp_auth_rule` WHERE ( `pid` = 71 ) AND ( `is_show` = 1 ) LIMIT 100   [ RunTime:0.000385s ]
SQL: SELECT * FROM `tp_auth_rule` WHERE ( `pid` = 64 ) AND ( `is_show` = 1 ) LIMIT 100   [ RunTime:0.000259s ]
SQL: SELECT * FROM `tp_auth_rule` WHERE ( `pid` = 65 ) AND ( `is_show` = 1 ) LIMIT 100   [ RunTime:0.000298s ]
SQL: SELECT * FROM `tp_auth_rule` WHERE ( `pid` = 66 ) AND ( `is_show` = 1 ) LIMIT 100   [ RunTime:0.000263s ]
SQL: SELECT * FROM `tp_auth_rule` WHERE ( `pid` = 67 ) AND ( `is_show` = 1 ) LIMIT 100   [ RunTime:0.000424s ]
SQL: SELECT * FROM `tp_auth_rule` WHERE ( `pid` = 48 ) AND ( `is_show` = 1 ) LIMIT 100   [ RunTime:0.000301s ]
SQL: SHOW COLUMNS FROM `tp_category` [ RunTime:0.006940s ]
SQL: SELECT * FROM `tp_category` WHERE ( `pid` = 0 )  [ RunTime:0.000414s ]
INFO: [ app_end ] --START--
INFO: Run Behavior\ShowPageTrace [ RunTime:0.000791s ]
INFO: [ app_end ] --END-- [ RunTime:0.001010s ]

[ 2018-01-29T17:26:08+08:00 ] ::1 /tb/index.php/Admin/Article/del?id2=89
INFO: [ app_begin ] --START--
INFO: Run Behavior\ReadHtmlCache [ RunTime:0.000453s ]
INFO: [ app_begin ] --END-- [ RunTime:0.000884s ]
NOTIC: [8192] mysql_connect(): The mysql extension is deprecated and will be removed in the future: use mysqli or PDO instead D:\wamp\www\tb\ThinkPHP\Library\Think\Db\Driver\Mysql.class.php 第 52 行.
SQL: SHOW COLUMNS FROM `tp_article` [ RunTime:0.004499s ]
NOTIC: [2] Missing argument 1 for Admin\Controller\PublicController::auth(), called in D:\wamp\www\tb\App\Admin\Controller\PublicController.class.php on line 44 and defined D:\wamp\www\tb\App\Admin\Controller\PublicController.class.php 第 74 行.
SQL: SHOW COLUMNS FROM `tp_auth_group_access` [ RunTime:0.003244s ]
SQL: SELECT `rules` FROM tp_auth_group_access a INNER JOIN tp_auth_group g on a.group_id=g.id  WHERE ( a.uid='4' and g.status='1' )  [ RunTime:0.000301s ]
SQL: SHOW COLUMNS FROM `tp_auth_rule` [ RunTime:0.003770s ]
SQL: SELECT `condition`,`name` FROM `tp_auth_rule` WHERE ( `id` IN ('1','48','50','51','52','53','54','55','56','57','58','59','60','61','62','63','64','25','26','27','28','65','5','6','7','8','14','15','16','20','21','22','23','24','66','29','30','31','32','33','34','35','36','37','38','67','39','40','41','42','43','45','46','47','2','3','4','68','69','70','72','13') ) AND ( `type` = 1 ) AND ( `status` = 1 )  [ RunTime:0.000547s ]
SQL: SHOW COLUMNS FROM `tp_auth_rule` [ RunTime:0.003689s ]
SQL: SELECT * FROM `tp_auth_rule` WHERE ( `pid` = 1 ) AND ( `is_show` = 1 ) ORDER BY `sort` LIMIT 100   [ RunTime:0.000387s ]
SQL: SELECT * FROM `tp_auth_rule` WHERE ( `pid` = 71 ) AND ( `is_show` = 1 ) LIMIT 100   [ RunTime:0.000281s ]
SQL: SELECT * FROM `tp_auth_rule` WHERE ( `pid` = 64 ) AND ( `is_show` = 1 ) LIMIT 100   [ RunTime:0.000287s ]
SQL: SELECT * FROM `tp_auth_rule` WHERE ( `pid` = 65 ) AND ( `is_show` = 1 ) LIMIT 100   [ RunTime:0.000297s ]
SQL: SELECT * FROM `tp_auth_rule` WHERE ( `pid` = 66 ) AND ( `is_show` = 1 ) LIMIT 100   [ RunTime:0.000291s ]
SQL: SELECT * FROM `tp_auth_rule` WHERE ( `pid` = 67 ) AND ( `is_show` = 1 ) LIMIT 100   [ RunTime:0.000282s ]
SQL: SELECT * FROM `tp_auth_rule` WHERE ( `pid` = 48 ) AND ( `is_show` = 1 ) LIMIT 100   [ RunTime:0.000288s ]
SQL: SHOW COLUMNS FROM `tp_category` [ RunTime:0.004036s ]
SQL: SELECT * FROM `tp_category` WHERE ( `pid` = 0 )  [ RunTime:0.000302s ]
SQL: SHOW COLUMNS FROM `tp_article` [ RunTime:0.003917s ]
SQL: DELETE FROM `tp_article` WHERE ( id=89 ) [ RunTime:0.065261s ]

[ 2018-01-29T17:26:54+08:00 ] ::1 /tb/index.php/Admin/Article/del
INFO: [ app_begin ] --START--
INFO: Run Behavior\ReadHtmlCache [ RunTime:0.000371s ]
INFO: [ app_begin ] --END-- [ RunTime:0.000741s ]
NOTIC: [8192] mysql_connect(): The mysql extension is deprecated and will be removed in the future: use mysqli or PDO instead D:\wamp\www\tb\ThinkPHP\Library\Think\Db\Driver\Mysql.class.php 第 52 行.
SQL: SHOW COLUMNS FROM `tp_article` [ RunTime:0.003507s ]
NOTIC: [2] Missing argument 1 for Admin\Controller\PublicController::auth(), called in D:\wamp\www\tb\App\Admin\Controller\PublicController.class.php on line 44 and defined D:\wamp\www\tb\App\Admin\Controller\PublicController.class.php 第 74 行.
SQL: SHOW COLUMNS FROM `tp_auth_group_access` [ RunTime:0.003008s ]
SQL: SELECT `rules` FROM tp_auth_group_access a INNER JOIN tp_auth_group g on a.group_id=g.id  WHERE ( a.uid='4' and g.status='1' )  [ RunTime:0.000314s ]
SQL: SHOW COLUMNS FROM `tp_auth_rule` [ RunTime:0.004834s ]
SQL: SELECT `condition`,`name` FROM `tp_auth_rule` WHERE ( `id` IN ('1','48','50','51','52','53','54','55','56','57','58','59','60','61','62','63','64','25','26','27','28','65','5','6','7','8','14','15','16','20','21','22','23','24','66','29','30','31','32','33','34','35','36','37','38','67','39','40','41','42','43','45','46','47','2','3','4','68','69','70','72','13') ) AND ( `type` = 1 ) AND ( `status` = 1 )  [ RunTime:0.000506s ]
SQL: SHOW COLUMNS FROM `tp_auth_rule` [ RunTime:0.003653s ]
SQL: SELECT * FROM `tp_auth_rule` WHERE ( `pid` = 1 ) AND ( `is_show` = 1 ) ORDER BY `sort` LIMIT 100   [ RunTime:0.000395s ]
SQL: SELECT * FROM `tp_auth_rule` WHERE ( `pid` = 71 ) AND ( `is_show` = 1 ) LIMIT 100   [ RunTime:0.000281s ]
SQL: SELECT * FROM `tp_auth_rule` WHERE ( `pid` = 64 ) AND ( `is_show` = 1 ) LIMIT 100   [ RunTime:0.000273s ]
SQL: SELECT * FROM `tp_auth_rule` WHERE ( `pid` = 65 ) AND ( `is_show` = 1 ) LIMIT 100   [ RunTime:0.000281s ]
SQL: SELECT * FROM `tp_auth_rule` WHERE ( `pid` = 66 ) AND ( `is_show` = 1 ) LIMIT 100   [ RunTime:0.000268s ]
SQL: SELECT * FROM `tp_auth_rule` WHERE ( `pid` = 67 ) AND ( `is_show` = 1 ) LIMIT 100   [ RunTime:0.000245s ]
SQL: SELECT * FROM `tp_auth_rule` WHERE ( `pid` = 48 ) AND ( `is_show` = 1 ) LIMIT 100   [ RunTime:0.000267s ]
SQL: SHOW COLUMNS FROM `tp_category` [ RunTime:0.004150s ]
SQL: SELECT * FROM `tp_category` WHERE ( `pid` = 0 )  [ RunTime:0.000325s ]
INFO: [ app_end ] --START--
INFO: Run Behavior\ShowPageTrace [ RunTime:0.000584s ]
INFO: [ app_end ] --END-- [ RunTime:0.000737s ]

[ 2018-01-29T17:27:04+08:00 ] ::1 /tb/index.php/Admin/Article/del
INFO: [ app_begin ] --START--
INFO: Run Behavior\ReadHtmlCache [ RunTime:0.000371s ]
INFO: [ app_begin ] --END-- [ RunTime:0.000719s ]
NOTIC: [8192] mysql_connect(): The mysql extension is deprecated and will be removed in the future: use mysqli or PDO instead D:\wamp\www\tb\ThinkPHP\Library\Think\Db\Driver\Mysql.class.php 第 52 行.
SQL: SHOW COLUMNS FROM `tp_article` [ RunTime:0.003648s ]
NOTIC: [2] Missing argument 1 for Admin\Controller\PublicController::auth(), called in D:\wamp\www\tb\App\Admin\Controller\PublicController.class.php on line 44 and defined D:\wamp\www\tb\App\Admin\Controller\PublicController.class.php 第 74 行.
SQL: SHOW COLUMNS FROM `tp_auth_group_access` [ RunTime:0.006075s ]
SQL: SELECT `rules` FROM tp_auth_group_access a INNER JOIN tp_auth_group g on a.group_id=g.id  WHERE ( a.uid='4' and g.status='1' )  [ RunTime:0.001149s ]
SQL: SHOW COLUMNS FROM `tp_auth_rule` [ RunTime:0.003960s ]
SQL: SELECT `condition`,`name` FROM `tp_auth_rule` WHERE ( `id` IN ('1','48','50','51','52','53','54','55','56','57','58','59','60','61','62','63','64','25','26','27','28','65','5','6','7','8','14','15','16','20','21','22','23','24','66','29','30','31','32','33','34','35','36','37','38','67','39','40','41','42','43','45','46','47','2','3','4','68','69','70','72','13') ) AND ( `type` = 1 ) AND ( `status` = 1 )  [ RunTime:0.000471s ]
SQL: SHOW COLUMNS FROM `tp_auth_rule` [ RunTime:0.005529s ]
SQL: SELECT * FROM `tp_auth_rule` WHERE ( `pid` = 1 ) AND ( `is_show` = 1 ) ORDER BY `sort` LIMIT 100   [ RunTime:0.000468s ]
SQL: SELECT * FROM `tp_auth_rule` WHERE ( `pid` = 71 ) AND ( `is_show` = 1 ) LIMIT 100   [ RunTime:0.000766s ]
SQL: SELECT * FROM `tp_auth_rule` WHERE ( `pid` = 64 ) AND ( `is_show` = 1 ) LIMIT 100   [ RunTime:0.000625s ]
SQL: SELECT * FROM `tp_auth_rule` WHERE ( `pid` = 65 ) AND ( `is_show` = 1 ) LIMIT 100   [ RunTime:0.000469s ]
SQL: SELECT * FROM `tp_auth_rule` WHERE ( `pid` = 66 ) AND ( `is_show` = 1 ) LIMIT 100   [ RunTime:0.000385s ]
SQL: SELECT * FROM `tp_auth_rule` WHERE ( `pid` = 67 ) AND ( `is_show` = 1 ) LIMIT 100   [ RunTime:0.000585s ]
SQL: SELECT * FROM `tp_auth_rule` WHERE ( `pid` = 48 ) AND ( `is_show` = 1 ) LIMIT 100   [ RunTime:0.000342s ]
SQL: SHOW COLUMNS FROM `tp_category` [ RunTime:0.004375s ]
SQL: SELECT * FROM `tp_category` WHERE ( `pid` = 0 )  [ RunTime:0.000445s ]
INFO: [ app_end ] --START--
INFO: Run Behavior\ShowPageTrace [ RunTime:0.000537s ]
INFO: [ app_end ] --END-- [ RunTime:0.000727s ]

[ 2018-01-29T17:27:10+08:00 ] ::1 /tb/index.php/Admin/Article/del
INFO: [ app_begin ] --START--
INFO: Run Behavior\ReadHtmlCache [ RunTime:0.000442s ]
INFO: [ app_begin ] --END-- [ RunTime:0.000906s ]
NOTIC: [8192] mysql_connect(): The mysql extension is deprecated and will be removed in the future: use mysqli or PDO instead D:\wamp\www\tb\ThinkPHP\Library\Think\Db\Driver\Mysql.class.php 第 52 行.
SQL: SHOW COLUMNS FROM `tp_article` [ RunTime:0.016256s ]
NOTIC: [2] Missing argument 1 for Admin\Controller\PublicController::auth(), called in D:\wamp\www\tb\App\Admin\Controller\PublicController.class.php on line 44 and defined D:\wamp\www\tb\App\Admin\Controller\PublicController.class.php 第 74 行.
SQL: SHOW COLUMNS FROM `tp_auth_group_access` [ RunTime:0.003940s ]
SQL: SELECT `rules` FROM tp_auth_group_access a INNER JOIN tp_auth_group g on a.group_id=g.id  WHERE ( a.uid='4' and g.status='1' )  [ RunTime:0.000387s ]
SQL: SHOW COLUMNS FROM `tp_auth_rule` [ RunTime:0.003370s ]
SQL: SELECT `condition`,`name` FROM `tp_auth_rule` WHERE ( `id` IN ('1','48','50','51','52','53','54','55','56','57','58','59','60','61','62','63','64','25','26','27','28','65','5','6','7','8','14','15','16','20','21','22','23','24','66','29','30','31','32','33','34','35','36','37','38','67','39','40','41','42','43','45','46','47','2','3','4','68','69','70','72','13') ) AND ( `type` = 1 ) AND ( `status` = 1 )  [ RunTime:0.000494s ]
SQL: SHOW COLUMNS FROM `tp_auth_rule` [ RunTime:0.003219s ]
SQL: SELECT * FROM `tp_auth_rule` WHERE ( `pid` = 1 ) AND ( `is_show` = 1 ) ORDER BY `sort` LIMIT 100   [ RunTime:0.000382s ]
SQL: SELECT * FROM `tp_auth_rule` WHERE ( `pid` = 71 ) AND ( `is_show` = 1 ) LIMIT 100   [ RunTime:0.000283s ]
SQL: SELECT * FROM `tp_auth_rule` WHERE ( `pid` = 64 ) AND ( `is_show` = 1 ) LIMIT 100   [ RunTime:0.000254s ]
SQL: SELECT * FROM `tp_auth_rule` WHERE ( `pid` = 65 ) AND ( `is_show` = 1 ) LIMIT 100   [ RunTime:0.000301s ]
SQL: SELECT * FROM `tp_auth_rule` WHERE ( `pid` = 66 ) AND ( `is_show` = 1 ) LIMIT 100   [ RunTime:0.000285s ]
SQL: SELECT * FROM `tp_auth_rule` WHERE ( `pid` = 67 ) AND ( `is_show` = 1 ) LIMIT 100   [ RunTime:0.000269s ]
SQL: SELECT * FROM `tp_auth_rule` WHERE ( `pid` = 48 ) AND ( `is_show` = 1 ) LIMIT 100   [ RunTime:0.000278s ]
SQL: SHOW COLUMNS FROM `tp_category` [ RunTime:0.003843s ]
SQL: SELECT * FROM `tp_category` WHERE ( `pid` = 0 )  [ RunTime:0.000307s ]
SQL: SHOW COLUMNS FROM `tp_article` [ RunTime:0.003431s ]
SQL: DELETE FROM `tp_article` WHERE ( id=91 ) [ RunTime:0.000302s ]
SQL: DELETE FROM `tp_article` WHERE ( id=90 ) [ RunTime:0.000261s ]

[ 2018-01-29T17:29:46+08:00 ] ::1 /tb/index.php/Admin/config/index
ERR: 无法加载控制器:Config

