[ 2018-05-23T01:49:10+08:00 ] 192.168.1.99 /tb/
INFO: [ app_begin ] --START--
INFO: Run Behavior\ReadHtmlCache [ RunTime:0.000599s ]
INFO: [ app_begin ] --END-- [ RunTime:0.001203s ]
NOTIC: [8192] mysql_connect(): The mysql extension is deprecated and will be removed in the future: use mysqli or PDO instead /home/WWW/tb/ThinkPHP/Library/Think/Db/Driver/Mysql.class.php 第 52 行.
SQL: SHOW COLUMNS FROM `tp_home\_controller\_index` [ RunTime:0.002492s ]
ERR: 1146:Table 'tb.tp_home\_controller\_index' doesn't exist
 [ SQL语句 ] : SHOW COLUMNS FROM `tp_home\_controller\_index`
SQL: SHOW COLUMNS FROM `tp_category` [ RunTime:0.001546s ]
SQL: SELECT * FROM `tp_category` WHERE ( pid=0 ) LIMIT 100   [ RunTime:0.000702s ]
SQL: SELECT * FROM `tp_category` WHERE ( pid=1 ) LIMIT 100   [ RunTime:0.000883s ]
SQL: SELECT * FROM `tp_category` WHERE ( pid=2 ) LIMIT 100   [ RunTime:0.000904s ]
SQL: SELECT * FROM `tp_category` WHERE ( pid=3 ) LIMIT 100   [ RunTime:0.000438s ]
SQL: SELECT * FROM `tp_category` WHERE ( pid=4 ) LIMIT 100   [ RunTime:0.000304s ]
SQL: SELECT * FROM `tp_category` WHERE ( pid=5 ) LIMIT 100   [ RunTime:0.000205s ]
SQL: SELECT * FROM `tp_category` WHERE ( pid=6 ) LIMIT 100   [ RunTime:0.000492s ]
SQL: SHOW COLUMNS FROM `tp_config` [ RunTime:0.000848s ]
SQL: SELECT `code`,`title`,`body` FROM `tp_config`  [ RunTime:0.000415s ]
SQL: SHOW COLUMNS FROM `tp_ad` [ RunTime:0.000646s ]
SQL: SELECT * FROM `tp_ad` WHERE ( `position_psid` = 4 )  [ RunTime:0.000508s ]
INFO: [ view_parse ] --START--
INFO: [ template_filter ] --START--
INFO: Run Behavior\ContentReplace [ RunTime:0.000054s ]
INFO: [ template_filter ] --END-- [ RunTime:0.000103s ]
NOTIC: [8] Undefined index: user /home/WWW/tb/App/Runtime/Cache/Home/89e841a2657642c31fa49c57b891047b.php 第 29 行.
NOTIC: [8] Use of undefined constant Index - assumed 'Index' /home/WWW/tb/App/Runtime/Cache/Home/89e841a2657642c31fa49c57b891047b.php 第 44 行.
INFO: Run Behavior\ParseTemplate [ RunTime:0.012269s ]
INFO: [ view_parse ] --END-- [ RunTime:0.012400s ]
INFO: [ view_filter ] --START--
INFO: Run Behavior\WriteHtmlCache [ RunTime:0.011586s ]
INFO: [ view_filter ] --END-- [ RunTime:0.011692s ]
INFO: [ app_end ] --START--
INFO: Run Behavior\ShowPageTrace [ RunTime:0.001906s ]
INFO: [ app_end ] --END-- [ RunTime:0.002076s ]

[ 2018-05-23T01:50:06+08:00 ] 192.168.1.99 /tb/
INFO: [ app_begin ] --START--
INFO: Run Behavior\ReadHtmlCache [ RunTime:0.000457s ]
INFO: [ app_begin ] --END-- [ RunTime:0.000780s ]
NOTIC: [8192] mysql_connect(): The mysql extension is deprecated and will be removed in the future: use mysqli or PDO instead /home/WWW/tb/ThinkPHP/Library/Think/Db/Driver/Mysql.class.php 第 52 行.
SQL: SHOW COLUMNS FROM `tp_home\_controller\_index` [ RunTime:0.000566s ]
ERR: 1146:Table 'tb.tp_home\_controller\_index' doesn't exist
 [ SQL语句 ] : SHOW COLUMNS FROM `tp_home\_controller\_index`
SQL: SHOW COLUMNS FROM `tp_category` [ RunTime:0.000688s ]
SQL: SELECT * FROM `tp_category` WHERE ( pid=0 ) LIMIT 100   [ RunTime:0.000613s ]
SQL: SELECT * FROM `tp_category` WHERE ( pid=1 ) LIMIT 100   [ RunTime:0.000722s ]
SQL: SELECT * FROM `tp_category` WHERE ( pid=2 ) LIMIT 100   [ RunTime:0.001198s ]
SQL: SELECT * FROM `tp_category` WHERE ( pid=3 ) LIMIT 100   [ RunTime:0.000353s ]
SQL: SELECT * FROM `tp_category` WHERE ( pid=4 ) LIMIT 100   [ RunTime:0.000462s ]
SQL: SELECT * FROM `tp_category` WHERE ( pid=5 ) LIMIT 100   [ RunTime:0.000165s ]
SQL: SELECT * FROM `tp_category` WHERE ( pid=6 ) LIMIT 100   [ RunTime:0.000379s ]
SQL: SHOW COLUMNS FROM `tp_config` [ RunTime:0.000547s ]
SQL: SELECT `code`,`title`,`body` FROM `tp_config`  [ RunTime:0.000179s ]
SQL: SHOW COLUMNS FROM `tp_ad` [ RunTime:0.000356s ]
SQL: SELECT * FROM `tp_ad` WHERE ( `position_psid` = 4 )  [ RunTime:0.000259s ]
INFO: [ view_parse ] --START--
INFO: [ template_filter ] --START--
INFO: Run Behavior\ContentReplace [ RunTime:0.000088s ]
INFO: [ template_filter ] --END-- [ RunTime:0.000182s ]
NOTIC: [8] Undefined index: user /home/WWW/tb/App/Runtime/Cache/Home/89e841a2657642c31fa49c57b891047b.php 第 29 行.
NOTIC: [8] Use of undefined constant Index - assumed 'Index' /home/WWW/tb/App/Runtime/Cache/Home/89e841a2657642c31fa49c57b891047b.php 第 44 行.
INFO: Run Behavior\ParseTemplate [ RunTime:0.012124s ]
INFO: [ view_parse ] --END-- [ RunTime:0.012322s ]
INFO: [ view_filter ] --START--
INFO: Run Behavior\WriteHtmlCache [ RunTime:0.000321s ]
INFO: [ view_filter ] --END-- [ RunTime:0.000364s ]
INFO: [ app_end ] --START--
INFO: Run Behavior\ShowPageTrace [ RunTime:0.000880s ]
INFO: [ app_end ] --END-- [ RunTime:0.001137s ]

[ 2018-05-23T01:50:20+08:00 ] 192.168.1.99 /tb/
INFO: [ app_begin ] --START--
INFO: Run Behavior\ReadHtmlCache [ RunTime:0.000359s ]
INFO: [ app_begin ] --END-- [ RunTime:0.000739s ]
NOTIC: [8192] mysql_connect(): The mysql extension is deprecated and will be removed in the future: use mysqli or PDO instead /home/WWW/tb/ThinkPHP/Library/Think/Db/Driver/Mysql.class.php 第 52 行.
SQL: SHOW COLUMNS FROM `tp_home\_controller\_index` [ RunTime:0.002676s ]
ERR: 1146:Table 'tb.tp_home\_controller\_index' doesn't exist
 [ SQL语句 ] : SHOW COLUMNS FROM `tp_home\_controller\_index`
SQL: SHOW COLUMNS FROM `tp_category` [ RunTime:0.000894s ]
SQL: SELECT * FROM `tp_category` WHERE ( pid=0 ) LIMIT 100   [ RunTime:0.000407s ]
SQL: SELECT * FROM `tp_category` WHERE ( pid=1 ) LIMIT 100   [ RunTime:0.000158s ]
SQL: SELECT * FROM `tp_category` WHERE ( pid=2 ) LIMIT 100   [ RunTime:0.000130s ]
SQL: SELECT * FROM `tp_category` WHERE ( pid=3 ) LIMIT 100   [ RunTime:0.000126s ]
SQL: SELECT * FROM `tp_category` WHERE ( pid=4 ) LIMIT 100   [ RunTime:0.000117s ]
SQL: SELECT * FROM `tp_category` WHERE ( pid=5 ) LIMIT 100   [ RunTime:0.000112s ]
SQL: SELECT * FROM `tp_category` WHERE ( pid=6 ) LIMIT 100   [ RunTime:0.000141s ]
SQL: SHOW COLUMNS FROM `tp_config` [ RunTime:0.000427s ]
SQL: SELECT `code`,`title`,`body` FROM `tp_config`  [ RunTime:0.000137s ]
SQL: SHOW COLUMNS FROM `tp_ad` [ RunTime:0.000389s ]
SQL: SELECT * FROM `tp_ad` WHERE ( `position_psid` = 4 )  [ RunTime:0.000167s ]
INFO: [ view_parse ] --START--
INFO: [ template_filter ] --START--
INFO: Run Behavior\ContentReplace [ RunTime:0.000154s ]
INFO: [ template_filter ] --END-- [ RunTime:0.000296s ]
NOTIC: [8] Undefined index: user /home/WWW/tb/App/Runtime/Cache/Home/89e841a2657642c31fa49c57b891047b.php 第 29 行.
NOTIC: [8] Use of undefined constant Index - assumed 'Index' /home/WWW/tb/App/Runtime/Cache/Home/89e841a2657642c31fa49c57b891047b.php 第 44 行.
INFO: Run Behavior\ParseTemplate [ RunTime:0.010527s ]
INFO: [ view_parse ] --END-- [ RunTime:0.010596s ]
INFO: [ view_filter ] --START--
INFO: Run Behavior\WriteHtmlCache [ RunTime:0.000437s ]
INFO: [ view_filter ] --END-- [ RunTime:0.000507s ]
INFO: [ app_end ] --START--
INFO: Run Behavior\ShowPageTrace [ RunTime:0.000667s ]
INFO: [ app_end ] --END-- [ RunTime:0.000752s ]

[ 2018-05-23T01:51:49+08:00 ] 192.168.1.99 /tb/
INFO: [ app_begin ] --START--
INFO: Run Behavior\ReadHtmlCache [ RunTime:0.000523s ]
INFO: [ app_begin ] --END-- [ RunTime:0.001161s ]
NOTIC: [8192] mysql_connect(): The mysql extension is deprecated and will be removed in the future: use mysqli or PDO instead /home/WWW/tb/ThinkPHP/Library/Think/Db/Driver/Mysql.class.php 第 52 行.
NOTIC: [2] mysql_connect(): Access denied for user 'root'@'192.168.1.102' (using password: YES) /home/WWW/tb/ThinkPHP/Library/Think/Db/Driver/Mysql.class.php 第 52 行.
ERR: Access denied for user 'root'@'192.168.1.102' (using password: YES)

[ 2018-05-23T01:52:11+08:00 ] 192.168.1.99 /tb/
INFO: [ app_begin ] --START--
INFO: Run Behavior\ReadHtmlCache [ RunTime:0.000434s ]
INFO: [ app_begin ] --END-- [ RunTime:0.000866s ]
NOTIC: [8192] mysql_connect(): The mysql extension is deprecated and will be removed in the future: use mysqli or PDO instead /home/WWW/tb/ThinkPHP/Library/Think/Db/Driver/Mysql.class.php 第 52 行.
NOTIC: [2] mysql_connect(): Access denied for user 'root'@'192.168.1.102' (using password: YES) /home/WWW/tb/ThinkPHP/Library/Think/Db/Driver/Mysql.class.php 第 52 行.
ERR: Access denied for user 'root'@'192.168.1.102' (using password: YES)

[ 2018-05-23T01:52:40+08:00 ] 192.168.1.99 /tb/
INFO: [ app_begin ] --START--
INFO: Run Behavior\ReadHtmlCache [ RunTime:0.000542s ]
INFO: [ app_begin ] --END-- [ RunTime:0.000914s ]
NOTIC: [8192] mysql_connect(): The mysql extension is deprecated and will be removed in the future: use mysqli or PDO instead /home/WWW/tb/ThinkPHP/Library/Think/Db/Driver/Mysql.class.php 第 52 行.
NOTIC: [2] mysql_connect(): Access denied for user 'root'@'192.168.1.102' (using password: YES) /home/WWW/tb/ThinkPHP/Library/Think/Db/Driver/Mysql.class.php 第 52 行.
ERR: Access denied for user 'root'@'192.168.1.102' (using password: YES)

[ 2018-05-23T01:52:57+08:00 ] 192.168.1.99 /tb/
INFO: [ app_begin ] --START--
INFO: Run Behavior\ReadHtmlCache [ RunTime:0.000257s ]
INFO: [ app_begin ] --END-- [ RunTime:0.000530s ]
NOTIC: [8192] mysql_connect(): The mysql extension is deprecated and will be removed in the future: use mysqli or PDO instead /home/WWW/tb/ThinkPHP/Library/Think/Db/Driver/Mysql.class.php 第 52 行.
NOTIC: [2] mysql_connect(): Access denied for user 'root'@'192.168.1.102' (using password: YES) /home/WWW/tb/ThinkPHP/Library/Think/Db/Driver/Mysql.class.php 第 52 行.
ERR: Access denied for user 'root'@'192.168.1.102' (using password: YES)

[ 2018-05-23T01:53:14+08:00 ] 192.168.1.99 /tb/
INFO: [ app_begin ] --START--
INFO: Run Behavior\ReadHtmlCache [ RunTime:0.000844s ]
INFO: [ app_begin ] --END-- [ RunTime:0.002170s ]
NOTIC: [8192] mysql_connect(): The mysql extension is deprecated and will be removed in the future: use mysqli or PDO instead /home/WWW/tb/ThinkPHP/Library/Think/Db/Driver/Mysql.class.php 第 52 行.
SQL: SHOW COLUMNS FROM `tp_home\_controller\_index` [ RunTime:0.000420s ]
ERR: 1146:Table 'tb.tp_home\_controller\_index' doesn't exist
 [ SQL语句 ] : SHOW COLUMNS FROM `tp_home\_controller\_index`
SQL: SHOW COLUMNS FROM `tp_category` [ RunTime:0.000388s ]
SQL: SELECT * FROM `tp_category` WHERE ( pid=0 ) LIMIT 100   [ RunTime:0.000213s ]
SQL: SELECT * FROM `tp_category` WHERE ( pid=1 ) LIMIT 100   [ RunTime:0.000126s ]
SQL: SELECT * FROM `tp_category` WHERE ( pid=2 ) LIMIT 100   [ RunTime:0.000130s ]
SQL: SELECT * FROM `tp_category` WHERE ( pid=3 ) LIMIT 100   [ RunTime:0.000237s ]
SQL: SELECT * FROM `tp_category` WHERE ( pid=4 ) LIMIT 100   [ RunTime:0.000202s ]
SQL: SELECT * FROM `tp_category` WHERE ( pid=5 ) LIMIT 100   [ RunTime:0.000239s ]
SQL: SELECT * FROM `tp_category` WHERE ( pid=6 ) LIMIT 100   [ RunTime:0.000133s ]
SQL: SHOW COLUMNS FROM `tp_config` [ RunTime:0.000653s ]
SQL: SELECT `code`,`title`,`body` FROM `tp_config`  [ RunTime:0.000310s ]
SQL: SHOW COLUMNS FROM `tp_ad` [ RunTime:0.000518s ]
SQL: SELECT * FROM `tp_ad` WHERE ( `position_psid` = 4 )  [ RunTime:0.000559s ]
INFO: [ view_parse ] --START--
INFO: [ template_filter ] --START--
INFO: Run Behavior\ContentReplace [ RunTime:0.000072s ]
INFO: [ template_filter ] --END-- [ RunTime:0.000137s ]
NOTIC: [8] Undefined index: user /home/WWW/tb/App/Runtime/Cache/Home/89e841a2657642c31fa49c57b891047b.php 第 29 行.
NOTIC: [8] Use of undefined constant Index - assumed 'Index' /home/WWW/tb/App/Runtime/Cache/Home/89e841a2657642c31fa49c57b891047b.php 第 44 行.
INFO: Run Behavior\ParseTemplate [ RunTime:0.013113s ]
INFO: [ view_parse ] --END-- [ RunTime:0.013171s ]
INFO: [ view_filter ] --START--
INFO: Run Behavior\WriteHtmlCache [ RunTime:0.000158s ]
INFO: [ view_filter ] --END-- [ RunTime:0.000193s ]
INFO: [ app_end ] --START--
INFO: Run Behavior\ShowPageTrace [ RunTime:0.000836s ]
INFO: [ app_end ] --END-- [ RunTime:0.001019s ]

[ 2018-05-23T02:00:11+08:00 ] 192.168.1.99 /tb/
INFO: [ app_begin ] --START--
INFO: Run Behavior\ReadHtmlCache [ RunTime:0.000599s ]
INFO: [ app_begin ] --END-- [ RunTime:0.001018s ]
NOTIC: [8192] mysql_connect(): The mysql extension is deprecated and will be removed in the future: use mysqli or PDO instead /home/WWW/tb/ThinkPHP/Library/Think/Db/Driver/Mysql.class.php 第 52 行.
SQL: SHOW COLUMNS FROM `tp_home\_controller\_index` [ RunTime:0.000998s ]
ERR: 1146:Table 'tb.tp_home\_controller\_index' doesn't exist
 [ SQL语句 ] : SHOW COLUMNS FROM `tp_home\_controller\_index`
SQL: SHOW COLUMNS FROM `tp_category` [ RunTime:0.001117s ]
SQL: SELECT * FROM `tp_category` WHERE ( pid=0 ) LIMIT 100   [ RunTime:0.000493s ]
SQL: SELECT * FROM `tp_category` WHERE ( pid=1 ) LIMIT 100   [ RunTime:0.000168s ]
SQL: SELECT * FROM `tp_category` WHERE ( pid=2 ) LIMIT 100   [ RunTime:0.000233s ]
SQL: SELECT * FROM `tp_category` WHERE ( pid=3 ) LIMIT 100   [ RunTime:0.000561s ]
SQL: SELECT * FROM `tp_category` WHERE ( pid=4 ) LIMIT 100   [ RunTime:0.000856s ]
SQL: SELECT * FROM `tp_category` WHERE ( pid=5 ) LIMIT 100   [ RunTime:0.000642s ]
SQL: SELECT * FROM `tp_category` WHERE ( pid=6 ) LIMIT 100   [ RunTime:0.000292s ]
SQL: SHOW COLUMNS FROM `tp_config` [ RunTime:0.000593s ]
SQL: SELECT `code`,`title`,`body` FROM `tp_config`  [ RunTime:0.000739s ]
SQL: SHOW COLUMNS FROM `tp_ad` [ RunTime:0.001466s ]
SQL: SELECT * FROM `tp_ad` WHERE ( `position_psid` = 4 )  [ RunTime:0.000323s ]
INFO: [ view_parse ] --START--
INFO: [ template_filter ] --START--
INFO: Run Behavior\ContentReplace [ RunTime:0.000105s ]
INFO: [ template_filter ] --END-- [ RunTime:0.000416s ]
NOTIC: [8] Undefined index: user /home/WWW/tb/App/Runtime/Cache/Home/89e841a2657642c31fa49c57b891047b.php 第 29 行.
NOTIC: [8] Use of undefined constant Index - assumed 'Index' /home/WWW/tb/App/Runtime/Cache/Home/89e841a2657642c31fa49c57b891047b.php 第 44 行.
INFO: Run Behavior\ParseTemplate [ RunTime:0.020337s ]
INFO: [ view_parse ] --END-- [ RunTime:0.020433s ]
INFO: [ view_filter ] --START--
INFO: Run Behavior\WriteHtmlCache [ RunTime:0.000129s ]
INFO: [ view_filter ] --END-- [ RunTime:0.000167s ]
INFO: [ app_end ] --START--
INFO: Run Behavior\ShowPageTrace [ RunTime:0.000481s ]
INFO: [ app_end ] --END-- [ RunTime:0.000580s ]

[ 2018-05-23T02:00:54+08:00 ] 192.168.1.99 /tb/
INFO: [ app_begin ] --START--
INFO: Run Behavior\ReadHtmlCache [ RunTime:0.000256s ]
INFO: [ app_begin ] --END-- [ RunTime:0.000588s ]
NOTIC: [8192] mysql_connect(): The mysql extension is deprecated and will be removed in the future: use mysqli or PDO instead /home/WWW/tb/ThinkPHP/Library/Think/Db/Driver/Mysql.class.php 第 52 行.
SQL: SHOW COLUMNS FROM `tp_home\_controller\_index` [ RunTime:0.001043s ]
ERR: 1146:Table 'tb.tp_home\_controller\_index' doesn't exist
 [ SQL语句 ] : SHOW COLUMNS FROM `tp_home\_controller\_index`
SQL: SHOW COLUMNS FROM `tp_category` [ RunTime:0.004553s ]
SQL: SELECT * FROM `tp_category` WHERE ( pid=0 ) LIMIT 100   [ RunTime:0.000917s ]
SQL: SELECT * FROM `tp_category` WHERE ( pid=1 ) LIMIT 100   [ RunTime:0.000488s ]
SQL: SELECT * FROM `tp_category` WHERE ( pid=2 ) LIMIT 100   [ RunTime:0.000361s ]
SQL: SELECT * FROM `tp_category` WHERE ( pid=3 ) LIMIT 100   [ RunTime:0.008602s ]
SQL: SELECT * FROM `tp_category` WHERE ( pid=4 ) LIMIT 100   [ RunTime:0.000194s ]
SQL: SELECT * FROM `tp_category` WHERE ( pid=5 ) LIMIT 100   [ RunTime:0.000183s ]
SQL: SELECT * FROM `tp_category` WHERE ( pid=6 ) LIMIT 100   [ RunTime:0.000117s ]
SQL: SHOW COLUMNS FROM `tp_config` [ RunTime:0.001196s ]
SQL: SELECT `code`,`title`,`body` FROM `tp_config`  [ RunTime:0.000248s ]
SQL: SHOW COLUMNS FROM `tp_ad` [ RunTime:0.001097s ]
SQL: SELECT * FROM `tp_ad` WHERE ( `position_psid` = 4 )  [ RunTime:0.000299s ]
INFO: [ view_parse ] --START--
INFO: [ template_filter ] --START--
INFO: Run Behavior\ContentReplace [ RunTime:0.000100s ]
INFO: [ template_filter ] --END-- [ RunTime:0.000161s ]
NOTIC: [8] Undefined index: user /home/WWW/tb/App/Runtime/Cache/Home/89e841a2657642c31fa49c57b891047b.php 第 29 行.
NOTIC: [8] Use of undefined constant Index - assumed 'Index' /home/WWW/tb/App/Runtime/Cache/Home/89e841a2657642c31fa49c57b891047b.php 第 44 行.
INFO: Run Behavior\ParseTemplate [ RunTime:0.025941s ]
INFO: [ view_parse ] --END-- [ RunTime:0.026026s ]
INFO: [ view_filter ] --START--
INFO: Run Behavior\WriteHtmlCache [ RunTime:0.000149s ]
INFO: [ view_filter ] --END-- [ RunTime:0.000292s ]
INFO: [ app_end ] --START--
INFO: Run Behavior\ShowPageTrace [ RunTime:0.000658s ]
INFO: [ app_end ] --END-- [ RunTime:0.000812s ]

[ 2018-05-23T02:10:38+08:00 ] 192.168.1.99 /tb/
INFO: [ app_begin ] --START--
INFO: Run Behavior\ReadHtmlCache [ RunTime:0.002489s ]
INFO: [ app_begin ] --END-- [ RunTime:0.003113s ]
NOTIC: [8192] mysql_connect(): The mysql extension is deprecated and will be removed in the future: use mysqli or PDO instead /home/WWW/tb/ThinkPHP/Library/Think/Db/Driver/Mysql.class.php 第 52 行.
SQL: SHOW COLUMNS FROM `tp_home\_controller\_index` [ RunTime:0.001707s ]
ERR: 1146:Table 'tb.tp_home\_controller\_index' doesn't exist
 [ SQL语句 ] : SHOW COLUMNS FROM `tp_home\_controller\_index`
SQL: SHOW COLUMNS FROM `tp_category` [ RunTime:0.001427s ]
SQL: SELECT * FROM `tp_category` WHERE ( pid=0 ) LIMIT 100   [ RunTime:0.000358s ]
SQL: SELECT * FROM `tp_category` WHERE ( pid=1 ) LIMIT 100   [ RunTime:0.000124s ]
SQL: SELECT * FROM `tp_category` WHERE ( pid=2 ) LIMIT 100   [ RunTime:0.000144s ]
SQL: SELECT * FROM `tp_category` WHERE ( pid=3 ) LIMIT 100   [ RunTime:0.000137s ]
SQL: SELECT * FROM `tp_category` WHERE ( pid=4 ) LIMIT 100   [ RunTime:0.000113s ]
SQL: SELECT * FROM `tp_category` WHERE ( pid=5 ) LIMIT 100   [ RunTime:0.000110s ]
SQL: SELECT * FROM `tp_category` WHERE ( pid=6 ) LIMIT 100   [ RunTime:0.000110s ]
SQL: SHOW COLUMNS FROM `tp_config` [ RunTime:0.000418s ]
SQL: SELECT `code`,`title`,`body` FROM `tp_config`  [ RunTime:0.000202s ]
SQL: SHOW COLUMNS FROM `tp_ad` [ RunTime:0.000458s ]
SQL: SELECT * FROM `tp_ad` WHERE ( `position_psid` = 4 )  [ RunTime:0.000312s ]
INFO: [ view_parse ] --START--
INFO: [ template_filter ] --START--
INFO: Run Behavior\ContentReplace [ RunTime:0.000054s ]
INFO: [ template_filter ] --END-- [ RunTime:0.000103s ]
NOTIC: [8] Undefined index: user /home/WWW/tb/App/Runtime/Cache/Home/89e841a2657642c31fa49c57b891047b.php 第 29 行.
NOTIC: [8] Use of undefined constant Index - assumed 'Index' /home/WWW/tb/App/Runtime/Cache/Home/89e841a2657642c31fa49c57b891047b.php 第 44 行.
INFO: Run Behavior\ParseTemplate [ RunTime:0.010684s ]
INFO: [ view_parse ] --END-- [ RunTime:0.010723s ]
INFO: [ view_filter ] --START--
INFO: Run Behavior\WriteHtmlCache [ RunTime:0.000093s ]
INFO: [ view_filter ] --END-- [ RunTime:0.000120s ]
INFO: [ app_end ] --START--
INFO: Run Behavior\ShowPageTrace [ RunTime:0.000470s ]
INFO: [ app_end ] --END-- [ RunTime:0.000566s ]

[ 2018-05-23T02:15:21+08:00 ] 192.168.1.99 /tb/
INFO: [ app_begin ] --START--
INFO: Run Behavior\ReadHtmlCache [ RunTime:0.001984s ]
INFO: [ app_begin ] --END-- [ RunTime:0.017555s ]
NOTIC: [8192] mysql_connect(): The mysql extension is deprecated and will be removed in the future: use mysqli or PDO instead /home/WWW/tb/ThinkPHP/Library/Think/Db/Driver/Mysql.class.php 第 52 行.
SQL: SHOW COLUMNS FROM `tp_home\_controller\_index` [ RunTime:0.006572s ]
ERR: 1146:Table 'tb.tp_home\_controller\_index' doesn't exist
 [ SQL语句 ] : SHOW COLUMNS FROM `tp_home\_controller\_index`
SQL: SHOW COLUMNS FROM `tp_category` [ RunTime:0.016261s ]
SQL: SELECT * FROM `tp_category` WHERE ( pid=0 ) LIMIT 100   [ RunTime:0.001951s ]
SQL: SELECT * FROM `tp_category` WHERE ( pid=1 ) LIMIT 100   [ RunTime:0.000223s ]
SQL: SELECT * FROM `tp_category` WHERE ( pid=2 ) LIMIT 100   [ RunTime:0.000143s ]
SQL: SELECT * FROM `tp_category` WHERE ( pid=3 ) LIMIT 100   [ RunTime:0.000139s ]
SQL: SELECT * FROM `tp_category` WHERE ( pid=4 ) LIMIT 100   [ RunTime:0.000133s ]
SQL: SELECT * FROM `tp_category` WHERE ( pid=5 ) LIMIT 100   [ RunTime:0.000176s ]
SQL: SELECT * FROM `tp_category` WHERE ( pid=6 ) LIMIT 100   [ RunTime:0.000110s ]
SQL: SHOW COLUMNS FROM `tp_config` [ RunTime:0.000378s ]
SQL: SELECT `code`,`title`,`body` FROM `tp_config`  [ RunTime:0.000188s ]
SQL: SHOW COLUMNS FROM `tp_ad` [ RunTime:0.000332s ]
SQL: SELECT * FROM `tp_ad` WHERE ( `position_psid` = 4 )  [ RunTime:0.000227s ]
INFO: [ view_parse ] --START--
INFO: [ template_filter ] --START--
INFO: Run Behavior\ContentReplace [ RunTime:0.000049s ]
INFO: [ template_filter ] --END-- [ RunTime:0.000093s ]
NOTIC: [8] Undefined index: user /home/WWW/tb/App/Runtime/Cache/Home/89e841a2657642c31fa49c57b891047b.php 第 29 行.
NOTIC: [8] Use of undefined constant Index - assumed 'Index' /home/WWW/tb/App/Runtime/Cache/Home/89e841a2657642c31fa49c57b891047b.php 第 44 行.
INFO: Run Behavior\ParseTemplate [ RunTime:0.007915s ]
INFO: [ view_parse ] --END-- [ RunTime:0.007971s ]
INFO: [ view_filter ] --START--
INFO: Run Behavior\WriteHtmlCache [ RunTime:0.021380s ]
INFO: [ view_filter ] --END-- [ RunTime:0.021440s ]
INFO: [ app_end ] --START--
INFO: Run Behavior\ShowPageTrace [ RunTime:0.002129s ]
INFO: [ app_end ] --END-- [ RunTime:0.002239s ]

[ 2018-05-23T02:19:43+08:00 ] 192.168.1.99 /tb/
INFO: [ app_begin ] --START--
INFO: Run Behavior\ReadHtmlCache [ RunTime:0.000281s ]
INFO: [ app_begin ] --END-- [ RunTime:0.000548s ]
NOTIC: [8192] mysql_connect(): The mysql extension is deprecated and will be removed in the future: use mysqli or PDO instead /home/WWW/tb/ThinkPHP/Library/Think/Db/Driver/Mysql.class.php 第 52 行.
SQL: SHOW COLUMNS FROM `tp_home\_controller\_index` [ RunTime:0.000585s ]
ERR: 1146:Table 'tb.tp_home\_controller\_index' doesn't exist
 [ SQL语句 ] : SHOW COLUMNS FROM `tp_home\_controller\_index`
SQL: SHOW COLUMNS FROM `tp_category` [ RunTime:0.000799s ]
SQL: SELECT * FROM `tp_category` WHERE ( pid=0 ) LIMIT 100   [ RunTime:0.000753s ]
SQL: SELECT * FROM `tp_category` WHERE ( pid=1 ) LIMIT 100   [ RunTime:0.000704s ]
SQL: SELECT * FROM `tp_category` WHERE ( pid=2 ) LIMIT 100   [ RunTime:0.000552s ]
SQL: SELECT * FROM `tp_category` WHERE ( pid=3 ) LIMIT 100   [ RunTime:0.000463s ]
SQL: SELECT * FROM `tp_category` WHERE ( pid=4 ) LIMIT 100   [ RunTime:0.000363s ]
SQL: SELECT * FROM `tp_category` WHERE ( pid=5 ) LIMIT 100   [ RunTime:0.002160s ]
SQL: SELECT * FROM `tp_category` WHERE ( pid=6 ) LIMIT 100   [ RunTime:0.000811s ]
SQL: SHOW COLUMNS FROM `tp_config` [ RunTime:0.001321s ]
SQL: SELECT `code`,`title`,`body` FROM `tp_config`  [ RunTime:0.000437s ]
SQL: SHOW COLUMNS FROM `tp_ad` [ RunTime:0.001936s ]
SQL: SELECT * FROM `tp_ad` WHERE ( `position_psid` = 4 )  [ RunTime:0.000805s ]
INFO: [ view_parse ] --START--
INFO: [ template_filter ] --START--
INFO: Run Behavior\ContentReplace [ RunTime:0.000060s ]
INFO: [ template_filter ] --END-- [ RunTime:0.000122s ]
NOTIC: [8] Undefined index: user /home/WWW/tb/App/Runtime/Cache/Home/89e841a2657642c31fa49c57b891047b.php 第 29 行.
NOTIC: [8] Use of undefined constant Index - assumed 'Index' /home/WWW/tb/App/Runtime/Cache/Home/89e841a2657642c31fa49c57b891047b.php 第 44 行.
INFO: Run Behavior\ParseTemplate [ RunTime:0.011199s ]
INFO: [ view_parse ] --END-- [ RunTime:0.011276s ]
INFO: [ view_filter ] --START--
INFO: Run Behavior\WriteHtmlCache [ RunTime:0.000127s ]
INFO: [ view_filter ] --END-- [ RunTime:0.000158s ]
INFO: [ app_end ] --START--
INFO: Run Behavior\ShowPageTrace [ RunTime:0.000437s ]
INFO: [ app_end ] --END-- [ RunTime:0.000527s ]

[ 2018-05-23T02:20:04+08:00 ] 192.168.1.99 /tb/
INFO: [ app_begin ] --START--
INFO: Run Behavior\ReadHtmlCache [ RunTime:0.000270s ]
INFO: [ app_begin ] --END-- [ RunTime:0.000558s ]
NOTIC: [8192] mysql_connect(): The mysql extension is deprecated and will be removed in the future: use mysqli or PDO instead /home/WWW/tb/ThinkPHP/Library/Think/Db/Driver/Mysql.class.php 第 52 行.
SQL: SHOW COLUMNS FROM `tp_home\_controller\_index` [ RunTime:0.001068s ]
ERR: 1146:Table 'tb.tp_home\_controller\_index' doesn't exist
 [ SQL语句 ] : SHOW COLUMNS FROM `tp_home\_controller\_index`
SQL: SHOW COLUMNS FROM `tp_category` [ RunTime:0.001006s ]
SQL: SELECT * FROM `tp_category` WHERE ( pid=0 ) LIMIT 100   [ RunTime:0.000440s ]
SQL: SELECT * FROM `tp_category` WHERE ( pid=1 ) LIMIT 100   [ RunTime:0.000288s ]
SQL: SELECT * FROM `tp_category` WHERE ( pid=2 ) LIMIT 100   [ RunTime:0.000458s ]
SQL: SELECT * FROM `tp_category` WHERE ( pid=3 ) LIMIT 100   [ RunTime:0.000692s ]
SQL: SELECT * FROM `tp_category` WHERE ( pid=4 ) LIMIT 100   [ RunTime:0.000583s ]
SQL: SELECT * FROM `tp_category` WHERE ( pid=5 ) LIMIT 100   [ RunTime:0.000376s ]
SQL: SELECT * FROM `tp_category` WHERE ( pid=6 ) LIMIT 100   [ RunTime:0.000205s ]
SQL: SHOW COLUMNS FROM `tp_config` [ RunTime:0.000458s ]
SQL: SELECT `code`,`title`,`body` FROM `tp_config`  [ RunTime:0.000186s ]
SQL: SHOW COLUMNS FROM `tp_ad` [ RunTime:0.001888s ]
SQL: SELECT * FROM `tp_ad` WHERE ( `position_psid` = 4 )  [ RunTime:0.001110s ]
INFO: [ view_parse ] --START--
INFO: [ template_filter ] --START--
INFO: Run Behavior\ContentReplace [ RunTime:0.000055s ]
INFO: [ template_filter ] --END-- [ RunTime:0.000105s ]
NOTIC: [8] Undefined index: user /home/WWW/tb/App/Runtime/Cache/Home/89e841a2657642c31fa49c57b891047b.php 第 29 行.
NOTIC: [8] Use of undefined constant Index - assumed 'Index' /home/WWW/tb/App/Runtime/Cache/Home/89e841a2657642c31fa49c57b891047b.php 第 44 行.
INFO: Run Behavior\ParseTemplate [ RunTime:0.012545s ]
INFO: [ view_parse ] --END-- [ RunTime:0.012656s ]
INFO: [ view_filter ] --START--
INFO: Run Behavior\WriteHtmlCache [ RunTime:0.000118s ]
INFO: [ view_filter ] --END-- [ RunTime:0.000148s ]
INFO: [ app_end ] --START--
INFO: Run Behavior\ShowPageTrace [ RunTime:0.000425s ]
INFO: [ app_end ] --END-- [ RunTime:0.000521s ]

[ 2018-05-23T02:20:36+08:00 ] 192.168.1.99 /tb/
INFO: [ app_begin ] --START--
INFO: Run Behavior\ReadHtmlCache [ RunTime:0.000317s ]
INFO: [ app_begin ] --END-- [ RunTime:0.000590s ]
NOTIC: [8192] mysql_connect(): The mysql extension is deprecated and will be removed in the future: use mysqli or PDO instead /home/WWW/tb/ThinkPHP/Library/Think/Db/Driver/Mysql.class.php 第 52 行.
SQL: SHOW COLUMNS FROM `tp_home\_controller\_index` [ RunTime:0.000262s ]
ERR: 1146:Table 'tb.tp_home\_controller\_index' doesn't exist
 [ SQL语句 ] : SHOW COLUMNS FROM `tp_home\_controller\_index`
SQL: SHOW COLUMNS FROM `tp_category` [ RunTime:0.000339s ]
SQL: SELECT * FROM `tp_category` WHERE ( pid=0 ) LIMIT 100   [ RunTime:0.000165s ]
SQL: SELECT * FROM `tp_category` WHERE ( pid=1 ) LIMIT 100   [ RunTime:0.000124s ]
SQL: SELECT * FROM `tp_category` WHERE ( pid=2 ) LIMIT 100   [ RunTime:0.000129s ]
SQL: SELECT * FROM `tp_category` WHERE ( pid=3 ) LIMIT 100   [ RunTime:0.000114s ]
SQL: SELECT * FROM `tp_category` WHERE ( pid=4 ) LIMIT 100   [ RunTime:0.000112s ]
SQL: SELECT * FROM `tp_category` WHERE ( pid=5 ) LIMIT 100   [ RunTime:0.000110s ]
SQL: SELECT * FROM `tp_category` WHERE ( pid=6 ) LIMIT 100   [ RunTime:0.000150s ]
SQL: SHOW COLUMNS FROM `tp_config` [ RunTime:0.000254s ]
SQL: SELECT `code`,`title`,`body` FROM `tp_config`  [ RunTime:0.000129s ]
SQL: SHOW COLUMNS FROM `tp_ad` [ RunTime:0.000345s ]
SQL: SELECT * FROM `tp_ad` WHERE ( `position_psid` = 4 )  [ RunTime:0.000210s ]
INFO: [ view_parse ] --START--
INFO: [ template_filter ] --START--
INFO: Run Behavior\ContentReplace [ RunTime:0.000053s ]
INFO: [ template_filter ] --END-- [ RunTime:0.000101s ]
NOTIC: [8] Undefined index: user /home/WWW/tb/App/Runtime/Cache/Home/89e841a2657642c31fa49c57b891047b.php 第 29 行.
NOTIC: [8] Use of undefined constant Index - assumed 'Index' /home/WWW/tb/App/Runtime/Cache/Home/89e841a2657642c31fa49c57b891047b.php 第 44 行.
INFO: Run Behavior\ParseTemplate [ RunTime:0.008124s ]
INFO: [ view_parse ] --END-- [ RunTime:0.008181s ]
INFO: [ view_filter ] --START--
INFO: Run Behavior\WriteHtmlCache [ RunTime:0.000382s ]
INFO: [ view_filter ] --END-- [ RunTime:0.000507s ]
INFO: [ app_end ] --START--
INFO: Run Behavior\ShowPageTrace [ RunTime:0.000908s ]
INFO: [ app_end ] --END-- [ RunTime:0.001075s ]

[ 2018-05-23T02:22:14+08:00 ] 192.168.1.99 /tb/
INFO: [ app_begin ] --START--
INFO: Run Behavior\ReadHtmlCache [ RunTime:0.000245s ]
INFO: [ app_begin ] --END-- [ RunTime:0.000496s ]
NOTIC: [8192] mysql_connect(): The mysql extension is deprecated and will be removed in the future: use mysqli or PDO instead /home/WWW/tb/ThinkPHP/Library/Think/Db/Driver/Mysql.class.php 第 52 行.
SQL: SHOW COLUMNS FROM `tp_home\_controller\_index` [ RunTime:0.000358s ]
ERR: 1146:Table 'tb.tp_home\_controller\_index' doesn't exist
 [ SQL语句 ] : SHOW COLUMNS FROM `tp_home\_controller\_index`
SQL: SHOW COLUMNS FROM `tp_category` [ RunTime:0.000484s ]
SQL: SELECT * FROM `tp_category` WHERE ( pid=0 ) LIMIT 100   [ RunTime:0.000318s ]
SQL: SELECT * FROM `tp_category` WHERE ( pid=1 ) LIMIT 100   [ RunTime:0.000145s ]
SQL: SELECT * FROM `tp_category` WHERE ( pid=2 ) LIMIT 100   [ RunTime:0.000165s ]
SQL: SELECT * FROM `tp_category` WHERE ( pid=3 ) LIMIT 100   [ RunTime:0.000123s ]
SQL: SELECT * FROM `tp_category` WHERE ( pid=4 ) LIMIT 100   [ RunTime:0.000170s ]
SQL: SELECT * FROM `tp_category` WHERE ( pid=5 ) LIMIT 100   [ RunTime:0.000118s ]
SQL: SELECT * FROM `tp_category` WHERE ( pid=6 ) LIMIT 100   [ RunTime:0.000147s ]
SQL: SHOW COLUMNS FROM `tp_config` [ RunTime:0.001228s ]
SQL: SELECT `code`,`title`,`body` FROM `tp_config`  [ RunTime:0.000769s ]
SQL: SHOW COLUMNS FROM `tp_ad` [ RunTime:0.001407s ]
SQL: SELECT * FROM `tp_ad` WHERE ( `position_psid` = 4 )  [ RunTime:0.000755s ]
INFO: [ view_parse ] --START--
INFO: [ template_filter ] --START--
INFO: Run Behavior\ContentReplace [ RunTime:0.000067s ]
INFO: [ template_filter ] --END-- [ RunTime:0.000125s ]
NOTIC: [8] Undefined index: user /home/WWW/tb/App/Runtime/Cache/Home/89e841a2657642c31fa49c57b891047b.php 第 29 行.
NOTIC: [8] Use of undefined constant Index - assumed 'Index' /home/WWW/tb/App/Runtime/Cache/Home/89e841a2657642c31fa49c57b891047b.php 第 44 行.
INFO: Run Behavior\ParseTemplate [ RunTime:0.011171s ]
INFO: [ view_parse ] --END-- [ RunTime:0.011265s ]
INFO: [ view_filter ] --START--
INFO: Run Behavior\WriteHtmlCache [ RunTime:0.000133s ]
INFO: [ view_filter ] --END-- [ RunTime:0.000180s ]
INFO: [ app_end ] --START--
INFO: Run Behavior\ShowPageTrace [ RunTime:0.000466s ]
INFO: [ app_end ] --END-- [ RunTime:0.000585s ]

[ 2018-05-23T02:22:24+08:00 ] 192.168.1.99 /tb/
INFO: [ app_begin ] --START--
INFO: Run Behavior\ReadHtmlCache [ RunTime:0.001466s ]
INFO: [ app_begin ] --END-- [ RunTime:0.002997s ]
NOTIC: [8192] mysql_connect(): The mysql extension is deprecated and will be removed in the future: use mysqli or PDO instead /home/WWW/tb/ThinkPHP/Library/Think/Db/Driver/Mysql.class.php 第 52 行.
SQL: SHOW COLUMNS FROM `tp_home\_controller\_index` [ RunTime:0.001111s ]
ERR: 1146:Table 'tb.tp_home\_controller\_index' doesn't exist
 [ SQL语句 ] : SHOW COLUMNS FROM `tp_home\_controller\_index`
SQL: SHOW COLUMNS FROM `tp_category` [ RunTime:0.001692s ]
SQL: SELECT * FROM `tp_category` WHERE ( pid=0 ) LIMIT 100   [ RunTime:0.001212s ]
SQL: SELECT * FROM `tp_category` WHERE ( pid=1 ) LIMIT 100   [ RunTime:0.000458s ]
SQL: SELECT * FROM `tp_category` WHERE ( pid=2 ) LIMIT 100   [ RunTime:0.000455s ]
SQL: SELECT * FROM `tp_category` WHERE ( pid=3 ) LIMIT 100   [ RunTime:0.000555s ]
SQL: SELECT * FROM `tp_category` WHERE ( pid=4 ) LIMIT 100   [ RunTime:0.000273s ]
SQL: SELECT * FROM `tp_category` WHERE ( pid=5 ) LIMIT 100   [ RunTime:0.000140s ]
SQL: SELECT * FROM `tp_category` WHERE ( pid=6 ) LIMIT 100   [ RunTime:0.000151s ]
SQL: SHOW COLUMNS FROM `tp_config` [ RunTime:0.000520s ]
SQL: SELECT `code`,`title`,`body` FROM `tp_config`  [ RunTime:0.000535s ]
SQL: SHOW COLUMNS FROM `tp_ad` [ RunTime:0.000627s ]
SQL: SELECT * FROM `tp_ad` WHERE ( `position_psid` = 4 )  [ RunTime:0.000225s ]
INFO: [ view_parse ] --START--
INFO: [ template_filter ] --START--
INFO: Run Behavior\ContentReplace [ RunTime:0.000106s ]
INFO: [ template_filter ] --END-- [ RunTime:0.000266s ]
NOTIC: [8] Undefined index: user /home/WWW/tb/App/Runtime/Cache/Home/89e841a2657642c31fa49c57b891047b.php 第 29 行.
NOTIC: [8] Use of undefined constant Index - assumed 'Index' /home/WWW/tb/App/Runtime/Cache/Home/89e841a2657642c31fa49c57b891047b.php 第 44 行.
INFO: Run Behavior\ParseTemplate [ RunTime:0.010401s ]
INFO: [ view_parse ] --END-- [ RunTime:0.010480s ]
INFO: [ view_filter ] --START--
INFO: Run Behavior\WriteHtmlCache [ RunTime:0.000228s ]
INFO: [ view_filter ] --END-- [ RunTime:0.000267s ]
INFO: [ app_end ] --START--
INFO: Run Behavior\ShowPageTrace [ RunTime:0.000533s ]
INFO: [ app_end ] --END-- [ RunTime:0.000637s ]

[ 2018-05-23T02:22:35+08:00 ] 192.168.1.99 /tb/index.php/Home/Video/Index
INFO: [ app_begin ] --START--
INFO: Run Behavior\ReadHtmlCache [ RunTime:0.000413s ]
INFO: [ app_begin ] --END-- [ RunTime:0.000761s ]
NOTIC: [8192] mysql_connect(): The mysql extension is deprecated and will be removed in the future: use mysqli or PDO instead /home/WWW/tb/ThinkPHP/Library/Think/Db/Driver/Mysql.class.php 第 52 行.
SQL: SHOW COLUMNS FROM `tp_home\_controller\_video` [ RunTime:0.019154s ]
ERR: 1146:Table 'tb.tp_home\_controller\_video' doesn't exist
 [ SQL语句 ] : SHOW COLUMNS FROM `tp_home\_controller\_video`
SQL: SHOW COLUMNS FROM `tp_category` [ RunTime:0.000877s ]
SQL: SELECT * FROM `tp_category` WHERE ( pid=0 ) LIMIT 100   [ RunTime:0.000673s ]
SQL: SELECT * FROM `tp_category` WHERE ( pid=1 ) LIMIT 100   [ RunTime:0.001340s ]
SQL: SELECT * FROM `tp_category` WHERE ( pid=2 ) LIMIT 100   [ RunTime:0.000383s ]
SQL: SELECT * FROM `tp_category` WHERE ( pid=3 ) LIMIT 100   [ RunTime:0.000147s ]
SQL: SELECT * FROM `tp_category` WHERE ( pid=4 ) LIMIT 100   [ RunTime:0.000358s ]
SQL: SELECT * FROM `tp_category` WHERE ( pid=5 ) LIMIT 100   [ RunTime:0.000189s ]
SQL: SELECT * FROM `tp_category` WHERE ( pid=6 ) LIMIT 100   [ RunTime:0.000145s ]
SQL: SHOW COLUMNS FROM `tp_config` [ RunTime:0.000395s ]
SQL: SELECT `code`,`title`,`body` FROM `tp_config`  [ RunTime:0.000317s ]
SQL: SHOW COLUMNS FROM `tp_ad` [ RunTime:0.000633s ]
SQL: SELECT * FROM `tp_ad` WHERE ( `position_psid` = 4 )  [ RunTime:0.000225s ]
SQL: SELECT * FROM `tp_category` WHERE ( `remark` = 'Video' ) LIMIT 1   [ RunTime:0.023804s ]
SQL: SELECT * FROM `tp_category` WHERE ( `pid` = 2 )  [ RunTime:0.000518s ]
NOTIC: [8] Undefined variable: cid2 /home/WWW/tb/App/Home/Controller/PublicController.class.php 第 145 行.
SQL: SHOW COLUMNS FROM `tp_article` [ RunTime:0.001609s ]
NOTIC: [8] Undefined variable: ss /home/WWW/tb/App/Home/Controller/PublicController.class.php 第 155 行.
NOTIC: [2] explode() expects parameter 2 to be string, array given /home/WWW/tb/ThinkPHP/Library/Think/Model.class.php 第 1390 行.
SQL: SHOW COLUMNS FROM `` [ RunTime:0.000089s ]
ERR: 1103:Incorrect table name ''
 [ SQL语句 ] : SHOW COLUMNS FROM ``
SQL: SELECT COUNT(*) AS tp_count FROM `tp_article` `a` INNER JOIN tp_category as c ON a.cid = c.cid  WHERE ( a.verifystate = 1  and a.cid >= 11 and a.cid <= 12  ) LIMIT 1   [ RunTime:0.089112s ]
NOTIC: [8] Undefined variable: ss /home/WWW/tb/App/Home/Controller/PublicController.class.php 第 162 行.
NOTIC: [2] explode() expects parameter 2 to be string, array given /home/WWW/tb/ThinkPHP/Library/Think/Model.class.php 第 1390 行.
SQL: SHOW COLUMNS FROM `` [ RunTime:0.000108s ]
ERR: 1103:Incorrect table name ''
 [ SQL语句 ] : SHOW COLUMNS FROM ``
SQL: SELECT a.*,c.cid,c.name,c.pid,c.remark FROM `tp_article` `a` INNER JOIN tp_category as c ON a.cid = c.cid  WHERE ( a.verifystate = 1  and a.cid >= 11 and a.cid <= 12  ) ORDER BY a.sort desc,a.edit_time desc LIMIT 0,6   [ RunTime:0.045897s ]
INFO: [ view_parse ] --START--
INFO: [ template_filter ] --START--
INFO: Run Behavior\ContentReplace [ RunTime:0.000128s ]
INFO: [ template_filter ] --END-- [ RunTime:0.000240s ]
NOTIC: [8] Undefined index: user /home/WWW/tb/App/Runtime/Cache/Home/895027041ab9b753e6b477c70b4036ac.php 第 29 行.
NOTIC: [8] Use of undefined constant Index - assumed 'Index' /home/WWW/tb/App/Runtime/Cache/Home/895027041ab9b753e6b477c70b4036ac.php 第 44 行.
NOTIC: [8] Undefined index: index /home/WWW/tb/App/Runtime/Cache/Home/895027041ab9b753e6b477c70b4036ac.php 第 67 行.
NOTIC: [8] Undefined index: index /home/WWW/tb/App/Runtime/Cache/Home/895027041ab9b753e6b477c70b4036ac.php 第 67 行.
INFO: Run Behavior\ParseTemplate [ RunTime:0.059563s ]
INFO: [ view_parse ] --END-- [ RunTime:0.059675s ]
INFO: [ view_filter ] --START--
INFO: Run Behavior\WriteHtmlCache [ RunTime:0.000258s ]
INFO: [ view_filter ] --END-- [ RunTime:0.000400s ]
INFO: [ app_end ] --START--
INFO: Run Behavior\ShowPageTrace [ RunTime:0.000817s ]
INFO: [ app_end ] --END-- [ RunTime:0.000982s ]

[ 2018-05-23T02:22:37+08:00 ] 192.168.1.99 /tb/index.php/Home/News/Index
INFO: [ app_begin ] --START--
INFO: Run Behavior\ReadHtmlCache [ RunTime:0.000246s ]
INFO: [ app_begin ] --END-- [ RunTime:0.000544s ]
NOTIC: [8192] mysql_connect(): The mysql extension is deprecated and will be removed in the future: use mysqli or PDO instead /home/WWW/tb/ThinkPHP/Library/Think/Db/Driver/Mysql.class.php 第 52 行.
SQL: SHOW COLUMNS FROM `tp_home\_controller\_news` [ RunTime:0.000271s ]
ERR: 1146:Table 'tb.tp_home\_controller\_news' doesn't exist
 [ SQL语句 ] : SHOW COLUMNS FROM `tp_home\_controller\_news`
SQL: SHOW COLUMNS FROM `tp_category` [ RunTime:0.000393s ]
SQL: SELECT * FROM `tp_category` WHERE ( pid=0 ) LIMIT 100   [ RunTime:0.000223s ]
SQL: SELECT * FROM `tp_category` WHERE ( pid=1 ) LIMIT 100   [ RunTime:0.000132s ]
SQL: SELECT * FROM `tp_category` WHERE ( pid=2 ) LIMIT 100   [ RunTime:0.000174s ]
SQL: SELECT * FROM `tp_category` WHERE ( pid=3 ) LIMIT 100   [ RunTime:0.000113s ]
SQL: SELECT * FROM `tp_category` WHERE ( pid=4 ) LIMIT 100   [ RunTime:0.000109s ]
SQL: SELECT * FROM `tp_category` WHERE ( pid=5 ) LIMIT 100   [ RunTime:0.000109s ]
SQL: SELECT * FROM `tp_category` WHERE ( pid=6 ) LIMIT 100   [ RunTime:0.000107s ]
SQL: SHOW COLUMNS FROM `tp_config` [ RunTime:0.000333s ]
SQL: SELECT `code`,`title`,`body` FROM `tp_config`  [ RunTime:0.000130s ]
SQL: SHOW COLUMNS FROM `tp_ad` [ RunTime:0.000312s ]
SQL: SELECT * FROM `tp_ad` WHERE ( `position_psid` = 4 )  [ RunTime:0.000199s ]
SQL: SELECT * FROM `tp_category` WHERE ( `remark` = 'News' ) LIMIT 1   [ RunTime:0.000120s ]
SQL: SELECT * FROM `tp_category` WHERE ( `pid` = 3 )  [ RunTime:0.000180s ]
NOTIC: [8] Undefined variable: cid2 /home/WWW/tb/App/Home/Controller/PublicController.class.php 第 145 行.
SQL: SHOW COLUMNS FROM `tp_article` [ RunTime:0.000363s ]
NOTIC: [8] Undefined variable: ss /home/WWW/tb/App/Home/Controller/PublicController.class.php 第 155 行.
NOTIC: [2] explode() expects parameter 2 to be string, array given /home/WWW/tb/ThinkPHP/Library/Think/Model.class.php 第 1390 行.
SQL: SHOW COLUMNS FROM `` [ RunTime:0.000046s ]
ERR: 1103:Incorrect table name ''
 [ SQL语句 ] : SHOW COLUMNS FROM ``
SQL: SELECT COUNT(*) AS tp_count FROM `tp_article` `a` INNER JOIN tp_category as c ON a.cid = c.cid  WHERE ( a.verifystate = 1  and a.cid >= 13 and a.cid <= 15  ) LIMIT 1   [ RunTime:0.000252s ]
NOTIC: [8] Undefined variable: ss /home/WWW/tb/App/Home/Controller/PublicController.class.php 第 162 行.
NOTIC: [2] explode() expects parameter 2 to be string, array given /home/WWW/tb/ThinkPHP/Library/Think/Model.class.php 第 1390 行.
SQL: SHOW COLUMNS FROM `` [ RunTime:0.000055s ]
ERR: 1103:Incorrect table name ''
 [ SQL语句 ] : SHOW COLUMNS FROM ``
SQL: SELECT a.*,c.cid,c.name,c.pid,c.remark FROM `tp_article` `a` INNER JOIN tp_category as c ON a.cid = c.cid  WHERE ( a.verifystate = 1  and a.cid >= 13 and a.cid <= 15  ) ORDER BY a.sort desc,a.edit_time desc LIMIT 0,6   [ RunTime:0.013504s ]
INFO: [ view_parse ] --START--
INFO: [ template_filter ] --START--
INFO: Run Behavior\ContentReplace [ RunTime:0.000051s ]
INFO: [ template_filter ] --END-- [ RunTime:0.000098s ]
NOTIC: [8] Undefined index: user /home/WWW/tb/App/Runtime/Cache/Home/770f6937bdcad788b508b7fbbac911ab.php 第 29 行.
NOTIC: [8] Use of undefined constant Index - assumed 'Index' /home/WWW/tb/App/Runtime/Cache/Home/770f6937bdcad788b508b7fbbac911ab.php 第 44 行.
NOTIC: [8] Undefined index: index /home/WWW/tb/App/Runtime/Cache/Home/770f6937bdcad788b508b7fbbac911ab.php 第 68 行.
NOTIC: [8] Undefined index: index /home/WWW/tb/App/Runtime/Cache/Home/770f6937bdcad788b508b7fbbac911ab.php 第 68 行.
NOTIC: [8] Undefined index: index /home/WWW/tb/App/Runtime/Cache/Home/770f6937bdcad788b508b7fbbac911ab.php 第 68 行.
INFO: Run Behavior\ParseTemplate [ RunTime:0.017670s ]
INFO: [ view_parse ] --END-- [ RunTime:0.017717s ]
INFO: [ view_filter ] --START--
INFO: Run Behavior\WriteHtmlCache [ RunTime:0.000094s ]
INFO: [ view_filter ] --END-- [ RunTime:0.000122s ]
INFO: [ app_end ] --START--
INFO: Run Behavior\ShowPageTrace [ RunTime:0.000591s ]
INFO: [ app_end ] --END-- [ RunTime:0.000685s ]

[ 2018-05-23T02:22:41+08:00 ] 192.168.1.99 /tb/index.php/Home/News/info/id/6
INFO: [ app_begin ] --START--
INFO: Run Behavior\ReadHtmlCache [ RunTime:0.000548s ]
INFO: [ app_begin ] --END-- [ RunTime:0.001207s ]
NOTIC: [8192] mysql_connect(): The mysql extension is deprecated and will be removed in the future: use mysqli or PDO instead /home/WWW/tb/ThinkPHP/Library/Think/Db/Driver/Mysql.class.php 第 52 行.
SQL: SHOW COLUMNS FROM `tp_home\_controller\_news` [ RunTime:0.000251s ]
ERR: 1146:Table 'tb.tp_home\_controller\_news' doesn't exist
 [ SQL语句 ] : SHOW COLUMNS FROM `tp_home\_controller\_news`
SQL: SHOW COLUMNS FROM `tp_category` [ RunTime:0.000396s ]
SQL: SELECT * FROM `tp_category` WHERE ( pid=0 ) LIMIT 100   [ RunTime:0.000366s ]
SQL: SELECT * FROM `tp_category` WHERE ( pid=1 ) LIMIT 100   [ RunTime:0.001174s ]
SQL: SELECT * FROM `tp_category` WHERE ( pid=2 ) LIMIT 100   [ RunTime:0.000193s ]
SQL: SELECT * FROM `tp_category` WHERE ( pid=3 ) LIMIT 100   [ RunTime:0.000266s ]
SQL: SELECT * FROM `tp_category` WHERE ( pid=4 ) LIMIT 100   [ RunTime:0.000194s ]
SQL: SELECT * FROM `tp_category` WHERE ( pid=5 ) LIMIT 100   [ RunTime:0.000553s ]
SQL: SELECT * FROM `tp_category` WHERE ( pid=6 ) LIMIT 100   [ RunTime:0.001239s ]
SQL: SHOW COLUMNS FROM `tp_config` [ RunTime:0.000638s ]
SQL: SELECT `code`,`title`,`body` FROM `tp_config`  [ RunTime:0.000169s ]
SQL: SHOW COLUMNS FROM `tp_ad` [ RunTime:0.000653s ]
SQL: SELECT * FROM `tp_ad` WHERE ( `position_psid` = 4 )  [ RunTime:0.000238s ]
SQL: SHOW COLUMNS FROM `tp_article` [ RunTime:0.000858s ]
NOTIC: [2] explode() expects parameter 2 to be string, array given /home/WWW/tb/ThinkPHP/Library/Think/Model.class.php 第 1390 行.
SQL: SHOW COLUMNS FROM `` [ RunTime:0.000069s ]
ERR: 1103:Incorrect table name ''
 [ SQL语句 ] : SHOW COLUMNS FROM ``
SQL: SELECT a.*,c.cid,c.name,c.remark,c.pid FROM `tp_article` `a` INNER JOIN tp_category as c ON a.cid = c.cid  WHERE ( a.verifystate = 1 and a.id =6 ) LIMIT 1   [ RunTime:0.000253s ]
SQL: SELECT * FROM `tp_category` WHERE ( cid =3 ) LIMIT 1   [ RunTime:0.000216s ]
SQL: SHOW COLUMNS FROM `tp_article_description` [ RunTime:0.000662s ]
SQL: SELECT * FROM `tp_article_description` WHERE ( `product_id` = 6 ) LIMIT 1   [ RunTime:0.061291s ]
SQL: SELECT `id`,`title` FROM `tp_article` WHERE ( id<6 ) ORDER BY id desc LIMIT 1   [ RunTime:0.000852s ]
SQL: SELECT `id`,`title` FROM `tp_article` WHERE ( id>6 ) ORDER BY id desc LIMIT 1   [ RunTime:0.000640s ]
SQL: SELECT * FROM `tp_category` WHERE ( `remark` = 'News' ) LIMIT 1   [ RunTime:0.000349s ]
SQL: SELECT * FROM `tp_category` WHERE ( `pid` = 3 )  [ RunTime:0.000207s ]
INFO: [ view_parse ] --START--
INFO: [ template_filter ] --START--
INFO: Run Behavior\ContentReplace [ RunTime:0.000054s ]
INFO: [ template_filter ] --END-- [ RunTime:0.000109s ]
NOTIC: [8] Undefined index: user /home/WWW/tb/App/Runtime/Cache/Home/3e3841b5d55892e99961a6fb60b1b9cd.php 第 29 行.
NOTIC: [8] Use of undefined constant Index - assumed 'Index' /home/WWW/tb/App/Runtime/Cache/Home/3e3841b5d55892e99961a6fb60b1b9cd.php 第 44 行.
NOTIC: [8] Undefined index: index /home/WWW/tb/App/Runtime/Cache/Home/3e3841b5d55892e99961a6fb60b1b9cd.php 第 67 行.
NOTIC: [8] Undefined index: index /home/WWW/tb/App/Runtime/Cache/Home/3e3841b5d55892e99961a6fb60b1b9cd.php 第 67 行.
INFO: Run Behavior\ParseTemplate [ RunTime:0.031320s ]
INFO: [ view_parse ] --END-- [ RunTime:0.031377s ]
INFO: [ view_filter ] --START--
INFO: Run Behavior\WriteHtmlCache [ RunTime:0.000101s ]
INFO: [ view_filter ] --END-- [ RunTime:0.000130s ]
INFO: [ app_end ] --START--
INFO: Run Behavior\ShowPageTrace [ RunTime:0.000395s ]
INFO: [ app_end ] --END-- [ RunTime:0.000473s ]

[ 2018-05-23T02:25:39+08:00 ] 192.168.1.99 /tb/index.php/Home/News/info/id/6
INFO: [ app_begin ] --START--
INFO: Run Behavior\ReadHtmlCache [ RunTime:0.000627s ]
INFO: [ app_begin ] --END-- [ RunTime:0.001085s ]
NOTIC: [8192] mysql_connect(): The mysql extension is deprecated and will be removed in the future: use mysqli or PDO instead /home/WWW/tb/ThinkPHP/Library/Think/Db/Driver/Mysql.class.php 第 52 行.
SQL: SHOW COLUMNS FROM `tp_home\_controller\_news` [ RunTime:0.000478s ]
ERR: 1146:Table 'tb.tp_home\_controller\_news' doesn't exist
 [ SQL语句 ] : SHOW COLUMNS FROM `tp_home\_controller\_news`
SQL: SHOW COLUMNS FROM `tp_category` [ RunTime:0.001084s ]
SQL: SELECT * FROM `tp_category` WHERE ( pid=0 ) LIMIT 100   [ RunTime:0.000877s ]
SQL: SELECT * FROM `tp_category` WHERE ( pid=1 ) LIMIT 100   [ RunTime:0.000654s ]
SQL: SELECT * FROM `tp_category` WHERE ( pid=2 ) LIMIT 100   [ RunTime:0.000628s ]
SQL: SELECT * FROM `tp_category` WHERE ( pid=3 ) LIMIT 100   [ RunTime:0.000540s ]
SQL: SELECT * FROM `tp_category` WHERE ( pid=4 ) LIMIT 100   [ RunTime:0.000338s ]
SQL: SELECT * FROM `tp_category` WHERE ( pid=5 ) LIMIT 100   [ RunTime:0.000255s ]
SQL: SELECT * FROM `tp_category` WHERE ( pid=6 ) LIMIT 100   [ RunTime:0.000214s ]
SQL: SHOW COLUMNS FROM `tp_config` [ RunTime:0.001219s ]
SQL: SELECT `code`,`title`,`body` FROM `tp_config`  [ RunTime:0.000602s ]
SQL: SHOW COLUMNS FROM `tp_ad` [ RunTime:0.001778s ]
SQL: SELECT * FROM `tp_ad` WHERE ( `position_psid` = 4 )  [ RunTime:0.000773s ]
SQL: SHOW COLUMNS FROM `tp_article` [ RunTime:0.001022s ]
NOTIC: [2] explode() expects parameter 2 to be string, array given /home/WWW/tb/ThinkPHP/Library/Think/Model.class.php 第 1390 行.
SQL: SHOW COLUMNS FROM `` [ RunTime:0.000067s ]
ERR: 1103:Incorrect table name ''
 [ SQL语句 ] : SHOW COLUMNS FROM ``
SQL: SELECT a.*,c.cid,c.name,c.remark,c.pid FROM `tp_article` `a` INNER JOIN tp_category as c ON a.cid = c.cid  WHERE ( a.verifystate = 1 and a.id =6 ) LIMIT 1   [ RunTime:0.000358s ]
SQL: SELECT * FROM `tp_category` WHERE ( cid =3 ) LIMIT 1   [ RunTime:0.000130s ]
SQL: SHOW COLUMNS FROM `tp_article_description` [ RunTime:0.000355s ]
SQL: SELECT * FROM `tp_article_description` WHERE ( `product_id` = 6 ) LIMIT 1   [ RunTime:0.000149s ]
SQL: SELECT `id`,`title` FROM `tp_article` WHERE ( id<6 ) ORDER BY id desc LIMIT 1   [ RunTime:0.000125s ]
SQL: SELECT `id`,`title` FROM `tp_article` WHERE ( id>6 ) ORDER BY id desc LIMIT 1   [ RunTime:0.000112s ]
SQL: SELECT * FROM `tp_category` WHERE ( `remark` = 'News' ) LIMIT 1   [ RunTime:0.000170s ]
SQL: SELECT * FROM `tp_category` WHERE ( `pid` = 3 )  [ RunTime:0.000116s ]
INFO: [ view_parse ] --START--
INFO: [ template_filter ] --START--
INFO: Run Behavior\ContentReplace [ RunTime:0.000085s ]
INFO: [ template_filter ] --END-- [ RunTime:0.000281s ]
NOTIC: [8] Undefined index: user /home/WWW/tb/App/Runtime/Cache/Home/3e3841b5d55892e99961a6fb60b1b9cd.php 第 29 行.
NOTIC: [8] Use of undefined constant Index - assumed 'Index' /home/WWW/tb/App/Runtime/Cache/Home/3e3841b5d55892e99961a6fb60b1b9cd.php 第 44 行.
NOTIC: [8] Undefined index: index /home/WWW/tb/App/Runtime/Cache/Home/3e3841b5d55892e99961a6fb60b1b9cd.php 第 67 行.
NOTIC: [8] Undefined index: index /home/WWW/tb/App/Runtime/Cache/Home/3e3841b5d55892e99961a6fb60b1b9cd.php 第 67 行.
INFO: Run Behavior\ParseTemplate [ RunTime:0.008989s ]
INFO: [ view_parse ] --END-- [ RunTime:0.009124s ]
INFO: [ view_filter ] --START--
INFO: Run Behavior\WriteHtmlCache [ RunTime:0.000188s ]
INFO: [ view_filter ] --END-- [ RunTime:0.000237s ]
INFO: [ app_end ] --START--
INFO: Run Behavior\ShowPageTrace [ RunTime:0.001110s ]
INFO: [ app_end ] --END-- [ RunTime:0.001253s ]

[ 2018-05-23T02:25:41+08:00 ] 192.168.1.99 /tb/index.php/Home/News/info/id/6
INFO: [ app_begin ] --START--
INFO: Run Behavior\ReadHtmlCache [ RunTime:0.000260s ]
INFO: [ app_begin ] --END-- [ RunTime:0.000538s ]
NOTIC: [8192] mysql_connect(): The mysql extension is deprecated and will be removed in the future: use mysqli or PDO instead /home/WWW/tb/ThinkPHP/Library/Think/Db/Driver/Mysql.class.php 第 52 行.
SQL: SHOW COLUMNS FROM `tp_home\_controller\_news` [ RunTime:0.000795s ]
ERR: 1146:Table 'tb.tp_home\_controller\_news' doesn't exist
 [ SQL语句 ] : SHOW COLUMNS FROM `tp_home\_controller\_news`
SQL: SHOW COLUMNS FROM `tp_category` [ RunTime:0.001406s ]
SQL: SELECT * FROM `tp_category` WHERE ( pid=0 ) LIMIT 100   [ RunTime:0.000369s ]
SQL: SELECT * FROM `tp_category` WHERE ( pid=1 ) LIMIT 100   [ RunTime:0.000537s ]
SQL: SELECT * FROM `tp_category` WHERE ( pid=2 ) LIMIT 100   [ RunTime:0.001045s ]
SQL: SELECT * FROM `tp_category` WHERE ( pid=3 ) LIMIT 100   [ RunTime:0.000394s ]
SQL: SELECT * FROM `tp_category` WHERE ( pid=4 ) LIMIT 100   [ RunTime:0.000428s ]
SQL: SELECT * FROM `tp_category` WHERE ( pid=5 ) LIMIT 100   [ RunTime:0.000287s ]
SQL: SELECT * FROM `tp_category` WHERE ( pid=6 ) LIMIT 100   [ RunTime:0.000165s ]
SQL: SHOW COLUMNS FROM `tp_config` [ RunTime:0.000429s ]
SQL: SELECT `code`,`title`,`body` FROM `tp_config`  [ RunTime:0.000201s ]
SQL: SHOW COLUMNS FROM `tp_ad` [ RunTime:0.000370s ]
SQL: SELECT * FROM `tp_ad` WHERE ( `position_psid` = 4 )  [ RunTime:0.000232s ]
SQL: SHOW COLUMNS FROM `tp_article` [ RunTime:0.000450s ]
NOTIC: [2] explode() expects parameter 2 to be string, array given /home/WWW/tb/ThinkPHP/Library/Think/Model.class.php 第 1390 行.
SQL: SHOW COLUMNS FROM `` [ RunTime:0.000047s ]
ERR: 1103:Incorrect table name ''
 [ SQL语句 ] : SHOW COLUMNS FROM ``
SQL: SELECT a.*,c.cid,c.name,c.remark,c.pid FROM `tp_article` `a` INNER JOIN tp_category as c ON a.cid = c.cid  WHERE ( a.verifystate = 1 and a.id =6 ) LIMIT 1   [ RunTime:0.000196s ]
SQL: SELECT * FROM `tp_category` WHERE ( cid =3 ) LIMIT 1   [ RunTime:0.000143s ]
SQL: SHOW COLUMNS FROM `tp_article_description` [ RunTime:0.000412s ]
SQL: SELECT * FROM `tp_article_description` WHERE ( `product_id` = 6 ) LIMIT 1   [ RunTime:0.000197s ]
SQL: SELECT `id`,`title` FROM `tp_article` WHERE ( id<6 ) ORDER BY id desc LIMIT 1   [ RunTime:0.000154s ]
SQL: SELECT `id`,`title` FROM `tp_article` WHERE ( id>6 ) ORDER BY id desc LIMIT 1   [ RunTime:0.000128s ]
SQL: SELECT * FROM `tp_category` WHERE ( `remark` = 'News' ) LIMIT 1   [ RunTime:0.000137s ]
SQL: SELECT * FROM `tp_category` WHERE ( `pid` = 3 )  [ RunTime:0.000110s ]
INFO: [ view_parse ] --START--
INFO: [ template_filter ] --START--
INFO: Run Behavior\ContentReplace [ RunTime:0.000058s ]
INFO: [ template_filter ] --END-- [ RunTime:0.000131s ]
NOTIC: [8] Undefined index: user /home/WWW/tb/App/Runtime/Cache/Home/3e3841b5d55892e99961a6fb60b1b9cd.php 第 29 行.
NOTIC: [8] Use of undefined constant Index - assumed 'Index' /home/WWW/tb/App/Runtime/Cache/Home/3e3841b5d55892e99961a6fb60b1b9cd.php 第 44 行.
NOTIC: [8] Undefined index: index /home/WWW/tb/App/Runtime/Cache/Home/3e3841b5d55892e99961a6fb60b1b9cd.php 第 67 行.
NOTIC: [8] Undefined index: index /home/WWW/tb/App/Runtime/Cache/Home/3e3841b5d55892e99961a6fb60b1b9cd.php 第 67 行.
INFO: Run Behavior\ParseTemplate [ RunTime:0.013657s ]
INFO: [ view_parse ] --END-- [ RunTime:0.013713s ]
INFO: [ view_filter ] --START--
INFO: Run Behavior\WriteHtmlCache [ RunTime:0.000131s ]
INFO: [ view_filter ] --END-- [ RunTime:0.000161s ]
INFO: [ app_end ] --START--
INFO: Run Behavior\ShowPageTrace [ RunTime:0.001149s ]
INFO: [ app_end ] --END-- [ RunTime:0.001264s ]

[ 2018-05-23T02:26:11+08:00 ] 192.168.1.99 /tb/index.php/Home/News/info/id/6
INFO: [ app_begin ] --START--
INFO: Run Behavior\ReadHtmlCache [ RunTime:0.000245s ]
INFO: [ app_begin ] --END-- [ RunTime:0.000448s ]
NOTIC: [8192] mysql_connect(): The mysql extension is deprecated and will be removed in the future: use mysqli or PDO instead /home/WWW/tb/ThinkPHP/Library/Think/Db/Driver/Mysql.class.php 第 52 行.
NOTIC: [2] mysql_connect(): Access denied for user 'root'@'localhost' (using password: NO) /home/WWW/tb/ThinkPHP/Library/Think/Db/Driver/Mysql.class.php 第 52 行.
ERR: Access denied for user 'root'@'localhost' (using password: NO)

[ 2018-05-23T02:26:39+08:00 ] 192.168.1.99 /tb/index.php/Home/News/info/id/6
INFO: [ app_begin ] --START--
INFO: Run Behavior\ReadHtmlCache [ RunTime:0.000657s ]
INFO: [ app_begin ] --END-- [ RunTime:0.001368s ]
NOTIC: [8192] mysql_connect(): The mysql extension is deprecated and will be removed in the future: use mysqli or PDO instead /home/WWW/tb/ThinkPHP/Library/Think/Db/Driver/Mysql.class.php 第 52 行.
SQL: SHOW COLUMNS FROM `tp_home\_controller\_news` [ RunTime:0.000281s ]
ERR: 1146:Table 'tb.tp_home\_controller\_news' doesn't exist
 [ SQL语句 ] : SHOW COLUMNS FROM `tp_home\_controller\_news`
SQL: SHOW COLUMNS FROM `tp_category` [ RunTime:0.000335s ]
SQL: SELECT * FROM `tp_category` WHERE ( pid=0 ) LIMIT 100   [ RunTime:0.000532s ]
SQL: SELECT * FROM `tp_category` WHERE ( pid=1 ) LIMIT 100   [ RunTime:0.000254s ]
SQL: SELECT * FROM `tp_category` WHERE ( pid=2 ) LIMIT 100   [ RunTime:0.000185s ]
SQL: SELECT * FROM `tp_category` WHERE ( pid=3 ) LIMIT 100   [ RunTime:0.000141s ]
SQL: SELECT * FROM `tp_category` WHERE ( pid=4 ) LIMIT 100   [ RunTime:0.000174s ]
SQL: SELECT * FROM `tp_category` WHERE ( pid=5 ) LIMIT 100   [ RunTime:0.000127s ]
SQL: SELECT * FROM `tp_category` WHERE ( pid=6 ) LIMIT 100   [ RunTime:0.000253s ]
SQL: SHOW COLUMNS FROM `tp_config` [ RunTime:0.000698s ]
SQL: SELECT `code`,`title`,`body` FROM `tp_config`  [ RunTime:0.000301s ]
SQL: SHOW COLUMNS FROM `tp_ad` [ RunTime:0.000774s ]
SQL: SELECT * FROM `tp_ad` WHERE ( `position_psid` = 4 )  [ RunTime:0.000617s ]
SQL: SHOW COLUMNS FROM `tp_article` [ RunTime:0.001573s ]
NOTIC: [2] explode() expects parameter 2 to be string, array given /home/WWW/tb/ThinkPHP/Library/Think/Model.class.php 第 1390 行.
SQL: SHOW COLUMNS FROM `` [ RunTime:0.000142s ]
ERR: 1103:Incorrect table name ''
 [ SQL语句 ] : SHOW COLUMNS FROM ``
SQL: SELECT a.*,c.cid,c.name,c.remark,c.pid FROM `tp_article` `a` INNER JOIN tp_category as c ON a.cid = c.cid  WHERE ( a.verifystate = 1 and a.id =6 ) LIMIT 1   [ RunTime:0.000737s ]
SQL: SELECT * FROM `tp_category` WHERE ( cid =3 ) LIMIT 1   [ RunTime:0.000483s ]
SQL: SHOW COLUMNS FROM `tp_article_description` [ RunTime:0.001565s ]
SQL: SELECT * FROM `tp_article_description` WHERE ( `product_id` = 6 ) LIMIT 1   [ RunTime:0.000441s ]
SQL: SELECT `id`,`title` FROM `tp_article` WHERE ( id<6 ) ORDER BY id desc LIMIT 1   [ RunTime:0.000592s ]
SQL: SELECT `id`,`title` FROM `tp_article` WHERE ( id>6 ) ORDER BY id desc LIMIT 1   [ RunTime:0.001169s ]
SQL: SELECT * FROM `tp_category` WHERE ( `remark` = 'News' ) LIMIT 1   [ RunTime:0.000406s ]
SQL: SELECT * FROM `tp_category` WHERE ( `pid` = 3 )  [ RunTime:0.000198s ]
INFO: [ view_parse ] --START--
INFO: [ template_filter ] --START--
INFO: Run Behavior\ContentReplace [ RunTime:0.000102s ]
INFO: [ template_filter ] --END-- [ RunTime:0.000153s ]
NOTIC: [8] Undefined index: user /home/WWW/tb/App/Runtime/Cache/Home/3e3841b5d55892e99961a6fb60b1b9cd.php 第 29 行.
NOTIC: [8] Use of undefined constant Index - assumed 'Index' /home/WWW/tb/App/Runtime/Cache/Home/3e3841b5d55892e99961a6fb60b1b9cd.php 第 44 行.
NOTIC: [8] Undefined index: index /home/WWW/tb/App/Runtime/Cache/Home/3e3841b5d55892e99961a6fb60b1b9cd.php 第 67 行.
NOTIC: [8] Undefined index: index /home/WWW/tb/App/Runtime/Cache/Home/3e3841b5d55892e99961a6fb60b1b9cd.php 第 67 行.
INFO: Run Behavior\ParseTemplate [ RunTime:0.008639s ]
INFO: [ view_parse ] --END-- [ RunTime:0.008714s ]
INFO: [ view_filter ] --START--
INFO: Run Behavior\WriteHtmlCache [ RunTime:0.000107s ]
INFO: [ view_filter ] --END-- [ RunTime:0.000136s ]
INFO: [ app_end ] --START--
INFO: Run Behavior\ShowPageTrace [ RunTime:0.000523s ]
INFO: [ app_end ] --END-- [ RunTime:0.000621s ]

[ 2018-05-23T02:26:49+08:00 ] 192.168.1.99 /tb/index.php/Home/News/info/id/6
INFO: [ app_begin ] --START--
INFO: Run Behavior\ReadHtmlCache [ RunTime:0.000315s ]
INFO: [ app_begin ] --END-- [ RunTime:0.000550s ]
NOTIC: [8192] mysql_connect(): The mysql extension is deprecated and will be removed in the future: use mysqli or PDO instead /home/WWW/tb/ThinkPHP/Library/Think/Db/Driver/Mysql.class.php 第 52 行.
SQL: SHOW COLUMNS FROM `tp_home\_controller\_news` [ RunTime:0.000452s ]
ERR: 1146:Table 'tb.tp_home\_controller\_news' doesn't exist
 [ SQL语句 ] : SHOW COLUMNS FROM `tp_home\_controller\_news`
SQL: SHOW COLUMNS FROM `tp_category` [ RunTime:0.000648s ]
SQL: SELECT * FROM `tp_category` WHERE ( pid=0 ) LIMIT 100   [ RunTime:0.000396s ]
SQL: SELECT * FROM `tp_category` WHERE ( pid=1 ) LIMIT 100   [ RunTime:0.000149s ]
SQL: SELECT * FROM `tp_category` WHERE ( pid=2 ) LIMIT 100   [ RunTime:0.000133s ]
SQL: SELECT * FROM `tp_category` WHERE ( pid=3 ) LIMIT 100   [ RunTime:0.000115s ]
SQL: SELECT * FROM `tp_category` WHERE ( pid=4 ) LIMIT 100   [ RunTime:0.000114s ]
SQL: SELECT * FROM `tp_category` WHERE ( pid=5 ) LIMIT 100   [ RunTime:0.000115s ]
SQL: SELECT * FROM `tp_category` WHERE ( pid=6 ) LIMIT 100   [ RunTime:0.000108s ]
SQL: SHOW COLUMNS FROM `tp_config` [ RunTime:0.000302s ]
SQL: SELECT `code`,`title`,`body` FROM `tp_config`  [ RunTime:0.000136s ]
SQL: SHOW COLUMNS FROM `tp_ad` [ RunTime:0.000302s ]
SQL: SELECT * FROM `tp_ad` WHERE ( `position_psid` = 4 )  [ RunTime:0.000208s ]
SQL: SHOW COLUMNS FROM `tp_article` [ RunTime:0.000435s ]
NOTIC: [2] explode() expects parameter 2 to be string, array given /home/WWW/tb/ThinkPHP/Library/Think/Model.class.php 第 1390 行.
SQL: SHOW COLUMNS FROM `` [ RunTime:0.000090s ]
ERR: 1103:Incorrect table name ''
 [ SQL语句 ] : SHOW COLUMNS FROM ``
SQL: SELECT a.*,c.cid,c.name,c.remark,c.pid FROM `tp_article` `a` INNER JOIN tp_category as c ON a.cid = c.cid  WHERE ( a.verifystate = 1 and a.id =6 ) LIMIT 1   [ RunTime:0.000195s ]
SQL: SELECT * FROM `tp_category` WHERE ( cid =3 ) LIMIT 1   [ RunTime:0.000154s ]
SQL: SHOW COLUMNS FROM `tp_article_description` [ RunTime:0.000291s ]
SQL: SELECT * FROM `tp_article_description` WHERE ( `product_id` = 6 ) LIMIT 1   [ RunTime:0.000173s ]
SQL: SELECT `id`,`title` FROM `tp_article` WHERE ( id<6 ) ORDER BY id desc LIMIT 1   [ RunTime:0.000254s ]
SQL: SELECT `id`,`title` FROM `tp_article` WHERE ( id>6 ) ORDER BY id desc LIMIT 1   [ RunTime:0.000180s ]
SQL: SELECT * FROM `tp_category` WHERE ( `remark` = 'News' ) LIMIT 1   [ RunTime:0.000240s ]
SQL: SELECT * FROM `tp_category` WHERE ( `pid` = 3 )  [ RunTime:0.000557s ]
INFO: [ view_parse ] --START--
INFO: [ template_filter ] --START--
INFO: Run Behavior\ContentReplace [ RunTime:0.000048s ]
INFO: [ template_filter ] --END-- [ RunTime:0.000098s ]
NOTIC: [8] Undefined index: user /home/WWW/tb/App/Runtime/Cache/Home/3e3841b5d55892e99961a6fb60b1b9cd.php 第 29 行.
NOTIC: [8] Use of undefined constant Index - assumed 'Index' /home/WWW/tb/App/Runtime/Cache/Home/3e3841b5d55892e99961a6fb60b1b9cd.php 第 44 行.
NOTIC: [8] Undefined index: index /home/WWW/tb/App/Runtime/Cache/Home/3e3841b5d55892e99961a6fb60b1b9cd.php 第 67 行.
NOTIC: [8] Undefined index: index /home/WWW/tb/App/Runtime/Cache/Home/3e3841b5d55892e99961a6fb60b1b9cd.php 第 67 行.
INFO: Run Behavior\ParseTemplate [ RunTime:0.034286s ]
INFO: [ view_parse ] --END-- [ RunTime:0.034588s ]
INFO: [ view_filter ] --START--
INFO: Run Behavior\WriteHtmlCache [ RunTime:0.000367s ]
INFO: [ view_filter ] --END-- [ RunTime:0.000508s ]
INFO: [ app_end ] --START--
INFO: Run Behavior\ShowPageTrace [ RunTime:0.000420s ]
INFO: [ app_end ] --END-- [ RunTime:0.000511s ]

[ 2018-05-23T02:26:52+08:00 ] 192.168.1.99 /tb/index.php/Home/About/Index/cid/8
INFO: [ app_begin ] --START--
INFO: Run Behavior\ReadHtmlCache [ RunTime:0.000633s ]
INFO: [ app_begin ] --END-- [ RunTime:0.000982s ]
NOTIC: [8192] mysql_connect(): The mysql extension is deprecated and will be removed in the future: use mysqli or PDO instead /home/WWW/tb/ThinkPHP/Library/Think/Db/Driver/Mysql.class.php 第 52 行.
SQL: SHOW COLUMNS FROM `tp_home\_controller\_about` [ RunTime:0.000573s ]
ERR: 1146:Table 'tb.tp_home\_controller\_about' doesn't exist
 [ SQL语句 ] : SHOW COLUMNS FROM `tp_home\_controller\_about`
SQL: SHOW COLUMNS FROM `tp_category` [ RunTime:0.000392s ]
SQL: SELECT * FROM `tp_category` WHERE ( pid=0 ) LIMIT 100   [ RunTime:0.000490s ]
SQL: SELECT * FROM `tp_category` WHERE ( pid=1 ) LIMIT 100   [ RunTime:0.001302s ]
SQL: SELECT * FROM `tp_category` WHERE ( pid=2 ) LIMIT 100   [ RunTime:0.000236s ]
SQL: SELECT * FROM `tp_category` WHERE ( pid=3 ) LIMIT 100   [ RunTime:0.000236s ]
SQL: SELECT * FROM `tp_category` WHERE ( pid=4 ) LIMIT 100   [ RunTime:0.000130s ]
SQL: SELECT * FROM `tp_category` WHERE ( pid=5 ) LIMIT 100   [ RunTime:0.000264s ]
SQL: SELECT * FROM `tp_category` WHERE ( pid=6 ) LIMIT 100   [ RunTime:0.000181s ]
SQL: SHOW COLUMNS FROM `tp_config` [ RunTime:0.001385s ]
SQL: SELECT `code`,`title`,`body` FROM `tp_config`  [ RunTime:0.000555s ]
SQL: SHOW COLUMNS FROM `tp_ad` [ RunTime:0.001305s ]
SQL: SELECT * FROM `tp_ad` WHERE ( `position_psid` = 4 )  [ RunTime:0.000281s ]
SQL: SELECT * FROM `tp_category` WHERE ( `remark` = 'About' ) LIMIT 1   [ RunTime:0.000331s ]
SQL: SELECT * FROM `tp_category` WHERE ( `pid` = 1 )  [ RunTime:0.000244s ]
SQL: SHOW COLUMNS FROM `tp_article` [ RunTime:0.000845s ]
NOTIC: [2] explode() expects parameter 2 to be string, array given /home/WWW/tb/ThinkPHP/Library/Think/Model.class.php 第 1390 行.
SQL: SHOW COLUMNS FROM `` [ RunTime:0.000118s ]
ERR: 1103:Incorrect table name ''
 [ SQL语句 ] : SHOW COLUMNS FROM ``
SQL: SELECT a.*,c.cid,c.name,c.remark FROM `tp_article` `a` INNER JOIN tp_category as c ON a.cid = c.cid  WHERE ( a.verifystate = 1 and a.cid =8 ) LIMIT 1   [ RunTime:0.000343s ]
SQL: SHOW COLUMNS FROM `tp_article_description` [ RunTime:0.000588s ]
SQL: SELECT * FROM `tp_article_description` WHERE ( `product_id` = 12 ) LIMIT 1   [ RunTime:0.016190s ]
INFO: [ view_parse ] --START--
INFO: [ template_filter ] --START--
INFO: Run Behavior\ContentReplace [ RunTime:0.000098s ]
INFO: [ template_filter ] --END-- [ RunTime:0.000167s ]
NOTIC: [8] Undefined index: user /home/WWW/tb/App/Runtime/Cache/Home/3dde675f0ec419a8c8b639f1b26bdd90.php 第 29 行.
NOTIC: [8] Use of undefined constant Index - assumed 'Index' /home/WWW/tb/App/Runtime/Cache/Home/3dde675f0ec419a8c8b639f1b26bdd90.php 第 44 行.
NOTIC: [8] Undefined index: index /home/WWW/tb/App/Runtime/Cache/Home/3dde675f0ec419a8c8b639f1b26bdd90.php 第 67 行.
NOTIC: [8] Undefined index: index /home/WWW/tb/App/Runtime/Cache/Home/3dde675f0ec419a8c8b639f1b26bdd90.php 第 67 行.
NOTIC: [8] Undefined index: index /home/WWW/tb/App/Runtime/Cache/Home/3dde675f0ec419a8c8b639f1b26bdd90.php 第 67 行.
INFO: Run Behavior\ParseTemplate [ RunTime:0.026339s ]
INFO: [ view_parse ] --END-- [ RunTime:0.026390s ]
INFO: [ view_filter ] --START--
INFO: Run Behavior\WriteHtmlCache [ RunTime:0.000096s ]
INFO: [ view_filter ] --END-- [ RunTime:0.000122s ]
INFO: [ app_end ] --START--
INFO: Run Behavior\ShowPageTrace [ RunTime:0.000536s ]
INFO: [ app_end ] --END-- [ RunTime:0.000625s ]

[ 2018-05-23T02:27:39+08:00 ] 192.168.1.99 /tb/index.php/Home/About/Index/cid/8
INFO: [ app_begin ] --START--
INFO: Run Behavior\ReadHtmlCache [ RunTime:0.000666s ]
INFO: [ app_begin ] --END-- [ RunTime:0.001040s ]
NOTIC: [8192] mysql_connect(): The mysql extension is deprecated and will be removed in the future: use mysqli or PDO instead /home/WWW/tb/ThinkPHP/Library/Think/Db/Driver/Mysql.class.php 第 52 行.
SQL: SHOW COLUMNS FROM `tp_home\_controller\_about` [ RunTime:0.000440s ]
ERR: 1146:Table 'tb.tp_home\_controller\_about' doesn't exist
 [ SQL语句 ] : SHOW COLUMNS FROM `tp_home\_controller\_about`
SQL: SHOW COLUMNS FROM `tp_category` [ RunTime:0.000411s ]
SQL: SELECT * FROM `tp_category` WHERE ( pid=0 ) LIMIT 100   [ RunTime:0.000208s ]
SQL: SELECT * FROM `tp_category` WHERE ( pid=1 ) LIMIT 100   [ RunTime:0.000143s ]
SQL: SELECT * FROM `tp_category` WHERE ( pid=2 ) LIMIT 100   [ RunTime:0.000136s ]
SQL: SELECT * FROM `tp_category` WHERE ( pid=3 ) LIMIT 100   [ RunTime:0.000187s ]
SQL: SELECT * FROM `tp_category` WHERE ( pid=4 ) LIMIT 100   [ RunTime:0.000122s ]
SQL: SELECT * FROM `tp_category` WHERE ( pid=5 ) LIMIT 100   [ RunTime:0.000109s ]
SQL: SELECT * FROM `tp_category` WHERE ( pid=6 ) LIMIT 100   [ RunTime:0.000109s ]
SQL: SHOW COLUMNS FROM `tp_config` [ RunTime:0.000304s ]
SQL: SELECT `code`,`title`,`body` FROM `tp_config`  [ RunTime:0.000158s ]
SQL: SHOW COLUMNS FROM `tp_ad` [ RunTime:0.000408s ]
SQL: SELECT * FROM `tp_ad` WHERE ( `position_psid` = 4 )  [ RunTime:0.000254s ]
SQL: SELECT * FROM `tp_category` WHERE ( `remark` = 'About' ) LIMIT 1   [ RunTime:0.000221s ]
SQL: SELECT * FROM `tp_category` WHERE ( `pid` = 1 )  [ RunTime:0.000119s ]
SQL: SHOW COLUMNS FROM `tp_article` [ RunTime:0.000371s ]
NOTIC: [2] explode() expects parameter 2 to be string, array given /home/WWW/tb/ThinkPHP/Library/Think/Model.class.php 第 1390 行.
SQL: SHOW COLUMNS FROM `` [ RunTime:0.000082s ]
ERR: 1103:Incorrect table name ''
 [ SQL语句 ] : SHOW COLUMNS FROM ``
SQL: SELECT a.*,c.cid,c.name,c.remark FROM `tp_article` `a` INNER JOIN tp_category as c ON a.cid = c.cid  WHERE ( a.verifystate = 1 and a.cid =8 ) LIMIT 1   [ RunTime:0.000554s ]
SQL: SHOW COLUMNS FROM `tp_article_description` [ RunTime:0.000523s ]
SQL: SELECT * FROM `tp_article_description` WHERE ( `product_id` = 12 ) LIMIT 1   [ RunTime:0.000535s ]
INFO: [ view_parse ] --START--
INFO: [ template_filter ] --START--
INFO: Run Behavior\ContentReplace [ RunTime:0.000047s ]
INFO: [ template_filter ] --END-- [ RunTime:0.000094s ]
NOTIC: [8] Undefined index: user /home/WWW/tb/App/Runtime/Cache/Home/3dde675f0ec419a8c8b639f1b26bdd90.php 第 29 行.
NOTIC: [8] Use of undefined constant Index - assumed 'Index' /home/WWW/tb/App/Runtime/Cache/Home/3dde675f0ec419a8c8b639f1b26bdd90.php 第 44 行.
NOTIC: [8] Undefined index: index /home/WWW/tb/App/Runtime/Cache/Home/3dde675f0ec419a8c8b639f1b26bdd90.php 第 67 行.
NOTIC: [8] Undefined index: index /home/WWW/tb/App/Runtime/Cache/Home/3dde675f0ec419a8c8b639f1b26bdd90.php 第 67 行.
NOTIC: [8] Undefined index: index /home/WWW/tb/App/Runtime/Cache/Home/3dde675f0ec419a8c8b639f1b26bdd90.php 第 67 行.
INFO: Run Behavior\ParseTemplate [ RunTime:0.009755s ]
INFO: [ view_parse ] --END-- [ RunTime:0.009812s ]
INFO: [ view_filter ] --START--
INFO: Run Behavior\WriteHtmlCache [ RunTime:0.000093s ]
INFO: [ view_filter ] --END-- [ RunTime:0.000121s ]
INFO: [ app_end ] --START--
INFO: Run Behavior\ShowPageTrace [ RunTime:0.000408s ]
INFO: [ app_end ] --END-- [ RunTime:0.000490s ]

[ 2018-05-23T02:27:47+08:00 ] 192.168.1.99 /tb/
INFO: [ app_begin ] --START--
INFO: Run Behavior\ReadHtmlCache [ RunTime:0.000315s ]
INFO: [ app_begin ] --END-- [ RunTime:0.000654s ]
NOTIC: [8192] mysql_connect(): The mysql extension is deprecated and will be removed in the future: use mysqli or PDO instead /home/WWW/tb/ThinkPHP/Library/Think/Db/Driver/Mysql.class.php 第 52 行.
SQL: SHOW COLUMNS FROM `tp_home\_controller\_index` [ RunTime:0.000539s ]
ERR: 1146:Table 'tb.tp_home\_controller\_index' doesn't exist
 [ SQL语句 ] : SHOW COLUMNS FROM `tp_home\_controller\_index`
SQL: SHOW COLUMNS FROM `tp_category` [ RunTime:0.000514s ]
SQL: SELECT * FROM `tp_category` WHERE ( pid=0 ) LIMIT 100   [ RunTime:0.000363s ]
SQL: SELECT * FROM `tp_category` WHERE ( pid=1 ) LIMIT 100   [ RunTime:0.000203s ]
SQL: SELECT * FROM `tp_category` WHERE ( pid=2 ) LIMIT 100   [ RunTime:0.000192s ]
SQL: SELECT * FROM `tp_category` WHERE ( pid=3 ) LIMIT 100   [ RunTime:0.000142s ]
SQL: SELECT * FROM `tp_category` WHERE ( pid=4 ) LIMIT 100   [ RunTime:0.000193s ]
SQL: SELECT * FROM `tp_category` WHERE ( pid=5 ) LIMIT 100   [ RunTime:0.000170s ]
SQL: SELECT * FROM `tp_category` WHERE ( pid=6 ) LIMIT 100   [ RunTime:0.000205s ]
SQL: SHOW COLUMNS FROM `tp_config` [ RunTime:0.000389s ]
SQL: SELECT `code`,`title`,`body` FROM `tp_config`  [ RunTime:0.000239s ]
SQL: SHOW COLUMNS FROM `tp_ad` [ RunTime:0.001341s ]
SQL: SELECT * FROM `tp_ad` WHERE ( `position_psid` = 4 )  [ RunTime:0.000860s ]
INFO: [ view_parse ] --START--
INFO: [ template_filter ] --START--
INFO: Run Behavior\ContentReplace [ RunTime:0.000088s ]
INFO: [ template_filter ] --END-- [ RunTime:0.000185s ]
NOTIC: [8] Undefined index: user /home/WWW/tb/App/Runtime/Cache/Home/89e841a2657642c31fa49c57b891047b.php 第 29 行.
NOTIC: [8] Use of undefined constant Index - assumed 'Index' /home/WWW/tb/App/Runtime/Cache/Home/89e841a2657642c31fa49c57b891047b.php 第 44 行.
INFO: Run Behavior\ParseTemplate [ RunTime:0.018974s ]
INFO: [ view_parse ] --END-- [ RunTime:0.019156s ]
INFO: [ view_filter ] --START--
INFO: Run Behavior\WriteHtmlCache [ RunTime:0.000124s ]
INFO: [ view_filter ] --END-- [ RunTime:0.000154s ]
INFO: [ app_end ] --START--
INFO: Run Behavior\ShowPageTrace [ RunTime:0.000768s ]
INFO: [ app_end ] --END-- [ RunTime:0.000929s ]

[ 2018-05-23T02:28:22+08:00 ] 192.168.1.99 /tb/
INFO: [ app_begin ] --START--
INFO: Run Behavior\ReadHtmlCache [ RunTime:0.000498s ]
INFO: [ app_begin ] --END-- [ RunTime:0.001563s ]
NOTIC: [8192] mysql_connect(): The mysql extension is deprecated and will be removed in the future: use mysqli or PDO instead /home/WWW/tb/ThinkPHP/Library/Think/Db/Driver/Mysql.class.php 第 52 行.
SQL: SHOW COLUMNS FROM `tp_home\_controller\_index` [ RunTime:0.000303s ]
ERR: 1146:Table 'tb.tp_home\_controller\_index' doesn't exist
 [ SQL语句 ] : SHOW COLUMNS FROM `tp_home\_controller\_index`
SQL: SHOW COLUMNS FROM `tp_category` [ RunTime:0.000272s ]
SQL: SELECT * FROM `tp_category` WHERE ( pid=0 ) LIMIT 100   [ RunTime:0.000162s ]
SQL: SELECT * FROM `tp_category` WHERE ( pid=1 ) LIMIT 100   [ RunTime:0.000171s ]
SQL: SELECT * FROM `tp_category` WHERE ( pid=2 ) LIMIT 100   [ RunTime:0.000123s ]
SQL: SELECT * FROM `tp_category` WHERE ( pid=3 ) LIMIT 100   [ RunTime:0.000111s ]
SQL: SELECT * FROM `tp_category` WHERE ( pid=4 ) LIMIT 100   [ RunTime:0.000108s ]
SQL: SELECT * FROM `tp_category` WHERE ( pid=5 ) LIMIT 100   [ RunTime:0.000116s ]
SQL: SELECT * FROM `tp_category` WHERE ( pid=6 ) LIMIT 100   [ RunTime:0.000116s ]
SQL: SHOW COLUMNS FROM `tp_config` [ RunTime:0.000255s ]
SQL: SELECT `code`,`title`,`body` FROM `tp_config`  [ RunTime:0.000134s ]
SQL: SHOW COLUMNS FROM `tp_ad` [ RunTime:0.000279s ]
SQL: SELECT * FROM `tp_ad` WHERE ( `position_psid` = 4 )  [ RunTime:0.000293s ]
INFO: [ view_parse ] --START--
INFO: [ template_filter ] --START--
INFO: Run Behavior\ContentReplace [ RunTime:0.000046s ]
INFO: [ template_filter ] --END-- [ RunTime:0.000092s ]
NOTIC: [8] Undefined index: user /home/WWW/tb/App/Runtime/Cache/Home/89e841a2657642c31fa49c57b891047b.php 第 29 行.
NOTIC: [8] Use of undefined constant Index - assumed 'Index' /home/WWW/tb/App/Runtime/Cache/Home/89e841a2657642c31fa49c57b891047b.php 第 44 行.
INFO: Run Behavior\ParseTemplate [ RunTime:0.008433s ]
INFO: [ view_parse ] --END-- [ RunTime:0.008503s ]
INFO: [ view_filter ] --START--
INFO: Run Behavior\WriteHtmlCache [ RunTime:0.000137s ]
INFO: [ view_filter ] --END-- [ RunTime:0.000183s ]
INFO: [ app_end ] --START--
INFO: Run Behavior\ShowPageTrace [ RunTime:0.001282s ]
INFO: [ app_end ] --END-- [ RunTime:0.001595s ]

[ 2018-05-23T02:28:24+08:00 ] 192.168.1.99 /tb/
INFO: [ app_begin ] --START--
INFO: Run Behavior\ReadHtmlCache [ RunTime:0.000716s ]
INFO: [ app_begin ] --END-- [ RunTime:0.001417s ]
NOTIC: [8192] mysql_connect(): The mysql extension is deprecated and will be removed in the future: use mysqli or PDO instead /home/WWW/tb/ThinkPHP/Library/Think/Db/Driver/Mysql.class.php 第 52 行.
SQL: SHOW COLUMNS FROM `tp_home\_controller\_index` [ RunTime:0.000536s ]
ERR: 1146:Table 'tb.tp_home\_controller\_index' doesn't exist
 [ SQL语句 ] : SHOW COLUMNS FROM `tp_home\_controller\_index`
SQL: SHOW COLUMNS FROM `tp_category` [ RunTime:0.000601s ]
SQL: SELECT * FROM `tp_category` WHERE ( pid=0 ) LIMIT 100   [ RunTime:0.000476s ]
SQL: SELECT * FROM `tp_category` WHERE ( pid=1 ) LIMIT 100   [ RunTime:0.000258s ]
SQL: SELECT * FROM `tp_category` WHERE ( pid=2 ) LIMIT 100   [ RunTime:0.000172s ]
SQL: SELECT * FROM `tp_category` WHERE ( pid=3 ) LIMIT 100   [ RunTime:0.000186s ]
SQL: SELECT * FROM `tp_category` WHERE ( pid=4 ) LIMIT 100   [ RunTime:0.000168s ]
SQL: SELECT * FROM `tp_category` WHERE ( pid=5 ) LIMIT 100   [ RunTime:0.000129s ]
SQL: SELECT * FROM `tp_category` WHERE ( pid=6 ) LIMIT 100   [ RunTime:0.000141s ]
SQL: SHOW COLUMNS FROM `tp_config` [ RunTime:0.000607s ]
SQL: SELECT `code`,`title`,`body` FROM `tp_config`  [ RunTime:0.001270s ]
SQL: SHOW COLUMNS FROM `tp_ad` [ RunTime:0.000535s ]
SQL: SELECT * FROM `tp_ad` WHERE ( `position_psid` = 4 )  [ RunTime:0.000325s ]
INFO: [ view_parse ] --START--
INFO: [ template_filter ] --START--
INFO: Run Behavior\ContentReplace [ RunTime:0.000054s ]
INFO: [ template_filter ] --END-- [ RunTime:0.000106s ]
NOTIC: [8] Undefined index: user /home/WWW/tb/App/Runtime/Cache/Home/89e841a2657642c31fa49c57b891047b.php 第 29 行.
NOTIC: [8] Use of undefined constant Index - assumed 'Index' /home/WWW/tb/App/Runtime/Cache/Home/89e841a2657642c31fa49c57b891047b.php 第 44 行.
INFO: Run Behavior\ParseTemplate [ RunTime:0.015171s ]
INFO: [ view_parse ] --END-- [ RunTime:0.015264s ]
INFO: [ view_filter ] --START--
INFO: Run Behavior\WriteHtmlCache [ RunTime:0.000221s ]
INFO: [ view_filter ] --END-- [ RunTime:0.000289s ]
INFO: [ app_end ] --START--
INFO: Run Behavior\ShowPageTrace [ RunTime:0.000999s ]
INFO: [ app_end ] --END-- [ RunTime:0.001149s ]

[ 2018-05-23T02:28:30+08:00 ] 192.168.1.99 /tb/index.php/Home/About/Index
INFO: [ app_begin ] --START--
INFO: Run Behavior\ReadHtmlCache [ RunTime:0.000350s ]
INFO: [ app_begin ] --END-- [ RunTime:0.000663s ]
NOTIC: [8192] mysql_connect(): The mysql extension is deprecated and will be removed in the future: use mysqli or PDO instead /home/WWW/tb/ThinkPHP/Library/Think/Db/Driver/Mysql.class.php 第 52 行.
SQL: SHOW COLUMNS FROM `tp_home\_controller\_about` [ RunTime:0.000343s ]
ERR: 1146:Table 'tb.tp_home\_controller\_about' doesn't exist
 [ SQL语句 ] : SHOW COLUMNS FROM `tp_home\_controller\_about`
SQL: SHOW COLUMNS FROM `tp_category` [ RunTime:0.000466s ]
SQL: SELECT * FROM `tp_category` WHERE ( pid=0 ) LIMIT 100   [ RunTime:0.000365s ]
SQL: SELECT * FROM `tp_category` WHERE ( pid=1 ) LIMIT 100   [ RunTime:0.000400s ]
SQL: SELECT * FROM `tp_category` WHERE ( pid=2 ) LIMIT 100   [ RunTime:0.000368s ]
SQL: SELECT * FROM `tp_category` WHERE ( pid=3 ) LIMIT 100   [ RunTime:0.000514s ]
SQL: SELECT * FROM `tp_category` WHERE ( pid=4 ) LIMIT 100   [ RunTime:0.000963s ]
SQL: SELECT * FROM `tp_category` WHERE ( pid=5 ) LIMIT 100   [ RunTime:0.000665s ]
SQL: SELECT * FROM `tp_category` WHERE ( pid=6 ) LIMIT 100   [ RunTime:0.000239s ]
SQL: SHOW COLUMNS FROM `tp_config` [ RunTime:0.000353s ]
SQL: SELECT `code`,`title`,`body` FROM `tp_config`  [ RunTime:0.000291s ]
SQL: SHOW COLUMNS FROM `tp_ad` [ RunTime:0.000576s ]
SQL: SELECT * FROM `tp_ad` WHERE ( `position_psid` = 4 )  [ RunTime:0.000332s ]
SQL: SELECT * FROM `tp_category` WHERE ( `remark` = 'About' ) LIMIT 1   [ RunTime:0.000192s ]
SQL: SELECT * FROM `tp_category` WHERE ( `pid` = 1 )  [ RunTime:0.000178s ]
SQL: SHOW COLUMNS FROM `tp_article` [ RunTime:0.000778s ]
NOTIC: [2] explode() expects parameter 2 to be string, array given /home/WWW/tb/ThinkPHP/Library/Think/Model.class.php 第 1390 行.
SQL: SHOW COLUMNS FROM `` [ RunTime:0.000086s ]
ERR: 1103:Incorrect table name ''
 [ SQL语句 ] : SHOW COLUMNS FROM ``
SQL: SELECT a.*,c.cid,c.name,c.remark FROM `tp_article` `a` INNER JOIN tp_category as c ON a.cid = c.cid  WHERE ( a.verifystate = 1 and a.cid =7 ) LIMIT 1   [ RunTime:0.000433s ]
SQL: SHOW COLUMNS FROM `tp_article_description` [ RunTime:0.000536s ]
SQL: SELECT * FROM `tp_article_description` WHERE ( `product_id` = 53 ) LIMIT 1   [ RunTime:0.000229s ]
INFO: [ view_parse ] --START--
INFO: [ template_filter ] --START--
INFO: Run Behavior\ContentReplace [ RunTime:0.000076s ]
INFO: [ template_filter ] --END-- [ RunTime:0.000133s ]
NOTIC: [8] Undefined index: user /home/WWW/tb/App/Runtime/Cache/Home/3dde675f0ec419a8c8b639f1b26bdd90.php 第 29 行.
NOTIC: [8] Use of undefined constant Index - assumed 'Index' /home/WWW/tb/App/Runtime/Cache/Home/3dde675f0ec419a8c8b639f1b26bdd90.php 第 44 行.
NOTIC: [8] Undefined index: index /home/WWW/tb/App/Runtime/Cache/Home/3dde675f0ec419a8c8b639f1b26bdd90.php 第 67 行.
NOTIC: [8] Undefined index: index /home/WWW/tb/App/Runtime/Cache/Home/3dde675f0ec419a8c8b639f1b26bdd90.php 第 67 行.
NOTIC: [8] Undefined index: index /home/WWW/tb/App/Runtime/Cache/Home/3dde675f0ec419a8c8b639f1b26bdd90.php 第 67 行.
NOTIC: [8] Undefined index: index /home/WWW/tb/App/Runtime/Cache/Home/3dde675f0ec419a8c8b639f1b26bdd90.php 第 67 行.
INFO: Run Behavior\ParseTemplate [ RunTime:0.049885s ]
INFO: [ view_parse ] --END-- [ RunTime:0.049940s ]
INFO: [ view_filter ] --START--
INFO: Run Behavior\WriteHtmlCache [ RunTime:0.000118s ]
INFO: [ view_filter ] --END-- [ RunTime:0.000146s ]
INFO: [ app_end ] --START--
INFO: Run Behavior\ShowPageTrace [ RunTime:0.001008s ]
INFO: [ app_end ] --END-- [ RunTime:0.001229s ]

[ 2018-05-23T02:29:19+08:00 ] 192.168.1.99 /tb/index.php/Home/About/Index
INFO: [ app_begin ] --START--
INFO: Run Behavior\ReadHtmlCache [ RunTime:0.000276s ]
INFO: [ app_begin ] --END-- [ RunTime:0.000531s ]
NOTIC: [8192] mysql_connect(): The mysql extension is deprecated and will be removed in the future: use mysqli or PDO instead /home/WWW/tb/ThinkPHP/Library/Think/Db/Driver/Mysql.class.php 第 52 行.
SQL: SHOW COLUMNS FROM `tp_home\_controller\_about` [ RunTime:0.000913s ]
ERR: 1146:Table 'tb.tp_home\_controller\_about' doesn't exist
 [ SQL语句 ] : SHOW COLUMNS FROM `tp_home\_controller\_about`
SQL: SHOW COLUMNS FROM `tp_category` [ RunTime:0.001266s ]
SQL: SELECT * FROM `tp_category` WHERE ( pid=0 ) LIMIT 100   [ RunTime:0.000790s ]
SQL: SELECT * FROM `tp_category` WHERE ( pid=1 ) LIMIT 100   [ RunTime:0.001041s ]
SQL: SELECT * FROM `tp_category` WHERE ( pid=2 ) LIMIT 100   [ RunTime:0.000546s ]
SQL: SELECT * FROM `tp_category` WHERE ( pid=3 ) LIMIT 100   [ RunTime:0.001076s ]
SQL: SELECT * FROM `tp_category` WHERE ( pid=4 ) LIMIT 100   [ RunTime:0.000445s ]
SQL: SELECT * FROM `tp_category` WHERE ( pid=5 ) LIMIT 100   [ RunTime:0.000507s ]
SQL: SELECT * FROM `tp_category` WHERE ( pid=6 ) LIMIT 100   [ RunTime:0.000202s ]
SQL: SHOW COLUMNS FROM `tp_config` [ RunTime:0.001743s ]
SQL: SELECT `code`,`title`,`body` FROM `tp_config`  [ RunTime:0.001343s ]
SQL: SHOW COLUMNS FROM `tp_ad` [ RunTime:0.001628s ]
SQL: SELECT * FROM `tp_ad` WHERE ( `position_psid` = 4 )  [ RunTime:0.000263s ]
SQL: SELECT * FROM `tp_category` WHERE ( `remark` = 'About' ) LIMIT 1   [ RunTime:0.000237s ]
SQL: SELECT * FROM `tp_category` WHERE ( `pid` = 1 )  [ RunTime:0.000196s ]
SQL: SHOW COLUMNS FROM `tp_article` [ RunTime:0.000928s ]
NOTIC: [2] explode() expects parameter 2 to be string, array given /home/WWW/tb/ThinkPHP/Library/Think/Model.class.php 第 1390 行.
SQL: SHOW COLUMNS FROM `` [ RunTime:0.000517s ]
ERR: 1103:Incorrect table name ''
 [ SQL语句 ] : SHOW COLUMNS FROM ``
SQL: SELECT a.*,c.cid,c.name,c.remark FROM `tp_article` `a` INNER JOIN tp_category as c ON a.cid = c.cid  WHERE ( a.verifystate = 1 and a.cid =7 ) LIMIT 1   [ RunTime:0.000814s ]
SQL: SHOW COLUMNS FROM `tp_article_description` [ RunTime:0.001023s ]
SQL: SELECT * FROM `tp_article_description` WHERE ( `product_id` = 53 ) LIMIT 1   [ RunTime:0.000211s ]
INFO: [ view_parse ] --START--
INFO: [ template_filter ] --START--
INFO: Run Behavior\ContentReplace [ RunTime:0.000046s ]
INFO: [ template_filter ] --END-- [ RunTime:0.000094s ]
NOTIC: [8] Undefined index: user /home/WWW/tb/App/Runtime/Cache/Home/3dde675f0ec419a8c8b639f1b26bdd90.php 第 29 行.
NOTIC: [8] Use of undefined constant Index - assumed 'Index' /home/WWW/tb/App/Runtime/Cache/Home/3dde675f0ec419a8c8b639f1b26bdd90.php 第 44 行.
NOTIC: [8] Undefined index: index /home/WWW/tb/App/Runtime/Cache/Home/3dde675f0ec419a8c8b639f1b26bdd90.php 第 67 行.
NOTIC: [8] Undefined index: index /home/WWW/tb/App/Runtime/Cache/Home/3dde675f0ec419a8c8b639f1b26bdd90.php 第 67 行.
NOTIC: [8] Undefined index: index /home/WWW/tb/App/Runtime/Cache/Home/3dde675f0ec419a8c8b639f1b26bdd90.php 第 67 行.
NOTIC: [8] Undefined index: index /home/WWW/tb/App/Runtime/Cache/Home/3dde675f0ec419a8c8b639f1b26bdd90.php 第 67 行.
INFO: Run Behavior\ParseTemplate [ RunTime:0.012419s ]
INFO: [ view_parse ] --END-- [ RunTime:0.012502s ]
INFO: [ view_filter ] --START--
INFO: Run Behavior\WriteHtmlCache [ RunTime:0.000119s ]
INFO: [ view_filter ] --END-- [ RunTime:0.000150s ]
INFO: [ app_end ] --START--
INFO: Run Behavior\ShowPageTrace [ RunTime:0.001227s ]
INFO: [ app_end ] --END-- [ RunTime:0.001971s ]

[ 2018-05-23T02:31:11+08:00 ] 192.168.1.99 /tb/
INFO: [ app_begin ] --START--
INFO: Run Behavior\ReadHtmlCache [ RunTime:0.000350s ]
INFO: [ app_begin ] --END-- [ RunTime:0.001023s ]
NOTIC: [8192] mysql_connect(): The mysql extension is deprecated and will be removed in the future: use mysqli or PDO instead /home/WWW/tb/ThinkPHP/Library/Think/Db/Driver/Mysql.class.php 第 52 行.
SQL: SHOW COLUMNS FROM `tp_home\_controller\_index` [ RunTime:0.000354s ]
ERR: 1146:Table 'tb.tp_home\_controller\_index' doesn't exist
 [ SQL语句 ] : SHOW COLUMNS FROM `tp_home\_controller\_index`
SQL: SHOW COLUMNS FROM `tp_category` [ RunTime:0.000692s ]
SQL: SELECT * FROM `tp_category` WHERE ( pid=0 ) LIMIT 100   [ RunTime:0.000439s ]
SQL: SELECT * FROM `tp_category` WHERE ( pid=1 ) LIMIT 100   [ RunTime:0.000239s ]
SQL: SELECT * FROM `tp_category` WHERE ( pid=2 ) LIMIT 100   [ RunTime:0.001200s ]
SQL: SELECT * FROM `tp_category` WHERE ( pid=3 ) LIMIT 100   [ RunTime:0.000588s ]
SQL: SELECT * FROM `tp_category` WHERE ( pid=4 ) LIMIT 100   [ RunTime:0.000256s ]
SQL: SELECT * FROM `tp_category` WHERE ( pid=5 ) LIMIT 100   [ RunTime:0.000241s ]
SQL: SELECT * FROM `tp_category` WHERE ( pid=6 ) LIMIT 100   [ RunTime:0.000202s ]
SQL: SHOW COLUMNS FROM `tp_config` [ RunTime:0.000478s ]
SQL: SELECT `code`,`title`,`body` FROM `tp_config`  [ RunTime:0.000173s ]
SQL: SHOW COLUMNS FROM `tp_ad` [ RunTime:0.000369s ]
SQL: SELECT * FROM `tp_ad` WHERE ( `position_psid` = 4 )  [ RunTime:0.000359s ]
INFO: [ view_parse ] --START--
INFO: [ template_filter ] --START--
INFO: Run Behavior\ContentReplace [ RunTime:0.000140s ]
INFO: [ template_filter ] --END-- [ RunTime:0.000229s ]
NOTIC: [8] Undefined index: user /home/WWW/tb/App/Runtime/Cache/Home/89e841a2657642c31fa49c57b891047b.php 第 29 行.
NOTIC: [8] Use of undefined constant Index - assumed 'Index' /home/WWW/tb/App/Runtime/Cache/Home/89e841a2657642c31fa49c57b891047b.php 第 44 行.
INFO: Run Behavior\ParseTemplate [ RunTime:0.013858s ]
INFO: [ view_parse ] --END-- [ RunTime:0.013936s ]
INFO: [ view_filter ] --START--
INFO: Run Behavior\WriteHtmlCache [ RunTime:0.000144s ]
INFO: [ view_filter ] --END-- [ RunTime:0.000177s ]
INFO: [ app_end ] --START--
INFO: Run Behavior\ShowPageTrace [ RunTime:0.000498s ]
INFO: [ app_end ] --END-- [ RunTime:0.000611s ]

