[ 2018-01-30T14:26:44+08:00 ] ::1 /tb/index.php/Admin/Config/del
INFO: [ app_begin ] --START--
INFO: Run Behavior\ReadHtmlCache [ RunTime:0.000385s ]
INFO: [ app_begin ] --END-- [ RunTime:0.000760s ]
NOTIC: [8192] mysql_connect(): The mysql extension is deprecated and will be removed in the future: use mysqli or PDO instead D:\wamp\www\tb\ThinkPHP\Library\Think\Db\Driver\Mysql.class.php 第 52 行.
SQL: SHOW COLUMNS FROM `tp_config` [ RunTime:0.418813s ]
NOTIC: [2] Missing argument 1 for Admin\Controller\PublicController::auth(), called in D:\wamp\www\tb\App\Admin\Controller\PublicController.class.php on line 44 and defined D:\wamp\www\tb\App\Admin\Controller\PublicController.class.php 第 74 行.
SQL: SHOW COLUMNS FROM `tp_auth_group_access` [ RunTime:0.003471s ]
SQL: SELECT `rules` FROM tp_auth_group_access a INNER JOIN tp_auth_group g on a.group_id=g.id  WHERE ( a.uid='4' and g.status='1' )  [ RunTime:0.000306s ]
SQL: SHOW COLUMNS FROM `tp_auth_rule` [ RunTime:0.003805s ]
SQL: SELECT `condition`,`name` FROM `tp_auth_rule` WHERE ( `id` IN ('1','48','50','51','52','53','54','55','56','57','58','59','60','61','62','63','64','25','26','27','28','65','5','6','7','8','14','15','16','20','21','22','23','24','66','29','30','31','32','33','34','35','36','37','38','67','39','40','41','42','43','45','46','47','2','3','4','68','69','70','72','13') ) AND ( `type` = 1 ) AND ( `status` = 1 )  [ RunTime:0.000548s ]

[ 2018-01-30T15:31:24+08:00 ] ::1 /tb/index.php/Admin/Article/del
INFO: [ app_begin ] --START--
INFO: Run Behavior\ReadHtmlCache [ RunTime:0.000548s ]
INFO: [ app_begin ] --END-- [ RunTime:0.000994s ]
NOTIC: [8192] mysql_connect(): The mysql extension is deprecated and will be removed in the future: use mysqli or PDO instead D:\wamp\www\tb\ThinkPHP\Library\Think\Db\Driver\Mysql.class.php 第 52 行.
SQL: SHOW COLUMNS FROM `tp_article` [ RunTime:0.003715s ]
NOTIC: [2] Missing argument 1 for Admin\Controller\PublicController::auth(), called in D:\wamp\www\tb\App\Admin\Controller\PublicController.class.php on line 44 and defined D:\wamp\www\tb\App\Admin\Controller\PublicController.class.php 第 74 行.
SQL: SHOW COLUMNS FROM `tp_auth_group_access` [ RunTime:0.002899s ]
SQL: SELECT `rules` FROM tp_auth_group_access a INNER JOIN tp_auth_group g on a.group_id=g.id  WHERE ( a.uid='4' and g.status='1' )  [ RunTime:0.000327s ]
SQL: SHOW COLUMNS FROM `tp_auth_rule` [ RunTime:0.004142s ]
SQL: SELECT `condition`,`name` FROM `tp_auth_rule` WHERE ( `id` IN ('1','48','50','51','52','53','54','55','56','57','58','59','60','61','62','63','64','25','26','27','28','65','5','6','7','8','14','15','16','20','21','22','23','24','66','29','30','31','32','33','34','35','36','37','38','67','39','40','41','42','43','45','46','47','2','3','4','68','69','70','72','13') ) AND ( `type` = 1 ) AND ( `status` = 1 )  [ RunTime:0.001661s ]
SQL: SHOW COLUMNS FROM `tp_auth_rule` [ RunTime:0.003843s ]
SQL: SELECT * FROM `tp_auth_rule` WHERE ( `pid` = 1 ) AND ( `is_show` = 1 ) ORDER BY `sort` LIMIT 100   [ RunTime:0.000385s ]
SQL: SELECT * FROM `tp_auth_rule` WHERE ( `pid` = 71 ) AND ( `is_show` = 1 ) LIMIT 100   [ RunTime:0.000305s ]
SQL: SELECT * FROM `tp_auth_rule` WHERE ( `pid` = 64 ) AND ( `is_show` = 1 ) LIMIT 100   [ RunTime:0.000289s ]
SQL: SELECT * FROM `tp_auth_rule` WHERE ( `pid` = 65 ) AND ( `is_show` = 1 ) LIMIT 100   [ RunTime:0.000289s ]
SQL: SELECT * FROM `tp_auth_rule` WHERE ( `pid` = 66 ) AND ( `is_show` = 1 ) LIMIT 100   [ RunTime:0.000220s ]
SQL: SELECT * FROM `tp_auth_rule` WHERE ( `pid` = 67 ) AND ( `is_show` = 1 ) LIMIT 100   [ RunTime:0.000215s ]
SQL: SELECT * FROM `tp_auth_rule` WHERE ( `pid` = 48 ) AND ( `is_show` = 1 ) LIMIT 100   [ RunTime:0.000282s ]
SQL: SHOW COLUMNS FROM `tp_category` [ RunTime:0.005393s ]
SQL: SELECT * FROM `tp_category` WHERE ( `pid` = 0 )  [ RunTime:0.000302s ]
SQL: SHOW COLUMNS FROM `tp_article` [ RunTime:0.003863s ]
SQL: DELETE FROM `tp_article` WHERE ( id=图文 ) [ RunTime:0.000242s ]
ERR: 1054:Champ '图文' inconnu dans where clause
 [ SQL语句 ] : DELETE FROM `tp_article` WHERE ( id=图文 )

[ 2018-01-30T22:19:09+08:00 ] ::1 /tb/index.php/Admin/Config/del
INFO: [ app_begin ] --START--
INFO: Run Behavior\ReadHtmlCache [ RunTime:0.001297s ]
INFO: [ app_begin ] --END-- [ RunTime:0.002095s ]
NOTIC: [2048] Declaration of Admin\Model\ConfigModel::_after_select() should be compatible with Think\Model::_after_select(&$resultSet, $options) D:\wamp\www\tb\App\Admin\Model\ConfigModel.class.php 第 6 行.
NOTIC: [8192] mysql_connect(): The mysql extension is deprecated and will be removed in the future: use mysqli or PDO instead D:\wamp\www\tb\ThinkPHP\Library\Think\Db\Driver\Mysql.class.php 第 52 行.
SQL: SHOW COLUMNS FROM `tp_config` [ RunTime:0.077645s ]
NOTIC: [2] Missing argument 1 for Admin\Controller\PublicController::auth(), called in D:\wamp\www\tb\App\Admin\Controller\PublicController.class.php on line 44 and defined D:\wamp\www\tb\App\Admin\Controller\PublicController.class.php 第 74 行.
SQL: SHOW COLUMNS FROM `tp_auth_group_access` [ RunTime:0.007776s ]
SQL: SELECT `rules` FROM tp_auth_group_access a INNER JOIN tp_auth_group g on a.group_id=g.id  WHERE ( a.uid='4' and g.status='1' )  [ RunTime:0.000465s ]
SQL: SHOW COLUMNS FROM `tp_auth_rule` [ RunTime:0.005159s ]
SQL: SELECT `condition`,`name` FROM `tp_auth_rule` WHERE ( `id` IN ('1','48','50','51','52','53','54','55','56','57','58','59','60','61','62','63','64','25','26','27','28','65','5','6','7','8','14','15','16','20','21','22','23','24','66','29','30','31','32','33','34','35','36','37','38','67','39','40','41','42','43','45','46','47','2','3','4','68','69','70','72','13') ) AND ( `type` = 1 ) AND ( `status` = 1 )  [ RunTime:0.000704s ]

[ 2018-01-30T22:45:55+08:00 ] ::1 /tb/index.php/Admin/Config/del?id2=29
INFO: [ app_begin ] --START--
INFO: Run Behavior\ReadHtmlCache [ RunTime:0.000662s ]
INFO: [ app_begin ] --END-- [ RunTime:0.001279s ]
NOTIC: [2048] Declaration of Admin\Model\ConfigModel::_after_select() should be compatible with Think\Model::_after_select(&$resultSet, $options) D:\wamp\www\tb\App\Admin\Model\ConfigModel.class.php 第 6 行.
NOTIC: [8192] mysql_connect(): The mysql extension is deprecated and will be removed in the future: use mysqli or PDO instead D:\wamp\www\tb\ThinkPHP\Library\Think\Db\Driver\Mysql.class.php 第 52 行.
SQL: SHOW COLUMNS FROM `tp_config` [ RunTime:0.005086s ]
NOTIC: [2] Missing argument 1 for Admin\Controller\PublicController::auth(), called in D:\wamp\www\tb\App\Admin\Controller\PublicController.class.php on line 44 and defined D:\wamp\www\tb\App\Admin\Controller\PublicController.class.php 第 74 行.
SQL: SHOW COLUMNS FROM `tp_auth_group_access` [ RunTime:0.002954s ]
SQL: SELECT `rules` FROM tp_auth_group_access a INNER JOIN tp_auth_group g on a.group_id=g.id  WHERE ( a.uid='4' and g.status='1' )  [ RunTime:0.000329s ]
SQL: SHOW COLUMNS FROM `tp_auth_rule` [ RunTime:0.004891s ]
SQL: SELECT `condition`,`name` FROM `tp_auth_rule` WHERE ( `id` IN ('1','48','50','51','52','53','54','55','56','57','58','59','60','61','62','63','64','25','26','27','28','65','5','6','7','8','14','15','16','20','21','22','23','24','66','29','30','31','32','33','34','35','36','37','38','67','39','40','41','42','43','45','46','47','2','3','4','68','69','70','72','13') ) AND ( `type` = 1 ) AND ( `status` = 1 )  [ RunTime:0.000455s ]

[ 2018-01-30T22:47:42+08:00 ] ::1 /tb/index.php/Admin/Config/del
INFO: [ app_begin ] --START--
INFO: Run Behavior\ReadHtmlCache [ RunTime:0.001201s ]
INFO: [ app_begin ] --END-- [ RunTime:0.003097s ]
NOTIC: [2048] Declaration of Admin\Model\ConfigModel::_after_select() should be compatible with Think\Model::_after_select(&$resultSet, $options) D:\wamp\www\tb\App\Admin\Model\ConfigModel.class.php 第 6 行.
NOTIC: [8192] mysql_connect(): The mysql extension is deprecated and will be removed in the future: use mysqli or PDO instead D:\wamp\www\tb\ThinkPHP\Library\Think\Db\Driver\Mysql.class.php 第 52 行.
SQL: SHOW COLUMNS FROM `tp_config` [ RunTime:0.005456s ]
NOTIC: [2] Missing argument 1 for Admin\Controller\PublicController::auth(), called in D:\wamp\www\tb\App\Admin\Controller\PublicController.class.php on line 44 and defined D:\wamp\www\tb\App\Admin\Controller\PublicController.class.php 第 74 行.
SQL: SHOW COLUMNS FROM `tp_auth_group_access` [ RunTime:0.003321s ]
SQL: SELECT `rules` FROM tp_auth_group_access a INNER JOIN tp_auth_group g on a.group_id=g.id  WHERE ( a.uid='4' and g.status='1' )  [ RunTime:0.000357s ]
SQL: SHOW COLUMNS FROM `tp_auth_rule` [ RunTime:0.004123s ]
SQL: SELECT `condition`,`name` FROM `tp_auth_rule` WHERE ( `id` IN ('1','48','50','51','52','53','54','55','56','57','58','59','60','61','62','63','64','25','26','27','28','65','5','6','7','8','14','15','16','20','21','22','23','24','66','29','30','31','32','33','34','35','36','37','38','67','39','40','41','42','43','45','46','47','2','3','4','68','69','70','72','13') ) AND ( `type` = 1 ) AND ( `status` = 1 )  [ RunTime:0.000484s ]

[ 2018-01-30T22:48:08+08:00 ] ::1 /tb/index.php/Admin/Config/del?id2=29
INFO: [ app_begin ] --START--
INFO: Run Behavior\ReadHtmlCache [ RunTime:0.000550s ]
INFO: [ app_begin ] --END-- [ RunTime:0.001100s ]
NOTIC: [2048] Declaration of Admin\Model\ConfigModel::_after_select() should be compatible with Think\Model::_after_select(&$resultSet, $options) D:\wamp\www\tb\App\Admin\Model\ConfigModel.class.php 第 6 行.
NOTIC: [8192] mysql_connect(): The mysql extension is deprecated and will be removed in the future: use mysqli or PDO instead D:\wamp\www\tb\ThinkPHP\Library\Think\Db\Driver\Mysql.class.php 第 52 行.
SQL: SHOW COLUMNS FROM `tp_config` [ RunTime:0.004374s ]
NOTIC: [2] Missing argument 1 for Admin\Controller\PublicController::auth(), called in D:\wamp\www\tb\App\Admin\Controller\PublicController.class.php on line 44 and defined D:\wamp\www\tb\App\Admin\Controller\PublicController.class.php 第 74 行.
SQL: SHOW COLUMNS FROM `tp_auth_group_access` [ RunTime:0.003437s ]
SQL: SELECT `rules` FROM tp_auth_group_access a INNER JOIN tp_auth_group g on a.group_id=g.id  WHERE ( a.uid='4' and g.status='1' )  [ RunTime:0.000358s ]
SQL: SHOW COLUMNS FROM `tp_auth_rule` [ RunTime:0.004462s ]
SQL: SELECT `condition`,`name` FROM `tp_auth_rule` WHERE ( `id` IN ('1','48','50','51','52','53','54','55','56','57','58','59','60','61','62','63','64','25','26','27','28','65','5','6','7','8','14','15','16','20','21','22','23','24','66','29','30','31','32','33','34','35','36','37','38','67','39','40','41','42','43','45','46','47','2','3','4','68','69','70','72','13') ) AND ( `type` = 1 ) AND ( `status` = 1 )  [ RunTime:0.000496s ]

[ 2018-01-30T22:48:33+08:00 ] ::1 /tb/index.php/Admin/Config/del?id2=29
INFO: [ app_begin ] --START--
INFO: Run Behavior\ReadHtmlCache [ RunTime:0.000400s ]
INFO: [ app_begin ] --END-- [ RunTime:0.000804s ]
NOTIC: [2048] Declaration of Admin\Model\ConfigModel::_after_select() should be compatible with Think\Model::_after_select(&$resultSet, $options) D:\wamp\www\tb\App\Admin\Model\ConfigModel.class.php 第 6 行.
NOTIC: [8192] mysql_connect(): The mysql extension is deprecated and will be removed in the future: use mysqli or PDO instead D:\wamp\www\tb\ThinkPHP\Library\Think\Db\Driver\Mysql.class.php 第 52 行.
SQL: SHOW COLUMNS FROM `tp_config` [ RunTime:0.003763s ]
NOTIC: [2] Missing argument 1 for Admin\Controller\PublicController::auth(), called in D:\wamp\www\tb\App\Admin\Controller\PublicController.class.php on line 44 and defined D:\wamp\www\tb\App\Admin\Controller\PublicController.class.php 第 74 行.
SQL: SHOW COLUMNS FROM `tp_auth_group_access` [ RunTime:0.002714s ]
SQL: SELECT `rules` FROM tp_auth_group_access a INNER JOIN tp_auth_group g on a.group_id=g.id  WHERE ( a.uid='4' and g.status='1' )  [ RunTime:0.000312s ]
SQL: SHOW COLUMNS FROM `tp_auth_rule` [ RunTime:0.004436s ]
SQL: SELECT `condition`,`name` FROM `tp_auth_rule` WHERE ( `id` IN ('1','48','50','51','52','53','54','55','56','57','58','59','60','61','62','63','64','25','26','27','28','65','5','6','7','8','14','15','16','20','21','22','23','24','66','29','30','31','32','33','34','35','36','37','38','67','39','40','41','42','43','45','46','47','2','3','4','68','69','70','72','13') ) AND ( `type` = 1 ) AND ( `status` = 1 )  [ RunTime:0.000434s ]

[ 2018-01-30T22:53:47+08:00 ] ::1 /tb/index.php/Admin/Config/del
INFO: [ app_begin ] --START--
INFO: Run Behavior\ReadHtmlCache [ RunTime:0.002590s ]
INFO: [ app_begin ] --END-- [ RunTime:0.003393s ]
NOTIC: [2048] Declaration of Admin\Model\ConfigModel::_after_select() should be compatible with Think\Model::_after_select(&$resultSet, $options) D:\wamp\www\tb\App\Admin\Model\ConfigModel.class.php 第 6 行.
NOTIC: [8192] mysql_connect(): The mysql extension is deprecated and will be removed in the future: use mysqli or PDO instead D:\wamp\www\tb\ThinkPHP\Library\Think\Db\Driver\Mysql.class.php 第 52 行.
SQL: SHOW COLUMNS FROM `tp_config` [ RunTime:0.004735s ]
NOTIC: [2] Missing argument 1 for Admin\Controller\PublicController::auth(), called in D:\wamp\www\tb\App\Admin\Controller\PublicController.class.php on line 44 and defined D:\wamp\www\tb\App\Admin\Controller\PublicController.class.php 第 74 行.
SQL: SHOW COLUMNS FROM `tp_auth_group_access` [ RunTime:0.003976s ]
SQL: SELECT `rules` FROM tp_auth_group_access a INNER JOIN tp_auth_group g on a.group_id=g.id  WHERE ( a.uid='4' and g.status='1' )  [ RunTime:0.000362s ]
SQL: SHOW COLUMNS FROM `tp_auth_rule` [ RunTime:0.004393s ]
SQL: SELECT `condition`,`name` FROM `tp_auth_rule` WHERE ( `id` IN ('1','48','50','51','52','53','54','55','56','57','58','59','60','61','62','63','64','25','26','27','28','65','5','6','7','8','14','15','16','20','21','22','23','24','66','29','30','31','32','33','34','35','36','37','38','67','39','40','41','42','43','45','46','47','2','3','4','68','69','70','72','13') ) AND ( `type` = 1 ) AND ( `status` = 1 )  [ RunTime:0.000496s ]

[ 2018-01-30T22:53:50+08:00 ] ::1 /tb/index.php/Admin/Config/del?id2=29
INFO: [ app_begin ] --START--
INFO: Run Behavior\ReadHtmlCache [ RunTime:0.000452s ]
INFO: [ app_begin ] --END-- [ RunTime:0.000872s ]
NOTIC: [2048] Declaration of Admin\Model\ConfigModel::_after_select() should be compatible with Think\Model::_after_select(&$resultSet, $options) D:\wamp\www\tb\App\Admin\Model\ConfigModel.class.php 第 6 行.
NOTIC: [8192] mysql_connect(): The mysql extension is deprecated and will be removed in the future: use mysqli or PDO instead D:\wamp\www\tb\ThinkPHP\Library\Think\Db\Driver\Mysql.class.php 第 52 行.
SQL: SHOW COLUMNS FROM `tp_config` [ RunTime:0.009262s ]
NOTIC: [2] Missing argument 1 for Admin\Controller\PublicController::auth(), called in D:\wamp\www\tb\App\Admin\Controller\PublicController.class.php on line 44 and defined D:\wamp\www\tb\App\Admin\Controller\PublicController.class.php 第 74 行.
SQL: SHOW COLUMNS FROM `tp_auth_group_access` [ RunTime:0.003964s ]
SQL: SELECT `rules` FROM tp_auth_group_access a INNER JOIN tp_auth_group g on a.group_id=g.id  WHERE ( a.uid='4' and g.status='1' )  [ RunTime:0.000337s ]
SQL: SHOW COLUMNS FROM `tp_auth_rule` [ RunTime:0.003965s ]
SQL: SELECT `condition`,`name` FROM `tp_auth_rule` WHERE ( `id` IN ('1','48','50','51','52','53','54','55','56','57','58','59','60','61','62','63','64','25','26','27','28','65','5','6','7','8','14','15','16','20','21','22','23','24','66','29','30','31','32','33','34','35','36','37','38','67','39','40','41','42','43','45','46','47','2','3','4','68','69','70','72','13') ) AND ( `type` = 1 ) AND ( `status` = 1 )  [ RunTime:0.000499s ]

[ 2018-01-30T22:54:15+08:00 ] ::1 /tb/index.php/Admin/Config/del?id2=29
INFO: [ app_begin ] --START--
INFO: Run Behavior\ReadHtmlCache [ RunTime:0.000450s ]
INFO: [ app_begin ] --END-- [ RunTime:0.000864s ]
NOTIC: [2048] Declaration of Admin\Model\ConfigModel::_after_select() should be compatible with Think\Model::_after_select(&$resultSet, $options) D:\wamp\www\tb\App\Admin\Model\ConfigModel.class.php 第 6 行.
NOTIC: [8192] mysql_connect(): The mysql extension is deprecated and will be removed in the future: use mysqli or PDO instead D:\wamp\www\tb\ThinkPHP\Library\Think\Db\Driver\Mysql.class.php 第 52 行.
SQL: SHOW COLUMNS FROM `tp_config` [ RunTime:0.004472s ]
NOTIC: [2] Missing argument 1 for Admin\Controller\PublicController::auth(), called in D:\wamp\www\tb\App\Admin\Controller\PublicController.class.php on line 44 and defined D:\wamp\www\tb\App\Admin\Controller\PublicController.class.php 第 74 行.
SQL: SHOW COLUMNS FROM `tp_auth_group_access` [ RunTime:0.003959s ]
SQL: SELECT `rules` FROM tp_auth_group_access a INNER JOIN tp_auth_group g on a.group_id=g.id  WHERE ( a.uid='4' and g.status='1' )  [ RunTime:0.000340s ]
SQL: SHOW COLUMNS FROM `tp_auth_rule` [ RunTime:0.004953s ]
SQL: SELECT `condition`,`name` FROM `tp_auth_rule` WHERE ( `id` IN ('1','48','50','51','52','53','54','55','56','57','58','59','60','61','62','63','64','25','26','27','28','65','5','6','7','8','14','15','16','20','21','22','23','24','66','29','30','31','32','33','34','35','36','37','38','67','39','40','41','42','43','45','46','47','2','3','4','68','69','70','72','13') ) AND ( `type` = 1 ) AND ( `status` = 1 )  [ RunTime:0.000492s ]

[ 2018-01-30T22:54:24+08:00 ] ::1 /tb/index.php/Admin/Config/del?id2=29
INFO: [ app_begin ] --START--
INFO: Run Behavior\ReadHtmlCache [ RunTime:0.000468s ]
INFO: [ app_begin ] --END-- [ RunTime:0.000907s ]
NOTIC: [2048] Declaration of Admin\Model\ConfigModel::_after_select() should be compatible with Think\Model::_after_select(&$resultSet, $options) D:\wamp\www\tb\App\Admin\Model\ConfigModel.class.php 第 6 行.
NOTIC: [8192] mysql_connect(): The mysql extension is deprecated and will be removed in the future: use mysqli or PDO instead D:\wamp\www\tb\ThinkPHP\Library\Think\Db\Driver\Mysql.class.php 第 52 行.
SQL: SHOW COLUMNS FROM `tp_config` [ RunTime:0.003722s ]
NOTIC: [2] Missing argument 1 for Admin\Controller\PublicController::auth(), called in D:\wamp\www\tb\App\Admin\Controller\PublicController.class.php on line 44 and defined D:\wamp\www\tb\App\Admin\Controller\PublicController.class.php 第 74 行.
SQL: SHOW COLUMNS FROM `tp_auth_group_access` [ RunTime:0.003426s ]
SQL: SELECT `rules` FROM tp_auth_group_access a INNER JOIN tp_auth_group g on a.group_id=g.id  WHERE ( a.uid='4' and g.status='1' )  [ RunTime:0.000355s ]
SQL: SHOW COLUMNS FROM `tp_auth_rule` [ RunTime:0.003926s ]
SQL: SELECT `condition`,`name` FROM `tp_auth_rule` WHERE ( `id` IN ('1','48','50','51','52','53','54','55','56','57','58','59','60','61','62','63','64','25','26','27','28','65','5','6','7','8','14','15','16','20','21','22','23','24','66','29','30','31','32','33','34','35','36','37','38','67','39','40','41','42','43','45','46','47','2','3','4','68','69','70','72','13') ) AND ( `type` = 1 ) AND ( `status` = 1 )  [ RunTime:0.000489s ]

[ 2018-01-30T22:54:28+08:00 ] ::1 /tb/index.php/Admin/Config/del
INFO: [ app_begin ] --START--
INFO: Run Behavior\ReadHtmlCache [ RunTime:0.000546s ]
INFO: [ app_begin ] --END-- [ RunTime:0.001187s ]
NOTIC: [2048] Declaration of Admin\Model\ConfigModel::_after_select() should be compatible with Think\Model::_after_select(&$resultSet, $options) D:\wamp\www\tb\App\Admin\Model\ConfigModel.class.php 第 6 行.
NOTIC: [8192] mysql_connect(): The mysql extension is deprecated and will be removed in the future: use mysqli or PDO instead D:\wamp\www\tb\ThinkPHP\Library\Think\Db\Driver\Mysql.class.php 第 52 行.
SQL: SHOW COLUMNS FROM `tp_config` [ RunTime:0.032424s ]
NOTIC: [2] Missing argument 1 for Admin\Controller\PublicController::auth(), called in D:\wamp\www\tb\App\Admin\Controller\PublicController.class.php on line 44 and defined D:\wamp\www\tb\App\Admin\Controller\PublicController.class.php 第 74 行.
SQL: SHOW COLUMNS FROM `tp_auth_group_access` [ RunTime:0.003884s ]
SQL: SELECT `rules` FROM tp_auth_group_access a INNER JOIN tp_auth_group g on a.group_id=g.id  WHERE ( a.uid='4' and g.status='1' )  [ RunTime:0.000340s ]
SQL: SHOW COLUMNS FROM `tp_auth_rule` [ RunTime:0.003982s ]
SQL: SELECT `condition`,`name` FROM `tp_auth_rule` WHERE ( `id` IN ('1','48','50','51','52','53','54','55','56','57','58','59','60','61','62','63','64','25','26','27','28','65','5','6','7','8','14','15','16','20','21','22','23','24','66','29','30','31','32','33','34','35','36','37','38','67','39','40','41','42','43','45','46','47','2','3','4','68','69','70','72','13') ) AND ( `type` = 1 ) AND ( `status` = 1 )  [ RunTime:0.000632s ]

[ 2018-01-30T22:54:45+08:00 ] ::1 /tb/index.php/Admin/Config/del?id2=29
INFO: [ app_begin ] --START--
INFO: Run Behavior\ReadHtmlCache [ RunTime:0.000619s ]
INFO: [ app_begin ] --END-- [ RunTime:0.001264s ]
NOTIC: [2048] Declaration of Admin\Model\ConfigModel::_after_select() should be compatible with Think\Model::_after_select(&$resultSet, $options) D:\wamp\www\tb\App\Admin\Model\ConfigModel.class.php 第 6 行.
NOTIC: [8192] mysql_connect(): The mysql extension is deprecated and will be removed in the future: use mysqli or PDO instead D:\wamp\www\tb\ThinkPHP\Library\Think\Db\Driver\Mysql.class.php 第 52 行.
SQL: SHOW COLUMNS FROM `tp_config` [ RunTime:0.007080s ]
NOTIC: [2] Missing argument 1 for Admin\Controller\PublicController::auth(), called in D:\wamp\www\tb\App\Admin\Controller\PublicController.class.php on line 44 and defined D:\wamp\www\tb\App\Admin\Controller\PublicController.class.php 第 74 行.
SQL: SHOW COLUMNS FROM `tp_auth_group_access` [ RunTime:0.005166s ]
SQL: SELECT `rules` FROM tp_auth_group_access a INNER JOIN tp_auth_group g on a.group_id=g.id  WHERE ( a.uid='4' and g.status='1' )  [ RunTime:0.000518s ]
SQL: SHOW COLUMNS FROM `tp_auth_rule` [ RunTime:0.005192s ]
SQL: SELECT `condition`,`name` FROM `tp_auth_rule` WHERE ( `id` IN ('1','48','50','51','52','53','54','55','56','57','58','59','60','61','62','63','64','25','26','27','28','65','5','6','7','8','14','15','16','20','21','22','23','24','66','29','30','31','32','33','34','35','36','37','38','67','39','40','41','42','43','45','46','47','2','3','4','68','69','70','72','13') ) AND ( `type` = 1 ) AND ( `status` = 1 )  [ RunTime:0.000939s ]

[ 2018-01-30T22:54:56+08:00 ] ::1 /tb/index.php/Admin/Config/del
INFO: [ app_begin ] --START--
INFO: Run Behavior\ReadHtmlCache [ RunTime:0.000673s ]
INFO: [ app_begin ] --END-- [ RunTime:0.001461s ]
NOTIC: [2048] Declaration of Admin\Model\ConfigModel::_after_select() should be compatible with Think\Model::_after_select(&$resultSet, $options) D:\wamp\www\tb\App\Admin\Model\ConfigModel.class.php 第 6 行.
NOTIC: [8192] mysql_connect(): The mysql extension is deprecated and will be removed in the future: use mysqli or PDO instead D:\wamp\www\tb\ThinkPHP\Library\Think\Db\Driver\Mysql.class.php 第 52 行.
SQL: SHOW COLUMNS FROM `tp_config` [ RunTime:0.010665s ]
NOTIC: [2] Missing argument 1 for Admin\Controller\PublicController::auth(), called in D:\wamp\www\tb\App\Admin\Controller\PublicController.class.php on line 44 and defined D:\wamp\www\tb\App\Admin\Controller\PublicController.class.php 第 74 行.
SQL: SHOW COLUMNS FROM `tp_auth_group_access` [ RunTime:0.004120s ]
SQL: SELECT `rules` FROM tp_auth_group_access a INNER JOIN tp_auth_group g on a.group_id=g.id  WHERE ( a.uid='4' and g.status='1' )  [ RunTime:0.000319s ]
SQL: SHOW COLUMNS FROM `tp_auth_rule` [ RunTime:0.004697s ]
SQL: SELECT `condition`,`name` FROM `tp_auth_rule` WHERE ( `id` IN ('1','48','50','51','52','53','54','55','56','57','58','59','60','61','62','63','64','25','26','27','28','65','5','6','7','8','14','15','16','20','21','22','23','24','66','29','30','31','32','33','34','35','36','37','38','67','39','40','41','42','43','45','46','47','2','3','4','68','69','70','72','13') ) AND ( `type` = 1 ) AND ( `status` = 1 )  [ RunTime:0.000519s ]

[ 2018-01-30T22:55:44+08:00 ] ::1 /tb/index.php/Admin/Article/del
INFO: [ app_begin ] --START--
INFO: Run Behavior\ReadHtmlCache [ RunTime:0.000866s ]
INFO: [ app_begin ] --END-- [ RunTime:0.001800s ]
NOTIC: [8192] mysql_connect(): The mysql extension is deprecated and will be removed in the future: use mysqli or PDO instead D:\wamp\www\tb\ThinkPHP\Library\Think\Db\Driver\Mysql.class.php 第 52 行.
SQL: SHOW COLUMNS FROM `tp_article` [ RunTime:0.005102s ]
NOTIC: [2] Missing argument 1 for Admin\Controller\PublicController::auth(), called in D:\wamp\www\tb\App\Admin\Controller\PublicController.class.php on line 44 and defined D:\wamp\www\tb\App\Admin\Controller\PublicController.class.php 第 74 行.
SQL: SHOW COLUMNS FROM `tp_auth_group_access` [ RunTime:0.003185s ]
SQL: SELECT `rules` FROM tp_auth_group_access a INNER JOIN tp_auth_group g on a.group_id=g.id  WHERE ( a.uid='4' and g.status='1' )  [ RunTime:0.000422s ]
SQL: SHOW COLUMNS FROM `tp_auth_rule` [ RunTime:0.004599s ]
SQL: SELECT `condition`,`name` FROM `tp_auth_rule` WHERE ( `id` IN ('1','48','50','51','52','53','54','55','56','57','58','59','60','61','62','63','64','25','26','27','28','65','5','6','7','8','14','15','16','20','21','22','23','24','66','29','30','31','32','33','34','35','36','37','38','67','39','40','41','42','43','45','46','47','2','3','4','68','69','70','72','13') ) AND ( `type` = 1 ) AND ( `status` = 1 )  [ RunTime:0.000549s ]
SQL: SHOW COLUMNS FROM `tp_auth_rule` [ RunTime:0.004045s ]
SQL: SELECT * FROM `tp_auth_rule` WHERE ( `pid` = 1 ) AND ( `is_show` = 1 ) ORDER BY `sort` LIMIT 100   [ RunTime:0.000606s ]
SQL: SELECT * FROM `tp_auth_rule` WHERE ( `pid` = 71 ) AND ( `is_show` = 1 ) LIMIT 100   [ RunTime:0.000424s ]
SQL: SELECT * FROM `tp_auth_rule` WHERE ( `pid` = 64 ) AND ( `is_show` = 1 ) LIMIT 100   [ RunTime:0.000374s ]
SQL: SELECT * FROM `tp_auth_rule` WHERE ( `pid` = 65 ) AND ( `is_show` = 1 ) LIMIT 100   [ RunTime:0.000374s ]
SQL: SELECT * FROM `tp_auth_rule` WHERE ( `pid` = 66 ) AND ( `is_show` = 1 ) LIMIT 100   [ RunTime:0.000380s ]
SQL: SELECT * FROM `tp_auth_rule` WHERE ( `pid` = 67 ) AND ( `is_show` = 1 ) LIMIT 100   [ RunTime:0.000318s ]
SQL: SELECT * FROM `tp_auth_rule` WHERE ( `pid` = 48 ) AND ( `is_show` = 1 ) LIMIT 100   [ RunTime:0.000368s ]
SQL: SHOW COLUMNS FROM `tp_category` [ RunTime:0.004673s ]
SQL: SELECT * FROM `tp_category` WHERE ( `pid` = 0 )  [ RunTime:0.000413s ]
INFO: [ app_end ] --START--
INFO: Run Behavior\ShowPageTrace [ RunTime:0.000709s ]
INFO: [ app_end ] --END-- [ RunTime:0.000917s ]

[ 2018-01-30T22:55:52+08:00 ] ::1 /tb/index.php/Admin/Article/del?id2=92
INFO: [ app_begin ] --START--
INFO: Run Behavior\ReadHtmlCache [ RunTime:0.000642s ]
INFO: [ app_begin ] --END-- [ RunTime:0.001117s ]
NOTIC: [8192] mysql_connect(): The mysql extension is deprecated and will be removed in the future: use mysqli or PDO instead D:\wamp\www\tb\ThinkPHP\Library\Think\Db\Driver\Mysql.class.php 第 52 行.
SQL: SHOW COLUMNS FROM `tp_article` [ RunTime:0.005772s ]
NOTIC: [2] Missing argument 1 for Admin\Controller\PublicController::auth(), called in D:\wamp\www\tb\App\Admin\Controller\PublicController.class.php on line 44 and defined D:\wamp\www\tb\App\Admin\Controller\PublicController.class.php 第 74 行.
SQL: SHOW COLUMNS FROM `tp_auth_group_access` [ RunTime:0.003103s ]
SQL: SELECT `rules` FROM tp_auth_group_access a INNER JOIN tp_auth_group g on a.group_id=g.id  WHERE ( a.uid='4' and g.status='1' )  [ RunTime:0.000308s ]
SQL: SHOW COLUMNS FROM `tp_auth_rule` [ RunTime:0.004428s ]
SQL: SELECT `condition`,`name` FROM `tp_auth_rule` WHERE ( `id` IN ('1','48','50','51','52','53','54','55','56','57','58','59','60','61','62','63','64','25','26','27','28','65','5','6','7','8','14','15','16','20','21','22','23','24','66','29','30','31','32','33','34','35','36','37','38','67','39','40','41','42','43','45','46','47','2','3','4','68','69','70','72','13') ) AND ( `type` = 1 ) AND ( `status` = 1 )  [ RunTime:0.000576s ]
SQL: SHOW COLUMNS FROM `tp_auth_rule` [ RunTime:0.003921s ]
SQL: SELECT * FROM `tp_auth_rule` WHERE ( `pid` = 1 ) AND ( `is_show` = 1 ) ORDER BY `sort` LIMIT 100   [ RunTime:0.000445s ]
SQL: SELECT * FROM `tp_auth_rule` WHERE ( `pid` = 71 ) AND ( `is_show` = 1 ) LIMIT 100   [ RunTime:0.000317s ]
SQL: SELECT * FROM `tp_auth_rule` WHERE ( `pid` = 64 ) AND ( `is_show` = 1 ) LIMIT 100   [ RunTime:0.000295s ]
SQL: SELECT * FROM `tp_auth_rule` WHERE ( `pid` = 65 ) AND ( `is_show` = 1 ) LIMIT 100   [ RunTime:0.000314s ]
SQL: SELECT * FROM `tp_auth_rule` WHERE ( `pid` = 66 ) AND ( `is_show` = 1 ) LIMIT 100   [ RunTime:0.000306s ]
SQL: SELECT * FROM `tp_auth_rule` WHERE ( `pid` = 67 ) AND ( `is_show` = 1 ) LIMIT 100   [ RunTime:0.000238s ]
SQL: SELECT * FROM `tp_auth_rule` WHERE ( `pid` = 48 ) AND ( `is_show` = 1 ) LIMIT 100   [ RunTime:0.000249s ]
SQL: SHOW COLUMNS FROM `tp_category` [ RunTime:0.004184s ]
SQL: SELECT * FROM `tp_category` WHERE ( `pid` = 0 )  [ RunTime:0.000318s ]
SQL: SHOW COLUMNS FROM `tp_article` [ RunTime:0.004697s ]
SQL: DELETE FROM `tp_article` WHERE ( id=92 ) [ RunTime:0.000356s ]

[ 2018-01-30T22:57:49+08:00 ] ::1 /tb/index.php/Admin/Config/del
INFO: [ app_begin ] --START--
INFO: Run Behavior\ReadHtmlCache [ RunTime:0.000466s ]
INFO: [ app_begin ] --END-- [ RunTime:0.000888s ]
NOTIC: [2048] Declaration of Admin\Model\ConfigModel::_after_select() should be compatible with Think\Model::_after_select(&$resultSet, $options) D:\wamp\www\tb\App\Admin\Model\ConfigModel.class.php 第 6 行.
NOTIC: [8192] mysql_connect(): The mysql extension is deprecated and will be removed in the future: use mysqli or PDO instead D:\wamp\www\tb\ThinkPHP\Library\Think\Db\Driver\Mysql.class.php 第 52 行.
SQL: SHOW COLUMNS FROM `tp_config` [ RunTime:0.004457s ]
NOTIC: [2] Missing argument 1 for Admin\Controller\PublicController::auth(), called in D:\wamp\www\tb\App\Admin\Controller\PublicController.class.php on line 44 and defined D:\wamp\www\tb\App\Admin\Controller\PublicController.class.php 第 74 行.
SQL: SHOW COLUMNS FROM `tp_auth_group_access` [ RunTime:0.006296s ]
SQL: SELECT `rules` FROM tp_auth_group_access a INNER JOIN tp_auth_group g on a.group_id=g.id  WHERE ( a.uid='4' and g.status='1' )  [ RunTime:0.000473s ]
SQL: SHOW COLUMNS FROM `tp_auth_rule` [ RunTime:0.006931s ]
SQL: SELECT `condition`,`name` FROM `tp_auth_rule` WHERE ( `id` IN ('1','48','50','51','52','53','54','55','56','57','58','59','60','61','62','63','64','25','26','27','28','65','5','6','7','8','14','15','16','20','21','22','23','24','66','29','30','31','32','33','34','35','36','37','38','67','39','40','41','42','43','45','46','47','2','3','4','68','69','70','72','13') ) AND ( `type` = 1 ) AND ( `status` = 1 )  [ RunTime:0.000588s ]

[ 2018-01-30T23:16:06+08:00 ] ::1 /tb/index.php/Admin/Config/del?id2=29
INFO: [ app_begin ] --START--
INFO: Run Behavior\ReadHtmlCache [ RunTime:0.000524s ]
INFO: [ app_begin ] --END-- [ RunTime:0.000961s ]
NOTIC: [2048] Declaration of Admin\Model\ConfigModel::_after_select() should be compatible with Think\Model::_after_select(&$resultSet, $options) D:\wamp\www\tb\App\Admin\Model\ConfigModel.class.php 第 6 行.
NOTIC: [8192] mysql_connect(): The mysql extension is deprecated and will be removed in the future: use mysqli or PDO instead D:\wamp\www\tb\ThinkPHP\Library\Think\Db\Driver\Mysql.class.php 第 52 行.
SQL: SHOW COLUMNS FROM `tp_config` [ RunTime:0.021649s ]
NOTIC: [2] Missing argument 1 for Admin\Controller\PublicController::auth(), called in D:\wamp\www\tb\App\Admin\Controller\PublicController.class.php on line 44 and defined D:\wamp\www\tb\App\Admin\Controller\PublicController.class.php 第 74 行.
SQL: SHOW COLUMNS FROM `tp_auth_group_access` [ RunTime:0.003590s ]
SQL: SELECT `rules` FROM tp_auth_group_access a INNER JOIN tp_auth_group g on a.group_id=g.id  WHERE ( a.uid='4' and g.status='1' )  [ RunTime:0.000387s ]
SQL: SHOW COLUMNS FROM `tp_auth_rule` [ RunTime:0.003679s ]
SQL: SELECT `condition`,`name` FROM `tp_auth_rule` WHERE ( `id` IN ('1','48','50','51','52','53','54','55','56','57','58','59','60','61','62','63','64','25','26','27','28','65','5','6','7','8','14','15','16','20','21','22','23','24','66','29','30','31','32','33','34','35','36','37','38','67','39','40','41','42','43','45','46','47','2','3','4','68','69','70','72','13') ) AND ( `type` = 1 ) AND ( `status` = 1 )  [ RunTime:0.000630s ]

[ 2018-01-30T23:16:09+08:00 ] ::1 /tb/index.php/Admin/Config/del?id2=29
INFO: [ app_begin ] --START--
INFO: Run Behavior\ReadHtmlCache [ RunTime:0.000454s ]
INFO: [ app_begin ] --END-- [ RunTime:0.000880s ]
NOTIC: [2048] Declaration of Admin\Model\ConfigModel::_after_select() should be compatible with Think\Model::_after_select(&$resultSet, $options) D:\wamp\www\tb\App\Admin\Model\ConfigModel.class.php 第 6 行.
NOTIC: [8192] mysql_connect(): The mysql extension is deprecated and will be removed in the future: use mysqli or PDO instead D:\wamp\www\tb\ThinkPHP\Library\Think\Db\Driver\Mysql.class.php 第 52 行.
SQL: SHOW COLUMNS FROM `tp_config` [ RunTime:0.004459s ]
NOTIC: [2] Missing argument 1 for Admin\Controller\PublicController::auth(), called in D:\wamp\www\tb\App\Admin\Controller\PublicController.class.php on line 44 and defined D:\wamp\www\tb\App\Admin\Controller\PublicController.class.php 第 74 行.
SQL: SHOW COLUMNS FROM `tp_auth_group_access` [ RunTime:0.003421s ]
SQL: SELECT `rules` FROM tp_auth_group_access a INNER JOIN tp_auth_group g on a.group_id=g.id  WHERE ( a.uid='4' and g.status='1' )  [ RunTime:0.000327s ]
SQL: SHOW COLUMNS FROM `tp_auth_rule` [ RunTime:0.003591s ]
SQL: SELECT `condition`,`name` FROM `tp_auth_rule` WHERE ( `id` IN ('1','48','50','51','52','53','54','55','56','57','58','59','60','61','62','63','64','25','26','27','28','65','5','6','7','8','14','15','16','20','21','22','23','24','66','29','30','31','32','33','34','35','36','37','38','67','39','40','41','42','43','45','46','47','2','3','4','68','69','70','72','13') ) AND ( `type` = 1 ) AND ( `status` = 1 )  [ RunTime:0.001487s ]

[ 2018-01-30T23:17:16+08:00 ] ::1 /tb/index.php/Admin/Config/del?id2=29
INFO: [ app_begin ] --START--
INFO: Run Behavior\ReadHtmlCache [ RunTime:0.000715s ]
INFO: [ app_begin ] --END-- [ RunTime:0.001642s ]
NOTIC: [2048] Declaration of Admin\Model\ConfigModel::_after_select() should be compatible with Think\Model::_after_select(&$resultSet, $options) D:\wamp\www\tb\App\Admin\Model\ConfigModel.class.php 第 6 行.
NOTIC: [8192] mysql_connect(): The mysql extension is deprecated and will be removed in the future: use mysqli or PDO instead D:\wamp\www\tb\ThinkPHP\Library\Think\Db\Driver\Mysql.class.php 第 52 行.
SQL: SHOW COLUMNS FROM `tp_config` [ RunTime:0.004038s ]
NOTIC: [2] Missing argument 1 for Admin\Controller\PublicController::auth(), called in D:\wamp\www\tb\App\Admin\Controller\PublicController.class.php on line 44 and defined D:\wamp\www\tb\App\Admin\Controller\PublicController.class.php 第 74 行.
SQL: SHOW COLUMNS FROM `tp_auth_group_access` [ RunTime:0.003084s ]
SQL: SELECT `rules` FROM tp_auth_group_access a INNER JOIN tp_auth_group g on a.group_id=g.id  WHERE ( a.uid='4' and g.status='1' )  [ RunTime:0.000307s ]
SQL: SHOW COLUMNS FROM `tp_auth_rule` [ RunTime:0.003641s ]
SQL: SELECT `condition`,`name` FROM `tp_auth_rule` WHERE ( `id` IN ('1','48','50','51','52','53','54','55','56','57','58','59','60','61','62','63','64','25','26','27','28','65','5','6','7','8','14','15','16','20','21','22','23','24','66','29','30','31','32','33','34','35','36','37','38','67','39','40','41','42','43','45','46','47','2','3','4','68','69','70','72','13') ) AND ( `type` = 1 ) AND ( `status` = 1 )  [ RunTime:0.000569s ]

[ 2018-01-30T23:25:04+08:00 ] ::1 /tb/index.php/Admin/Config/del?id2=29
INFO: [ app_begin ] --START--
INFO: Run Behavior\ReadHtmlCache [ RunTime:0.000632s ]
INFO: [ app_begin ] --END-- [ RunTime:0.001246s ]
NOTIC: [2048] Declaration of Admin\Model\ConfigModel::_after_select() should be compatible with Think\Model::_after_select(&$resultSet, $options) D:\wamp\www\tb\App\Admin\Model\ConfigModel.class.php 第 6 行.
NOTIC: [8192] mysql_connect(): The mysql extension is deprecated and will be removed in the future: use mysqli or PDO instead D:\wamp\www\tb\ThinkPHP\Library\Think\Db\Driver\Mysql.class.php 第 52 行.
SQL: SHOW COLUMNS FROM `tp_config` [ RunTime:0.006244s ]
NOTIC: [2] Missing argument 1 for Admin\Controller\PublicController::auth(), called in D:\wamp\www\tb\App\Admin\Controller\PublicController.class.php on line 44 and defined D:\wamp\www\tb\App\Admin\Controller\PublicController.class.php 第 74 行.
SQL: SHOW COLUMNS FROM `tp_auth_group_access` [ RunTime:0.005981s ]
SQL: SELECT `rules` FROM tp_auth_group_access a INNER JOIN tp_auth_group g on a.group_id=g.id  WHERE ( a.uid='4' and g.status='1' )  [ RunTime:0.002284s ]
SQL: SHOW COLUMNS FROM `tp_auth_rule` [ RunTime:0.017751s ]
SQL: SELECT `condition`,`name` FROM `tp_auth_rule` WHERE ( `id` IN ('1','48','50','51','52','53','54','55','56','57','58','59','60','61','62','63','64','25','26','27','28','65','5','6','7','8','14','15','16','20','21','22','23','24','66','29','30','31','32','33','34','35','36','37','38','67','39','40','41','42','43','45','46','47','2','3','4','68','69','70','72','13') ) AND ( `type` = 1 ) AND ( `status` = 1 )  [ RunTime:0.012700s ]

[ 2018-01-30T23:25:30+08:00 ] ::1 /tb/index.php/Admin/Config/del?id2=29
INFO: [ app_begin ] --START--
INFO: Run Behavior\ReadHtmlCache [ RunTime:0.000394s ]
INFO: [ app_begin ] --END-- [ RunTime:0.000732s ]
NOTIC: [2048] Declaration of Admin\Model\ConfigModel::_after_select() should be compatible with Think\Model::_after_select(&$resultSet, $options) D:\wamp\www\tb\App\Admin\Model\ConfigModel.class.php 第 6 行.
NOTIC: [8192] mysql_connect(): The mysql extension is deprecated and will be removed in the future: use mysqli or PDO instead D:\wamp\www\tb\ThinkPHP\Library\Think\Db\Driver\Mysql.class.php 第 52 行.
SQL: SHOW COLUMNS FROM `tp_config` [ RunTime:0.005174s ]
NOTIC: [2] Missing argument 1 for Admin\Controller\PublicController::auth(), called in D:\wamp\www\tb\App\Admin\Controller\PublicController.class.php on line 44 and defined D:\wamp\www\tb\App\Admin\Controller\PublicController.class.php 第 74 行.
SQL: SHOW COLUMNS FROM `tp_auth_group_access` [ RunTime:0.003180s ]
SQL: SELECT `rules` FROM tp_auth_group_access a INNER JOIN tp_auth_group g on a.group_id=g.id  WHERE ( a.uid='4' and g.status='1' )  [ RunTime:0.000324s ]
SQL: SHOW COLUMNS FROM `tp_auth_rule` [ RunTime:0.004324s ]
SQL: SELECT `condition`,`name` FROM `tp_auth_rule` WHERE ( `id` IN ('1','48','50','51','52','53','54','55','56','57','58','59','60','61','62','63','64','25','26','27','28','65','5','6','7','8','14','15','16','20','21','22','23','24','66','29','30','31','32','33','34','35','36','37','38','67','39','40','41','42','43','45','46','47','2','3','4','68','69','70','72','13') ) AND ( `type` = 1 ) AND ( `status` = 1 )  [ RunTime:0.000793s ]

[ 2018-01-30T23:27:54+08:00 ] ::1 /tb/index.php/Admin/Config/del?id2=29
INFO: [ app_begin ] --START--
INFO: Run Behavior\ReadHtmlCache [ RunTime:0.000581s ]
INFO: [ app_begin ] --END-- [ RunTime:0.001145s ]
NOTIC: [2048] Declaration of Admin\Model\ConfigModel::_after_select() should be compatible with Think\Model::_after_select(&$resultSet, $options) D:\wamp\www\tb\App\Admin\Model\ConfigModel.class.php 第 6 行.
NOTIC: [8192] mysql_connect(): The mysql extension is deprecated and will be removed in the future: use mysqli or PDO instead D:\wamp\www\tb\ThinkPHP\Library\Think\Db\Driver\Mysql.class.php 第 52 行.
SQL: SHOW COLUMNS FROM `tp_config` [ RunTime:0.045722s ]
NOTIC: [2] Missing argument 1 for Admin\Controller\PublicController::auth(), called in D:\wamp\www\tb\App\Admin\Controller\PublicController.class.php on line 44 and defined D:\wamp\www\tb\App\Admin\Controller\PublicController.class.php 第 74 行.
SQL: SHOW COLUMNS FROM `tp_auth_group_access` [ RunTime:0.006510s ]
SQL: SELECT `rules` FROM tp_auth_group_access a INNER JOIN tp_auth_group g on a.group_id=g.id  WHERE ( a.uid='4' and g.status='1' )  [ RunTime:0.000500s ]
SQL: SHOW COLUMNS FROM `tp_auth_rule` [ RunTime:0.005832s ]
SQL: SELECT `condition`,`name` FROM `tp_auth_rule` WHERE ( `id` IN ('1','48','50','51','52','53','54','55','56','57','58','59','60','61','62','63','64','25','26','27','28','65','5','6','7','8','14','15','16','20','21','22','23','24','66','29','30','31','32','33','34','35','36','37','38','67','39','40','41','42','43','45','46','47','2','3','4','68','69','70','72','13') ) AND ( `type` = 1 ) AND ( `status` = 1 )  [ RunTime:0.000610s ]

[ 2018-01-30T23:27:57+08:00 ] ::1 /tb/index.php/Admin/Config/del?id2=29
INFO: [ app_begin ] --START--
INFO: Run Behavior\ReadHtmlCache [ RunTime:0.000691s ]
INFO: [ app_begin ] --END-- [ RunTime:0.001362s ]
NOTIC: [2048] Declaration of Admin\Model\ConfigModel::_after_select() should be compatible with Think\Model::_after_select(&$resultSet, $options) D:\wamp\www\tb\App\Admin\Model\ConfigModel.class.php 第 6 行.
NOTIC: [8192] mysql_connect(): The mysql extension is deprecated and will be removed in the future: use mysqli or PDO instead D:\wamp\www\tb\ThinkPHP\Library\Think\Db\Driver\Mysql.class.php 第 52 行.
SQL: SHOW COLUMNS FROM `tp_config` [ RunTime:0.006090s ]
NOTIC: [2] Missing argument 1 for Admin\Controller\PublicController::auth(), called in D:\wamp\www\tb\App\Admin\Controller\PublicController.class.php on line 44 and defined D:\wamp\www\tb\App\Admin\Controller\PublicController.class.php 第 74 行.
SQL: SHOW COLUMNS FROM `tp_auth_group_access` [ RunTime:0.003620s ]
SQL: SELECT `rules` FROM tp_auth_group_access a INNER JOIN tp_auth_group g on a.group_id=g.id  WHERE ( a.uid='4' and g.status='1' )  [ RunTime:0.000347s ]
SQL: SHOW COLUMNS FROM `tp_auth_rule` [ RunTime:0.003680s ]
SQL: SELECT `condition`,`name` FROM `tp_auth_rule` WHERE ( `id` IN ('1','48','50','51','52','53','54','55','56','57','58','59','60','61','62','63','64','25','26','27','28','65','5','6','7','8','14','15','16','20','21','22','23','24','66','29','30','31','32','33','34','35','36','37','38','67','39','40','41','42','43','45','46','47','2','3','4','68','69','70','72','13') ) AND ( `type` = 1 ) AND ( `status` = 1 )  [ RunTime:0.000541s ]

[ 2018-01-30T23:29:11+08:00 ] ::1 /tb/index.php/Admin/Config/del?id2=29
INFO: [ app_begin ] --START--
INFO: Run Behavior\ReadHtmlCache [ RunTime:0.001198s ]
INFO: [ app_begin ] --END-- [ RunTime:0.002427s ]
NOTIC: [2048] Declaration of Admin\Model\ConfigModel::_after_select() should be compatible with Think\Model::_after_select(&$resultSet, $options) D:\wamp\www\tb\App\Admin\Model\ConfigModel.class.php 第 6 行.
NOTIC: [8192] mysql_connect(): The mysql extension is deprecated and will be removed in the future: use mysqli or PDO instead D:\wamp\www\tb\ThinkPHP\Library\Think\Db\Driver\Mysql.class.php 第 52 行.
SQL: SHOW COLUMNS FROM `tp_config` [ RunTime:0.006269s ]
NOTIC: [2] Missing argument 1 for Admin\Controller\PublicController::auth(), called in D:\wamp\www\tb\App\Admin\Controller\PublicController.class.php on line 44 and defined D:\wamp\www\tb\App\Admin\Controller\PublicController.class.php 第 74 行.
SQL: SHOW COLUMNS FROM `tp_auth_group_access` [ RunTime:0.005085s ]
SQL: SELECT `rules` FROM tp_auth_group_access a INNER JOIN tp_auth_group g on a.group_id=g.id  WHERE ( a.uid='4' and g.status='1' )  [ RunTime:0.000833s ]
SQL: SHOW COLUMNS FROM `tp_auth_rule` [ RunTime:0.006415s ]
SQL: SELECT `condition`,`name` FROM `tp_auth_rule` WHERE ( `id` IN ('1','48','50','51','52','53','54','55','56','57','58','59','60','61','62','63','64','25','26','27','28','65','5','6','7','8','14','15','16','20','21','22','23','24','66','29','30','31','32','33','34','35','36','37','38','67','39','40','41','42','43','45','46','47','2','3','4','68','69','70','72','13') ) AND ( `type` = 1 ) AND ( `status` = 1 )  [ RunTime:0.000946s ]

[ 2018-01-30T23:29:16+08:00 ] ::1 /tb/index.php/Admin/Config/del?id2=29
INFO: [ app_begin ] --START--
INFO: Run Behavior\ReadHtmlCache [ RunTime:0.000600s ]
INFO: [ app_begin ] --END-- [ RunTime:0.001197s ]
NOTIC: [2048] Declaration of Admin\Model\ConfigModel::_after_select() should be compatible with Think\Model::_after_select(&$resultSet, $options) D:\wamp\www\tb\App\Admin\Model\ConfigModel.class.php 第 6 行.
NOTIC: [8192] mysql_connect(): The mysql extension is deprecated and will be removed in the future: use mysqli or PDO instead D:\wamp\www\tb\ThinkPHP\Library\Think\Db\Driver\Mysql.class.php 第 52 行.
SQL: SHOW COLUMNS FROM `tp_config` [ RunTime:0.005183s ]
NOTIC: [2] Missing argument 1 for Admin\Controller\PublicController::auth(), called in D:\wamp\www\tb\App\Admin\Controller\PublicController.class.php on line 44 and defined D:\wamp\www\tb\App\Admin\Controller\PublicController.class.php 第 74 行.
SQL: SHOW COLUMNS FROM `tp_auth_group_access` [ RunTime:0.003874s ]
SQL: SELECT `rules` FROM tp_auth_group_access a INNER JOIN tp_auth_group g on a.group_id=g.id  WHERE ( a.uid='4' and g.status='1' )  [ RunTime:0.000500s ]
SQL: SHOW COLUMNS FROM `tp_auth_rule` [ RunTime:0.005250s ]
SQL: SELECT `condition`,`name` FROM `tp_auth_rule` WHERE ( `id` IN ('1','48','50','51','52','53','54','55','56','57','58','59','60','61','62','63','64','25','26','27','28','65','5','6','7','8','14','15','16','20','21','22','23','24','66','29','30','31','32','33','34','35','36','37','38','67','39','40','41','42','43','45','46','47','2','3','4','68','69','70','72','13') ) AND ( `type` = 1 ) AND ( `status` = 1 )  [ RunTime:0.000815s ]

[ 2018-01-30T23:29:23+08:00 ] ::1 /tb/index.php/Admin/Config/del?id2=29
INFO: [ app_begin ] --START--
INFO: Run Behavior\ReadHtmlCache [ RunTime:0.000603s ]
INFO: [ app_begin ] --END-- [ RunTime:0.001155s ]
NOTIC: [2048] Declaration of Admin\Model\ConfigModel::_after_select() should be compatible with Think\Model::_after_select(&$resultSet, $options) D:\wamp\www\tb\App\Admin\Model\ConfigModel.class.php 第 6 行.
NOTIC: [8192] mysql_connect(): The mysql extension is deprecated and will be removed in the future: use mysqli or PDO instead D:\wamp\www\tb\ThinkPHP\Library\Think\Db\Driver\Mysql.class.php 第 52 行.
SQL: SHOW COLUMNS FROM `tp_config` [ RunTime:0.004300s ]
NOTIC: [2] Missing argument 1 for Admin\Controller\PublicController::auth(), called in D:\wamp\www\tb\App\Admin\Controller\PublicController.class.php on line 44 and defined D:\wamp\www\tb\App\Admin\Controller\PublicController.class.php 第 74 行.
SQL: SHOW COLUMNS FROM `tp_auth_group_access` [ RunTime:0.003542s ]
SQL: SELECT `rules` FROM tp_auth_group_access a INNER JOIN tp_auth_group g on a.group_id=g.id  WHERE ( a.uid='4' and g.status='1' )  [ RunTime:0.000317s ]
SQL: SHOW COLUMNS FROM `tp_auth_rule` [ RunTime:0.003395s ]
SQL: SELECT `condition`,`name` FROM `tp_auth_rule` WHERE ( `id` IN ('1','48','50','51','52','53','54','55','56','57','58','59','60','61','62','63','64','25','26','27','28','65','5','6','7','8','14','15','16','20','21','22','23','24','66','29','30','31','32','33','34','35','36','37','38','67','39','40','41','42','43','45','46','47','2','3','4','68','69','70','72','13') ) AND ( `type` = 1 ) AND ( `status` = 1 )  [ RunTime:0.000535s ]

[ 2018-01-30T23:29:31+08:00 ] ::1 /tb/index.php/Admin/Config/del
INFO: [ app_begin ] --START--
INFO: Run Behavior\ReadHtmlCache [ RunTime:0.000459s ]
INFO: [ app_begin ] --END-- [ RunTime:0.000884s ]
NOTIC: [2048] Declaration of Admin\Model\ConfigModel::_after_select() should be compatible with Think\Model::_after_select(&$resultSet, $options) D:\wamp\www\tb\App\Admin\Model\ConfigModel.class.php 第 6 行.
NOTIC: [8192] mysql_connect(): The mysql extension is deprecated and will be removed in the future: use mysqli or PDO instead D:\wamp\www\tb\ThinkPHP\Library\Think\Db\Driver\Mysql.class.php 第 52 行.
SQL: SHOW COLUMNS FROM `tp_config` [ RunTime:0.006223s ]
NOTIC: [2] Missing argument 1 for Admin\Controller\PublicController::auth(), called in D:\wamp\www\tb\App\Admin\Controller\PublicController.class.php on line 44 and defined D:\wamp\www\tb\App\Admin\Controller\PublicController.class.php 第 74 行.
SQL: SHOW COLUMNS FROM `tp_auth_group_access` [ RunTime:0.008070s ]
SQL: SELECT `rules` FROM tp_auth_group_access a INNER JOIN tp_auth_group g on a.group_id=g.id  WHERE ( a.uid='4' and g.status='1' )  [ RunTime:0.000359s ]
SQL: SHOW COLUMNS FROM `tp_auth_rule` [ RunTime:0.004351s ]
SQL: SELECT `condition`,`name` FROM `tp_auth_rule` WHERE ( `id` IN ('1','48','50','51','52','53','54','55','56','57','58','59','60','61','62','63','64','25','26','27','28','65','5','6','7','8','14','15','16','20','21','22','23','24','66','29','30','31','32','33','34','35','36','37','38','67','39','40','41','42','43','45','46','47','2','3','4','68','69','70','72','13') ) AND ( `type` = 1 ) AND ( `status` = 1 )  [ RunTime:0.000658s ]

[ 2018-01-30T23:31:48+08:00 ] ::1 /tb/index.php/Admin/Config/del?id2=29
INFO: [ app_begin ] --START--
INFO: Run Behavior\ReadHtmlCache [ RunTime:0.000568s ]
INFO: [ app_begin ] --END-- [ RunTime:0.001114s ]
NOTIC: [2048] Declaration of Admin\Model\ConfigModel::_after_select() should be compatible with Think\Model::_after_select(&$resultSet, $options) D:\wamp\www\tb\App\Admin\Model\ConfigModel.class.php 第 6 行.
NOTIC: [8192] mysql_connect(): The mysql extension is deprecated and will be removed in the future: use mysqli or PDO instead D:\wamp\www\tb\ThinkPHP\Library\Think\Db\Driver\Mysql.class.php 第 52 行.
SQL: SHOW COLUMNS FROM `tp_config` [ RunTime:0.005115s ]
NOTIC: [2] Missing argument 1 for Admin\Controller\PublicController::auth(), called in D:\wamp\www\tb\App\Admin\Controller\PublicController.class.php on line 44 and defined D:\wamp\www\tb\App\Admin\Controller\PublicController.class.php 第 74 行.
SQL: SHOW COLUMNS FROM `tp_auth_group_access` [ RunTime:0.003778s ]
SQL: SELECT `rules` FROM tp_auth_group_access a INNER JOIN tp_auth_group g on a.group_id=g.id  WHERE ( a.uid='4' and g.status='1' )  [ RunTime:0.000541s ]
SQL: SHOW COLUMNS FROM `tp_auth_rule` [ RunTime:0.006169s ]
SQL: SELECT `condition`,`name` FROM `tp_auth_rule` WHERE ( `id` IN ('1','48','50','51','52','53','54','55','56','57','58','59','60','61','62','63','64','25','26','27','28','65','5','6','7','8','14','15','16','20','21','22','23','24','66','29','30','31','32','33','34','35','36','37','38','67','39','40','41','42','43','45','46','47','2','3','4','68','69','70','72','13') ) AND ( `type` = 1 ) AND ( `status` = 1 )  [ RunTime:0.000589s ]

[ 2018-01-30T23:31:52+08:00 ] ::1 /tb/index.php/Admin/Config/del?id2=29
INFO: [ app_begin ] --START--
INFO: Run Behavior\ReadHtmlCache [ RunTime:0.000474s ]
INFO: [ app_begin ] --END-- [ RunTime:0.001013s ]
NOTIC: [2048] Declaration of Admin\Model\ConfigModel::_after_select() should be compatible with Think\Model::_after_select(&$resultSet, $options) D:\wamp\www\tb\App\Admin\Model\ConfigModel.class.php 第 6 行.
NOTIC: [8192] mysql_connect(): The mysql extension is deprecated and will be removed in the future: use mysqli or PDO instead D:\wamp\www\tb\ThinkPHP\Library\Think\Db\Driver\Mysql.class.php 第 52 行.
SQL: SHOW COLUMNS FROM `tp_config` [ RunTime:0.004294s ]
NOTIC: [2] Missing argument 1 for Admin\Controller\PublicController::auth(), called in D:\wamp\www\tb\App\Admin\Controller\PublicController.class.php on line 44 and defined D:\wamp\www\tb\App\Admin\Controller\PublicController.class.php 第 74 行.
SQL: SHOW COLUMNS FROM `tp_auth_group_access` [ RunTime:0.004143s ]
SQL: SELECT `rules` FROM tp_auth_group_access a INNER JOIN tp_auth_group g on a.group_id=g.id  WHERE ( a.uid='4' and g.status='1' )  [ RunTime:0.000334s ]
SQL: SHOW COLUMNS FROM `tp_auth_rule` [ RunTime:0.003680s ]
SQL: SELECT `condition`,`name` FROM `tp_auth_rule` WHERE ( `id` IN ('1','48','50','51','52','53','54','55','56','57','58','59','60','61','62','63','64','25','26','27','28','65','5','6','7','8','14','15','16','20','21','22','23','24','66','29','30','31','32','33','34','35','36','37','38','67','39','40','41','42','43','45','46','47','2','3','4','68','69','70','72','13') ) AND ( `type` = 1 ) AND ( `status` = 1 )  [ RunTime:0.000463s ]

[ 2018-01-30T23:31:54+08:00 ] ::1 /tb/index.php/Admin/Config/del?id2=29
INFO: [ app_begin ] --START--
INFO: Run Behavior\ReadHtmlCache [ RunTime:0.000387s ]
INFO: [ app_begin ] --END-- [ RunTime:0.000735s ]
NOTIC: [2048] Declaration of Admin\Model\ConfigModel::_after_select() should be compatible with Think\Model::_after_select(&$resultSet, $options) D:\wamp\www\tb\App\Admin\Model\ConfigModel.class.php 第 6 行.
NOTIC: [8192] mysql_connect(): The mysql extension is deprecated and will be removed in the future: use mysqli or PDO instead D:\wamp\www\tb\ThinkPHP\Library\Think\Db\Driver\Mysql.class.php 第 52 行.
SQL: SHOW COLUMNS FROM `tp_config` [ RunTime:0.005241s ]
NOTIC: [2] Missing argument 1 for Admin\Controller\PublicController::auth(), called in D:\wamp\www\tb\App\Admin\Controller\PublicController.class.php on line 44 and defined D:\wamp\www\tb\App\Admin\Controller\PublicController.class.php 第 74 行.
SQL: SHOW COLUMNS FROM `tp_auth_group_access` [ RunTime:0.003436s ]
SQL: SELECT `rules` FROM tp_auth_group_access a INNER JOIN tp_auth_group g on a.group_id=g.id  WHERE ( a.uid='4' and g.status='1' )  [ RunTime:0.000364s ]
SQL: SHOW COLUMNS FROM `tp_auth_rule` [ RunTime:0.003913s ]
SQL: SELECT `condition`,`name` FROM `tp_auth_rule` WHERE ( `id` IN ('1','48','50','51','52','53','54','55','56','57','58','59','60','61','62','63','64','25','26','27','28','65','5','6','7','8','14','15','16','20','21','22','23','24','66','29','30','31','32','33','34','35','36','37','38','67','39','40','41','42','43','45','46','47','2','3','4','68','69','70','72','13') ) AND ( `type` = 1 ) AND ( `status` = 1 )  [ RunTime:0.000487s ]

[ 2018-01-30T23:34:24+08:00 ] ::1 /tb/index.php/Admin/Config/del?id2=29
INFO: [ app_begin ] --START--
INFO: Run Behavior\ReadHtmlCache [ RunTime:0.000642s ]
INFO: [ app_begin ] --END-- [ RunTime:0.001286s ]
NOTIC: [2048] Declaration of Admin\Model\ConfigModel::_after_select() should be compatible with Think\Model::_after_select(&$resultSet, $options) D:\wamp\www\tb\App\Admin\Model\ConfigModel.class.php 第 6 行.
NOTIC: [8192] mysql_connect(): The mysql extension is deprecated and will be removed in the future: use mysqli or PDO instead D:\wamp\www\tb\ThinkPHP\Library\Think\Db\Driver\Mysql.class.php 第 52 行.
SQL: SHOW COLUMNS FROM `tp_config` [ RunTime:0.084156s ]
NOTIC: [2] Missing argument 1 for Admin\Controller\PublicController::auth(), called in D:\wamp\www\tb\App\Admin\Controller\PublicController.class.php on line 44 and defined D:\wamp\www\tb\App\Admin\Controller\PublicController.class.php 第 74 行.
SQL: SHOW COLUMNS FROM `tp_auth_group_access` [ RunTime:0.004737s ]
SQL: SELECT `rules` FROM tp_auth_group_access a INNER JOIN tp_auth_group g on a.group_id=g.id  WHERE ( a.uid='4' and g.status='1' )  [ RunTime:0.000697s ]
SQL: SHOW COLUMNS FROM `tp_auth_rule` [ RunTime:0.004478s ]
SQL: SELECT `condition`,`name` FROM `tp_auth_rule` WHERE ( `id` IN ('1','48','50','51','52','53','54','55','56','57','58','59','60','61','62','63','64','25','26','27','28','65','5','6','7','8','14','15','16','20','21','22','23','24','66','29','30','31','32','33','34','35','36','37','38','67','39','40','41','42','43','45','46','47','2','3','4','68','69','70','72','13') ) AND ( `type` = 1 ) AND ( `status` = 1 )  [ RunTime:0.000564s ]

[ 2018-01-30T23:34:27+08:00 ] ::1 /tb/index.php/Admin/Config/del?id2=29
INFO: [ app_begin ] --START--
INFO: Run Behavior\ReadHtmlCache [ RunTime:0.000529s ]
INFO: [ app_begin ] --END-- [ RunTime:0.001052s ]
NOTIC: [2048] Declaration of Admin\Model\ConfigModel::_after_select() should be compatible with Think\Model::_after_select(&$resultSet, $options) D:\wamp\www\tb\App\Admin\Model\ConfigModel.class.php 第 6 行.
NOTIC: [8192] mysql_connect(): The mysql extension is deprecated and will be removed in the future: use mysqli or PDO instead D:\wamp\www\tb\ThinkPHP\Library\Think\Db\Driver\Mysql.class.php 第 52 行.
SQL: SHOW COLUMNS FROM `tp_config` [ RunTime:0.004065s ]
NOTIC: [2] Missing argument 1 for Admin\Controller\PublicController::auth(), called in D:\wamp\www\tb\App\Admin\Controller\PublicController.class.php on line 44 and defined D:\wamp\www\tb\App\Admin\Controller\PublicController.class.php 第 74 行.
SQL: SHOW COLUMNS FROM `tp_auth_group_access` [ RunTime:0.004760s ]
SQL: SELECT `rules` FROM tp_auth_group_access a INNER JOIN tp_auth_group g on a.group_id=g.id  WHERE ( a.uid='4' and g.status='1' )  [ RunTime:0.000334s ]
SQL: SHOW COLUMNS FROM `tp_auth_rule` [ RunTime:0.003642s ]
SQL: SELECT `condition`,`name` FROM `tp_auth_rule` WHERE ( `id` IN ('1','48','50','51','52','53','54','55','56','57','58','59','60','61','62','63','64','25','26','27','28','65','5','6','7','8','14','15','16','20','21','22','23','24','66','29','30','31','32','33','34','35','36','37','38','67','39','40','41','42','43','45','46','47','2','3','4','68','69','70','72','13') ) AND ( `type` = 1 ) AND ( `status` = 1 )  [ RunTime:0.000533s ]

[ 2018-01-30T23:34:55+08:00 ] ::1 /tb/index.php/Admin/Config/del?id2=29
INFO: [ app_begin ] --START--
INFO: Run Behavior\ReadHtmlCache [ RunTime:0.000652s ]
INFO: [ app_begin ] --END-- [ RunTime:0.001336s ]
NOTIC: [2048] Declaration of Admin\Model\ConfigModel::_after_select() should be compatible with Think\Model::_after_select(&$resultSet, $options) D:\wamp\www\tb\App\Admin\Model\ConfigModel.class.php 第 6 行.
NOTIC: [8192] mysql_connect(): The mysql extension is deprecated and will be removed in the future: use mysqli or PDO instead D:\wamp\www\tb\ThinkPHP\Library\Think\Db\Driver\Mysql.class.php 第 52 行.
SQL: SHOW COLUMNS FROM `tp_config` [ RunTime:0.006104s ]
NOTIC: [2] Missing argument 1 for Admin\Controller\PublicController::auth(), called in D:\wamp\www\tb\App\Admin\Controller\PublicController.class.php on line 44 and defined D:\wamp\www\tb\App\Admin\Controller\PublicController.class.php 第 74 行.
SQL: SHOW COLUMNS FROM `tp_auth_group_access` [ RunTime:0.007667s ]
SQL: SELECT `rules` FROM tp_auth_group_access a INNER JOIN tp_auth_group g on a.group_id=g.id  WHERE ( a.uid='4' and g.status='1' )  [ RunTime:0.000651s ]
SQL: SHOW COLUMNS FROM `tp_auth_rule` [ RunTime:0.006096s ]
SQL: SELECT `condition`,`name` FROM `tp_auth_rule` WHERE ( `id` IN ('1','48','50','51','52','53','54','55','56','57','58','59','60','61','62','63','64','25','26','27','28','65','5','6','7','8','14','15','16','20','21','22','23','24','66','29','30','31','32','33','34','35','36','37','38','67','39','40','41','42','43','45','46','47','2','3','4','68','69','70','72','13') ) AND ( `type` = 1 ) AND ( `status` = 1 )  [ RunTime:0.000943s ]

[ 2018-01-30T23:53:03+08:00 ] ::1 /tb/index.php/Admin/Article/del
INFO: [ app_begin ] --START--
INFO: Run Behavior\ReadHtmlCache [ RunTime:0.001270s ]
INFO: [ app_begin ] --END-- [ RunTime:0.001999s ]
NOTIC: [8192] mysql_connect(): The mysql extension is deprecated and will be removed in the future: use mysqli or PDO instead D:\wamp\www\tb\ThinkPHP\Library\Think\Db\Driver\Mysql.class.php 第 52 行.
SQL: SHOW COLUMNS FROM `tp_article` [ RunTime:0.004708s ]
NOTIC: [2] Missing argument 1 for Admin\Controller\PublicController::auth(), called in D:\wamp\www\tb\App\Admin\Controller\PublicController.class.php on line 44 and defined D:\wamp\www\tb\App\Admin\Controller\PublicController.class.php 第 74 行.
SQL: SHOW COLUMNS FROM `tp_auth_group_access` [ RunTime:0.004143s ]
SQL: SELECT `rules` FROM tp_auth_group_access a INNER JOIN tp_auth_group g on a.group_id=g.id  WHERE ( a.uid='4' and g.status='1' )  [ RunTime:0.001086s ]
SQL: SHOW COLUMNS FROM `tp_auth_rule` [ RunTime:0.005477s ]
SQL: SELECT `condition`,`name` FROM `tp_auth_rule` WHERE ( `id` IN ('1','48','50','51','52','53','54','55','56','57','58','59','60','61','62','63','64','25','26','27','28','65','5','6','7','8','14','15','16','20','21','22','23','24','66','29','30','31','32','33','34','35','36','37','38','67','39','40','41','42','43','45','46','47','2','3','4','68','69','70','72','13') ) AND ( `type` = 1 ) AND ( `status` = 1 )  [ RunTime:0.001027s ]
SQL: SHOW COLUMNS FROM `tp_auth_rule` [ RunTime:0.006081s ]
SQL: SELECT * FROM `tp_auth_rule` WHERE ( `pid` = 1 ) AND ( `is_show` = 1 ) ORDER BY `sort` LIMIT 100   [ RunTime:0.000418s ]
SQL: SELECT * FROM `tp_auth_rule` WHERE ( `pid` = 71 ) AND ( `is_show` = 1 ) LIMIT 100   [ RunTime:0.000741s ]
SQL: SELECT * FROM `tp_auth_rule` WHERE ( `pid` = 64 ) AND ( `is_show` = 1 ) LIMIT 100   [ RunTime:0.000528s ]
SQL: SELECT * FROM `tp_auth_rule` WHERE ( `pid` = 65 ) AND ( `is_show` = 1 ) LIMIT 100   [ RunTime:0.000545s ]
SQL: SELECT * FROM `tp_auth_rule` WHERE ( `pid` = 66 ) AND ( `is_show` = 1 ) LIMIT 100   [ RunTime:0.000575s ]
SQL: SELECT * FROM `tp_auth_rule` WHERE ( `pid` = 67 ) AND ( `is_show` = 1 ) LIMIT 100   [ RunTime:0.001436s ]
SQL: SELECT * FROM `tp_auth_rule` WHERE ( `pid` = 48 ) AND ( `is_show` = 1 ) LIMIT 100   [ RunTime:0.001045s ]
SQL: SHOW COLUMNS FROM `tp_category` [ RunTime:0.008382s ]
SQL: SELECT * FROM `tp_category` WHERE ( `pid` = 0 )  [ RunTime:0.000563s ]
INFO: [ app_end ] --START--
INFO: Run Behavior\ShowPageTrace [ RunTime:0.002779s ]
INFO: [ app_end ] --END-- [ RunTime:0.003147s ]

[ 2018-01-30T23:53:13+08:00 ] ::1 /tb/index.php/Admin/Article/del
INFO: [ app_begin ] --START--
INFO: Run Behavior\ReadHtmlCache [ RunTime:0.000626s ]
INFO: [ app_begin ] --END-- [ RunTime:0.001510s ]
NOTIC: [8192] mysql_connect(): The mysql extension is deprecated and will be removed in the future: use mysqli or PDO instead D:\wamp\www\tb\ThinkPHP\Library\Think\Db\Driver\Mysql.class.php 第 52 行.
SQL: SHOW COLUMNS FROM `tp_article` [ RunTime:0.004703s ]
NOTIC: [2] Missing argument 1 for Admin\Controller\PublicController::auth(), called in D:\wamp\www\tb\App\Admin\Controller\PublicController.class.php on line 44 and defined D:\wamp\www\tb\App\Admin\Controller\PublicController.class.php 第 74 行.
SQL: SHOW COLUMNS FROM `tp_auth_group_access` [ RunTime:0.003102s ]
SQL: SELECT `rules` FROM tp_auth_group_access a INNER JOIN tp_auth_group g on a.group_id=g.id  WHERE ( a.uid='4' and g.status='1' )  [ RunTime:0.000309s ]
SQL: SHOW COLUMNS FROM `tp_auth_rule` [ RunTime:0.004320s ]
SQL: SELECT `condition`,`name` FROM `tp_auth_rule` WHERE ( `id` IN ('1','48','50','51','52','53','54','55','56','57','58','59','60','61','62','63','64','25','26','27','28','65','5','6','7','8','14','15','16','20','21','22','23','24','66','29','30','31','32','33','34','35','36','37','38','67','39','40','41','42','43','45','46','47','2','3','4','68','69','70','72','13') ) AND ( `type` = 1 ) AND ( `status` = 1 )  [ RunTime:0.000537s ]
SQL: SHOW COLUMNS FROM `tp_auth_rule` [ RunTime:0.003551s ]
SQL: SELECT * FROM `tp_auth_rule` WHERE ( `pid` = 1 ) AND ( `is_show` = 1 ) ORDER BY `sort` LIMIT 100   [ RunTime:0.000385s ]
SQL: SELECT * FROM `tp_auth_rule` WHERE ( `pid` = 71 ) AND ( `is_show` = 1 ) LIMIT 100   [ RunTime:0.000283s ]
SQL: SELECT * FROM `tp_auth_rule` WHERE ( `pid` = 64 ) AND ( `is_show` = 1 ) LIMIT 100   [ RunTime:0.000254s ]
SQL: SELECT * FROM `tp_auth_rule` WHERE ( `pid` = 65 ) AND ( `is_show` = 1 ) LIMIT 100   [ RunTime:0.000278s ]
SQL: SELECT * FROM `tp_auth_rule` WHERE ( `pid` = 66 ) AND ( `is_show` = 1 ) LIMIT 100   [ RunTime:0.000280s ]
SQL: SELECT * FROM `tp_auth_rule` WHERE ( `pid` = 67 ) AND ( `is_show` = 1 ) LIMIT 100   [ RunTime:0.000308s ]
SQL: SELECT * FROM `tp_auth_rule` WHERE ( `pid` = 48 ) AND ( `is_show` = 1 ) LIMIT 100   [ RunTime:0.000332s ]
SQL: SHOW COLUMNS FROM `tp_category` [ RunTime:0.003858s ]
SQL: SELECT * FROM `tp_category` WHERE ( `pid` = 0 )  [ RunTime:0.000305s ]
SQL: SHOW COLUMNS FROM `tp_article` [ RunTime:0.003580s ]
SQL: DELETE FROM `tp_article` WHERE ( id=93 ) [ RunTime:0.000355s ]

[ 2018-01-30T23:54:11+08:00 ] ::1 /tb/index.php/Admin/Article/del
INFO: [ app_begin ] --START--
INFO: Run Behavior\ReadHtmlCache [ RunTime:0.000503s ]
INFO: [ app_begin ] --END-- [ RunTime:0.001055s ]
NOTIC: [8192] mysql_connect(): The mysql extension is deprecated and will be removed in the future: use mysqli or PDO instead D:\wamp\www\tb\ThinkPHP\Library\Think\Db\Driver\Mysql.class.php 第 52 行.
SQL: SHOW COLUMNS FROM `tp_article` [ RunTime:0.004096s ]
NOTIC: [2] Missing argument 1 for Admin\Controller\PublicController::auth(), called in D:\wamp\www\tb\App\Admin\Controller\PublicController.class.php on line 44 and defined D:\wamp\www\tb\App\Admin\Controller\PublicController.class.php 第 74 行.
SQL: SHOW COLUMNS FROM `tp_auth_group_access` [ RunTime:0.005599s ]
SQL: SELECT `rules` FROM tp_auth_group_access a INNER JOIN tp_auth_group g on a.group_id=g.id  WHERE ( a.uid='4' and g.status='1' )  [ RunTime:0.000533s ]
SQL: SHOW COLUMNS FROM `tp_auth_rule` [ RunTime:0.004038s ]
SQL: SELECT `condition`,`name` FROM `tp_auth_rule` WHERE ( `id` IN ('1','48','50','51','52','53','54','55','56','57','58','59','60','61','62','63','64','25','26','27','28','65','5','6','7','8','14','15','16','20','21','22','23','24','66','29','30','31','32','33','34','35','36','37','38','67','39','40','41','42','43','45','46','47','2','3','4','68','69','70','72','13') ) AND ( `type` = 1 ) AND ( `status` = 1 )  [ RunTime:0.000871s ]
SQL: SHOW COLUMNS FROM `tp_auth_rule` [ RunTime:0.004947s ]
SQL: SELECT * FROM `tp_auth_rule` WHERE ( `pid` = 1 ) AND ( `is_show` = 1 ) ORDER BY `sort` LIMIT 100   [ RunTime:0.000423s ]
SQL: SELECT * FROM `tp_auth_rule` WHERE ( `pid` = 71 ) AND ( `is_show` = 1 ) LIMIT 100   [ RunTime:0.000462s ]
SQL: SELECT * FROM `tp_auth_rule` WHERE ( `pid` = 64 ) AND ( `is_show` = 1 ) LIMIT 100   [ RunTime:0.000706s ]
SQL: SELECT * FROM `tp_auth_rule` WHERE ( `pid` = 65 ) AND ( `is_show` = 1 ) LIMIT 100   [ RunTime:0.000375s ]
SQL: SELECT * FROM `tp_auth_rule` WHERE ( `pid` = 66 ) AND ( `is_show` = 1 ) LIMIT 100   [ RunTime:0.000294s ]
SQL: SELECT * FROM `tp_auth_rule` WHERE ( `pid` = 67 ) AND ( `is_show` = 1 ) LIMIT 100   [ RunTime:0.000408s ]
SQL: SELECT * FROM `tp_auth_rule` WHERE ( `pid` = 48 ) AND ( `is_show` = 1 ) LIMIT 100   [ RunTime:0.000518s ]
SQL: SHOW COLUMNS FROM `tp_category` [ RunTime:0.005085s ]
SQL: SELECT * FROM `tp_category` WHERE ( `pid` = 0 )  [ RunTime:0.000327s ]
INFO: [ app_end ] --START--
INFO: Run Behavior\ShowPageTrace [ RunTime:0.000852s ]
INFO: [ app_end ] --END-- [ RunTime:0.001084s ]

[ 2018-01-30T23:54:32+08:00 ] ::1 /tb/index.php/Admin/Article/del
INFO: [ app_begin ] --START--
INFO: Run Behavior\ReadHtmlCache [ RunTime:0.000403s ]
INFO: [ app_begin ] --END-- [ RunTime:0.000824s ]
NOTIC: [8192] mysql_connect(): The mysql extension is deprecated and will be removed in the future: use mysqli or PDO instead D:\wamp\www\tb\ThinkPHP\Library\Think\Db\Driver\Mysql.class.php 第 52 行.
SQL: SHOW COLUMNS FROM `tp_article` [ RunTime:0.004490s ]
NOTIC: [2] Missing argument 1 for Admin\Controller\PublicController::auth(), called in D:\wamp\www\tb\App\Admin\Controller\PublicController.class.php on line 44 and defined D:\wamp\www\tb\App\Admin\Controller\PublicController.class.php 第 74 行.
SQL: SHOW COLUMNS FROM `tp_auth_group_access` [ RunTime:0.007499s ]
SQL: SELECT `rules` FROM tp_auth_group_access a INNER JOIN tp_auth_group g on a.group_id=g.id  WHERE ( a.uid='4' and g.status='1' )  [ RunTime:0.000435s ]
SQL: SHOW COLUMNS FROM `tp_auth_rule` [ RunTime:0.005395s ]
SQL: SELECT `condition`,`name` FROM `tp_auth_rule` WHERE ( `id` IN ('1','48','50','51','52','53','54','55','56','57','58','59','60','61','62','63','64','25','26','27','28','65','5','6','7','8','14','15','16','20','21','22','23','24','66','29','30','31','32','33','34','35','36','37','38','67','39','40','41','42','43','45','46','47','2','3','4','68','69','70','72','13') ) AND ( `type` = 1 ) AND ( `status` = 1 )  [ RunTime:0.000906s ]
SQL: SHOW COLUMNS FROM `tp_auth_rule` [ RunTime:0.005518s ]
SQL: SELECT * FROM `tp_auth_rule` WHERE ( `pid` = 1 ) AND ( `is_show` = 1 ) ORDER BY `sort` LIMIT 100   [ RunTime:0.000717s ]
SQL: SELECT * FROM `tp_auth_rule` WHERE ( `pid` = 71 ) AND ( `is_show` = 1 ) LIMIT 100   [ RunTime:0.000522s ]
SQL: SELECT * FROM `tp_auth_rule` WHERE ( `pid` = 64 ) AND ( `is_show` = 1 ) LIMIT 100   [ RunTime:0.000397s ]
SQL: SELECT * FROM `tp_auth_rule` WHERE ( `pid` = 65 ) AND ( `is_show` = 1 ) LIMIT 100   [ RunTime:0.000372s ]
SQL: SELECT * FROM `tp_auth_rule` WHERE ( `pid` = 66 ) AND ( `is_show` = 1 ) LIMIT 100   [ RunTime:0.000546s ]
SQL: SELECT * FROM `tp_auth_rule` WHERE ( `pid` = 67 ) AND ( `is_show` = 1 ) LIMIT 100   [ RunTime:0.000386s ]
SQL: SELECT * FROM `tp_auth_rule` WHERE ( `pid` = 48 ) AND ( `is_show` = 1 ) LIMIT 100   [ RunTime:0.000357s ]
SQL: SHOW COLUMNS FROM `tp_category` [ RunTime:0.005967s ]
SQL: SELECT * FROM `tp_category` WHERE ( `pid` = 0 )  [ RunTime:0.000345s ]
INFO: [ app_end ] --START--
INFO: Run Behavior\ShowPageTrace [ RunTime:0.000487s ]
INFO: [ app_end ] --END-- [ RunTime:0.000608s ]

[ 2018-01-30T23:54:39+08:00 ] ::1 /tb/index.php/Admin/Article/del?id2=70
INFO: [ app_begin ] --START--
INFO: Run Behavior\ReadHtmlCache [ RunTime:0.000650s ]
INFO: [ app_begin ] --END-- [ RunTime:0.001185s ]
NOTIC: [8192] mysql_connect(): The mysql extension is deprecated and will be removed in the future: use mysqli or PDO instead D:\wamp\www\tb\ThinkPHP\Library\Think\Db\Driver\Mysql.class.php 第 52 行.
SQL: SHOW COLUMNS FROM `tp_article` [ RunTime:0.004683s ]
NOTIC: [2] Missing argument 1 for Admin\Controller\PublicController::auth(), called in D:\wamp\www\tb\App\Admin\Controller\PublicController.class.php on line 44 and defined D:\wamp\www\tb\App\Admin\Controller\PublicController.class.php 第 74 行.
SQL: SHOW COLUMNS FROM `tp_auth_group_access` [ RunTime:0.003128s ]
SQL: SELECT `rules` FROM tp_auth_group_access a INNER JOIN tp_auth_group g on a.group_id=g.id  WHERE ( a.uid='4' and g.status='1' )  [ RunTime:0.000302s ]
SQL: SHOW COLUMNS FROM `tp_auth_rule` [ RunTime:0.003577s ]
SQL: SELECT `condition`,`name` FROM `tp_auth_rule` WHERE ( `id` IN ('1','48','50','51','52','53','54','55','56','57','58','59','60','61','62','63','64','25','26','27','28','65','5','6','7','8','14','15','16','20','21','22','23','24','66','29','30','31','32','33','34','35','36','37','38','67','39','40','41','42','43','45','46','47','2','3','4','68','69','70','72','13') ) AND ( `type` = 1 ) AND ( `status` = 1 )  [ RunTime:0.000604s ]
SQL: SHOW COLUMNS FROM `tp_auth_rule` [ RunTime:0.004871s ]
SQL: SELECT * FROM `tp_auth_rule` WHERE ( `pid` = 1 ) AND ( `is_show` = 1 ) ORDER BY `sort` LIMIT 100   [ RunTime:0.000549s ]
SQL: SELECT * FROM `tp_auth_rule` WHERE ( `pid` = 71 ) AND ( `is_show` = 1 ) LIMIT 100   [ RunTime:0.000440s ]
SQL: SELECT * FROM `tp_auth_rule` WHERE ( `pid` = 64 ) AND ( `is_show` = 1 ) LIMIT 100   [ RunTime:0.000458s ]
SQL: SELECT * FROM `tp_auth_rule` WHERE ( `pid` = 65 ) AND ( `is_show` = 1 ) LIMIT 100   [ RunTime:0.000377s ]
SQL: SELECT * FROM `tp_auth_rule` WHERE ( `pid` = 66 ) AND ( `is_show` = 1 ) LIMIT 100   [ RunTime:0.000480s ]
SQL: SELECT * FROM `tp_auth_rule` WHERE ( `pid` = 67 ) AND ( `is_show` = 1 ) LIMIT 100   [ RunTime:0.000419s ]
SQL: SELECT * FROM `tp_auth_rule` WHERE ( `pid` = 48 ) AND ( `is_show` = 1 ) LIMIT 100   [ RunTime:0.000457s ]
SQL: SHOW COLUMNS FROM `tp_category` [ RunTime:0.005451s ]
SQL: SELECT * FROM `tp_category` WHERE ( `pid` = 0 )  [ RunTime:0.000365s ]
SQL: SHOW COLUMNS FROM `tp_article` [ RunTime:0.003505s ]
SQL: DELETE FROM `tp_article` WHERE ( id=70 ) [ RunTime:0.000374s ]

[ 2018-01-30T23:56:24+08:00 ] ::1 /tb/index.php/Admin/Article/del?id2=94
INFO: [ app_begin ] --START--
INFO: Run Behavior\ReadHtmlCache [ RunTime:0.000535s ]
INFO: [ app_begin ] --END-- [ RunTime:0.001054s ]
NOTIC: [8192] mysql_connect(): The mysql extension is deprecated and will be removed in the future: use mysqli or PDO instead D:\wamp\www\tb\ThinkPHP\Library\Think\Db\Driver\Mysql.class.php 第 52 行.
SQL: SHOW COLUMNS FROM `tp_article` [ RunTime:0.005672s ]
NOTIC: [2] Missing argument 1 for Admin\Controller\PublicController::auth(), called in D:\wamp\www\tb\App\Admin\Controller\PublicController.class.php on line 44 and defined D:\wamp\www\tb\App\Admin\Controller\PublicController.class.php 第 74 行.
SQL: SHOW COLUMNS FROM `tp_auth_group_access` [ RunTime:0.004013s ]
SQL: SELECT `rules` FROM tp_auth_group_access a INNER JOIN tp_auth_group g on a.group_id=g.id  WHERE ( a.uid='4' and g.status='1' )  [ RunTime:0.000376s ]
SQL: SHOW COLUMNS FROM `tp_auth_rule` [ RunTime:0.003534s ]
SQL: SELECT `condition`,`name` FROM `tp_auth_rule` WHERE ( `id` IN ('1','48','50','51','52','53','54','55','56','57','58','59','60','61','62','63','64','25','26','27','28','65','5','6','7','8','14','15','16','20','21','22','23','24','66','29','30','31','32','33','34','35','36','37','38','67','39','40','41','42','43','45','46','47','2','3','4','68','69','70','72','13') ) AND ( `type` = 1 ) AND ( `status` = 1 )  [ RunTime:0.000553s ]
SQL: SHOW COLUMNS FROM `tp_auth_rule` [ RunTime:0.003802s ]
SQL: SELECT * FROM `tp_auth_rule` WHERE ( `pid` = 1 ) AND ( `is_show` = 1 ) ORDER BY `sort` LIMIT 100   [ RunTime:0.000376s ]
SQL: SELECT * FROM `tp_auth_rule` WHERE ( `pid` = 71 ) AND ( `is_show` = 1 ) LIMIT 100   [ RunTime:0.000264s ]
SQL: SELECT * FROM `tp_auth_rule` WHERE ( `pid` = 64 ) AND ( `is_show` = 1 ) LIMIT 100   [ RunTime:0.000268s ]
SQL: SELECT * FROM `tp_auth_rule` WHERE ( `pid` = 65 ) AND ( `is_show` = 1 ) LIMIT 100   [ RunTime:0.000266s ]
SQL: SELECT * FROM `tp_auth_rule` WHERE ( `pid` = 66 ) AND ( `is_show` = 1 ) LIMIT 100   [ RunTime:0.000251s ]
SQL: SELECT * FROM `tp_auth_rule` WHERE ( `pid` = 67 ) AND ( `is_show` = 1 ) LIMIT 100   [ RunTime:0.000257s ]
SQL: SELECT * FROM `tp_auth_rule` WHERE ( `pid` = 48 ) AND ( `is_show` = 1 ) LIMIT 100   [ RunTime:0.000260s ]
SQL: SHOW COLUMNS FROM `tp_category` [ RunTime:0.004766s ]
SQL: SELECT * FROM `tp_category` WHERE ( `pid` = 0 )  [ RunTime:0.000321s ]
SQL: SHOW COLUMNS FROM `tp_article` [ RunTime:0.004023s ]
SQL: DELETE FROM `tp_article` WHERE ( id=94 ) [ RunTime:0.000376s ]

[ 2018-01-30T23:58:20+08:00 ] ::1 /tb/index.php/Admin/backup/index
ERR: 无法加载控制器:Backup

