[ 2018-01-05T15:57:38+08:00 ] ::1 /tb/
INFO: [ app_begin ] --START--
INFO: Run Behavior\ReadHtmlCache [ RunTime:0.003644s ]
INFO: [ app_begin ] --END-- [ RunTime:0.022966s ]
NOTIC: [8192] mysql_connect(): The mysql extension is deprecated and will be removed in the future: use mysqli or PDO instead D:\wamp\www\tb\ThinkPHP\Library\Think\Db\Driver\Mysql.class.php 第 52 行.
SQL: SHOW COLUMNS FROM `tp_index` [ RunTime:0.033129s ]
ERR: 1146:La table 'tb.tp_index' n'existe pas
 [ SQL语句 ] : SHOW COLUMNS FROM `tp_index`
SQL: SHOW COLUMNS FROM `tp_category` [ RunTime:0.060823s ]
SQL: SELECT * FROM `tp_category` WHERE ( pid=0 ) LIMIT 100   [ RunTime:0.025348s ]
SQL: SELECT * FROM `tp_category` WHERE ( pid=1 ) LIMIT 100   [ RunTime:0.000640s ]
SQL: SELECT * FROM `tp_category` WHERE ( pid=2 ) LIMIT 100   [ RunTime:0.000380s ]
SQL: SELECT * FROM `tp_category` WHERE ( pid=3 ) LIMIT 100   [ RunTime:0.000501s ]
SQL: SELECT * FROM `tp_category` WHERE ( pid=4 ) LIMIT 100   [ RunTime:0.000384s ]
SQL: SELECT * FROM `tp_category` WHERE ( pid=5 ) LIMIT 100   [ RunTime:0.001216s ]
SQL: SELECT * FROM `tp_category` WHERE ( pid=6 ) LIMIT 100   [ RunTime:0.000449s ]
INFO: [ view_parse ] --START--
INFO: [ template_filter ] --START--
INFO: Run Behavior\ContentReplace [ RunTime:0.000197s ]
INFO: [ template_filter ] --END-- [ RunTime:0.000432s ]
NOTIC: [8] Undefined index: user D:\wamp\www\tb\App\Runtime\Cache\Home\89e841a2657642c31fa49c57b891047b.php 第 31 行.
NOTIC: [8] Use of undefined constant Index - assumed 'Index' D:\wamp\www\tb\App\Runtime\Cache\Home\89e841a2657642c31fa49c57b891047b.php 第 46 行.
INFO: Run Behavior\ParseTemplate [ RunTime:0.139813s ]
INFO: [ view_parse ] --END-- [ RunTime:0.140008s ]
INFO: [ view_filter ] --START--
INFO: Run Behavior\WriteHtmlCache [ RunTime:0.009884s ]
INFO: [ view_filter ] --END-- [ RunTime:0.010094s ]
INFO: [ app_end ] --START--
INFO: Run Behavior\ShowPageTrace [ RunTime:0.012740s ]
INFO: [ app_end ] --END-- [ RunTime:0.013433s ]

[ 2018-01-05T16:10:35+08:00 ] ::1 /tb/index.php/Home/Join/Index
INFO: [ app_begin ] --START--
INFO: Run Behavior\ReadHtmlCache [ RunTime:0.000606s ]
INFO: [ app_begin ] --END-- [ RunTime:0.001115s ]
NOTIC: [8192] mysql_connect(): The mysql extension is deprecated and will be removed in the future: use mysqli or PDO instead D:\wamp\www\tb\ThinkPHP\Library\Think\Db\Driver\Mysql.class.php 第 52 行.
SQL: SHOW COLUMNS FROM `tp_join` [ RunTime:0.053706s ]
ERR: 1146:La table 'tb.tp_join' n'existe pas
 [ SQL语句 ] : SHOW COLUMNS FROM `tp_join`
SQL: SHOW COLUMNS FROM `tp_category` [ RunTime:0.005929s ]
SQL: SELECT * FROM `tp_category` WHERE ( pid=0 ) LIMIT 100   [ RunTime:0.000529s ]
SQL: SELECT * FROM `tp_category` WHERE ( pid=1 ) LIMIT 100   [ RunTime:0.000365s ]
SQL: SELECT * FROM `tp_category` WHERE ( pid=2 ) LIMIT 100   [ RunTime:0.000785s ]
SQL: SELECT * FROM `tp_category` WHERE ( pid=3 ) LIMIT 100   [ RunTime:0.000665s ]
SQL: SELECT * FROM `tp_category` WHERE ( pid=4 ) LIMIT 100   [ RunTime:0.000598s ]
SQL: SELECT * FROM `tp_category` WHERE ( pid=5 ) LIMIT 100   [ RunTime:0.000522s ]
SQL: SELECT * FROM `tp_category` WHERE ( pid=6 ) LIMIT 100   [ RunTime:0.000768s ]
SQL: SELECT * FROM `tp_category` WHERE ( `remark` = 'Join' ) LIMIT 1   [ RunTime:0.000648s ]
SQL: SELECT * FROM `tp_category` WHERE ( `pid` = 5 )  [ RunTime:0.000594s ]
SQL: SHOW COLUMNS FROM `tp_article` [ RunTime:0.015617s ]
NOTIC: [2] explode() expects parameter 2 to be string, array given D:\wamp\www\tb\ThinkPHP\Library\Think\Model.class.php 第 1390 行.
SQL: SHOW COLUMNS FROM `` [ RunTime:0.000131s ]
ERR: 1103:Nom de table illégal: ''
 [ SQL语句 ] : SHOW COLUMNS FROM ``
SQL: SELECT a.*,c.cid,c.name,c.remark FROM `tp_article` `a` INNER JOIN tp_category as c ON a.cid = c.cid  WHERE ( a.verifystate = 1 and a.cid =18 ) LIMIT 1   [ RunTime:0.005071s ]
SQL: SHOW COLUMNS FROM `tp_article_description` [ RunTime:0.014820s ]
SQL: SELECT * FROM `tp_article_description` WHERE ( `product_id` = 5 ) LIMIT 1   [ RunTime:0.007367s ]
INFO: [ view_parse ] --START--
INFO: [ template_filter ] --START--
INFO: Run Behavior\ContentReplace [ RunTime:0.000121s ]
INFO: [ template_filter ] --END-- [ RunTime:0.000265s ]
NOTIC: [8] Undefined index: user D:\wamp\www\tb\App\Runtime\Cache\Home\2a73c914a48043fe1762b81211a36cfd.php 第 31 行.
NOTIC: [8] Use of undefined constant Index - assumed 'Index' D:\wamp\www\tb\App\Runtime\Cache\Home\2a73c914a48043fe1762b81211a36cfd.php 第 46 行.
NOTIC: [8] Undefined index: index D:\wamp\www\tb\App\Runtime\Cache\Home\2a73c914a48043fe1762b81211a36cfd.php 第 69 行.
NOTIC: [8] Undefined index: index D:\wamp\www\tb\App\Runtime\Cache\Home\2a73c914a48043fe1762b81211a36cfd.php 第 69 行.
INFO: Run Behavior\ParseTemplate [ RunTime:0.038278s ]
INFO: [ view_parse ] --END-- [ RunTime:0.038430s ]
INFO: [ view_filter ] --START--
INFO: Run Behavior\WriteHtmlCache [ RunTime:0.000320s ]
INFO: [ view_filter ] --END-- [ RunTime:0.000445s ]
INFO: [ app_end ] --START--
INFO: Run Behavior\ShowPageTrace [ RunTime:0.000641s ]
INFO: [ app_end ] --END-- [ RunTime:0.000785s ]

[ 2018-01-05T16:14:12+08:00 ] ::1 /tb/index.php/Admin/Auth/edit/id/1
ERR: 模板不存在:./App/Admin/View/Admin/Auth/edit/edit.html

[ 2018-01-05T16:15:23+08:00 ] ::1 /tb/index.php/Admin/Auth/edit/id/2
ERR: 模板不存在:./App/Admin/View/Admin/Auth/edit/edit.html

[ 2018-01-05T16:15:42+08:00 ] ::1 /tb/index.php/Admin/Auth/edit/id/1
ERR: 模板不存在:./App/Admin/View/Admin/Auth/edit/edit.html

[ 2018-01-05T16:16:22+08:00 ] ::1 /tb/index.php/Admin/Auth/add.html
ERR: 模板不存在:./App/Admin/View/Admin/Auth/add/edit.html

[ 2018-01-05T16:17:19+08:00 ] ::1 /tb/index.php/Admin/Auth/edit/id/5
ERR: 模板不存在:./App/Admin/View/Admin/Auth/edit/edit.html

[ 2018-01-05T16:17:22+08:00 ] ::1 /tb/index.php/Admin/Auth/edit/id/5
ERR: 模板不存在:./App/Admin/View/Admin/Auth/edit/edit.html

[ 2018-01-05T16:17:27+08:00 ] ::1 /tb/index.php/Admin/Auth/edit/id/1
ERR: 模板不存在:./App/Admin/View/Admin/Auth/edit/edit.html

[ 2018-01-05T16:19:46+08:00 ] ::1 /tb/index.php/Admin/Auth/edit/id/1
ERR: 模板不存在:./App/Admin/View/Admin/Auth/edit/edit.html

[ 2018-01-05T16:19:47+08:00 ] ::1 /tb/index.php/Admin/Auth/edit/id/1
ERR: 模板不存在:./App/Admin/View/Admin/Auth/edit/edit.html

[ 2018-01-05T16:20:55+08:00 ] ::1 /tb/index.php/Admin/Auth/edit/id/1
ERR: 模板不存在:./App/Admin/View/Admin/Auth/edit.html

[ 2018-01-05T16:20:56+08:00 ] ::1 /tb/index.php/Admin/Auth/edit/id/1
ERR: 模板不存在:./App/Admin/View/Admin/Auth/edit.html

[ 2018-01-05T16:20:56+08:00 ] ::1 /tb/index.php/Admin/Auth/edit/id/1
ERR: 模板不存在:./App/Admin/View/Admin/Auth/edit.html

[ 2018-01-05T16:21:00+08:00 ] ::1 /tb/index.php/Admin/Auth/edit/id/1
ERR: 模板不存在:./App/Admin/View/Admin/Auth/edit.html

[ 2018-01-05T21:23:54+08:00 ] ::1 /tb/index.php/Admin/config/index
ERR: 无法加载控制器:Config

