[ 2018-01-23T15:59:45+08:00 ] ::1 /tb/index.php/Home/Index/Index
INFO: [ app_begin ] --START--
INFO: Run Behavior\ReadHtmlCache [ RunTime:0.001792s ]
INFO: [ app_begin ] --END-- [ RunTime:0.062531s ]
NOTIC: [8192] mysql_connect(): The mysql extension is deprecated and will be removed in the future: use mysqli or PDO instead D:\wamp\www\tb\ThinkPHP\Library\Think\Db\Driver\Mysql.class.php 第 52 行.
SQL: SHOW COLUMNS FROM `tp_index` [ RunTime:0.086826s ]
ERR: 1146:La table 'tb.tp_index' n'existe pas
 [ SQL语句 ] : SHOW COLUMNS FROM `tp_index`
SQL: SHOW COLUMNS FROM `tp_category` [ RunTime:0.050849s ]
SQL: SELECT * FROM `tp_category` WHERE ( pid=0 ) LIMIT 100   [ RunTime:0.022231s ]
SQL: SELECT * FROM `tp_category` WHERE ( pid=1 ) LIMIT 100   [ RunTime:0.000765s ]
SQL: SELECT * FROM `tp_category` WHERE ( pid=2 ) LIMIT 100   [ RunTime:0.001043s ]
SQL: SELECT * FROM `tp_category` WHERE ( pid=3 ) LIMIT 100   [ RunTime:0.000845s ]
SQL: SELECT * FROM `tp_category` WHERE ( pid=4 ) LIMIT 100   [ RunTime:0.000749s ]
SQL: SELECT * FROM `tp_category` WHERE ( pid=5 ) LIMIT 100   [ RunTime:0.000806s ]
SQL: SELECT * FROM `tp_category` WHERE ( pid=6 ) LIMIT 100   [ RunTime:0.000763s ]
INFO: [ view_parse ] --START--
INFO: [ template_filter ] --START--
INFO: Run Behavior\ContentReplace [ RunTime:0.001064s ]
INFO: [ template_filter ] --END-- [ RunTime:0.001840s ]
NOTIC: [8] Undefined index: user D:\wamp\www\tb\App\Runtime\Cache\Home\89e841a2657642c31fa49c57b891047b.php 第 31 行.
NOTIC: [8] Use of undefined constant Index - assumed 'Index' D:\wamp\www\tb\App\Runtime\Cache\Home\89e841a2657642c31fa49c57b891047b.php 第 46 行.
INFO: Run Behavior\ParseTemplate [ RunTime:0.183931s ]
INFO: [ view_parse ] --END-- [ RunTime:0.184323s ]
INFO: [ view_filter ] --START--
INFO: Run Behavior\WriteHtmlCache [ RunTime:0.020953s ]
INFO: [ view_filter ] --END-- [ RunTime:0.021146s ]
INFO: [ app_end ] --START--
INFO: Run Behavior\ShowPageTrace [ RunTime:0.001896s ]
INFO: [ app_end ] --END-- [ RunTime:0.002113s ]

[ 2018-01-23T16:16:49+08:00 ] ::1 /tb/index.php/Admin/Article/del
INFO: [ app_begin ] --START--
INFO: Run Behavior\ReadHtmlCache [ RunTime:0.000684s ]
INFO: [ app_begin ] --END-- [ RunTime:0.001241s ]
NOTIC: [8192] mysql_connect(): The mysql extension is deprecated and will be removed in the future: use mysqli or PDO instead D:\wamp\www\tb\ThinkPHP\Library\Think\Db\Driver\Mysql.class.php 第 52 行.
SQL: SHOW COLUMNS FROM `tp_article` [ RunTime:0.005066s ]
NOTIC: [2] Missing argument 1 for Admin\Controller\PublicController::auth(), called in D:\wamp\www\tb\App\Admin\Controller\PublicController.class.php on line 44 and defined D:\wamp\www\tb\App\Admin\Controller\PublicController.class.php 第 74 行.
SQL: SHOW COLUMNS FROM `tp_auth_group_access` [ RunTime:0.003171s ]
SQL: SELECT `rules` FROM tp_auth_group_access a INNER JOIN tp_auth_group g on a.group_id=g.id  WHERE ( a.uid='4' and g.status='1' )  [ RunTime:0.000386s ]
SQL: SHOW COLUMNS FROM `tp_auth_rule` [ RunTime:0.003518s ]
SQL: SELECT `condition`,`name` FROM `tp_auth_rule` WHERE ( `id` IN ('1','48','50','51','52','53','54','55','56','57','58','59','60','61','62','63','64','25','26','27','28','65','5','6','7','8','14','15','16','20','21','22','23','24','66','29','30','31','32','33','34','35','36','37','38','67','39','40','41','42','43','45','46','47','2','3','4','68','69','70','72','13') ) AND ( `type` = 1 ) AND ( `status` = 1 )  [ RunTime:0.000493s ]
SQL: SHOW COLUMNS FROM `tp_auth_rule` [ RunTime:0.003692s ]
SQL: SELECT * FROM `tp_auth_rule` WHERE ( `pid` = 1 ) AND ( `is_show` = 1 ) ORDER BY `sort` LIMIT 100   [ RunTime:0.000358s ]
SQL: SELECT * FROM `tp_auth_rule` WHERE ( `pid` = 71 ) AND ( `is_show` = 1 ) LIMIT 100   [ RunTime:0.000276s ]
SQL: SELECT * FROM `tp_auth_rule` WHERE ( `pid` = 64 ) AND ( `is_show` = 1 ) LIMIT 100   [ RunTime:0.000274s ]
SQL: SELECT * FROM `tp_auth_rule` WHERE ( `pid` = 65 ) AND ( `is_show` = 1 ) LIMIT 100   [ RunTime:0.000291s ]
SQL: SELECT * FROM `tp_auth_rule` WHERE ( `pid` = 66 ) AND ( `is_show` = 1 ) LIMIT 100   [ RunTime:0.000286s ]
SQL: SELECT * FROM `tp_auth_rule` WHERE ( `pid` = 67 ) AND ( `is_show` = 1 ) LIMIT 100   [ RunTime:0.000288s ]
SQL: SELECT * FROM `tp_auth_rule` WHERE ( `pid` = 48 ) AND ( `is_show` = 1 ) LIMIT 100   [ RunTime:0.000253s ]
SQL: SHOW COLUMNS FROM `tp_category` [ RunTime:0.003442s ]
SQL: SELECT * FROM `tp_category` WHERE ( `pid` = 0 )  [ RunTime:0.000275s ]

[ 2018-01-23T16:16:55+08:00 ] ::1 /tb/index.php/Admin/Article/del
INFO: [ app_begin ] --START--
INFO: Run Behavior\ReadHtmlCache [ RunTime:0.000716s ]
INFO: [ app_begin ] --END-- [ RunTime:0.001388s ]
NOTIC: [8192] mysql_connect(): The mysql extension is deprecated and will be removed in the future: use mysqli or PDO instead D:\wamp\www\tb\ThinkPHP\Library\Think\Db\Driver\Mysql.class.php 第 52 行.
SQL: SHOW COLUMNS FROM `tp_article` [ RunTime:0.007525s ]
NOTIC: [2] Missing argument 1 for Admin\Controller\PublicController::auth(), called in D:\wamp\www\tb\App\Admin\Controller\PublicController.class.php on line 44 and defined D:\wamp\www\tb\App\Admin\Controller\PublicController.class.php 第 74 行.
SQL: SHOW COLUMNS FROM `tp_auth_group_access` [ RunTime:0.003854s ]
SQL: SELECT `rules` FROM tp_auth_group_access a INNER JOIN tp_auth_group g on a.group_id=g.id  WHERE ( a.uid='4' and g.status='1' )  [ RunTime:0.000554s ]
SQL: SHOW COLUMNS FROM `tp_auth_rule` [ RunTime:0.005967s ]
SQL: SELECT `condition`,`name` FROM `tp_auth_rule` WHERE ( `id` IN ('1','48','50','51','52','53','54','55','56','57','58','59','60','61','62','63','64','25','26','27','28','65','5','6','7','8','14','15','16','20','21','22','23','24','66','29','30','31','32','33','34','35','36','37','38','67','39','40','41','42','43','45','46','47','2','3','4','68','69','70','72','13') ) AND ( `type` = 1 ) AND ( `status` = 1 )  [ RunTime:0.000456s ]
SQL: SHOW COLUMNS FROM `tp_auth_rule` [ RunTime:0.003719s ]
SQL: SELECT * FROM `tp_auth_rule` WHERE ( `pid` = 1 ) AND ( `is_show` = 1 ) ORDER BY `sort` LIMIT 100   [ RunTime:0.000321s ]
SQL: SELECT * FROM `tp_auth_rule` WHERE ( `pid` = 71 ) AND ( `is_show` = 1 ) LIMIT 100   [ RunTime:0.000222s ]
SQL: SELECT * FROM `tp_auth_rule` WHERE ( `pid` = 64 ) AND ( `is_show` = 1 ) LIMIT 100   [ RunTime:0.000252s ]
SQL: SELECT * FROM `tp_auth_rule` WHERE ( `pid` = 65 ) AND ( `is_show` = 1 ) LIMIT 100   [ RunTime:0.000976s ]
SQL: SELECT * FROM `tp_auth_rule` WHERE ( `pid` = 66 ) AND ( `is_show` = 1 ) LIMIT 100   [ RunTime:0.000271s ]
SQL: SELECT * FROM `tp_auth_rule` WHERE ( `pid` = 67 ) AND ( `is_show` = 1 ) LIMIT 100   [ RunTime:0.000249s ]
SQL: SELECT * FROM `tp_auth_rule` WHERE ( `pid` = 48 ) AND ( `is_show` = 1 ) LIMIT 100   [ RunTime:0.000249s ]
SQL: SHOW COLUMNS FROM `tp_category` [ RunTime:0.003570s ]
SQL: SELECT * FROM `tp_category` WHERE ( `pid` = 0 )  [ RunTime:0.000284s ]

[ 2018-01-23T16:25:45+08:00 ] ::1 /tb/index.php/Admin/Article/del
INFO: [ app_begin ] --START--
INFO: Run Behavior\ReadHtmlCache [ RunTime:0.000466s ]
INFO: [ app_begin ] --END-- [ RunTime:0.000889s ]
NOTIC: [8192] mysql_connect(): The mysql extension is deprecated and will be removed in the future: use mysqli or PDO instead D:\wamp\www\tb\ThinkPHP\Library\Think\Db\Driver\Mysql.class.php 第 52 行.
SQL: SHOW COLUMNS FROM `tp_article` [ RunTime:0.005984s ]
NOTIC: [2] Missing argument 1 for Admin\Controller\PublicController::auth(), called in D:\wamp\www\tb\App\Admin\Controller\PublicController.class.php on line 44 and defined D:\wamp\www\tb\App\Admin\Controller\PublicController.class.php 第 74 行.
SQL: SHOW COLUMNS FROM `tp_auth_group_access` [ RunTime:0.003202s ]
SQL: SELECT `rules` FROM tp_auth_group_access a INNER JOIN tp_auth_group g on a.group_id=g.id  WHERE ( a.uid='4' and g.status='1' )  [ RunTime:0.000301s ]
SQL: SHOW COLUMNS FROM `tp_auth_rule` [ RunTime:0.003373s ]
SQL: SELECT `condition`,`name` FROM `tp_auth_rule` WHERE ( `id` IN ('1','48','50','51','52','53','54','55','56','57','58','59','60','61','62','63','64','25','26','27','28','65','5','6','7','8','14','15','16','20','21','22','23','24','66','29','30','31','32','33','34','35','36','37','38','67','39','40','41','42','43','45','46','47','2','3','4','68','69','70','72','13') ) AND ( `type` = 1 ) AND ( `status` = 1 )  [ RunTime:0.000484s ]
SQL: SHOW COLUMNS FROM `tp_auth_rule` [ RunTime:0.004565s ]
SQL: SELECT * FROM `tp_auth_rule` WHERE ( `pid` = 1 ) AND ( `is_show` = 1 ) ORDER BY `sort` LIMIT 100   [ RunTime:0.000326s ]
SQL: SELECT * FROM `tp_auth_rule` WHERE ( `pid` = 71 ) AND ( `is_show` = 1 ) LIMIT 100   [ RunTime:0.000237s ]
SQL: SELECT * FROM `tp_auth_rule` WHERE ( `pid` = 64 ) AND ( `is_show` = 1 ) LIMIT 100   [ RunTime:0.000214s ]
SQL: SELECT * FROM `tp_auth_rule` WHERE ( `pid` = 65 ) AND ( `is_show` = 1 ) LIMIT 100   [ RunTime:0.000307s ]
SQL: SELECT * FROM `tp_auth_rule` WHERE ( `pid` = 66 ) AND ( `is_show` = 1 ) LIMIT 100   [ RunTime:0.000258s ]
SQL: SELECT * FROM `tp_auth_rule` WHERE ( `pid` = 67 ) AND ( `is_show` = 1 ) LIMIT 100   [ RunTime:0.000226s ]
SQL: SELECT * FROM `tp_auth_rule` WHERE ( `pid` = 48 ) AND ( `is_show` = 1 ) LIMIT 100   [ RunTime:0.000276s ]
SQL: SHOW COLUMNS FROM `tp_category` [ RunTime:0.003753s ]
SQL: SELECT * FROM `tp_category` WHERE ( `pid` = 0 )  [ RunTime:0.000283s ]

[ 2018-01-23T16:25:45+08:00 ] ::1 /tb/index.php/Admin/Article/del
INFO: [ app_begin ] --START--
INFO: Run Behavior\ReadHtmlCache [ RunTime:0.000548s ]
INFO: [ app_begin ] --END-- [ RunTime:0.001154s ]
NOTIC: [8192] mysql_connect(): The mysql extension is deprecated and will be removed in the future: use mysqli or PDO instead D:\wamp\www\tb\ThinkPHP\Library\Think\Db\Driver\Mysql.class.php 第 52 行.
SQL: SHOW COLUMNS FROM `tp_article` [ RunTime:0.004730s ]
NOTIC: [2] Missing argument 1 for Admin\Controller\PublicController::auth(), called in D:\wamp\www\tb\App\Admin\Controller\PublicController.class.php on line 44 and defined D:\wamp\www\tb\App\Admin\Controller\PublicController.class.php 第 74 行.
SQL: SHOW COLUMNS FROM `tp_auth_group_access` [ RunTime:0.004552s ]
SQL: SELECT `rules` FROM tp_auth_group_access a INNER JOIN tp_auth_group g on a.group_id=g.id  WHERE ( a.uid='4' and g.status='1' )  [ RunTime:0.000352s ]
SQL: SHOW COLUMNS FROM `tp_auth_rule` [ RunTime:0.003665s ]
SQL: SELECT `condition`,`name` FROM `tp_auth_rule` WHERE ( `id` IN ('1','48','50','51','52','53','54','55','56','57','58','59','60','61','62','63','64','25','26','27','28','65','5','6','7','8','14','15','16','20','21','22','23','24','66','29','30','31','32','33','34','35','36','37','38','67','39','40','41','42','43','45','46','47','2','3','4','68','69','70','72','13') ) AND ( `type` = 1 ) AND ( `status` = 1 )  [ RunTime:0.000495s ]
SQL: SHOW COLUMNS FROM `tp_auth_rule` [ RunTime:0.003920s ]
SQL: SELECT * FROM `tp_auth_rule` WHERE ( `pid` = 1 ) AND ( `is_show` = 1 ) ORDER BY `sort` LIMIT 100   [ RunTime:0.000389s ]
SQL: SELECT * FROM `tp_auth_rule` WHERE ( `pid` = 71 ) AND ( `is_show` = 1 ) LIMIT 100   [ RunTime:0.000251s ]
SQL: SELECT * FROM `tp_auth_rule` WHERE ( `pid` = 64 ) AND ( `is_show` = 1 ) LIMIT 100   [ RunTime:0.000238s ]
SQL: SELECT * FROM `tp_auth_rule` WHERE ( `pid` = 65 ) AND ( `is_show` = 1 ) LIMIT 100   [ RunTime:0.000276s ]
SQL: SELECT * FROM `tp_auth_rule` WHERE ( `pid` = 66 ) AND ( `is_show` = 1 ) LIMIT 100   [ RunTime:0.000254s ]
SQL: SELECT * FROM `tp_auth_rule` WHERE ( `pid` = 67 ) AND ( `is_show` = 1 ) LIMIT 100   [ RunTime:0.000276s ]
SQL: SELECT * FROM `tp_auth_rule` WHERE ( `pid` = 48 ) AND ( `is_show` = 1 ) LIMIT 100   [ RunTime:0.000287s ]
SQL: SHOW COLUMNS FROM `tp_category` [ RunTime:0.003754s ]
SQL: SELECT * FROM `tp_category` WHERE ( `pid` = 0 )  [ RunTime:0.000341s ]

[ 2018-01-23T16:27:03+08:00 ] ::1 /tb/index.php/Admin/Article/del
INFO: [ app_begin ] --START--
INFO: Run Behavior\ReadHtmlCache [ RunTime:0.001048s ]
INFO: [ app_begin ] --END-- [ RunTime:0.002688s ]
NOTIC: [8192] mysql_connect(): The mysql extension is deprecated and will be removed in the future: use mysqli or PDO instead D:\wamp\www\tb\ThinkPHP\Library\Think\Db\Driver\Mysql.class.php 第 52 行.
SQL: SHOW COLUMNS FROM `tp_article` [ RunTime:0.005318s ]
NOTIC: [2] Missing argument 1 for Admin\Controller\PublicController::auth(), called in D:\wamp\www\tb\App\Admin\Controller\PublicController.class.php on line 44 and defined D:\wamp\www\tb\App\Admin\Controller\PublicController.class.php 第 74 行.
SQL: SHOW COLUMNS FROM `tp_auth_group_access` [ RunTime:0.003131s ]
SQL: SELECT `rules` FROM tp_auth_group_access a INNER JOIN tp_auth_group g on a.group_id=g.id  WHERE ( a.uid='4' and g.status='1' )  [ RunTime:0.000334s ]
SQL: SHOW COLUMNS FROM `tp_auth_rule` [ RunTime:0.003518s ]
SQL: SELECT `condition`,`name` FROM `tp_auth_rule` WHERE ( `id` IN ('1','48','50','51','52','53','54','55','56','57','58','59','60','61','62','63','64','25','26','27','28','65','5','6','7','8','14','15','16','20','21','22','23','24','66','29','30','31','32','33','34','35','36','37','38','67','39','40','41','42','43','45','46','47','2','3','4','68','69','70','72','13') ) AND ( `type` = 1 ) AND ( `status` = 1 )  [ RunTime:0.000544s ]
SQL: SHOW COLUMNS FROM `tp_auth_rule` [ RunTime:0.004405s ]
SQL: SELECT * FROM `tp_auth_rule` WHERE ( `pid` = 1 ) AND ( `is_show` = 1 ) ORDER BY `sort` LIMIT 100   [ RunTime:0.000444s ]
SQL: SELECT * FROM `tp_auth_rule` WHERE ( `pid` = 71 ) AND ( `is_show` = 1 ) LIMIT 100   [ RunTime:0.000252s ]
SQL: SELECT * FROM `tp_auth_rule` WHERE ( `pid` = 64 ) AND ( `is_show` = 1 ) LIMIT 100   [ RunTime:0.000215s ]
SQL: SELECT * FROM `tp_auth_rule` WHERE ( `pid` = 65 ) AND ( `is_show` = 1 ) LIMIT 100   [ RunTime:0.000247s ]
SQL: SELECT * FROM `tp_auth_rule` WHERE ( `pid` = 66 ) AND ( `is_show` = 1 ) LIMIT 100   [ RunTime:0.000273s ]
SQL: SELECT * FROM `tp_auth_rule` WHERE ( `pid` = 67 ) AND ( `is_show` = 1 ) LIMIT 100   [ RunTime:0.000266s ]
SQL: SELECT * FROM `tp_auth_rule` WHERE ( `pid` = 48 ) AND ( `is_show` = 1 ) LIMIT 100   [ RunTime:0.000245s ]
SQL: SHOW COLUMNS FROM `tp_category` [ RunTime:0.003849s ]
SQL: SELECT * FROM `tp_category` WHERE ( `pid` = 0 )  [ RunTime:0.000407s ]

[ 2018-01-23T16:27:03+08:00 ] ::1 /tb/index.php/Admin/Article/del
INFO: [ app_begin ] --START--
INFO: Run Behavior\ReadHtmlCache [ RunTime:0.000553s ]
INFO: [ app_begin ] --END-- [ RunTime:0.001398s ]
NOTIC: [8192] mysql_connect(): The mysql extension is deprecated and will be removed in the future: use mysqli or PDO instead D:\wamp\www\tb\ThinkPHP\Library\Think\Db\Driver\Mysql.class.php 第 52 行.
SQL: SHOW COLUMNS FROM `tp_article` [ RunTime:0.005508s ]
NOTIC: [2] Missing argument 1 for Admin\Controller\PublicController::auth(), called in D:\wamp\www\tb\App\Admin\Controller\PublicController.class.php on line 44 and defined D:\wamp\www\tb\App\Admin\Controller\PublicController.class.php 第 74 行.
SQL: SHOW COLUMNS FROM `tp_auth_group_access` [ RunTime:0.003468s ]
SQL: SELECT `rules` FROM tp_auth_group_access a INNER JOIN tp_auth_group g on a.group_id=g.id  WHERE ( a.uid='4' and g.status='1' )  [ RunTime:0.000315s ]
SQL: SHOW COLUMNS FROM `tp_auth_rule` [ RunTime:0.005308s ]
SQL: SELECT `condition`,`name` FROM `tp_auth_rule` WHERE ( `id` IN ('1','48','50','51','52','53','54','55','56','57','58','59','60','61','62','63','64','25','26','27','28','65','5','6','7','8','14','15','16','20','21','22','23','24','66','29','30','31','32','33','34','35','36','37','38','67','39','40','41','42','43','45','46','47','2','3','4','68','69','70','72','13') ) AND ( `type` = 1 ) AND ( `status` = 1 )  [ RunTime:0.000582s ]
SQL: SHOW COLUMNS FROM `tp_auth_rule` [ RunTime:0.005155s ]
SQL: SELECT * FROM `tp_auth_rule` WHERE ( `pid` = 1 ) AND ( `is_show` = 1 ) ORDER BY `sort` LIMIT 100   [ RunTime:0.000389s ]
SQL: SELECT * FROM `tp_auth_rule` WHERE ( `pid` = 71 ) AND ( `is_show` = 1 ) LIMIT 100   [ RunTime:0.000334s ]
SQL: SELECT * FROM `tp_auth_rule` WHERE ( `pid` = 64 ) AND ( `is_show` = 1 ) LIMIT 100   [ RunTime:0.000305s ]
SQL: SELECT * FROM `tp_auth_rule` WHERE ( `pid` = 65 ) AND ( `is_show` = 1 ) LIMIT 100   [ RunTime:0.000261s ]
SQL: SELECT * FROM `tp_auth_rule` WHERE ( `pid` = 66 ) AND ( `is_show` = 1 ) LIMIT 100   [ RunTime:0.000244s ]
SQL: SELECT * FROM `tp_auth_rule` WHERE ( `pid` = 67 ) AND ( `is_show` = 1 ) LIMIT 100   [ RunTime:0.000293s ]
SQL: SELECT * FROM `tp_auth_rule` WHERE ( `pid` = 48 ) AND ( `is_show` = 1 ) LIMIT 100   [ RunTime:0.000290s ]
SQL: SHOW COLUMNS FROM `tp_category` [ RunTime:0.003672s ]
SQL: SELECT * FROM `tp_category` WHERE ( `pid` = 0 )  [ RunTime:0.000264s ]

[ 2018-01-23T16:27:04+08:00 ] ::1 /tb/index.php/Admin/Article/del
INFO: [ app_begin ] --START--
INFO: Run Behavior\ReadHtmlCache [ RunTime:0.000909s ]
INFO: [ app_begin ] --END-- [ RunTime:0.001849s ]
NOTIC: [8192] mysql_connect(): The mysql extension is deprecated and will be removed in the future: use mysqli or PDO instead D:\wamp\www\tb\ThinkPHP\Library\Think\Db\Driver\Mysql.class.php 第 52 行.
SQL: SHOW COLUMNS FROM `tp_article` [ RunTime:0.003817s ]
NOTIC: [2] Missing argument 1 for Admin\Controller\PublicController::auth(), called in D:\wamp\www\tb\App\Admin\Controller\PublicController.class.php on line 44 and defined D:\wamp\www\tb\App\Admin\Controller\PublicController.class.php 第 74 行.
SQL: SHOW COLUMNS FROM `tp_auth_group_access` [ RunTime:0.004288s ]
SQL: SELECT `rules` FROM tp_auth_group_access a INNER JOIN tp_auth_group g on a.group_id=g.id  WHERE ( a.uid='4' and g.status='1' )  [ RunTime:0.000315s ]
SQL: SHOW COLUMNS FROM `tp_auth_rule` [ RunTime:0.003876s ]
SQL: SELECT `condition`,`name` FROM `tp_auth_rule` WHERE ( `id` IN ('1','48','50','51','52','53','54','55','56','57','58','59','60','61','62','63','64','25','26','27','28','65','5','6','7','8','14','15','16','20','21','22','23','24','66','29','30','31','32','33','34','35','36','37','38','67','39','40','41','42','43','45','46','47','2','3','4','68','69','70','72','13') ) AND ( `type` = 1 ) AND ( `status` = 1 )  [ RunTime:0.000483s ]
SQL: SHOW COLUMNS FROM `tp_auth_rule` [ RunTime:0.003768s ]
SQL: SELECT * FROM `tp_auth_rule` WHERE ( `pid` = 1 ) AND ( `is_show` = 1 ) ORDER BY `sort` LIMIT 100   [ RunTime:0.000951s ]
SQL: SELECT * FROM `tp_auth_rule` WHERE ( `pid` = 71 ) AND ( `is_show` = 1 ) LIMIT 100   [ RunTime:0.000301s ]
SQL: SELECT * FROM `tp_auth_rule` WHERE ( `pid` = 64 ) AND ( `is_show` = 1 ) LIMIT 100   [ RunTime:0.000253s ]
SQL: SELECT * FROM `tp_auth_rule` WHERE ( `pid` = 65 ) AND ( `is_show` = 1 ) LIMIT 100   [ RunTime:0.000355s ]
SQL: SELECT * FROM `tp_auth_rule` WHERE ( `pid` = 66 ) AND ( `is_show` = 1 ) LIMIT 100   [ RunTime:0.000317s ]
SQL: SELECT * FROM `tp_auth_rule` WHERE ( `pid` = 67 ) AND ( `is_show` = 1 ) LIMIT 100   [ RunTime:0.000290s ]
SQL: SELECT * FROM `tp_auth_rule` WHERE ( `pid` = 48 ) AND ( `is_show` = 1 ) LIMIT 100   [ RunTime:0.000277s ]
SQL: SHOW COLUMNS FROM `tp_category` [ RunTime:0.003638s ]
SQL: SELECT * FROM `tp_category` WHERE ( `pid` = 0 )  [ RunTime:0.000463s ]

[ 2018-01-23T16:30:41+08:00 ] ::1 /tb/index.php/Admin/Article/del?id2=11
INFO: [ app_begin ] --START--
INFO: Run Behavior\ReadHtmlCache [ RunTime:0.000493s ]
INFO: [ app_begin ] --END-- [ RunTime:0.000972s ]
NOTIC: [8192] mysql_connect(): The mysql extension is deprecated and will be removed in the future: use mysqli or PDO instead D:\wamp\www\tb\ThinkPHP\Library\Think\Db\Driver\Mysql.class.php 第 52 行.
SQL: SHOW COLUMNS FROM `tp_article` [ RunTime:0.005088s ]
NOTIC: [2] Missing argument 1 for Admin\Controller\PublicController::auth(), called in D:\wamp\www\tb\App\Admin\Controller\PublicController.class.php on line 44 and defined D:\wamp\www\tb\App\Admin\Controller\PublicController.class.php 第 74 行.
SQL: SHOW COLUMNS FROM `tp_auth_group_access` [ RunTime:0.003168s ]
SQL: SELECT `rules` FROM tp_auth_group_access a INNER JOIN tp_auth_group g on a.group_id=g.id  WHERE ( a.uid='4' and g.status='1' )  [ RunTime:0.000316s ]
SQL: SHOW COLUMNS FROM `tp_auth_rule` [ RunTime:0.003887s ]
SQL: SELECT `condition`,`name` FROM `tp_auth_rule` WHERE ( `id` IN ('1','48','50','51','52','53','54','55','56','57','58','59','60','61','62','63','64','25','26','27','28','65','5','6','7','8','14','15','16','20','21','22','23','24','66','29','30','31','32','33','34','35','36','37','38','67','39','40','41','42','43','45','46','47','2','3','4','68','69','70','72','13') ) AND ( `type` = 1 ) AND ( `status` = 1 )  [ RunTime:0.000499s ]
SQL: SHOW COLUMNS FROM `tp_auth_rule` [ RunTime:0.004797s ]
SQL: SELECT * FROM `tp_auth_rule` WHERE ( `pid` = 1 ) AND ( `is_show` = 1 ) ORDER BY `sort` LIMIT 100   [ RunTime:0.000405s ]
SQL: SELECT * FROM `tp_auth_rule` WHERE ( `pid` = 71 ) AND ( `is_show` = 1 ) LIMIT 100   [ RunTime:0.000279s ]
SQL: SELECT * FROM `tp_auth_rule` WHERE ( `pid` = 64 ) AND ( `is_show` = 1 ) LIMIT 100   [ RunTime:0.000273s ]
SQL: SELECT * FROM `tp_auth_rule` WHERE ( `pid` = 65 ) AND ( `is_show` = 1 ) LIMIT 100   [ RunTime:0.000289s ]
SQL: SELECT * FROM `tp_auth_rule` WHERE ( `pid` = 66 ) AND ( `is_show` = 1 ) LIMIT 100   [ RunTime:0.000289s ]
SQL: SELECT * FROM `tp_auth_rule` WHERE ( `pid` = 67 ) AND ( `is_show` = 1 ) LIMIT 100   [ RunTime:0.000271s ]
SQL: SELECT * FROM `tp_auth_rule` WHERE ( `pid` = 48 ) AND ( `is_show` = 1 ) LIMIT 100   [ RunTime:0.000291s ]
SQL: SHOW COLUMNS FROM `tp_category` [ RunTime:0.003965s ]
SQL: SELECT * FROM `tp_category` WHERE ( `pid` = 0 )  [ RunTime:0.000335s ]

[ 2018-01-23T16:30:45+08:00 ] ::1 /tb/index.php/Admin/Article/del
INFO: [ app_begin ] --START--
INFO: Run Behavior\ReadHtmlCache [ RunTime:0.000568s ]
INFO: [ app_begin ] --END-- [ RunTime:0.001010s ]
NOTIC: [8192] mysql_connect(): The mysql extension is deprecated and will be removed in the future: use mysqli or PDO instead D:\wamp\www\tb\ThinkPHP\Library\Think\Db\Driver\Mysql.class.php 第 52 行.
SQL: SHOW COLUMNS FROM `tp_article` [ RunTime:0.005188s ]
NOTIC: [2] Missing argument 1 for Admin\Controller\PublicController::auth(), called in D:\wamp\www\tb\App\Admin\Controller\PublicController.class.php on line 44 and defined D:\wamp\www\tb\App\Admin\Controller\PublicController.class.php 第 74 行.
SQL: SHOW COLUMNS FROM `tp_auth_group_access` [ RunTime:0.003269s ]
SQL: SELECT `rules` FROM tp_auth_group_access a INNER JOIN tp_auth_group g on a.group_id=g.id  WHERE ( a.uid='4' and g.status='1' )  [ RunTime:0.000315s ]
SQL: SHOW COLUMNS FROM `tp_auth_rule` [ RunTime:0.004023s ]
SQL: SELECT `condition`,`name` FROM `tp_auth_rule` WHERE ( `id` IN ('1','48','50','51','52','53','54','55','56','57','58','59','60','61','62','63','64','25','26','27','28','65','5','6','7','8','14','15','16','20','21','22','23','24','66','29','30','31','32','33','34','35','36','37','38','67','39','40','41','42','43','45','46','47','2','3','4','68','69','70','72','13') ) AND ( `type` = 1 ) AND ( `status` = 1 )  [ RunTime:0.001218s ]
SQL: SHOW COLUMNS FROM `tp_auth_rule` [ RunTime:0.003655s ]
SQL: SELECT * FROM `tp_auth_rule` WHERE ( `pid` = 1 ) AND ( `is_show` = 1 ) ORDER BY `sort` LIMIT 100   [ RunTime:0.000383s ]
SQL: SELECT * FROM `tp_auth_rule` WHERE ( `pid` = 71 ) AND ( `is_show` = 1 ) LIMIT 100   [ RunTime:0.000332s ]
SQL: SELECT * FROM `tp_auth_rule` WHERE ( `pid` = 64 ) AND ( `is_show` = 1 ) LIMIT 100   [ RunTime:0.000284s ]
SQL: SELECT * FROM `tp_auth_rule` WHERE ( `pid` = 65 ) AND ( `is_show` = 1 ) LIMIT 100   [ RunTime:0.000289s ]
SQL: SELECT * FROM `tp_auth_rule` WHERE ( `pid` = 66 ) AND ( `is_show` = 1 ) LIMIT 100   [ RunTime:0.000286s ]
SQL: SELECT * FROM `tp_auth_rule` WHERE ( `pid` = 67 ) AND ( `is_show` = 1 ) LIMIT 100   [ RunTime:0.000272s ]
SQL: SELECT * FROM `tp_auth_rule` WHERE ( `pid` = 48 ) AND ( `is_show` = 1 ) LIMIT 100   [ RunTime:0.000285s ]
SQL: SHOW COLUMNS FROM `tp_category` [ RunTime:0.004032s ]
SQL: SELECT * FROM `tp_category` WHERE ( `pid` = 0 )  [ RunTime:0.000318s ]

[ 2018-01-23T16:31:14+08:00 ] ::1 /tb/index.php/Admin/Article/del?id2=11
INFO: [ app_begin ] --START--
INFO: Run Behavior\ReadHtmlCache [ RunTime:0.000598s ]
INFO: [ app_begin ] --END-- [ RunTime:0.001469s ]
NOTIC: [8192] mysql_connect(): The mysql extension is deprecated and will be removed in the future: use mysqli or PDO instead D:\wamp\www\tb\ThinkPHP\Library\Think\Db\Driver\Mysql.class.php 第 52 行.
SQL: SHOW COLUMNS FROM `tp_article` [ RunTime:0.006640s ]
NOTIC: [2] Missing argument 1 for Admin\Controller\PublicController::auth(), called in D:\wamp\www\tb\App\Admin\Controller\PublicController.class.php on line 44 and defined D:\wamp\www\tb\App\Admin\Controller\PublicController.class.php 第 74 行.
SQL: SHOW COLUMNS FROM `tp_auth_group_access` [ RunTime:0.003987s ]
SQL: SELECT `rules` FROM tp_auth_group_access a INNER JOIN tp_auth_group g on a.group_id=g.id  WHERE ( a.uid='4' and g.status='1' )  [ RunTime:0.000335s ]
SQL: SHOW COLUMNS FROM `tp_auth_rule` [ RunTime:0.004270s ]
SQL: SELECT `condition`,`name` FROM `tp_auth_rule` WHERE ( `id` IN ('1','48','50','51','52','53','54','55','56','57','58','59','60','61','62','63','64','25','26','27','28','65','5','6','7','8','14','15','16','20','21','22','23','24','66','29','30','31','32','33','34','35','36','37','38','67','39','40','41','42','43','45','46','47','2','3','4','68','69','70','72','13') ) AND ( `type` = 1 ) AND ( `status` = 1 )  [ RunTime:0.000719s ]
SQL: SHOW COLUMNS FROM `tp_auth_rule` [ RunTime:0.004377s ]
SQL: SELECT * FROM `tp_auth_rule` WHERE ( `pid` = 1 ) AND ( `is_show` = 1 ) ORDER BY `sort` LIMIT 100   [ RunTime:0.000389s ]
SQL: SELECT * FROM `tp_auth_rule` WHERE ( `pid` = 71 ) AND ( `is_show` = 1 ) LIMIT 100   [ RunTime:0.000281s ]
SQL: SELECT * FROM `tp_auth_rule` WHERE ( `pid` = 64 ) AND ( `is_show` = 1 ) LIMIT 100   [ RunTime:0.000312s ]
SQL: SELECT * FROM `tp_auth_rule` WHERE ( `pid` = 65 ) AND ( `is_show` = 1 ) LIMIT 100   [ RunTime:0.000317s ]
SQL: SELECT * FROM `tp_auth_rule` WHERE ( `pid` = 66 ) AND ( `is_show` = 1 ) LIMIT 100   [ RunTime:0.000319s ]
SQL: SELECT * FROM `tp_auth_rule` WHERE ( `pid` = 67 ) AND ( `is_show` = 1 ) LIMIT 100   [ RunTime:0.000297s ]
SQL: SELECT * FROM `tp_auth_rule` WHERE ( `pid` = 48 ) AND ( `is_show` = 1 ) LIMIT 100   [ RunTime:0.000311s ]
SQL: SHOW COLUMNS FROM `tp_category` [ RunTime:0.004372s ]
SQL: SELECT * FROM `tp_category` WHERE ( `pid` = 0 )  [ RunTime:0.000334s ]

[ 2018-01-23T16:31:15+08:00 ] ::1 /tb/index.php/Admin/Article/del?id2=11
INFO: [ app_begin ] --START--
INFO: Run Behavior\ReadHtmlCache [ RunTime:0.000495s ]
INFO: [ app_begin ] --END-- [ RunTime:0.000905s ]
NOTIC: [8192] mysql_connect(): The mysql extension is deprecated and will be removed in the future: use mysqli or PDO instead D:\wamp\www\tb\ThinkPHP\Library\Think\Db\Driver\Mysql.class.php 第 52 行.
SQL: SHOW COLUMNS FROM `tp_article` [ RunTime:0.054309s ]
NOTIC: [2] Missing argument 1 for Admin\Controller\PublicController::auth(), called in D:\wamp\www\tb\App\Admin\Controller\PublicController.class.php on line 44 and defined D:\wamp\www\tb\App\Admin\Controller\PublicController.class.php 第 74 行.
SQL: SHOW COLUMNS FROM `tp_auth_group_access` [ RunTime:0.010858s ]
SQL: SELECT `rules` FROM tp_auth_group_access a INNER JOIN tp_auth_group g on a.group_id=g.id  WHERE ( a.uid='4' and g.status='1' )  [ RunTime:0.000857s ]
SQL: SHOW COLUMNS FROM `tp_auth_rule` [ RunTime:0.011884s ]
SQL: SELECT `condition`,`name` FROM `tp_auth_rule` WHERE ( `id` IN ('1','48','50','51','52','53','54','55','56','57','58','59','60','61','62','63','64','25','26','27','28','65','5','6','7','8','14','15','16','20','21','22','23','24','66','29','30','31','32','33','34','35','36','37','38','67','39','40','41','42','43','45','46','47','2','3','4','68','69','70','72','13') ) AND ( `type` = 1 ) AND ( `status` = 1 )  [ RunTime:0.001790s ]
SQL: SHOW COLUMNS FROM `tp_auth_rule` [ RunTime:0.016624s ]
SQL: SELECT * FROM `tp_auth_rule` WHERE ( `pid` = 1 ) AND ( `is_show` = 1 ) ORDER BY `sort` LIMIT 100   [ RunTime:0.001493s ]
SQL: SELECT * FROM `tp_auth_rule` WHERE ( `pid` = 71 ) AND ( `is_show` = 1 ) LIMIT 100   [ RunTime:0.001086s ]
SQL: SELECT * FROM `tp_auth_rule` WHERE ( `pid` = 64 ) AND ( `is_show` = 1 ) LIMIT 100   [ RunTime:0.001083s ]
SQL: SELECT * FROM `tp_auth_rule` WHERE ( `pid` = 65 ) AND ( `is_show` = 1 ) LIMIT 100   [ RunTime:0.001039s ]
SQL: SELECT * FROM `tp_auth_rule` WHERE ( `pid` = 66 ) AND ( `is_show` = 1 ) LIMIT 100   [ RunTime:0.000953s ]
SQL: SELECT * FROM `tp_auth_rule` WHERE ( `pid` = 67 ) AND ( `is_show` = 1 ) LIMIT 100   [ RunTime:0.001036s ]
SQL: SELECT * FROM `tp_auth_rule` WHERE ( `pid` = 48 ) AND ( `is_show` = 1 ) LIMIT 100   [ RunTime:0.001147s ]
SQL: SHOW COLUMNS FROM `tp_category` [ RunTime:0.012475s ]
SQL: SELECT * FROM `tp_category` WHERE ( `pid` = 0 )  [ RunTime:0.000954s ]

[ 2018-01-23T16:31:15+08:00 ] ::1 /tb/index.php/Admin/Article/del?id2=11
INFO: [ app_begin ] --START--
INFO: Run Behavior\ReadHtmlCache [ RunTime:0.000443s ]
INFO: [ app_begin ] --END-- [ RunTime:0.000852s ]
NOTIC: [8192] mysql_connect(): The mysql extension is deprecated and will be removed in the future: use mysqli or PDO instead D:\wamp\www\tb\ThinkPHP\Library\Think\Db\Driver\Mysql.class.php 第 52 行.
SQL: SHOW COLUMNS FROM `tp_article` [ RunTime:0.098010s ]
NOTIC: [2] Missing argument 1 for Admin\Controller\PublicController::auth(), called in D:\wamp\www\tb\App\Admin\Controller\PublicController.class.php on line 44 and defined D:\wamp\www\tb\App\Admin\Controller\PublicController.class.php 第 74 行.
SQL: SHOW COLUMNS FROM `tp_auth_group_access` [ RunTime:0.011607s ]
SQL: SELECT `rules` FROM tp_auth_group_access a INNER JOIN tp_auth_group g on a.group_id=g.id  WHERE ( a.uid='4' and g.status='1' )  [ RunTime:0.000882s ]
SQL: SHOW COLUMNS FROM `tp_auth_rule` [ RunTime:0.011662s ]
SQL: SELECT `condition`,`name` FROM `tp_auth_rule` WHERE ( `id` IN ('1','48','50','51','52','53','54','55','56','57','58','59','60','61','62','63','64','25','26','27','28','65','5','6','7','8','14','15','16','20','21','22','23','24','66','29','30','31','32','33','34','35','36','37','38','67','39','40','41','42','43','45','46','47','2','3','4','68','69','70','72','13') ) AND ( `type` = 1 ) AND ( `status` = 1 )  [ RunTime:0.001482s ]
SQL: SHOW COLUMNS FROM `tp_auth_rule` [ RunTime:0.012216s ]
SQL: SELECT * FROM `tp_auth_rule` WHERE ( `pid` = 1 ) AND ( `is_show` = 1 ) ORDER BY `sort` LIMIT 100   [ RunTime:0.001226s ]
SQL: SELECT * FROM `tp_auth_rule` WHERE ( `pid` = 71 ) AND ( `is_show` = 1 ) LIMIT 100   [ RunTime:0.000890s ]
SQL: SELECT * FROM `tp_auth_rule` WHERE ( `pid` = 64 ) AND ( `is_show` = 1 ) LIMIT 100   [ RunTime:0.000847s ]
SQL: SELECT * FROM `tp_auth_rule` WHERE ( `pid` = 65 ) AND ( `is_show` = 1 ) LIMIT 100   [ RunTime:0.001046s ]
SQL: SELECT * FROM `tp_auth_rule` WHERE ( `pid` = 66 ) AND ( `is_show` = 1 ) LIMIT 100   [ RunTime:0.000988s ]
SQL: SELECT * FROM `tp_auth_rule` WHERE ( `pid` = 67 ) AND ( `is_show` = 1 ) LIMIT 100   [ RunTime:0.001099s ]
SQL: SELECT * FROM `tp_auth_rule` WHERE ( `pid` = 48 ) AND ( `is_show` = 1 ) LIMIT 100   [ RunTime:0.000931s ]
SQL: SHOW COLUMNS FROM `tp_category` [ RunTime:0.011927s ]
SQL: SELECT * FROM `tp_category` WHERE ( `pid` = 0 )  [ RunTime:0.000883s ]

[ 2018-01-23T16:31:15+08:00 ] ::1 /tb/index.php/Admin/Article/del?id2=11
INFO: [ app_begin ] --START--
INFO: Run Behavior\ReadHtmlCache [ RunTime:0.000448s ]
INFO: [ app_begin ] --END-- [ RunTime:0.000854s ]
NOTIC: [8192] mysql_connect(): The mysql extension is deprecated and will be removed in the future: use mysqli or PDO instead D:\wamp\www\tb\ThinkPHP\Library\Think\Db\Driver\Mysql.class.php 第 52 行.
SQL: SHOW COLUMNS FROM `tp_article` [ RunTime:0.004779s ]
NOTIC: [2] Missing argument 1 for Admin\Controller\PublicController::auth(), called in D:\wamp\www\tb\App\Admin\Controller\PublicController.class.php on line 44 and defined D:\wamp\www\tb\App\Admin\Controller\PublicController.class.php 第 74 行.
SQL: SHOW COLUMNS FROM `tp_auth_group_access` [ RunTime:0.003702s ]
SQL: SELECT `rules` FROM tp_auth_group_access a INNER JOIN tp_auth_group g on a.group_id=g.id  WHERE ( a.uid='4' and g.status='1' )  [ RunTime:0.000354s ]
SQL: SHOW COLUMNS FROM `tp_auth_rule` [ RunTime:0.004033s ]
SQL: SELECT `condition`,`name` FROM `tp_auth_rule` WHERE ( `id` IN ('1','48','50','51','52','53','54','55','56','57','58','59','60','61','62','63','64','25','26','27','28','65','5','6','7','8','14','15','16','20','21','22','23','24','66','29','30','31','32','33','34','35','36','37','38','67','39','40','41','42','43','45','46','47','2','3','4','68','69','70','72','13') ) AND ( `type` = 1 ) AND ( `status` = 1 )  [ RunTime:0.000615s ]
SQL: SHOW COLUMNS FROM `tp_auth_rule` [ RunTime:0.004007s ]
SQL: SELECT * FROM `tp_auth_rule` WHERE ( `pid` = 1 ) AND ( `is_show` = 1 ) ORDER BY `sort` LIMIT 100   [ RunTime:0.000380s ]
SQL: SELECT * FROM `tp_auth_rule` WHERE ( `pid` = 71 ) AND ( `is_show` = 1 ) LIMIT 100   [ RunTime:0.000286s ]
SQL: SELECT * FROM `tp_auth_rule` WHERE ( `pid` = 64 ) AND ( `is_show` = 1 ) LIMIT 100   [ RunTime:0.000340s ]
SQL: SELECT * FROM `tp_auth_rule` WHERE ( `pid` = 65 ) AND ( `is_show` = 1 ) LIMIT 100   [ RunTime:0.000289s ]
SQL: SELECT * FROM `tp_auth_rule` WHERE ( `pid` = 66 ) AND ( `is_show` = 1 ) LIMIT 100   [ RunTime:0.000296s ]
SQL: SELECT * FROM `tp_auth_rule` WHERE ( `pid` = 67 ) AND ( `is_show` = 1 ) LIMIT 100   [ RunTime:0.000275s ]
SQL: SELECT * FROM `tp_auth_rule` WHERE ( `pid` = 48 ) AND ( `is_show` = 1 ) LIMIT 100   [ RunTime:0.000297s ]
SQL: SHOW COLUMNS FROM `tp_category` [ RunTime:0.003809s ]
SQL: SELECT * FROM `tp_category` WHERE ( `pid` = 0 )  [ RunTime:0.000335s ]

[ 2018-01-23T16:31:17+08:00 ] ::1 /tb/index.php/Admin/Article/del
INFO: [ app_begin ] --START--
INFO: Run Behavior\ReadHtmlCache [ RunTime:0.000724s ]
INFO: [ app_begin ] --END-- [ RunTime:0.001450s ]
NOTIC: [8192] mysql_connect(): The mysql extension is deprecated and will be removed in the future: use mysqli or PDO instead D:\wamp\www\tb\ThinkPHP\Library\Think\Db\Driver\Mysql.class.php 第 52 行.
SQL: SHOW COLUMNS FROM `tp_article` [ RunTime:0.050947s ]
NOTIC: [2] Missing argument 1 for Admin\Controller\PublicController::auth(), called in D:\wamp\www\tb\App\Admin\Controller\PublicController.class.php on line 44 and defined D:\wamp\www\tb\App\Admin\Controller\PublicController.class.php 第 74 行.
SQL: SHOW COLUMNS FROM `tp_auth_group_access` [ RunTime:0.003721s ]
SQL: SELECT `rules` FROM tp_auth_group_access a INNER JOIN tp_auth_group g on a.group_id=g.id  WHERE ( a.uid='4' and g.status='1' )  [ RunTime:0.000345s ]
SQL: SHOW COLUMNS FROM `tp_auth_rule` [ RunTime:0.003818s ]
SQL: SELECT `condition`,`name` FROM `tp_auth_rule` WHERE ( `id` IN ('1','48','50','51','52','53','54','55','56','57','58','59','60','61','62','63','64','25','26','27','28','65','5','6','7','8','14','15','16','20','21','22','23','24','66','29','30','31','32','33','34','35','36','37','38','67','39','40','41','42','43','45','46','47','2','3','4','68','69','70','72','13') ) AND ( `type` = 1 ) AND ( `status` = 1 )  [ RunTime:0.000678s ]
SQL: SHOW COLUMNS FROM `tp_auth_rule` [ RunTime:0.003263s ]
SQL: SELECT * FROM `tp_auth_rule` WHERE ( `pid` = 1 ) AND ( `is_show` = 1 ) ORDER BY `sort` LIMIT 100   [ RunTime:0.000331s ]
SQL: SELECT * FROM `tp_auth_rule` WHERE ( `pid` = 71 ) AND ( `is_show` = 1 ) LIMIT 100   [ RunTime:0.000220s ]
SQL: SELECT * FROM `tp_auth_rule` WHERE ( `pid` = 64 ) AND ( `is_show` = 1 ) LIMIT 100   [ RunTime:0.000489s ]
SQL: SELECT * FROM `tp_auth_rule` WHERE ( `pid` = 65 ) AND ( `is_show` = 1 ) LIMIT 100   [ RunTime:0.000283s ]
SQL: SELECT * FROM `tp_auth_rule` WHERE ( `pid` = 66 ) AND ( `is_show` = 1 ) LIMIT 100   [ RunTime:0.000366s ]
SQL: SELECT * FROM `tp_auth_rule` WHERE ( `pid` = 67 ) AND ( `is_show` = 1 ) LIMIT 100   [ RunTime:0.000351s ]
SQL: SELECT * FROM `tp_auth_rule` WHERE ( `pid` = 48 ) AND ( `is_show` = 1 ) LIMIT 100   [ RunTime:0.000291s ]
SQL: SHOW COLUMNS FROM `tp_category` [ RunTime:0.003532s ]
SQL: SELECT * FROM `tp_category` WHERE ( `pid` = 0 )  [ RunTime:0.000264s ]

[ 2018-01-23T16:31:17+08:00 ] ::1 /tb/index.php/Admin/Article/del
INFO: [ app_begin ] --START--
INFO: Run Behavior\ReadHtmlCache [ RunTime:0.001404s ]
INFO: [ app_begin ] --END-- [ RunTime:0.002935s ]
NOTIC: [8192] mysql_connect(): The mysql extension is deprecated and will be removed in the future: use mysqli or PDO instead D:\wamp\www\tb\ThinkPHP\Library\Think\Db\Driver\Mysql.class.php 第 52 行.
SQL: SHOW COLUMNS FROM `tp_article` [ RunTime:0.050197s ]
NOTIC: [2] Missing argument 1 for Admin\Controller\PublicController::auth(), called in D:\wamp\www\tb\App\Admin\Controller\PublicController.class.php on line 44 and defined D:\wamp\www\tb\App\Admin\Controller\PublicController.class.php 第 74 行.
SQL: SHOW COLUMNS FROM `tp_auth_group_access` [ RunTime:0.002969s ]
SQL: SELECT `rules` FROM tp_auth_group_access a INNER JOIN tp_auth_group g on a.group_id=g.id  WHERE ( a.uid='4' and g.status='1' )  [ RunTime:0.000288s ]
SQL: SHOW COLUMNS FROM `tp_auth_rule` [ RunTime:0.003530s ]
SQL: SELECT `condition`,`name` FROM `tp_auth_rule` WHERE ( `id` IN ('1','48','50','51','52','53','54','55','56','57','58','59','60','61','62','63','64','25','26','27','28','65','5','6','7','8','14','15','16','20','21','22','23','24','66','29','30','31','32','33','34','35','36','37','38','67','39','40','41','42','43','45','46','47','2','3','4','68','69','70','72','13') ) AND ( `type` = 1 ) AND ( `status` = 1 )  [ RunTime:0.000760s ]
SQL: SHOW COLUMNS FROM `tp_auth_rule` [ RunTime:0.006401s ]
SQL: SELECT * FROM `tp_auth_rule` WHERE ( `pid` = 1 ) AND ( `is_show` = 1 ) ORDER BY `sort` LIMIT 100   [ RunTime:0.000563s ]
SQL: SELECT * FROM `tp_auth_rule` WHERE ( `pid` = 71 ) AND ( `is_show` = 1 ) LIMIT 100   [ RunTime:0.000461s ]
SQL: SELECT * FROM `tp_auth_rule` WHERE ( `pid` = 64 ) AND ( `is_show` = 1 ) LIMIT 100   [ RunTime:0.000665s ]
SQL: SELECT * FROM `tp_auth_rule` WHERE ( `pid` = 65 ) AND ( `is_show` = 1 ) LIMIT 100   [ RunTime:0.000940s ]
SQL: SELECT * FROM `tp_auth_rule` WHERE ( `pid` = 66 ) AND ( `is_show` = 1 ) LIMIT 100   [ RunTime:0.000755s ]
SQL: SELECT * FROM `tp_auth_rule` WHERE ( `pid` = 67 ) AND ( `is_show` = 1 ) LIMIT 100   [ RunTime:0.000449s ]
SQL: SELECT * FROM `tp_auth_rule` WHERE ( `pid` = 48 ) AND ( `is_show` = 1 ) LIMIT 100   [ RunTime:0.000766s ]
SQL: SHOW COLUMNS FROM `tp_category` [ RunTime:0.004580s ]
SQL: SELECT * FROM `tp_category` WHERE ( `pid` = 0 )  [ RunTime:0.000347s ]

[ 2018-01-23T16:31:17+08:00 ] ::1 /tb/index.php/Admin/Article/del
INFO: [ app_begin ] --START--
INFO: Run Behavior\ReadHtmlCache [ RunTime:0.001032s ]
INFO: [ app_begin ] --END-- [ RunTime:0.002424s ]
NOTIC: [8192] mysql_connect(): The mysql extension is deprecated and will be removed in the future: use mysqli or PDO instead D:\wamp\www\tb\ThinkPHP\Library\Think\Db\Driver\Mysql.class.php 第 52 行.
SQL: SHOW COLUMNS FROM `tp_article` [ RunTime:0.003817s ]
NOTIC: [2] Missing argument 1 for Admin\Controller\PublicController::auth(), called in D:\wamp\www\tb\App\Admin\Controller\PublicController.class.php on line 44 and defined D:\wamp\www\tb\App\Admin\Controller\PublicController.class.php 第 74 行.
SQL: SHOW COLUMNS FROM `tp_auth_group_access` [ RunTime:0.004579s ]
SQL: SELECT `rules` FROM tp_auth_group_access a INNER JOIN tp_auth_group g on a.group_id=g.id  WHERE ( a.uid='4' and g.status='1' )  [ RunTime:0.000328s ]
SQL: SHOW COLUMNS FROM `tp_auth_rule` [ RunTime:0.003571s ]
SQL: SELECT `condition`,`name` FROM `tp_auth_rule` WHERE ( `id` IN ('1','48','50','51','52','53','54','55','56','57','58','59','60','61','62','63','64','25','26','27','28','65','5','6','7','8','14','15','16','20','21','22','23','24','66','29','30','31','32','33','34','35','36','37','38','67','39','40','41','42','43','45','46','47','2','3','4','68','69','70','72','13') ) AND ( `type` = 1 ) AND ( `status` = 1 )  [ RunTime:0.000497s ]
SQL: SHOW COLUMNS FROM `tp_auth_rule` [ RunTime:0.003731s ]
SQL: SELECT * FROM `tp_auth_rule` WHERE ( `pid` = 1 ) AND ( `is_show` = 1 ) ORDER BY `sort` LIMIT 100   [ RunTime:0.000375s ]
SQL: SELECT * FROM `tp_auth_rule` WHERE ( `pid` = 71 ) AND ( `is_show` = 1 ) LIMIT 100   [ RunTime:0.000279s ]
SQL: SELECT * FROM `tp_auth_rule` WHERE ( `pid` = 64 ) AND ( `is_show` = 1 ) LIMIT 100   [ RunTime:0.000297s ]
SQL: SELECT * FROM `tp_auth_rule` WHERE ( `pid` = 65 ) AND ( `is_show` = 1 ) LIMIT 100   [ RunTime:0.000293s ]
SQL: SELECT * FROM `tp_auth_rule` WHERE ( `pid` = 66 ) AND ( `is_show` = 1 ) LIMIT 100   [ RunTime:0.000289s ]
SQL: SELECT * FROM `tp_auth_rule` WHERE ( `pid` = 67 ) AND ( `is_show` = 1 ) LIMIT 100   [ RunTime:0.000291s ]
SQL: SELECT * FROM `tp_auth_rule` WHERE ( `pid` = 48 ) AND ( `is_show` = 1 ) LIMIT 100   [ RunTime:0.000291s ]
SQL: SHOW COLUMNS FROM `tp_category` [ RunTime:0.003924s ]
SQL: SELECT * FROM `tp_category` WHERE ( `pid` = 0 )  [ RunTime:0.000296s ]

[ 2018-01-23T16:31:18+08:00 ] ::1 /tb/index.php/Admin/Article/del
INFO: [ app_begin ] --START--
INFO: Run Behavior\ReadHtmlCache [ RunTime:0.000465s ]
INFO: [ app_begin ] --END-- [ RunTime:0.000927s ]
NOTIC: [8192] mysql_connect(): The mysql extension is deprecated and will be removed in the future: use mysqli or PDO instead D:\wamp\www\tb\ThinkPHP\Library\Think\Db\Driver\Mysql.class.php 第 52 行.
SQL: SHOW COLUMNS FROM `tp_article` [ RunTime:0.073067s ]
NOTIC: [2] Missing argument 1 for Admin\Controller\PublicController::auth(), called in D:\wamp\www\tb\App\Admin\Controller\PublicController.class.php on line 44 and defined D:\wamp\www\tb\App\Admin\Controller\PublicController.class.php 第 74 行.
SQL: SHOW COLUMNS FROM `tp_auth_group_access` [ RunTime:0.011040s ]
SQL: SELECT `rules` FROM tp_auth_group_access a INNER JOIN tp_auth_group g on a.group_id=g.id  WHERE ( a.uid='4' and g.status='1' )  [ RunTime:0.000856s ]
SQL: SHOW COLUMNS FROM `tp_auth_rule` [ RunTime:0.012279s ]
SQL: SELECT `condition`,`name` FROM `tp_auth_rule` WHERE ( `id` IN ('1','48','50','51','52','53','54','55','56','57','58','59','60','61','62','63','64','25','26','27','28','65','5','6','7','8','14','15','16','20','21','22','23','24','66','29','30','31','32','33','34','35','36','37','38','67','39','40','41','42','43','45','46','47','2','3','4','68','69','70','72','13') ) AND ( `type` = 1 ) AND ( `status` = 1 )  [ RunTime:0.001456s ]
SQL: SHOW COLUMNS FROM `tp_auth_rule` [ RunTime:0.012935s ]
SQL: SELECT * FROM `tp_auth_rule` WHERE ( `pid` = 1 ) AND ( `is_show` = 1 ) ORDER BY `sort` LIMIT 100   [ RunTime:0.001381s ]
SQL: SELECT * FROM `tp_auth_rule` WHERE ( `pid` = 71 ) AND ( `is_show` = 1 ) LIMIT 100   [ RunTime:0.001203s ]
SQL: SELECT * FROM `tp_auth_rule` WHERE ( `pid` = 64 ) AND ( `is_show` = 1 ) LIMIT 100   [ RunTime:0.000912s ]
SQL: SELECT * FROM `tp_auth_rule` WHERE ( `pid` = 65 ) AND ( `is_show` = 1 ) LIMIT 100   [ RunTime:0.001094s ]
SQL: SELECT * FROM `tp_auth_rule` WHERE ( `pid` = 66 ) AND ( `is_show` = 1 ) LIMIT 100   [ RunTime:0.001055s ]
SQL: SELECT * FROM `tp_auth_rule` WHERE ( `pid` = 67 ) AND ( `is_show` = 1 ) LIMIT 100   [ RunTime:0.001288s ]
SQL: SELECT * FROM `tp_auth_rule` WHERE ( `pid` = 48 ) AND ( `is_show` = 1 ) LIMIT 100   [ RunTime:0.001077s ]
SQL: SHOW COLUMNS FROM `tp_category` [ RunTime:0.012990s ]
SQL: SELECT * FROM `tp_category` WHERE ( `pid` = 0 )  [ RunTime:0.000842s ]

[ 2018-01-23T16:31:26+08:00 ] ::1 /tb/index.php/Admin/Article/del
INFO: [ app_begin ] --START--
INFO: Run Behavior\ReadHtmlCache [ RunTime:0.000758s ]
INFO: [ app_begin ] --END-- [ RunTime:0.001488s ]
NOTIC: [8192] mysql_connect(): The mysql extension is deprecated and will be removed in the future: use mysqli or PDO instead D:\wamp\www\tb\ThinkPHP\Library\Think\Db\Driver\Mysql.class.php 第 52 行.
SQL: SHOW COLUMNS FROM `tp_article` [ RunTime:0.050463s ]
NOTIC: [2] Missing argument 1 for Admin\Controller\PublicController::auth(), called in D:\wamp\www\tb\App\Admin\Controller\PublicController.class.php on line 44 and defined D:\wamp\www\tb\App\Admin\Controller\PublicController.class.php 第 74 行.
SQL: SHOW COLUMNS FROM `tp_auth_group_access` [ RunTime:0.003476s ]
SQL: SELECT `rules` FROM tp_auth_group_access a INNER JOIN tp_auth_group g on a.group_id=g.id  WHERE ( a.uid='4' and g.status='1' )  [ RunTime:0.000384s ]
SQL: SHOW COLUMNS FROM `tp_auth_rule` [ RunTime:0.003632s ]
SQL: SELECT `condition`,`name` FROM `tp_auth_rule` WHERE ( `id` IN ('1','48','50','51','52','53','54','55','56','57','58','59','60','61','62','63','64','25','26','27','28','65','5','6','7','8','14','15','16','20','21','22','23','24','66','29','30','31','32','33','34','35','36','37','38','67','39','40','41','42','43','45','46','47','2','3','4','68','69','70','72','13') ) AND ( `type` = 1 ) AND ( `status` = 1 )  [ RunTime:0.000507s ]
SQL: SHOW COLUMNS FROM `tp_auth_rule` [ RunTime:0.003534s ]
SQL: SELECT * FROM `tp_auth_rule` WHERE ( `pid` = 1 ) AND ( `is_show` = 1 ) ORDER BY `sort` LIMIT 100   [ RunTime:0.000382s ]
SQL: SELECT * FROM `tp_auth_rule` WHERE ( `pid` = 71 ) AND ( `is_show` = 1 ) LIMIT 100   [ RunTime:0.000264s ]
SQL: SELECT * FROM `tp_auth_rule` WHERE ( `pid` = 64 ) AND ( `is_show` = 1 ) LIMIT 100   [ RunTime:0.000265s ]
SQL: SELECT * FROM `tp_auth_rule` WHERE ( `pid` = 65 ) AND ( `is_show` = 1 ) LIMIT 100   [ RunTime:0.000322s ]
SQL: SELECT * FROM `tp_auth_rule` WHERE ( `pid` = 66 ) AND ( `is_show` = 1 ) LIMIT 100   [ RunTime:0.000279s ]
SQL: SELECT * FROM `tp_auth_rule` WHERE ( `pid` = 67 ) AND ( `is_show` = 1 ) LIMIT 100   [ RunTime:0.000246s ]
SQL: SELECT * FROM `tp_auth_rule` WHERE ( `pid` = 48 ) AND ( `is_show` = 1 ) LIMIT 100   [ RunTime:0.000234s ]
SQL: SHOW COLUMNS FROM `tp_category` [ RunTime:0.003816s ]
SQL: SELECT * FROM `tp_category` WHERE ( `pid` = 0 )  [ RunTime:0.000254s ]

[ 2018-01-23T16:31:29+08:00 ] ::1 /tb/index.php/Admin/Article/del
INFO: [ app_begin ] --START--
INFO: Run Behavior\ReadHtmlCache [ RunTime:0.000538s ]
INFO: [ app_begin ] --END-- [ RunTime:0.001044s ]
NOTIC: [8192] mysql_connect(): The mysql extension is deprecated and will be removed in the future: use mysqli or PDO instead D:\wamp\www\tb\ThinkPHP\Library\Think\Db\Driver\Mysql.class.php 第 52 行.
SQL: SHOW COLUMNS FROM `tp_article` [ RunTime:0.082797s ]
NOTIC: [2] Missing argument 1 for Admin\Controller\PublicController::auth(), called in D:\wamp\www\tb\App\Admin\Controller\PublicController.class.php on line 44 and defined D:\wamp\www\tb\App\Admin\Controller\PublicController.class.php 第 74 行.
SQL: SHOW COLUMNS FROM `tp_auth_group_access` [ RunTime:0.003546s ]
SQL: SELECT `rules` FROM tp_auth_group_access a INNER JOIN tp_auth_group g on a.group_id=g.id  WHERE ( a.uid='4' and g.status='1' )  [ RunTime:0.000388s ]
SQL: SHOW COLUMNS FROM `tp_auth_rule` [ RunTime:0.004510s ]
SQL: SELECT `condition`,`name` FROM `tp_auth_rule` WHERE ( `id` IN ('1','48','50','51','52','53','54','55','56','57','58','59','60','61','62','63','64','25','26','27','28','65','5','6','7','8','14','15','16','20','21','22','23','24','66','29','30','31','32','33','34','35','36','37','38','67','39','40','41','42','43','45','46','47','2','3','4','68','69','70','72','13') ) AND ( `type` = 1 ) AND ( `status` = 1 )  [ RunTime:0.000513s ]
SQL: SHOW COLUMNS FROM `tp_auth_rule` [ RunTime:0.003691s ]
SQL: SELECT * FROM `tp_auth_rule` WHERE ( `pid` = 1 ) AND ( `is_show` = 1 ) ORDER BY `sort` LIMIT 100   [ RunTime:0.000423s ]
SQL: SELECT * FROM `tp_auth_rule` WHERE ( `pid` = 71 ) AND ( `is_show` = 1 ) LIMIT 100   [ RunTime:0.000293s ]
SQL: SELECT * FROM `tp_auth_rule` WHERE ( `pid` = 64 ) AND ( `is_show` = 1 ) LIMIT 100   [ RunTime:0.000283s ]
SQL: SELECT * FROM `tp_auth_rule` WHERE ( `pid` = 65 ) AND ( `is_show` = 1 ) LIMIT 100   [ RunTime:0.000325s ]
SQL: SELECT * FROM `tp_auth_rule` WHERE ( `pid` = 66 ) AND ( `is_show` = 1 ) LIMIT 100   [ RunTime:0.000347s ]
SQL: SELECT * FROM `tp_auth_rule` WHERE ( `pid` = 67 ) AND ( `is_show` = 1 ) LIMIT 100   [ RunTime:0.000270s ]
SQL: SELECT * FROM `tp_auth_rule` WHERE ( `pid` = 48 ) AND ( `is_show` = 1 ) LIMIT 100   [ RunTime:0.000267s ]
SQL: SHOW COLUMNS FROM `tp_category` [ RunTime:0.003963s ]
SQL: SELECT * FROM `tp_category` WHERE ( `pid` = 0 )  [ RunTime:0.000309s ]

[ 2018-01-23T16:31:31+08:00 ] ::1 /tb/index.php/Admin/Article/del?id2=11
INFO: [ app_begin ] --START--
INFO: Run Behavior\ReadHtmlCache [ RunTime:0.000449s ]
INFO: [ app_begin ] --END-- [ RunTime:0.000886s ]
NOTIC: [8192] mysql_connect(): The mysql extension is deprecated and will be removed in the future: use mysqli or PDO instead D:\wamp\www\tb\ThinkPHP\Library\Think\Db\Driver\Mysql.class.php 第 52 行.
SQL: SHOW COLUMNS FROM `tp_article` [ RunTime:0.057478s ]
NOTIC: [2] Missing argument 1 for Admin\Controller\PublicController::auth(), called in D:\wamp\www\tb\App\Admin\Controller\PublicController.class.php on line 44 and defined D:\wamp\www\tb\App\Admin\Controller\PublicController.class.php 第 74 行.
SQL: SHOW COLUMNS FROM `tp_auth_group_access` [ RunTime:0.010615s ]
SQL: SELECT `rules` FROM tp_auth_group_access a INNER JOIN tp_auth_group g on a.group_id=g.id  WHERE ( a.uid='4' and g.status='1' )  [ RunTime:0.000854s ]
SQL: SHOW COLUMNS FROM `tp_auth_rule` [ RunTime:0.011517s ]
SQL: SELECT `condition`,`name` FROM `tp_auth_rule` WHERE ( `id` IN ('1','48','50','51','52','53','54','55','56','57','58','59','60','61','62','63','64','25','26','27','28','65','5','6','7','8','14','15','16','20','21','22','23','24','66','29','30','31','32','33','34','35','36','37','38','67','39','40','41','42','43','45','46','47','2','3','4','68','69','70','72','13') ) AND ( `type` = 1 ) AND ( `status` = 1 )  [ RunTime:0.001473s ]
SQL: SHOW COLUMNS FROM `tp_auth_rule` [ RunTime:0.011453s ]
SQL: SELECT * FROM `tp_auth_rule` WHERE ( `pid` = 1 ) AND ( `is_show` = 1 ) ORDER BY `sort` LIMIT 100   [ RunTime:0.001157s ]
SQL: SELECT * FROM `tp_auth_rule` WHERE ( `pid` = 71 ) AND ( `is_show` = 1 ) LIMIT 100   [ RunTime:0.000898s ]
SQL: SELECT * FROM `tp_auth_rule` WHERE ( `pid` = 64 ) AND ( `is_show` = 1 ) LIMIT 100   [ RunTime:0.000884s ]
SQL: SELECT * FROM `tp_auth_rule` WHERE ( `pid` = 65 ) AND ( `is_show` = 1 ) LIMIT 100   [ RunTime:0.000940s ]
SQL: SELECT * FROM `tp_auth_rule` WHERE ( `pid` = 66 ) AND ( `is_show` = 1 ) LIMIT 100   [ RunTime:0.000950s ]
SQL: SELECT * FROM `tp_auth_rule` WHERE ( `pid` = 67 ) AND ( `is_show` = 1 ) LIMIT 100   [ RunTime:0.000853s ]
SQL: SELECT * FROM `tp_auth_rule` WHERE ( `pid` = 48 ) AND ( `is_show` = 1 ) LIMIT 100   [ RunTime:0.001025s ]
SQL: SHOW COLUMNS FROM `tp_category` [ RunTime:0.012654s ]
SQL: SELECT * FROM `tp_category` WHERE ( `pid` = 0 )  [ RunTime:0.000833s ]

[ 2018-01-23T16:33:37+08:00 ] ::1 /tb/index.php/Admin/Article/del?id2=11
INFO: [ app_begin ] --START--
INFO: Run Behavior\ReadHtmlCache [ RunTime:0.000744s ]
INFO: [ app_begin ] --END-- [ RunTime:0.001373s ]
NOTIC: [8192] mysql_connect(): The mysql extension is deprecated and will be removed in the future: use mysqli or PDO instead D:\wamp\www\tb\ThinkPHP\Library\Think\Db\Driver\Mysql.class.php 第 52 行.
SQL: SHOW COLUMNS FROM `tp_article` [ RunTime:0.050655s ]
NOTIC: [2] Missing argument 1 for Admin\Controller\PublicController::auth(), called in D:\wamp\www\tb\App\Admin\Controller\PublicController.class.php on line 44 and defined D:\wamp\www\tb\App\Admin\Controller\PublicController.class.php 第 74 行.
SQL: SHOW COLUMNS FROM `tp_auth_group_access` [ RunTime:0.004180s ]
SQL: SELECT `rules` FROM tp_auth_group_access a INNER JOIN tp_auth_group g on a.group_id=g.id  WHERE ( a.uid='4' and g.status='1' )  [ RunTime:0.000394s ]
SQL: SHOW COLUMNS FROM `tp_auth_rule` [ RunTime:0.004797s ]
SQL: SELECT `condition`,`name` FROM `tp_auth_rule` WHERE ( `id` IN ('1','48','50','51','52','53','54','55','56','57','58','59','60','61','62','63','64','25','26','27','28','65','5','6','7','8','14','15','16','20','21','22','23','24','66','29','30','31','32','33','34','35','36','37','38','67','39','40','41','42','43','45','46','47','2','3','4','68','69','70','72','13') ) AND ( `type` = 1 ) AND ( `status` = 1 )  [ RunTime:0.000558s ]
SQL: SHOW COLUMNS FROM `tp_auth_rule` [ RunTime:0.004215s ]
SQL: SELECT * FROM `tp_auth_rule` WHERE ( `pid` = 1 ) AND ( `is_show` = 1 ) ORDER BY `sort` LIMIT 100   [ RunTime:0.000429s ]
SQL: SELECT * FROM `tp_auth_rule` WHERE ( `pid` = 71 ) AND ( `is_show` = 1 ) LIMIT 100   [ RunTime:0.000376s ]
SQL: SELECT * FROM `tp_auth_rule` WHERE ( `pid` = 64 ) AND ( `is_show` = 1 ) LIMIT 100   [ RunTime:0.000299s ]
SQL: SELECT * FROM `tp_auth_rule` WHERE ( `pid` = 65 ) AND ( `is_show` = 1 ) LIMIT 100   [ RunTime:0.000306s ]
SQL: SELECT * FROM `tp_auth_rule` WHERE ( `pid` = 66 ) AND ( `is_show` = 1 ) LIMIT 100   [ RunTime:0.000313s ]
SQL: SELECT * FROM `tp_auth_rule` WHERE ( `pid` = 67 ) AND ( `is_show` = 1 ) LIMIT 100   [ RunTime:0.000340s ]
SQL: SELECT * FROM `tp_auth_rule` WHERE ( `pid` = 48 ) AND ( `is_show` = 1 ) LIMIT 100   [ RunTime:0.000341s ]
SQL: SHOW COLUMNS FROM `tp_category` [ RunTime:0.004625s ]
SQL: SELECT * FROM `tp_category` WHERE ( `pid` = 0 )  [ RunTime:0.000333s ]

