[ 2018-01-08T19:49:39+08:00 ] ::1 /tb/
INFO: [ app_begin ] --START--
INFO: Run Behavior\ReadHtmlCache [ RunTime:0.001438s ]
INFO: [ app_begin ] --END-- [ RunTime:0.003766s ]
NOTIC: [8192] mysql_connect(): The mysql extension is deprecated and will be removed in the future: use mysqli or PDO instead D:\wamp\www\tb\ThinkPHP\Library\Think\Db\Driver\Mysql.class.php 第 52 行.
SQL: SHOW COLUMNS FROM `tp_index` [ RunTime:0.088512s ]
ERR: 1146:La table 'tb.tp_index' n'existe pas
 [ SQL语句 ] : SHOW COLUMNS FROM `tp_index`
SQL: SHOW COLUMNS FROM `tp_category` [ RunTime:0.008157s ]
SQL: SELECT * FROM `tp_category` WHERE ( pid=0 ) LIMIT 100   [ RunTime:0.011087s ]
SQL: SELECT * FROM `tp_category` WHERE ( pid=1 ) LIMIT 100   [ RunTime:0.000746s ]
SQL: SELECT * FROM `tp_category` WHERE ( pid=2 ) LIMIT 100   [ RunTime:0.000410s ]
SQL: SELECT * FROM `tp_category` WHERE ( pid=3 ) LIMIT 100   [ RunTime:0.000495s ]
SQL: SELECT * FROM `tp_category` WHERE ( pid=4 ) LIMIT 100   [ RunTime:0.000483s ]
SQL: SELECT * FROM `tp_category` WHERE ( pid=5 ) LIMIT 100   [ RunTime:0.000343s ]
SQL: SELECT * FROM `tp_category` WHERE ( pid=6 ) LIMIT 100   [ RunTime:0.000227s ]
INFO: [ view_parse ] --START--
INFO: [ template_filter ] --START--
INFO: Run Behavior\ContentReplace [ RunTime:0.000124s ]
INFO: [ template_filter ] --END-- [ RunTime:0.000271s ]
NOTIC: [8] Undefined index: user D:\wamp\www\tb\App\Runtime\Cache\Home\89e841a2657642c31fa49c57b891047b.php 第 31 行.
NOTIC: [8] Use of undefined constant Index - assumed 'Index' D:\wamp\www\tb\App\Runtime\Cache\Home\89e841a2657642c31fa49c57b891047b.php 第 46 行.
INFO: Run Behavior\ParseTemplate [ RunTime:0.093448s ]
INFO: [ view_parse ] --END-- [ RunTime:0.093635s ]
INFO: [ view_filter ] --START--
INFO: Run Behavior\WriteHtmlCache [ RunTime:0.023205s ]
INFO: [ view_filter ] --END-- [ RunTime:0.023388s ]
INFO: [ app_end ] --START--
INFO: Run Behavior\ShowPageTrace [ RunTime:0.002548s ]
INFO: [ app_end ] --END-- [ RunTime:0.002730s ]

